[  7%] [32mBuilding CXX object CMakeFiles/test_robot_states.dir/test/test_robot_states.cpp.o[0m
[ 15%] [32mBuilding CXX object CMakeFiles/xarm_ros_client.dir/src/xarm_ros_client.cpp.o[0m
[ 23%] [32mBuilding CXX object CMakeFiles/xarm_ros_driver.dir/src/xarm_driver_service.cpp.o[0m
[ 30%] [32mBuilding CXX object CMakeFiles/xarm_ros_driver.dir/src/xarm_driver.cpp.o[0m
[ 38%] [32m[1mLinking CXX executable test_robot_states[0m
[ 38%] Built target test_robot_states
[ 46%] [32m[1mLinking CXX shared library libxarm_ros_client.so[0m
[ 46%] Built target xarm_ros_client
[ 53%] [32mBuilding CXX object CMakeFiles/test_xarm_velo_move.dir/test/test_xarm_velo_move.cpp.o[0m
[ 61%] [32mBuilding CXX object CMakeFiles/test_xarm_ros_client.dir/test/test_xarm_ros_client.cpp.o[0m
[ 69%] [32m[1mLinking CXX executable test_xarm_velo_move[0m
[ 76%] [32m[1mLinking CXX executable test_xarm_ros_client[0m
[ 76%] Built target test_xarm_velo_move
[ 76%] Built target test_xarm_ros_client
[ 84%] [32m[1mLinking CXX shared library libxarm_ros_driver.so[0m
[ 84%] Built target xarm_ros_driver
[ 92%] [32mBuilding CXX object CMakeFiles/xarm_driver_node.dir/src/xarm_driver_node.cpp.o[0m
[100%] [32m[1mLinking CXX executable xarm_driver_node[0m
[100%] Built target xarm_driver_node
-- Install configuration: ""
-- Up-to-date: /home/alberto/ros2_ws/install/xarm_api/share/xarm_api/environment/library_path.sh
-- Up-to-date: /home/alberto/ros2_ws/install/xarm_api/share/xarm_api/environment/library_path.dsv
-- Up-to-date: /home/alberto/ros2_ws/install/xarm_api/include
-- Up-to-date: /home/alberto/ros2_ws/install/xarm_api/include/xarm_api
-- Up-to-date: /home/alberto/ros2_ws/install/xarm_api/include/xarm_api/xarm_driver.h
-- Up-to-date: /home/alberto/ros2_ws/install/xarm_api/include/xarm_api/xarm_msgs.h
-- Up-to-date: /home/alberto/ros2_ws/install/xarm_api/include/xarm_api/xarm_ros_client.h
-- Up-to-date: /home/alberto/ros2_ws/install/xarm_api/include/xarm_api/visibility_control.h
-- Installing: /home/alberto/ros2_ws/install/xarm_api/lib/libxarm_ros_driver.so
-- Set runtime path of "/home/alberto/ros2_ws/install/xarm_api/lib/libxarm_ros_driver.so" to ""
-- Installing: /home/alberto/ros2_ws/install/xarm_api/lib/libxarm_ros_client.so
-- Set runtime path of "/home/alberto/ros2_ws/install/xarm_api/lib/libxarm_ros_client.so" to ""
-- Installing: /home/alberto/ros2_ws/install/xarm_api/lib/xarm_api/xarm_driver_node
-- Set runtime path of "/home/alberto/ros2_ws/install/xarm_api/lib/xarm_api/xarm_driver_node" to ""
-- Installing: /home/alberto/ros2_ws/install/xarm_api/lib/xarm_api/test_xarm_ros_client
-- Set runtime path of "/home/alberto/ros2_ws/install/xarm_api/lib/xarm_api/test_xarm_ros_client" to ""
-- Installing: /home/alberto/ros2_ws/install/xarm_api/lib/xarm_api/test_xarm_velo_move
-- Set runtime path of "/home/alberto/ros2_ws/install/xarm_api/lib/xarm_api/test_xarm_velo_move" to ""
-- Installing: /home/alberto/ros2_ws/install/xarm_api/lib/xarm_api/test_robot_states
-- Set runtime path of "/home/alberto/ros2_ws/install/xarm_api/lib/xarm_api/test_robot_states" to ""
-- Up-to-date: /home/alberto/ros2_ws/install/xarm_api/share/xarm_api//launch
-- Up-to-date: /home/alberto/ros2_ws/install/xarm_api/share/xarm_api//launch/lite6_driver.launch.py
-- Up-to-date: /home/alberto/ros2_ws/install/xarm_api/share/xarm_api//launch/_robot_driver.launch.py
-- Up-to-date: /home/alberto/ros2_ws/install/xarm_api/share/xarm_api//launch/xarm6_driver.launch.py
-- Up-to-date: /home/alberto/ros2_ws/install/xarm_api/share/xarm_api//launch/__pycache__
-- Up-to-date: /home/alberto/ros2_ws/install/xarm_api/share/xarm_api//launch/__pycache__/xarm6_driver.launch.cpython-310.pyc
-- Up-to-date: /home/alberto/ros2_ws/install/xarm_api/share/xarm_api//launch/__pycache__/_robot_driver.launch.cpython-310.pyc
-- Up-to-date: /home/alberto/ros2_ws/install/xarm_api/share/xarm_api//launch/xarm7_driver.launch.py
-- Installing: /home/alberto/ros2_ws/install/xarm_api/share/xarm_api//launch/triple_lite6_driver.launch.py
-- Up-to-date: /home/alberto/ros2_ws/install/xarm_api/share/xarm_api//launch/uf850_driver.launch.py
-- Up-to-date: /home/alberto/ros2_ws/install/xarm_api/share/xarm_api//launch/xarm5_driver.launch.py
-- Up-to-date: /home/alberto/ros2_ws/install/xarm_api/share/xarm_api//launch/lib
-- Up-to-date: /home/alberto/ros2_ws/install/xarm_api/share/xarm_api//launch/lib/robot_api_lib.py
-- Up-to-date: /home/alberto/ros2_ws/install/xarm_api/share/xarm_api//config
-- Up-to-date: /home/alberto/ros2_ws/install/xarm_api/share/xarm_api//config/xarm_params.yaml
-- Up-to-date: /home/alberto/ros2_ws/install/xarm_api/share/ament_index/resource_index/package_run_dependencies/xarm_api
-- Up-to-date: /home/alberto/ros2_ws/install/xarm_api/share/ament_index/resource_index/parent_prefix_path/xarm_api
-- Up-to-date: /home/alberto/ros2_ws/install/xarm_api/share/xarm_api/environment/ament_prefix_path.sh
-- Up-to-date: /home/alberto/ros2_ws/install/xarm_api/share/xarm_api/environment/ament_prefix_path.dsv
-- Up-to-date: /home/alberto/ros2_ws/install/xarm_api/share/xarm_api/environment/path.sh
-- Up-to-date: /home/alberto/ros2_ws/install/xarm_api/share/xarm_api/environment/path.dsv
-- Up-to-date: /home/alberto/ros2_ws/install/xarm_api/share/xarm_api/local_setup.bash
-- Up-to-date: /home/alberto/ros2_ws/install/xarm_api/share/xarm_api/local_setup.sh
-- Up-to-date: /home/alberto/ros2_ws/install/xarm_api/share/xarm_api/local_setup.zsh
-- Up-to-date: /home/alberto/ros2_ws/install/xarm_api/share/xarm_api/local_setup.dsv
-- Installing: /home/alberto/ros2_ws/install/xarm_api/share/xarm_api/package.dsv
-- Up-to-date: /home/alberto/ros2_ws/install/xarm_api/share/ament_index/resource_index/packages/xarm_api
-- Up-to-date: /home/alberto/ros2_ws/install/xarm_api/share/xarm_api/cmake/ament_cmake_export_libraries-extras.cmake
-- Up-to-date: /home/alberto/ros2_ws/install/xarm_api/share/xarm_api/cmake/ament_cmake_export_include_directories-extras.cmake
-- Up-to-date: /home/alberto/ros2_ws/install/xarm_api/share/xarm_api/cmake/xarm_apiConfig.cmake
-- Up-to-date: /home/alberto/ros2_ws/install/xarm_api/share/xarm_api/cmake/xarm_apiConfig-version.cmake
-- Up-to-date: /home/alberto/ros2_ws/install/xarm_api/share/xarm_api/package.xml
