[0.219s] Invoking command in '/home/alberto/ros2_ws/build/mbot_demo': CMAKE_PREFIX_PATH=${CMAKE_PREFIX_PATH}:/home/alberto/ros2_ws/install/uf_ros_lib:/home/alberto/ros2_ws/install/my_robot_conroller:/opt/ros/humble /usr/bin/cmake /home/alberto/ros2_ws/src/xarm_ros2/demo/mbot_demo -DAMENT_CMAKE_SYMLINK_INSTALL=1 -DCMAKE_INSTALL_PREFIX=/home/alberto/ros2_ws/install/mbot_demo
[0.523s] -- Found ament_cmake: 1.3.13 (/opt/ros/humble/share/ament_cmake/cmake)
[0.523s] -- Override CMake install command with custom implementation using symlinks instead of copying resources
[0.523s] -- Found ament_lint_auto: 0.12.15 (/opt/ros/humble/share/ament_lint_auto/cmake)
[0.524s] -- Added test 'copyright' to check source files copyright and LICENSE
[0.524s] -- Added test 'flake8' to check Python code syntax and style conventions
[0.524s] -- Added test 'lint_cmake' to check CMake code style
[0.524s] -- Added test 'pep257' to check Python code against some of the docstring style conventions in PEP 257
[0.524s] -- Added test 'xmllint' to check XML markup files
[0.524s] -- Configuring done
[0.524s] -- Generating done
[0.524s] -- Build files have been written to: /home/alberto/ros2_ws/build/mbot_demo
[0.540s] Invoked command in '/home/alberto/ros2_ws/build/mbot_demo' returned '0': CMAKE_PREFIX_PATH=${CMAKE_PREFIX_PATH}:/home/alberto/ros2_ws/install/uf_ros_lib:/home/alberto/ros2_ws/install/my_robot_conroller:/opt/ros/humble /usr/bin/cmake /home/alberto/ros2_ws/src/xarm_ros2/demo/mbot_demo -DAMENT_CMAKE_SYMLINK_INSTALL=1 -DCMAKE_INSTALL_PREFIX=/home/alberto/ros2_ws/install/mbot_demo
[0.541s] Invoking command in '/home/alberto/ros2_ws/build/mbot_demo': CMAKE_PREFIX_PATH=${CMAKE_PREFIX_PATH}:/home/alberto/ros2_ws/install/uf_ros_lib:/home/alberto/ros2_ws/install/my_robot_conroller:/opt/ros/humble /usr/bin/cmake --build /home/alberto/ros2_ws/build/mbot_demo -- -j16 -l16
[0.606s] Invoked command in '/home/alberto/ros2_ws/build/mbot_demo' returned '0': CMAKE_PREFIX_PATH=${CMAKE_PREFIX_PATH}:/home/alberto/ros2_ws/install/uf_ros_lib:/home/alberto/ros2_ws/install/my_robot_conroller:/opt/ros/humble /usr/bin/cmake --build /home/alberto/ros2_ws/build/mbot_demo -- -j16 -l16
[0.609s] Invoking command in '/home/alberto/ros2_ws/build/mbot_demo': CMAKE_PREFIX_PATH=${CMAKE_PREFIX_PATH}:/home/alberto/ros2_ws/install/uf_ros_lib:/home/alberto/ros2_ws/install/my_robot_conroller:/opt/ros/humble /usr/bin/cmake --install /home/alberto/ros2_ws/build/mbot_demo
[0.888s] -- Install configuration: ""
[0.888s] -- Execute custom install script
[0.888s] -- Symlinking: /home/alberto/ros2_ws/install/mbot_demo/share/mbot_demo//rviz/moveit.rviz
[0.889s] -- Symlinking: /home/alberto/ros2_ws/install/mbot_demo/share/mbot_demo//urdf/mbot.gazebo.xacro
[0.889s] -- Symlinking: /home/alberto/ros2_ws/install/mbot_demo/share/mbot_demo//urdf/mbot.ros2_control.xacro
[0.889s] -- Symlinking: /home/alberto/ros2_ws/install/mbot_demo/share/mbot_demo//urdf/mbot.transmission.xacro
[0.889s] -- Symlinking: /home/alberto/ros2_ws/install/mbot_demo/share/mbot_demo//urdf/mbot.urdf.xacro
[0.889s] -- Symlinking: /home/alberto/ros2_ws/install/mbot_demo/share/mbot_demo//urdf/mbot_macro.xacro
[0.889s] -- Symlinking: /home/alberto/ros2_ws/install/mbot_demo/share/mbot_demo//urdf/mbot_with_xarm.urdf.xacro
[0.889s] -- Symlinking: /home/alberto/ros2_ws/install/mbot_demo/share/mbot_demo//srdf/mbot_macro.srdf.xacro
[0.889s] -- Symlinking: /home/alberto/ros2_ws/install/mbot_demo/share/mbot_demo//srdf/mbot_with_xarm.srdf.xacro
[0.890s] -- Symlinking: /home/alberto/ros2_ws/install/mbot_demo/share/mbot_demo//config/controllers.yaml
[0.890s] -- Symlinking: /home/alberto/ros2_ws/install/mbot_demo/share/mbot_demo//config/joint_limits.yaml
[0.890s] -- Symlinking: /home/alberto/ros2_ws/install/mbot_demo/share/mbot_demo//config/kinematics.yaml
[0.890s] -- Symlinking: /home/alberto/ros2_ws/install/mbot_demo/share/mbot_demo//config/ompl_planning.yaml
[0.890s] -- Symlinking: /home/alberto/ros2_ws/install/mbot_demo/share/mbot_demo//config/ros2_controllers.yaml
[0.890s] -- Symlinking: /home/alberto/ros2_ws/install/mbot_demo/share/mbot_demo//worlds/empty.world
[0.890s] -- Symlinking: /home/alberto/ros2_ws/install/mbot_demo/share/mbot_demo//launch/_robot_on_mbot_gazebo.launch.py
[0.890s] -- Symlinking: /home/alberto/ros2_ws/install/mbot_demo/share/mbot_demo//launch/mbot_moveit_fake.launch.py
[0.890s] -- Symlinking: /home/alberto/ros2_ws/install/mbot_demo/share/mbot_demo//launch/mbot_moveit_gazebo.launch.py
[0.890s] -- Symlinking: /home/alberto/ros2_ws/install/mbot_demo/share/mbot_demo//launch/mbot_moveit_realmove.launch.py
[0.902s] -- Symlinking: /home/alberto/ros2_ws/install/mbot_demo/share/ament_index/resource_index/package_run_dependencies/mbot_demo
[0.914s] -- Symlinking: /home/alberto/ros2_ws/install/mbot_demo/share/ament_index/resource_index/parent_prefix_path/mbot_demo
[0.927s] -- Symlinking: /home/alberto/ros2_ws/install/mbot_demo/share/mbot_demo/environment/ament_prefix_path.sh
[0.940s] -- Symlinking: /home/alberto/ros2_ws/install/mbot_demo/share/mbot_demo/environment/ament_prefix_path.dsv
[0.954s] -- Symlinking: /home/alberto/ros2_ws/install/mbot_demo/share/mbot_demo/environment/path.sh
[0.964s] -- Symlinking: /home/alberto/ros2_ws/install/mbot_demo/share/mbot_demo/environment/path.dsv
[0.974s] -- Symlinking: /home/alberto/ros2_ws/install/mbot_demo/share/mbot_demo/local_setup.bash
[0.987s] -- Symlinking: /home/alberto/ros2_ws/install/mbot_demo/share/mbot_demo/local_setup.sh
[1.000s] -- Symlinking: /home/alberto/ros2_ws/install/mbot_demo/share/mbot_demo/local_setup.zsh
[1.014s] -- Symlinking: /home/alberto/ros2_ws/install/mbot_demo/share/mbot_demo/local_setup.dsv
[1.027s] -- Symlinking: /home/alberto/ros2_ws/install/mbot_demo/share/mbot_demo/package.dsv
[1.041s] -- Symlinking: /home/alberto/ros2_ws/install/mbot_demo/share/ament_index/resource_index/packages/mbot_demo
[1.051s] -- Symlinking: /home/alberto/ros2_ws/install/mbot_demo/share/mbot_demo/cmake/mbot_demoConfig.cmake
[1.063s] -- Symlinking: /home/alberto/ros2_ws/install/mbot_demo/share/mbot_demo/cmake/mbot_demoConfig-version.cmake
[1.076s] -- Symlinking: /home/alberto/ros2_ws/install/mbot_demo/share/mbot_demo/package.xml
[1.094s] Invoked command in '/home/alberto/ros2_ws/build/mbot_demo' returned '0': CMAKE_PREFIX_PATH=${CMAKE_PREFIX_PATH}:/home/alberto/ros2_ws/install/uf_ros_lib:/home/alberto/ros2_ws/install/my_robot_conroller:/opt/ros/humble /usr/bin/cmake --install /home/alberto/ros2_ws/build/mbot_demo
