-- Found ament_cmake: 1.3.13 (/opt/ros/humble/share/ament_cmake/cmake)
-- Override CMake install command with custom implementation using symlinks instead of copying resources
-- Found ament_lint_auto: 0.12.15 (/opt/ros/humble/share/ament_lint_auto/cmake)
-- Added test 'lint_cmake' to check CMake code style
-- Added test 'xmllint' to check XML markup files
-- Configuring done
-- Generating done
-- Build files have been written to: /home/alberto/ros2_ws/build/mycobot_bringup
-- Install configuration: ""
-- Execute custom install script
-- Symlinking: /home/alberto/ros2_ws/install/mycobot_bringup/share/mycobot_bringup/scripts/mycobot_280_gazebo (copy).sh
-- Symlinking: /home/alberto/ros2_ws/install/mycobot_bringup/share/mycobot_bringup/scripts/mycobot_280_gazebo.sh
-- Symlinking: /home/alberto/ros2_ws/install/mycobot_bringup/share/mycobot_bringup/scripts/mycobot_280_gazebo_and_moveit.sh
-- Symlinking: /home/alberto/ros2_ws/install/mycobot_bringup/share/mycobot_bringup/scripts/mycobot_280_mtc_demos.sh
-- Symlinking: /home/alberto/ros2_ws/install/mycobot_bringup/share/ament_index/resource_index/package_run_dependencies/mycobot_bringup
-- Symlinking: /home/alberto/ros2_ws/install/mycobot_bringup/share/ament_index/resource_index/parent_prefix_path/mycobot_bringup
-- Symlinking: /home/alberto/ros2_ws/install/mycobot_bringup/share/mycobot_bringup/environment/ament_prefix_path.sh
-- Symlinking: /home/alberto/ros2_ws/install/mycobot_bringup/share/mycobot_bringup/environment/ament_prefix_path.dsv
-- Symlinking: /home/alberto/ros2_ws/install/mycobot_bringup/share/mycobot_bringup/environment/path.sh
-- Symlinking: /home/alberto/ros2_ws/install/mycobot_bringup/share/mycobot_bringup/environment/path.dsv
-- Symlinking: /home/alberto/ros2_ws/install/mycobot_bringup/share/mycobot_bringup/local_setup.bash
-- Symlinking: /home/alberto/ros2_ws/install/mycobot_bringup/share/mycobot_bringup/local_setup.sh
-- Symlinking: /home/alberto/ros2_ws/install/mycobot_bringup/share/mycobot_bringup/local_setup.zsh
-- Symlinking: /home/alberto/ros2_ws/install/mycobot_bringup/share/mycobot_bringup/local_setup.dsv
-- Symlinking: /home/alberto/ros2_ws/install/mycobot_bringup/share/mycobot_bringup/package.dsv
-- Symlinking: /home/alberto/ros2_ws/install/mycobot_bringup/share/ament_index/resource_index/packages/mycobot_bringup
-- Symlinking: /home/alberto/ros2_ws/install/mycobot_bringup/share/mycobot_bringup/cmake/mycobot_bringupConfig.cmake
-- Symlinking: /home/alberto/ros2_ws/install/mycobot_bringup/share/mycobot_bringup/cmake/mycobot_bringupConfig-version.cmake
-- Symlinking: /home/alberto/ros2_ws/install/mycobot_bringup/share/mycobot_bringup/package.xml
