[0.228s] Invoking command in '/home/alberto/ros2_ws/build/mycobot_bringup': CMAKE_PREFIX_PATH=${CMAKE_PREFIX_PATH}:/home/alberto/ros2_ws/install/uf_ros_lib:/home/alberto/ros2_ws/install/my_robot_conroller:/opt/ros/humble /usr/bin/cmake /home/alberto/ros2_ws/src/mycobot_ros2/mycobot_bringup -DAMENT_CMAKE_SYMLINK_INSTALL=1 -DCMAKE_INSTALL_PREFIX=/home/alberto/ros2_ws/install/mycobot_bringup
[0.569s] -- Found ament_cmake: 1.3.13 (/opt/ros/humble/share/ament_cmake/cmake)
[0.569s] -- Override CMake install command with custom implementation using symlinks instead of copying resources
[0.569s] -- Found ament_lint_auto: 0.12.15 (/opt/ros/humble/share/ament_lint_auto/cmake)
[0.569s] -- Added test 'lint_cmake' to check CMake code style
[0.569s] -- Added test 'xmllint' to check XML markup files
[0.569s] -- Configuring done
[0.569s] -- Generating done
[0.570s] -- Build files have been written to: /home/alberto/ros2_ws/build/mycobot_bringup
[0.583s] Invoked command in '/home/alberto/ros2_ws/build/mycobot_bringup' returned '0': CMAKE_PREFIX_PATH=${CMAKE_PREFIX_PATH}:/home/alberto/ros2_ws/install/uf_ros_lib:/home/alberto/ros2_ws/install/my_robot_conroller:/opt/ros/humble /usr/bin/cmake /home/alberto/ros2_ws/src/mycobot_ros2/mycobot_bringup -DAMENT_CMAKE_SYMLINK_INSTALL=1 -DCMAKE_INSTALL_PREFIX=/home/alberto/ros2_ws/install/mycobot_bringup
[0.585s] Invoking command in '/home/alberto/ros2_ws/build/mycobot_bringup': CMAKE_PREFIX_PATH=${CMAKE_PREFIX_PATH}:/home/alberto/ros2_ws/install/uf_ros_lib:/home/alberto/ros2_ws/install/my_robot_conroller:/opt/ros/humble /usr/bin/cmake --build /home/alberto/ros2_ws/build/mycobot_bringup -- -j16 -l16
[0.654s] Invoked command in '/home/alberto/ros2_ws/build/mycobot_bringup' returned '0': CMAKE_PREFIX_PATH=${CMAKE_PREFIX_PATH}:/home/alberto/ros2_ws/install/uf_ros_lib:/home/alberto/ros2_ws/install/my_robot_conroller:/opt/ros/humble /usr/bin/cmake --build /home/alberto/ros2_ws/build/mycobot_bringup -- -j16 -l16
[0.656s] Invoking command in '/home/alberto/ros2_ws/build/mycobot_bringup': CMAKE_PREFIX_PATH=${CMAKE_PREFIX_PATH}:/home/alberto/ros2_ws/install/uf_ros_lib:/home/alberto/ros2_ws/install/my_robot_conroller:/opt/ros/humble /usr/bin/cmake --install /home/alberto/ros2_ws/build/mycobot_bringup
[0.731s] -- Install configuration: ""
[0.731s] -- Execute custom install script
[0.731s] -- Symlinking: /home/alberto/ros2_ws/install/mycobot_bringup/share/mycobot_bringup/scripts/mycobot_280_gazebo (copy).sh
[0.732s] -- Symlinking: /home/alberto/ros2_ws/install/mycobot_bringup/share/mycobot_bringup/scripts/mycobot_280_gazebo.sh
[0.732s] -- Symlinking: /home/alberto/ros2_ws/install/mycobot_bringup/share/mycobot_bringup/scripts/mycobot_280_gazebo_and_moveit.sh
[0.732s] -- Symlinking: /home/alberto/ros2_ws/install/mycobot_bringup/share/mycobot_bringup/scripts/mycobot_280_mtc_demos.sh
[0.733s] -- Symlinking: /home/alberto/ros2_ws/install/mycobot_bringup/share/ament_index/resource_index/package_run_dependencies/mycobot_bringup
[0.739s] -- Symlinking: /home/alberto/ros2_ws/install/mycobot_bringup/share/ament_index/resource_index/parent_prefix_path/mycobot_bringup
[0.751s] -- Symlinking: /home/alberto/ros2_ws/install/mycobot_bringup/share/mycobot_bringup/environment/ament_prefix_path.sh
[0.766s] -- Symlinking: /home/alberto/ros2_ws/install/mycobot_bringup/share/mycobot_bringup/environment/ament_prefix_path.dsv
[0.782s] -- Symlinking: /home/alberto/ros2_ws/install/mycobot_bringup/share/mycobot_bringup/environment/path.sh
[0.791s] -- Symlinking: /home/alberto/ros2_ws/install/mycobot_bringup/share/mycobot_bringup/environment/path.dsv
[0.804s] -- Symlinking: /home/alberto/ros2_ws/install/mycobot_bringup/share/mycobot_bringup/local_setup.bash
[0.821s] -- Symlinking: /home/alberto/ros2_ws/install/mycobot_bringup/share/mycobot_bringup/local_setup.sh
[0.833s] -- Symlinking: /home/alberto/ros2_ws/install/mycobot_bringup/share/mycobot_bringup/local_setup.zsh
[0.845s] -- Symlinking: /home/alberto/ros2_ws/install/mycobot_bringup/share/mycobot_bringup/local_setup.dsv
[0.861s] -- Symlinking: /home/alberto/ros2_ws/install/mycobot_bringup/share/mycobot_bringup/package.dsv
[0.874s] -- Symlinking: /home/alberto/ros2_ws/install/mycobot_bringup/share/ament_index/resource_index/packages/mycobot_bringup
[0.887s] -- Symlinking: /home/alberto/ros2_ws/install/mycobot_bringup/share/mycobot_bringup/cmake/mycobot_bringupConfig.cmake
[0.901s] -- Symlinking: /home/alberto/ros2_ws/install/mycobot_bringup/share/mycobot_bringup/cmake/mycobot_bringupConfig-version.cmake
[0.918s] -- Symlinking: /home/alberto/ros2_ws/install/mycobot_bringup/share/mycobot_bringup/package.xml
[0.942s] Invoked command in '/home/alberto/ros2_ws/build/mycobot_bringup' returned '0': CMAKE_PREFIX_PATH=${CMAKE_PREFIX_PATH}:/home/alberto/ros2_ws/install/uf_ros_lib:/home/alberto/ros2_ws/install/my_robot_conroller:/opt/ros/humble /usr/bin/cmake --install /home/alberto/ros2_ws/build/mycobot_bringup
