[0.296s] Invoking command in '/home/alberto/ros2_ws/build/mbot_demo': CMAKE_PREFIX_PATH=${CMAKE_PREFIX_PATH}:/opt/ros/humble /usr/bin/cmake /home/alberto/ros2_ws/src/xarm_ros2/demo/mbot_demo -DCMAKE_INSTALL_PREFIX=/home/alberto/ros2_ws/install/mbot_demo
[0.510s] -- The C compiler identification is GNU 11.4.0
[0.510s] -- The CXX compiler identification is GNU 11.4.0
[0.510s] -- Detecting C compiler ABI info
[0.510s] -- Detecting C compiler ABI info - done
[0.510s] -- Check for working C compiler: /usr/bin/cc - skipped
[0.510s] -- Detecting C compile features
[0.510s] -- Detecting C compile features - done
[0.510s] -- Detecting CXX compiler ABI info
[0.582s] -- Detecting CXX compiler ABI info - done
[0.582s] -- Check for working CXX compiler: /usr/bin/c++ - skipped
[0.582s] -- Detecting CXX compile features
[0.582s] -- Detecting CXX compile features - done
[0.582s] -- Found ament_cmake: 1.3.13 (/opt/ros/humble/share/ament_cmake/cmake)
[0.812s] -- Found Python3: /usr/bin/python3 (found version "3.10.12") found components: Interpreter 
[1.075s] -- Found ament_lint_auto: 0.12.15 (/opt/ros/humble/share/ament_lint_auto/cmake)
[1.281s] -- Added test 'copyright' to check source files copyright and LICENSE
[1.294s] -- Added test 'flake8' to check Python code syntax and style conventions
[1.301s] -- Added test 'lint_cmake' to check CMake code style
[1.301s] -- Added test 'pep257' to check Python code against some of the docstring style conventions in PEP 257
[1.309s] -- Added test 'xmllint' to check XML markup files
[1.317s] -- Configuring done
[1.317s] -- Generating done
[1.320s] -- Build files have been written to: /home/alberto/ros2_ws/build/mbot_demo
[1.334s] Invoked command in '/home/alberto/ros2_ws/build/mbot_demo' returned '0': CMAKE_PREFIX_PATH=${CMAKE_PREFIX_PATH}:/opt/ros/humble /usr/bin/cmake /home/alberto/ros2_ws/src/xarm_ros2/demo/mbot_demo -DCMAKE_INSTALL_PREFIX=/home/alberto/ros2_ws/install/mbot_demo
[1.335s] Invoking command in '/home/alberto/ros2_ws/build/mbot_demo': CMAKE_PREFIX_PATH=${CMAKE_PREFIX_PATH}:/opt/ros/humble /usr/bin/cmake --build /home/alberto/ros2_ws/build/mbot_demo -- -j16 -l16
[1.475s] Invoked command in '/home/alberto/ros2_ws/build/mbot_demo' returned '0': CMAKE_PREFIX_PATH=${CMAKE_PREFIX_PATH}:/opt/ros/humble /usr/bin/cmake --build /home/alberto/ros2_ws/build/mbot_demo -- -j16 -l16
[1.476s] Invoking command in '/home/alberto/ros2_ws/build/mbot_demo': CMAKE_PREFIX_PATH=${CMAKE_PREFIX_PATH}:/opt/ros/humble /usr/bin/cmake --install /home/alberto/ros2_ws/build/mbot_demo
[1.490s] -- Install configuration: ""
[1.490s] -- Installing: /home/alberto/ros2_ws/install/mbot_demo/share/mbot_demo//rviz
[1.490s] -- Installing: /home/alberto/ros2_ws/install/mbot_demo/share/mbot_demo//rviz/moveit.rviz
[1.490s] -- Installing: /home/alberto/ros2_ws/install/mbot_demo/share/mbot_demo//urdf
[1.490s] -- Installing: /home/alberto/ros2_ws/install/mbot_demo/share/mbot_demo//urdf/mbot.urdf.xacro
[1.491s] -- Installing: /home/alberto/ros2_ws/install/mbot_demo/share/mbot_demo//urdf/mbot.transmission.xacro
[1.491s] -- Installing: /home/alberto/ros2_ws/install/mbot_demo/share/mbot_demo//urdf/mbot.ros2_control.xacro
[1.491s] -- Installing: /home/alberto/ros2_ws/install/mbot_demo/share/mbot_demo//urdf/mbot_with_xarm.urdf.xacro
[1.491s] -- Installing: /home/alberto/ros2_ws/install/mbot_demo/share/mbot_demo//urdf/mbot_macro.xacro
[1.491s] -- Installing: /home/alberto/ros2_ws/install/mbot_demo/share/mbot_demo//urdf/mbot.gazebo.xacro
[1.491s] -- Installing: /home/alberto/ros2_ws/install/mbot_demo/share/mbot_demo//srdf
[1.491s] -- Installing: /home/alberto/ros2_ws/install/mbot_demo/share/mbot_demo//srdf/mbot_with_xarm.srdf.xacro
[1.492s] -- Installing: /home/alberto/ros2_ws/install/mbot_demo/share/mbot_demo//srdf/mbot_macro.srdf.xacro
[1.494s] -- Installing: /home/alberto/ros2_ws/install/mbot_demo/share/mbot_demo//config
[1.495s] -- Installing: /home/alberto/ros2_ws/install/mbot_demo/share/mbot_demo//config/ros2_controllers.yaml
[1.495s] -- Installing: /home/alberto/ros2_ws/install/mbot_demo/share/mbot_demo//config/controllers.yaml
[1.495s] -- Installing: /home/alberto/ros2_ws/install/mbot_demo/share/mbot_demo//config/joint_limits.yaml
[1.497s] -- Installing: /home/alberto/ros2_ws/install/mbot_demo/share/mbot_demo//config/kinematics.yaml
[1.498s] -- Installing: /home/alberto/ros2_ws/install/mbot_demo/share/mbot_demo//config/ompl_planning.yaml
[1.498s] -- Installing: /home/alberto/ros2_ws/install/mbot_demo/share/mbot_demo//worlds
[1.498s] -- Installing: /home/alberto/ros2_ws/install/mbot_demo/share/mbot_demo//worlds/empty.world
[1.498s] -- Installing: /home/alberto/ros2_ws/install/mbot_demo/share/mbot_demo//launch
[1.498s] -- Installing: /home/alberto/ros2_ws/install/mbot_demo/share/mbot_demo//launch/mbot_moveit_gazebo.launch.py
[1.498s] -- Installing: /home/alberto/ros2_ws/install/mbot_demo/share/mbot_demo//launch/mbot_moveit_fake.launch.py
[1.498s] -- Installing: /home/alberto/ros2_ws/install/mbot_demo/share/mbot_demo//launch/_robot_on_mbot_gazebo.launch.py
[1.498s] -- Installing: /home/alberto/ros2_ws/install/mbot_demo/share/mbot_demo//launch/mbot_moveit_realmove.launch.py
[1.498s] -- Installing: /home/alberto/ros2_ws/install/mbot_demo/share/ament_index/resource_index/package_run_dependencies/mbot_demo
[1.498s] -- Installing: /home/alberto/ros2_ws/install/mbot_demo/share/ament_index/resource_index/parent_prefix_path/mbot_demo
[1.499s] -- Installing: /home/alberto/ros2_ws/install/mbot_demo/share/mbot_demo/environment/ament_prefix_path.sh
[1.499s] -- Installing: /home/alberto/ros2_ws/install/mbot_demo/share/mbot_demo/environment/ament_prefix_path.dsv
[1.499s] -- Installing: /home/alberto/ros2_ws/install/mbot_demo/share/mbot_demo/environment/path.sh
[1.499s] -- Installing: /home/alberto/ros2_ws/install/mbot_demo/share/mbot_demo/environment/path.dsv
[1.499s] -- Installing: /home/alberto/ros2_ws/install/mbot_demo/share/mbot_demo/local_setup.bash
[1.499s] -- Installing: /home/alberto/ros2_ws/install/mbot_demo/share/mbot_demo/local_setup.sh
[1.499s] -- Installing: /home/alberto/ros2_ws/install/mbot_demo/share/mbot_demo/local_setup.zsh
[1.499s] -- Installing: /home/alberto/ros2_ws/install/mbot_demo/share/mbot_demo/local_setup.dsv
[1.499s] -- Installing: /home/alberto/ros2_ws/install/mbot_demo/share/mbot_demo/package.dsv
[1.499s] -- Installing: /home/alberto/ros2_ws/install/mbot_demo/share/ament_index/resource_index/packages/mbot_demo
[1.499s] -- Installing: /home/alberto/ros2_ws/install/mbot_demo/share/mbot_demo/cmake/mbot_demoConfig.cmake
[1.500s] -- Installing: /home/alberto/ros2_ws/install/mbot_demo/share/mbot_demo/cmake/mbot_demoConfig-version.cmake
[1.500s] -- Installing: /home/alberto/ros2_ws/install/mbot_demo/share/mbot_demo/package.xml
[1.517s] Invoked command in '/home/alberto/ros2_ws/build/mbot_demo' returned '0': CMAKE_PREFIX_PATH=${CMAKE_PREFIX_PATH}:/opt/ros/humble /usr/bin/cmake --install /home/alberto/ros2_ws/build/mbot_demo
