[0.777s] Invoking command in '/home/alberto/ros2_ws/src/xarm_ros2/uf_ros_lib': PYTHONPATH=/home/alberto/ros2_ws/build/uf_ros_lib/prefix_override:/usr/lib/python3/dist-packages/colcon_core/task/python/colcon_distutils_commands:/home/alberto/ros2_ws/install/uf_ros_lib/lib/python3.10/site-packages:${PYTHONPATH} /usr/bin/python3 -W ignore:setup.py install is deprecated -W ignore:easy_install command is deprecated setup.py egg_info --egg-base ../../../build/uf_ros_lib build --build-base /home/alberto/ros2_ws/build/uf_ros_lib/build install --record /home/alberto/ros2_ws/build/uf_ros_lib/install.log --single-version-externally-managed install_data
[0.943s] running egg_info
[0.943s] writing ../../../build/uf_ros_lib/uf_ros_lib.egg-info/PKG-INFO
[0.944s] writing dependency_links to ../../../build/uf_ros_lib/uf_ros_lib.egg-info/dependency_links.txt
[0.944s] writing entry points to ../../../build/uf_ros_lib/uf_ros_lib.egg-info/entry_points.txt
[0.944s] writing requirements to ../../../build/uf_ros_lib/uf_ros_lib.egg-info/requires.txt
[0.944s] writing top-level names to ../../../build/uf_ros_lib/uf_ros_lib.egg-info/top_level.txt
[0.945s] reading manifest file '../../../build/uf_ros_lib/uf_ros_lib.egg-info/SOURCES.txt'
[0.946s] writing manifest file '../../../build/uf_ros_lib/uf_ros_lib.egg-info/SOURCES.txt'
[0.946s] running build
[0.946s] running build_py
[0.947s] running install
[0.947s] running install_lib
[0.949s] running install_data
[0.949s] running install_egg_info
[0.950s] removing '/home/alberto/ros2_ws/install/uf_ros_lib/lib/python3.10/site-packages/uf_ros_lib-0.0.0-py3.10.egg-info' (and everything under it)
[0.950s] Copying ../../../build/uf_ros_lib/uf_ros_lib.egg-info to /home/alberto/ros2_ws/install/uf_ros_lib/lib/python3.10/site-packages/uf_ros_lib-0.0.0-py3.10.egg-info
[0.951s] running install_scripts
[0.965s] writing list of installed files to '/home/alberto/ros2_ws/build/uf_ros_lib/install.log'
[0.981s] Invoked command in '/home/alberto/ros2_ws/src/xarm_ros2/uf_ros_lib' returned '0': PYTHONPATH=/home/alberto/ros2_ws/build/uf_ros_lib/prefix_override:/usr/lib/python3/dist-packages/colcon_core/task/python/colcon_distutils_commands:/home/alberto/ros2_ws/install/uf_ros_lib/lib/python3.10/site-packages:${PYTHONPATH} /usr/bin/python3 -W ignore:setup.py install is deprecated -W ignore:easy_install command is deprecated setup.py egg_info --egg-base ../../../build/uf_ros_lib build --build-base /home/alberto/ros2_ws/build/uf_ros_lib/build install --record /home/alberto/ros2_ws/build/uf_ros_lib/install.log --single-version-externally-managed install_data
