[0.373s] Invoking command in '/home/alberto/ros2_ws/build/mycobot_mtc_demos': CMAKE_PREFIX_PATH=${CMAKE_PREFIX_PATH}:/home/alberto/ros2_ws/install/uf_ros_lib:/home/alberto/ros2_ws/install/my_robot_conroller:/opt/ros/humble /usr/bin/cmake --build /home/alberto/ros2_ws/build/mycobot_mtc_demos -- -j16 -l16
[0.534s] [ 16%] Built target ik_clearance_cost_parameters
[0.537s] [ 25%] [32mBuilding CXX object CMakeFiles/mycobot_mtc_demos_alternative_path_costs.dir/src/alternative_path_costs.cpp.o[0m
[0.544s] [ 33%] [32mBuilding CXX object CMakeFiles/mycobot_mtc_demos_fallbacks_move_to.dir/src/fallbacks_move_to.cpp.o[0m
[0.547s] [ 41%] [32mBuilding CXX object CMakeFiles/mycobot_mtc_demos_cartesian.dir/src/cartesian.cpp.o[0m
[0.547s] [ 50%] [32mBuilding CXX object CMakeFiles/mycobot_mtc_demos_modular.dir/src/modular.cpp.o[0m
[0.611s] [ 58%] [32mBuilding CXX object CMakeFiles/mycobot_mtc_demos_ik_clearance_cost.dir/src/ik_clearance_cost.cpp.o[0m
[0.680s] [01m[K/home/alberto/ros2_ws/src/mycobot_ros2/mycobot_mtc_demos/src/alternative_path_costs.cpp:16:10:[m[K [01;31m[Kfatal error: [m[Kmoveit/planning_scene/planning_scene.hpp: No such file or directory
[0.680s]    16 | #include [01;31m[K<moveit/planning_scene/planning_scene.hpp>[m[K
[0.680s]       |          [01;31m[K^~~~~~~~~~~~~~~~~~~~~~~~~~~~~~~~~~~~~~~~~~[m[K
[0.680s] compilation terminated.
[0.682s] gmake[2]: *** [CMakeFiles/mycobot_mtc_demos_alternative_path_costs.dir/build.make:76: CMakeFiles/mycobot_mtc_demos_alternative_path_costs.dir/src/alternative_path_costs.cpp.o] Error 1
[0.683s] gmake[1]: *** [CMakeFiles/Makefile2:147: CMakeFiles/mycobot_mtc_demos_alternative_path_costs.dir/all] Error 2
[0.683s] gmake[1]: *** Waiting for unfinished jobs....
[0.685s] [01m[K/home/alberto/ros2_ws/src/mycobot_ros2/mycobot_mtc_demos/src/fallbacks_move_to.cpp:19:10:[m[K [01;31m[Kfatal error: [m[Kmoveit/robot_model/robot_model.hpp: No such file or directory
[0.685s]    19 | #include [01;31m[K<moveit/robot_model/robot_model.hpp>[m[K
[0.685s]       |          [01;31m[K^~~~~~~~~~~~~~~~~~~~~~~~~~~~~~~~~~~~[m[K
[0.685s] compilation terminated.
[0.688s] gmake[2]: *** [CMakeFiles/mycobot_mtc_demos_fallbacks_move_to.dir/build.make:76: CMakeFiles/mycobot_mtc_demos_fallbacks_move_to.dir/src/fallbacks_move_to.cpp.o] Error 1
[0.689s] gmake[1]: *** [CMakeFiles/Makefile2:199: CMakeFiles/mycobot_mtc_demos_fallbacks_move_to.dir/all] Error 2
[0.716s] [01m[K/home/alberto/ros2_ws/src/mycobot_ros2/mycobot_mtc_demos/src/ik_clearance_cost.cpp:14:10:[m[K [01;31m[Kfatal error: [m[Kmoveit/planning_scene/planning_scene.hpp: No such file or directory
[0.716s]    14 | #include [01;31m[K<moveit/planning_scene/planning_scene.hpp>[m[K
[0.716s]       |          [01;31m[K^~~~~~~~~~~~~~~~~~~~~~~~~~~~~~~~~~~~~~~~~~[m[K
[0.716s] compilation terminated.
[0.718s] gmake[2]: *** [CMakeFiles/mycobot_mtc_demos_ik_clearance_cost.dir/build.make:76: CMakeFiles/mycobot_mtc_demos_ik_clearance_cost.dir/src/ik_clearance_cost.cpp.o] Error 1
[0.718s] gmake[1]: *** [CMakeFiles/Makefile2:225: CMakeFiles/mycobot_mtc_demos_ik_clearance_cost.dir/all] Error 2
[0.897s] [01m[K/home/alberto/ros2_ws/src/mycobot_ros2/mycobot_mtc_demos/src/cartesian.cpp:21:10:[m[K [01;31m[Kfatal error: [m[Kmoveit/planning_scene/planning_scene.hpp: No such file or directory
[0.897s]    21 | #include [01;31m[K<moveit/planning_scene/planning_scene.hpp>[m[K
[0.897s]       |          [01;31m[K^~~~~~~~~~~~~~~~~~~~~~~~~~~~~~~~~~~~~~~~~~[m[K
[0.898s] compilation terminated.
[0.901s] gmake[2]: *** [CMakeFiles/mycobot_mtc_demos_cartesian.dir/build.make:76: CMakeFiles/mycobot_mtc_demos_cartesian.dir/src/cartesian.cpp.o] Error 1
[0.901s] gmake[1]: *** [CMakeFiles/Makefile2:173: CMakeFiles/mycobot_mtc_demos_cartesian.dir/all] Error 2
[0.985s] [01m[K/home/alberto/ros2_ws/src/mycobot_ros2/mycobot_mtc_demos/src/modular.cpp:28:10:[m[K [01;31m[Kfatal error: [m[Kmoveit/planning_scene/planning_scene.hpp: No such file or directory
[0.985s]    28 | #include [01;31m[K<moveit/planning_scene/planning_scene.hpp>[m[K
[0.985s]       |          [01;31m[K^~~~~~~~~~~~~~~~~~~~~~~~~~~~~~~~~~~~~~~~~~[m[K
[0.985s] compilation terminated.
[1.014s] gmake[2]: *** [CMakeFiles/mycobot_mtc_demos_modular.dir/build.make:76: CMakeFiles/mycobot_mtc_demos_modular.dir/src/modular.cpp.o] Error 1
[1.015s] gmake[1]: *** [CMakeFiles/Makefile2:277: CMakeFiles/mycobot_mtc_demos_modular.dir/all] Error 2
[1.015s] gmake: *** [Makefile:146: all] Error 2
