[0.014s] Invoking command in '/home/alberto/ros2_ws/build/xarm_controller': CMAKE_PREFIX_PATH=/home/alberto/ros2_ws/install/xarm_api:/home/alberto/ros2_ws/install/xarm_sdk:/home/alberto/ros2_ws/install/xarm_msgs:/home/alberto/ros2_ws/install/xarm_description:/home/alberto/ros2_ws/install/xarm_planner:/home/alberto/ros2_ws/install/xarm_moveit_servo:/home/alberto/ros2_ws/install/xarm_moveit_config:/home/alberto/ros2_ws/install/xarm_gazebo:/home/alberto/ros2_ws/install/xarm_controller:/home/alberto/ros2_ws/install/d435i_xarm_setup:/home/alberto/ros2_ws/install/realsense_gazebo_plugin:/home/alberto/ros2_ws/install/mbot_demo:/home/alberto/ros2_ws/install/uf_ros_lib:/home/alberto/ros2_ws/install/my_robot_conroller:/opt/ros/humble LD_LIBRARY_PATH=/home/alberto/ros2_ws/install/xarm_api/lib:/home/alberto/ros2_ws/install/xarm_sdk/lib:/home/alberto/ros2_ws/install/xarm_msgs/lib:/home/alberto/ros2_ws/install/xarm_planner/lib:/home/alberto/ros2_ws/install/xarm_moveit_servo/lib:/home/alberto/ros2_ws/install/xarm_gazebo/lib:/home/alberto/ros2_ws/install/xarm_controller/lib:/home/alberto/ros2_ws/install/realsense_gazebo_plugin/lib:/usr/lib/x86_64-linux-gnu/gazebo-11/plugins:/opt/ros/humble/opt/rviz_ogre_vendor/lib:/opt/ros/humble/lib/x86_64-linux-gnu:/opt/ros/humble/lib /usr/bin/cmake --build /home/alberto/ros2_ws/build/xarm_controller -- -j16 -l16
[0.132s] -- Found ament_cmake: 1.3.13 (/opt/ros/humble/share/ament_cmake/cmake)
[0.159s] -- Found ament_lint_auto: 0.12.15 (/opt/ros/humble/share/ament_lint_auto/cmake)
[0.218s] -- Found hardware_interface: 2.53.1 (/opt/ros/humble/share/hardware_interface/cmake)
[0.240s] -- Found rosidl_generator_c: 3.1.8 (/opt/ros/humble/share/rosidl_generator_c/cmake)
[0.241s] -- Found rosidl_adapter: 3.1.8 (/opt/ros/humble/share/rosidl_adapter/cmake)
[0.245s] -- Found rosidl_generator_cpp: 3.1.8 (/opt/ros/humble/share/rosidl_generator_cpp/cmake)
[0.251s] -- Using all available rosidl_typesupport_c: rosidl_typesupport_fastrtps_c;rosidl_typesupport_introspection_c
[0.259s] -- Using all available rosidl_typesupport_cpp: rosidl_typesupport_fastrtps_cpp;rosidl_typesupport_introspection_cpp
[0.376s] -- Found rmw_implementation_cmake: 6.1.2 (/opt/ros/humble/share/rmw_implementation_cmake/cmake)
[0.377s] -- Found rmw_fastrtps_cpp: 6.2.10 (/opt/ros/humble/share/rmw_fastrtps_cpp/cmake)
[0.389s] -- Found TinyXML2 via Config file: TinyXML2_DIR-NOTFOUND
[0.396s] -- Found TinyXML2 via Config file: TinyXML2_DIR-NOTFOUND
[0.414s] -- Found TinyXML2 via Config file: TinyXML2_DIR-NOTFOUND
[0.420s] -- Found TinyXML2 via Config file: TinyXML2_DIR-NOTFOUND
[0.427s] -- Using RMW implementation 'rmw_fastrtps_cpp' as default
[0.464s] -- Found rclcpp_action: 16.0.18 (/opt/ros/humble/share/rclcpp_action/cmake)
[0.470s] -- Found controller_manager_msgs: 2.53.1 (/opt/ros/humble/share/controller_manager_msgs/cmake)
[0.482s] -- Found xarm_msgs: 0.0.0 (/home/alberto/ros2_ws/install/xarm_msgs/share/xarm_msgs/cmake)
[0.498s] -- Found xarm_api: 0.0.0 (/home/alberto/ros2_ws/install/xarm_api/share/xarm_api/cmake)
[0.500s] -- Found xarm_sdk: 0.0.0 (/home/alberto/ros2_ws/install/xarm_sdk/share/xarm_sdk/cmake)
[0.510s] -- Added test 'copyright' to check source files copyright and LICENSE
[0.512s] -- Added test 'cppcheck' to perform static code analysis on C / C++ code
[0.512s] -- Configured cppcheck include dirs: /home/alberto/ros2_ws/src/xarm_ros2/xarm_controller/include
[0.512s] -- Configured cppcheck exclude dirs and/or files: 
[0.513s] -- Added test 'cpplint' to check C / C++ code against the Google style
[0.513s] -- Configured cpplint exclude dirs and/or files: 
[0.513s] -- Added test 'flake8' to check Python code syntax and style conventions
[0.514s] -- Added test 'lint_cmake' to check CMake code style
[0.514s] -- Added test 'pep257' to check Python code against some of the docstring style conventions in PEP 257
[0.515s] -- Added test 'uncrustify' to check C / C++ code style
[0.515s] -- Configured uncrustify additional arguments: 
[0.515s] -- Added test 'xmllint' to check XML markup files
[0.517s] -- Configuring done
[0.530s] -- Generating done
[0.533s] -- Build files have been written to: /home/alberto/ros2_ws/build/xarm_controller
[0.552s] [35m[1mConsolidate compiler generated dependencies of target uf_robot_hardware[0m
[0.570s] [ 33%] [32m[1mLinking CXX shared library libuf_robot_hardware.so[0m
[1.750s] [100%] Built target uf_robot_hardware
[1.758s] Invoked command in '/home/alberto/ros2_ws/build/xarm_controller' returned '0': CMAKE_PREFIX_PATH=/home/alberto/ros2_ws/install/xarm_api:/home/alberto/ros2_ws/install/xarm_sdk:/home/alberto/ros2_ws/install/xarm_msgs:/home/alberto/ros2_ws/install/xarm_description:/home/alberto/ros2_ws/install/xarm_planner:/home/alberto/ros2_ws/install/xarm_moveit_servo:/home/alberto/ros2_ws/install/xarm_moveit_config:/home/alberto/ros2_ws/install/xarm_gazebo:/home/alberto/ros2_ws/install/xarm_controller:/home/alberto/ros2_ws/install/d435i_xarm_setup:/home/alberto/ros2_ws/install/realsense_gazebo_plugin:/home/alberto/ros2_ws/install/mbot_demo:/home/alberto/ros2_ws/install/uf_ros_lib:/home/alberto/ros2_ws/install/my_robot_conroller:/opt/ros/humble LD_LIBRARY_PATH=/home/alberto/ros2_ws/install/xarm_api/lib:/home/alberto/ros2_ws/install/xarm_sdk/lib:/home/alberto/ros2_ws/install/xarm_msgs/lib:/home/alberto/ros2_ws/install/xarm_planner/lib:/home/alberto/ros2_ws/install/xarm_moveit_servo/lib:/home/alberto/ros2_ws/install/xarm_gazebo/lib:/home/alberto/ros2_ws/install/xarm_controller/lib:/home/alberto/ros2_ws/install/realsense_gazebo_plugin/lib:/usr/lib/x86_64-linux-gnu/gazebo-11/plugins:/opt/ros/humble/opt/rviz_ogre_vendor/lib:/opt/ros/humble/lib/x86_64-linux-gnu:/opt/ros/humble/lib /usr/bin/cmake --build /home/alberto/ros2_ws/build/xarm_controller -- -j16 -l16
[1.760s] Invoking command in '/home/alberto/ros2_ws/build/xarm_controller': CMAKE_PREFIX_PATH=/home/alberto/ros2_ws/install/xarm_api:/home/alberto/ros2_ws/install/xarm_sdk:/home/alberto/ros2_ws/install/xarm_msgs:/home/alberto/ros2_ws/install/xarm_description:/home/alberto/ros2_ws/install/xarm_planner:/home/alberto/ros2_ws/install/xarm_moveit_servo:/home/alberto/ros2_ws/install/xarm_moveit_config:/home/alberto/ros2_ws/install/xarm_gazebo:/home/alberto/ros2_ws/install/xarm_controller:/home/alberto/ros2_ws/install/d435i_xarm_setup:/home/alberto/ros2_ws/install/realsense_gazebo_plugin:/home/alberto/ros2_ws/install/mbot_demo:/home/alberto/ros2_ws/install/uf_ros_lib:/home/alberto/ros2_ws/install/my_robot_conroller:/opt/ros/humble LD_LIBRARY_PATH=/home/alberto/ros2_ws/install/xarm_api/lib:/home/alberto/ros2_ws/install/xarm_sdk/lib:/home/alberto/ros2_ws/install/xarm_msgs/lib:/home/alberto/ros2_ws/install/xarm_planner/lib:/home/alberto/ros2_ws/install/xarm_moveit_servo/lib:/home/alberto/ros2_ws/install/xarm_gazebo/lib:/home/alberto/ros2_ws/install/xarm_controller/lib:/home/alberto/ros2_ws/install/realsense_gazebo_plugin/lib:/usr/lib/x86_64-linux-gnu/gazebo-11/plugins:/opt/ros/humble/opt/rviz_ogre_vendor/lib:/opt/ros/humble/lib/x86_64-linux-gnu:/opt/ros/humble/lib /usr/bin/cmake --install /home/alberto/ros2_ws/build/xarm_controller
[1.765s] -- Install configuration: ""
[1.765s] -- Up-to-date: /home/alberto/ros2_ws/install/xarm_controller/share/xarm_controller/uf_hardware_interface_plugins.xml
[1.765s] -- Up-to-date: /home/alberto/ros2_ws/install/xarm_controller/include
[1.765s] -- Up-to-date: /home/alberto/ros2_ws/install/xarm_controller/include/xarm_controller
[1.765s] -- Up-to-date: /home/alberto/ros2_ws/install/xarm_controller/include/xarm_controller/hardware
[1.765s] -- Up-to-date: /home/alberto/ros2_ws/install/xarm_controller/include/xarm_controller/hardware/uf_robot_fake_system_hardware.h
[1.765s] -- Up-to-date: /home/alberto/ros2_ws/install/xarm_controller/include/xarm_controller/hardware/uf_robot_system_hardware.h
[1.765s] -- Up-to-date: /home/alberto/ros2_ws/install/xarm_controller/include/xarm_controller/hardware/bak_uf_robot_fake_system_hardware.h
[1.766s] -- Installing: /home/alberto/ros2_ws/install/xarm_controller/lib/libuf_robot_hardware.so
[1.767s] -- Set runtime path of "/home/alberto/ros2_ws/install/xarm_controller/lib/libuf_robot_hardware.so" to ""
[1.767s] -- Up-to-date: /home/alberto/ros2_ws/install/xarm_controller/share/xarm_controller//launch
[1.768s] -- Up-to-date: /home/alberto/ros2_ws/install/xarm_controller/share/xarm_controller//launch/xarm7_control_rviz_display.launch.py
[1.768s] -- Up-to-date: /home/alberto/ros2_ws/install/xarm_controller/share/xarm_controller//launch/xarm5_control_rviz_display.launch.py
[1.768s] -- Up-to-date: /home/alberto/ros2_ws/install/xarm_controller/share/xarm_controller//launch/_dual_ros2_control.launch.py
[1.768s] -- Up-to-date: /home/alberto/ros2_ws/install/xarm_controller/share/xarm_controller//launch/xarm6_control_rviz_display.launch.py
[1.768s] -- Up-to-date: /home/alberto/ros2_ws/install/xarm_controller/share/xarm_controller//launch/_robot_ros2_control.launch.py
[1.768s] -- Up-to-date: /home/alberto/ros2_ws/install/xarm_controller/share/xarm_controller//launch/uf850_control_rviz_display.launch.py
[1.768s] -- Up-to-date: /home/alberto/ros2_ws/install/xarm_controller/share/xarm_controller//launch/xarm7_mirror_control_rviz_display.launch.py
[1.768s] -- Up-to-date: /home/alberto/ros2_ws/install/xarm_controller/share/xarm_controller//launch/lite6_control_rviz_display.launch.py
[1.768s] -- Up-to-date: /home/alberto/ros2_ws/install/xarm_controller/share/xarm_controller//launch/lib
[1.768s] -- Up-to-date: /home/alberto/ros2_ws/install/xarm_controller/share/xarm_controller//launch/lib/robot_controller_lib.py
[1.768s] -- Up-to-date: /home/alberto/ros2_ws/install/xarm_controller/share/xarm_controller//launch/_ros2_control.launch.py
[1.768s] -- Up-to-date: /home/alberto/ros2_ws/install/xarm_controller/share/xarm_controller//config
[1.768s] -- Up-to-date: /home/alberto/ros2_ws/install/xarm_controller/share/xarm_controller//config/lite6_controllers.yaml
[1.768s] -- Up-to-date: /home/alberto/ros2_ws/install/xarm_controller/share/xarm_controller//config/uf850_controllers.yaml
[1.768s] -- Up-to-date: /home/alberto/ros2_ws/install/xarm_controller/share/xarm_controller//config/xarm7_controllers.yaml
[1.768s] -- Up-to-date: /home/alberto/ros2_ws/install/xarm_controller/share/xarm_controller//config/xarm7_mirror_controllers.yaml
[1.768s] -- Up-to-date: /home/alberto/ros2_ws/install/xarm_controller/share/xarm_controller//config/xarm6_controllers.yaml
[1.768s] -- Up-to-date: /home/alberto/ros2_ws/install/xarm_controller/share/xarm_controller//config/xarm_gripper_controllers.yaml
[1.768s] -- Up-to-date: /home/alberto/ros2_ws/install/xarm_controller/share/xarm_controller//config/xarm7_mirror_gripper_controllers.yaml
[1.768s] -- Up-to-date: /home/alberto/ros2_ws/install/xarm_controller/share/xarm_controller//config/xarm5_controllers.yaml
[1.768s] -- Up-to-date: /home/alberto/ros2_ws/install/xarm_controller/share/xarm_controller//config/uf850_gripper_controllers.yaml
[1.768s] -- Up-to-date: /home/alberto/ros2_ws/install/xarm_controller/share/xarm_controller//config/bio_gripper_controllers.yaml
[1.768s] -- Up-to-date: /home/alberto/ros2_ws/install/xarm_controller/share/xarm_controller/environment/library_path.sh
[1.768s] -- Installing: /home/alberto/ros2_ws/install/xarm_controller/share/xarm_controller/environment/library_path.dsv
[1.768s] -- Up-to-date: /home/alberto/ros2_ws/install/xarm_controller/share/ament_index/resource_index/package_run_dependencies/xarm_controller
[1.769s] -- Installing: /home/alberto/ros2_ws/install/xarm_controller/share/ament_index/resource_index/parent_prefix_path/xarm_controller
[1.769s] -- Up-to-date: /home/alberto/ros2_ws/install/xarm_controller/share/xarm_controller/environment/ament_prefix_path.sh
[1.769s] -- Installing: /home/alberto/ros2_ws/install/xarm_controller/share/xarm_controller/environment/ament_prefix_path.dsv
[1.769s] -- Up-to-date: /home/alberto/ros2_ws/install/xarm_controller/share/xarm_controller/environment/path.sh
[1.769s] -- Installing: /home/alberto/ros2_ws/install/xarm_controller/share/xarm_controller/environment/path.dsv
[1.769s] -- Up-to-date: /home/alberto/ros2_ws/install/xarm_controller/share/xarm_controller/local_setup.bash
[1.769s] -- Up-to-date: /home/alberto/ros2_ws/install/xarm_controller/share/xarm_controller/local_setup.sh
[1.769s] -- Up-to-date: /home/alberto/ros2_ws/install/xarm_controller/share/xarm_controller/local_setup.zsh
[1.769s] -- Installing: /home/alberto/ros2_ws/install/xarm_controller/share/xarm_controller/local_setup.dsv
[1.769s] -- Installing: /home/alberto/ros2_ws/install/xarm_controller/share/xarm_controller/package.dsv
[1.769s] -- Up-to-date: /home/alberto/ros2_ws/install/xarm_controller/share/ament_index/resource_index/packages/xarm_controller
[1.769s] -- Up-to-date: /home/alberto/ros2_ws/install/xarm_controller/share/ament_index/resource_index/hardware_interface__pluginlib__plugin/xarm_controller
[1.769s] -- Up-to-date: /home/alberto/ros2_ws/install/xarm_controller/share/xarm_controller/cmake/ament_cmake_export_include_directories-extras.cmake
[1.769s] -- Up-to-date: /home/alberto/ros2_ws/install/xarm_controller/share/xarm_controller/cmake/ament_cmake_export_libraries-extras.cmake
[1.769s] -- Up-to-date: /home/alberto/ros2_ws/install/xarm_controller/share/xarm_controller/cmake/ament_cmake_export_dependencies-extras.cmake
[1.769s] -- Up-to-date: /home/alberto/ros2_ws/install/xarm_controller/share/xarm_controller/cmake/xarm_controllerConfig.cmake
[1.769s] -- Up-to-date: /home/alberto/ros2_ws/install/xarm_controller/share/xarm_controller/cmake/xarm_controllerConfig-version.cmake
[1.769s] -- Up-to-date: /home/alberto/ros2_ws/install/xarm_controller/share/xarm_controller/package.xml
[1.771s] Invoked command in '/home/alberto/ros2_ws/build/xarm_controller' returned '0': CMAKE_PREFIX_PATH=/home/alberto/ros2_ws/install/xarm_api:/home/alberto/ros2_ws/install/xarm_sdk:/home/alberto/ros2_ws/install/xarm_msgs:/home/alberto/ros2_ws/install/xarm_description:/home/alberto/ros2_ws/install/xarm_planner:/home/alberto/ros2_ws/install/xarm_moveit_servo:/home/alberto/ros2_ws/install/xarm_moveit_config:/home/alberto/ros2_ws/install/xarm_gazebo:/home/alberto/ros2_ws/install/xarm_controller:/home/alberto/ros2_ws/install/d435i_xarm_setup:/home/alberto/ros2_ws/install/realsense_gazebo_plugin:/home/alberto/ros2_ws/install/mbot_demo:/home/alberto/ros2_ws/install/uf_ros_lib:/home/alberto/ros2_ws/install/my_robot_conroller:/opt/ros/humble LD_LIBRARY_PATH=/home/alberto/ros2_ws/install/xarm_api/lib:/home/alberto/ros2_ws/install/xarm_sdk/lib:/home/alberto/ros2_ws/install/xarm_msgs/lib:/home/alberto/ros2_ws/install/xarm_planner/lib:/home/alberto/ros2_ws/install/xarm_moveit_servo/lib:/home/alberto/ros2_ws/install/xarm_gazebo/lib:/home/alberto/ros2_ws/install/xarm_controller/lib:/home/alberto/ros2_ws/install/realsense_gazebo_plugin/lib:/usr/lib/x86_64-linux-gnu/gazebo-11/plugins:/opt/ros/humble/opt/rviz_ogre_vendor/lib:/opt/ros/humble/lib/x86_64-linux-gnu:/opt/ros/humble/lib /usr/bin/cmake --install /home/alberto/ros2_ws/build/xarm_controller
