[0.194s] Invoking command in '/home/alberto/ros2_ws/build/mycobot_bringup': CMAKE_PREFIX_PATH=${CMAKE_PREFIX_PATH}:/home/alberto/ros2_ws/install/uf_ros_lib:/home/alberto/ros2_ws/install/my_robot_conroller:/opt/ros/humble /usr/bin/cmake --build /home/alberto/ros2_ws/build/mycobot_bringup -- -j16 -l16
[0.440s] Invoked command in '/home/alberto/ros2_ws/build/mycobot_bringup' returned '0': CMAKE_PREFIX_PATH=${CMAKE_PREFIX_PATH}:/home/alberto/ros2_ws/install/uf_ros_lib:/home/alberto/ros2_ws/install/my_robot_conroller:/opt/ros/humble /usr/bin/cmake --build /home/alberto/ros2_ws/build/mycobot_bringup -- -j16 -l16
[0.441s] Invoking command in '/home/alberto/ros2_ws/build/mycobot_bringup': CMAKE_PREFIX_PATH=${CMAKE_PREFIX_PATH}:/home/alberto/ros2_ws/install/uf_ros_lib:/home/alberto/ros2_ws/install/my_robot_conroller:/opt/ros/humble /usr/bin/cmake --install /home/alberto/ros2_ws/build/mycobot_bringup
[0.476s] -- Install configuration: ""
[0.477s] -- Up-to-date: /home/alberto/ros2_ws/install/mycobot_bringup/share/mycobot_bringup/scripts
[0.477s] -- Up-to-date: /home/alberto/ros2_ws/install/mycobot_bringup/share/mycobot_bringup/scripts/mycobot_280_gazebo_and_moveit.sh
[0.477s] -- Up-to-date: /home/alberto/ros2_ws/install/mycobot_bringup/share/mycobot_bringup/scripts/mycobot_280_gazebo (copy).sh
[0.477s] -- Up-to-date: /home/alberto/ros2_ws/install/mycobot_bringup/share/mycobot_bringup/scripts/mycobot_280_mtc_demos.sh
[0.478s] -- Installing: /home/alberto/ros2_ws/install/mycobot_bringup/share/mycobot_bringup/scripts/mycobot_280_gazebo.sh
[0.478s] -- Up-to-date: /home/alberto/ros2_ws/install/mycobot_bringup/share/ament_index/resource_index/package_run_dependencies/mycobot_bringup
[0.478s] -- Up-to-date: /home/alberto/ros2_ws/install/mycobot_bringup/share/ament_index/resource_index/parent_prefix_path/mycobot_bringup
[0.478s] -- Up-to-date: /home/alberto/ros2_ws/install/mycobot_bringup/share/mycobot_bringup/environment/ament_prefix_path.sh
[0.478s] -- Up-to-date: /home/alberto/ros2_ws/install/mycobot_bringup/share/mycobot_bringup/environment/ament_prefix_path.dsv
[0.478s] -- Up-to-date: /home/alberto/ros2_ws/install/mycobot_bringup/share/mycobot_bringup/environment/path.sh
[0.478s] -- Up-to-date: /home/alberto/ros2_ws/install/mycobot_bringup/share/mycobot_bringup/environment/path.dsv
[0.478s] -- Up-to-date: /home/alberto/ros2_ws/install/mycobot_bringup/share/mycobot_bringup/local_setup.bash
[0.478s] -- Up-to-date: /home/alberto/ros2_ws/install/mycobot_bringup/share/mycobot_bringup/local_setup.sh
[0.479s] -- Up-to-date: /home/alberto/ros2_ws/install/mycobot_bringup/share/mycobot_bringup/local_setup.zsh
[0.479s] -- Up-to-date: /home/alberto/ros2_ws/install/mycobot_bringup/share/mycobot_bringup/local_setup.dsv
[0.479s] -- Installing: /home/alberto/ros2_ws/install/mycobot_bringup/share/mycobot_bringup/package.dsv
[0.479s] -- Up-to-date: /home/alberto/ros2_ws/install/mycobot_bringup/share/ament_index/resource_index/packages/mycobot_bringup
[0.479s] -- Up-to-date: /home/alberto/ros2_ws/install/mycobot_bringup/share/mycobot_bringup/cmake/mycobot_bringupConfig.cmake
[0.480s] -- Up-to-date: /home/alberto/ros2_ws/install/mycobot_bringup/share/mycobot_bringup/cmake/mycobot_bringupConfig-version.cmake
[0.480s] -- Up-to-date: /home/alberto/ros2_ws/install/mycobot_bringup/share/mycobot_bringup/package.xml
[0.725s] Invoked command in '/home/alberto/ros2_ws/build/mycobot_bringup' returned '0': CMAKE_PREFIX_PATH=${CMAKE_PREFIX_PATH}:/home/alberto/ros2_ws/install/uf_ros_lib:/home/alberto/ros2_ws/install/my_robot_conroller:/opt/ros/humble /usr/bin/cmake --install /home/alberto/ros2_ws/build/mycobot_bringup
