[0.744s] Invoking command in '/home/alberto/ros2_ws/src/my_robot_controller': PYTHONPATH=/home/alberto/ros2_ws/build/my_robot_conroller/prefix_override:/usr/lib/python3/dist-packages/colcon_core/task/python/colcon_distutils_commands:/home/alberto/ros2_ws/install/my_robot_conroller/lib/python3.10/site-packages:${PYTHONPATH} /usr/bin/python3 -W ignore:setup.py install is deprecated -W ignore:easy_install command is deprecated setup.py egg_info --egg-base ../../build/my_robot_conroller build --build-base /home/alberto/ros2_ws/build/my_robot_conroller/build install --record /home/alberto/ros2_ws/build/my_robot_conroller/install.log --single-version-externally-managed install_data
[0.933s] running egg_info
[0.934s] writing ../../build/my_robot_conroller/my_robot_conroller.egg-info/PKG-INFO
[0.934s] writing dependency_links to ../../build/my_robot_conroller/my_robot_conroller.egg-info/dependency_links.txt
[0.934s] writing entry points to ../../build/my_robot_conroller/my_robot_conroller.egg-info/entry_points.txt
[0.934s] writing requirements to ../../build/my_robot_conroller/my_robot_conroller.egg-info/requires.txt
[0.934s] writing top-level names to ../../build/my_robot_conroller/my_robot_conroller.egg-info/top_level.txt
[0.935s] reading manifest file '../../build/my_robot_conroller/my_robot_conroller.egg-info/SOURCES.txt'
[0.936s] writing manifest file '../../build/my_robot_conroller/my_robot_conroller.egg-info/SOURCES.txt'
[0.936s] running build
[0.936s] running build_py
[0.936s] running install
[0.936s] running install_lib
[0.937s] running install_data
[0.937s] running install_egg_info
[0.938s] removing '/home/alberto/ros2_ws/install/my_robot_conroller/lib/python3.10/site-packages/my_robot_conroller-0.0.0-py3.10.egg-info' (and everything under it)
[0.938s] Copying ../../build/my_robot_conroller/my_robot_conroller.egg-info to /home/alberto/ros2_ws/install/my_robot_conroller/lib/python3.10/site-packages/my_robot_conroller-0.0.0-py3.10.egg-info
[0.939s] running install_scripts
[0.953s] Installing xarm_control_node script to /home/alberto/ros2_ws/install/my_robot_conroller/lib/my_robot_conroller
[0.953s] writing list of installed files to '/home/alberto/ros2_ws/build/my_robot_conroller/install.log'
