[0.015s] Invoking command in '/home/alberto/ros2_ws/build/d435i_xarm_setup': CMAKE_PREFIX_PATH=/home/alberto/ros2_ws/install/xarm_api:/home/alberto/ros2_ws/install/xarm_sdk:/home/alberto/ros2_ws/install/xarm_msgs:/home/alberto/ros2_ws/install/xarm_description:/home/alberto/ros2_ws/install/xarm_planner:/home/alberto/ros2_ws/install/xarm_moveit_servo:/home/alberto/ros2_ws/install/xarm_moveit_config:/home/alberto/ros2_ws/install/xarm_gazebo:/home/alberto/ros2_ws/install/xarm_controller:/home/alberto/ros2_ws/install/d435i_xarm_setup:/home/alberto/ros2_ws/install/realsense_gazebo_plugin:/home/alberto/ros2_ws/install/mbot_demo:/home/alberto/ros2_ws/install/uf_ros_lib:/home/alberto/ros2_ws/install/my_robot_conroller:/opt/ros/humble LD_LIBRARY_PATH=/home/alberto/ros2_ws/install/xarm_api/lib:/home/alberto/ros2_ws/install/xarm_sdk/lib:/home/alberto/ros2_ws/install/xarm_msgs/lib:/home/alberto/ros2_ws/install/xarm_planner/lib:/home/alberto/ros2_ws/install/xarm_moveit_servo/lib:/home/alberto/ros2_ws/install/xarm_gazebo/lib:/home/alberto/ros2_ws/install/xarm_controller/lib:/home/alberto/ros2_ws/install/realsense_gazebo_plugin/lib:/usr/lib/x86_64-linux-gnu/gazebo-11/plugins:/opt/ros/humble/opt/rviz_ogre_vendor/lib:/opt/ros/humble/lib/x86_64-linux-gnu:/opt/ros/humble/lib /usr/bin/cmake --build /home/alberto/ros2_ws/build/d435i_xarm_setup -- -j16 -l16
[0.169s] -- Found ament_cmake: 1.3.13 (/opt/ros/humble/share/ament_cmake/cmake)
[0.170s] -- Found rclcpp: 16.0.18 (/opt/ros/humble/share/rclcpp/cmake)
[0.190s] -- Found rosidl_generator_c: 3.1.8 (/opt/ros/humble/share/rosidl_generator_c/cmake)
[0.192s] -- Found rosidl_adapter: 3.1.8 (/opt/ros/humble/share/rosidl_adapter/cmake)
[0.197s] -- Found rosidl_generator_cpp: 3.1.8 (/opt/ros/humble/share/rosidl_generator_cpp/cmake)
[0.204s] -- Using all available rosidl_typesupport_c: rosidl_typesupport_fastrtps_c;rosidl_typesupport_introspection_c
[0.212s] -- Using all available rosidl_typesupport_cpp: rosidl_typesupport_fastrtps_cpp;rosidl_typesupport_introspection_cpp
[0.239s] -- Found rmw_implementation_cmake: 6.1.2 (/opt/ros/humble/share/rmw_implementation_cmake/cmake)
[0.240s] -- Found rmw_fastrtps_cpp: 6.2.10 (/opt/ros/humble/share/rmw_fastrtps_cpp/cmake)
[0.336s] -- Using RMW implementation 'rmw_fastrtps_cpp' as default
[0.393s] -- Found tf2_ros: 0.25.19 (/opt/ros/humble/share/tf2_ros/cmake)
[0.470s] -- Found tf2_geometry_msgs: 0.25.19 (/opt/ros/humble/share/tf2_geometry_msgs/cmake)
[0.473s] -- Found eigen3_cmake_module: 0.1.1 (/opt/ros/humble/share/eigen3_cmake_module/cmake)
[0.474s] -- Ensuring Eigen3 include directory is part of orocos-kdl CMake target
[0.475s] -- Found object_recognition_msgs: 2.0.0 (/opt/ros/humble/share/object_recognition_msgs/cmake)
[0.509s] -- Found xarm_msgs: 0.0.0 (/home/alberto/ros2_ws/install/xarm_msgs/share/xarm_msgs/cmake)
[0.518s] -- Found xarm_api: 0.0.0 (/home/alberto/ros2_ws/install/xarm_api/share/xarm_api/cmake)
[0.526s] -- Found ament_lint_auto: 0.12.15 (/opt/ros/humble/share/ament_lint_auto/cmake)
[0.628s] -- Added test 'copyright' to check source files copyright and LICENSE
[0.630s] -- Added test 'cppcheck' to perform static code analysis on C / C++ code
[0.630s] -- Configured cppcheck include dirs: 
[0.630s] -- Configured cppcheck exclude dirs and/or files: 
[0.632s] -- Added test 'cpplint' to check C / C++ code against the Google style
[0.632s] -- Configured cpplint exclude dirs and/or files: 
[0.632s] -- Added test 'flake8' to check Python code syntax and style conventions
[0.633s] -- Added test 'lint_cmake' to check CMake code style
[0.633s] -- Added test 'pep257' to check Python code against some of the docstring style conventions in PEP 257
[0.634s] -- Added test 'uncrustify' to check C / C++ code style
[0.634s] -- Configured uncrustify additional arguments: 
[0.635s] -- Added test 'xmllint' to check XML markup files
[0.636s] -- Configuring done
[0.669s] -- Generating done
[0.674s] -- Build files have been written to: /home/alberto/ros2_ws/build/d435i_xarm_setup
[0.692s] [35m[1mConsolidate compiler generated dependencies of target tf_object_to_base[0m
[0.693s] [35m[1mConsolidate compiler generated dependencies of target findobj_grasp_xarm_api[0m
[0.696s] [35m[1mConsolidate compiler generated dependencies of target findobj_grasp_moveit_planner[0m
[0.708s] [ 16%] [32m[1mLinking CXX executable tf_object_to_base[0m
[0.710s] [ 33%] [32m[1mLinking CXX executable findobj_grasp_moveit_planner[0m
[0.710s] [ 50%] [32m[1mLinking CXX executable findobj_grasp_xarm_api[0m
[1.196s] [ 66%] Built target tf_object_to_base
[1.235s] [ 83%] Built target findobj_grasp_moveit_planner
[1.246s] [100%] Built target findobj_grasp_xarm_api
[1.254s] Invoked command in '/home/alberto/ros2_ws/build/d435i_xarm_setup' returned '0': CMAKE_PREFIX_PATH=/home/alberto/ros2_ws/install/xarm_api:/home/alberto/ros2_ws/install/xarm_sdk:/home/alberto/ros2_ws/install/xarm_msgs:/home/alberto/ros2_ws/install/xarm_description:/home/alberto/ros2_ws/install/xarm_planner:/home/alberto/ros2_ws/install/xarm_moveit_servo:/home/alberto/ros2_ws/install/xarm_moveit_config:/home/alberto/ros2_ws/install/xarm_gazebo:/home/alberto/ros2_ws/install/xarm_controller:/home/alberto/ros2_ws/install/d435i_xarm_setup:/home/alberto/ros2_ws/install/realsense_gazebo_plugin:/home/alberto/ros2_ws/install/mbot_demo:/home/alberto/ros2_ws/install/uf_ros_lib:/home/alberto/ros2_ws/install/my_robot_conroller:/opt/ros/humble LD_LIBRARY_PATH=/home/alberto/ros2_ws/install/xarm_api/lib:/home/alberto/ros2_ws/install/xarm_sdk/lib:/home/alberto/ros2_ws/install/xarm_msgs/lib:/home/alberto/ros2_ws/install/xarm_planner/lib:/home/alberto/ros2_ws/install/xarm_moveit_servo/lib:/home/alberto/ros2_ws/install/xarm_gazebo/lib:/home/alberto/ros2_ws/install/xarm_controller/lib:/home/alberto/ros2_ws/install/realsense_gazebo_plugin/lib:/usr/lib/x86_64-linux-gnu/gazebo-11/plugins:/opt/ros/humble/opt/rviz_ogre_vendor/lib:/opt/ros/humble/lib/x86_64-linux-gnu:/opt/ros/humble/lib /usr/bin/cmake --build /home/alberto/ros2_ws/build/d435i_xarm_setup -- -j16 -l16
[1.257s] Invoking command in '/home/alberto/ros2_ws/build/d435i_xarm_setup': CMAKE_PREFIX_PATH=/home/alberto/ros2_ws/install/xarm_api:/home/alberto/ros2_ws/install/xarm_sdk:/home/alberto/ros2_ws/install/xarm_msgs:/home/alberto/ros2_ws/install/xarm_description:/home/alberto/ros2_ws/install/xarm_planner:/home/alberto/ros2_ws/install/xarm_moveit_servo:/home/alberto/ros2_ws/install/xarm_moveit_config:/home/alberto/ros2_ws/install/xarm_gazebo:/home/alberto/ros2_ws/install/xarm_controller:/home/alberto/ros2_ws/install/d435i_xarm_setup:/home/alberto/ros2_ws/install/realsense_gazebo_plugin:/home/alberto/ros2_ws/install/mbot_demo:/home/alberto/ros2_ws/install/uf_ros_lib:/home/alberto/ros2_ws/install/my_robot_conroller:/opt/ros/humble LD_LIBRARY_PATH=/home/alberto/ros2_ws/install/xarm_api/lib:/home/alberto/ros2_ws/install/xarm_sdk/lib:/home/alberto/ros2_ws/install/xarm_msgs/lib:/home/alberto/ros2_ws/install/xarm_planner/lib:/home/alberto/ros2_ws/install/xarm_moveit_servo/lib:/home/alberto/ros2_ws/install/xarm_gazebo/lib:/home/alberto/ros2_ws/install/xarm_controller/lib:/home/alberto/ros2_ws/install/realsense_gazebo_plugin/lib:/usr/lib/x86_64-linux-gnu/gazebo-11/plugins:/opt/ros/humble/opt/rviz_ogre_vendor/lib:/opt/ros/humble/lib/x86_64-linux-gnu:/opt/ros/humble/lib /usr/bin/cmake --install /home/alberto/ros2_ws/build/d435i_xarm_setup
[1.266s] -- Install configuration: ""
[1.266s] -- Up-to-date: /home/alberto/ros2_ws/install/d435i_xarm_setup/share/d435i_xarm_setup//launch
[1.266s] -- Up-to-date: /home/alberto/ros2_ws/install/d435i_xarm_setup/share/d435i_xarm_setup//launch/grasp_node_robot_moveit_planner.launch.py
[1.266s] -- Up-to-date: /home/alberto/ros2_ws/install/d435i_xarm_setup/share/d435i_xarm_setup//launch/d435i_findobj2d_robot_moveit_planner.launch.py
[1.266s] -- Up-to-date: /home/alberto/ros2_ws/install/d435i_xarm_setup/share/d435i_xarm_setup//launch/start_find_obj_2d.launch.py
[1.266s] -- Up-to-date: /home/alberto/ros2_ws/install/d435i_xarm_setup/share/d435i_xarm_setup//launch/d435i_robot_auto_calib.launch.py
[1.266s] -- Up-to-date: /home/alberto/ros2_ws/install/d435i_xarm_setup/share/d435i_xarm_setup//launch/grasp_node_robot_api.launch.py
[1.266s] -- Up-to-date: /home/alberto/ros2_ws/install/d435i_xarm_setup/share/d435i_xarm_setup//launch/d435i_findobj2d_robot_api.launch.py
[1.266s] -- Up-to-date: /home/alberto/ros2_ws/install/d435i_xarm_setup/share/d435i_xarm_setup//launch/publish_handeye_tf.launch.py
[1.266s] -- Up-to-date: /home/alberto/ros2_ws/install/d435i_xarm_setup/share/d435i_xarm_setup//launch/d435i_robot_ork_linemod.launch.py
[1.267s] -- Up-to-date: /home/alberto/ros2_ws/install/d435i_xarm_setup/share/d435i_xarm_setup//objects
[1.267s] -- Up-to-date: /home/alberto/ros2_ws/install/d435i_xarm_setup/share/d435i_xarm_setup//objects/1.png
[1.267s] -- Up-to-date: /home/alberto/ros2_ws/install/d435i_xarm_setup/share/d435i_xarm_setup//objects/2.png
[1.267s] -- Up-to-date: /home/alberto/ros2_ws/install/d435i_xarm_setup/share/d435i_xarm_setup//config
[1.267s] -- Up-to-date: /home/alberto/ros2_ws/install/d435i_xarm_setup/share/d435i_xarm_setup//config/xarm_rs_on_hand_calibration.calib
[1.267s] -- Up-to-date: /home/alberto/ros2_ws/install/d435i_xarm_setup/share/d435i_xarm_setup//config/uf850_rs_on_hand_calibration.calib
[1.267s] -- Up-to-date: /home/alberto/ros2_ws/install/d435i_xarm_setup/share/d435i_xarm_setup//config/extra_robot_api_params.yaml
[1.267s] -- Up-to-date: /home/alberto/ros2_ws/install/d435i_xarm_setup/share/d435i_xarm_setup//config/lite_rs_on_hand_calibration.calib
[1.267s] -- Installing: /home/alberto/ros2_ws/install/d435i_xarm_setup/lib/d435i_xarm_setup/findobj_grasp_moveit_planner
[1.270s] -- Set runtime path of "/home/alberto/ros2_ws/install/d435i_xarm_setup/lib/d435i_xarm_setup/findobj_grasp_moveit_planner" to ""
[1.271s] -- Installing: /home/alberto/ros2_ws/install/d435i_xarm_setup/lib/d435i_xarm_setup/findobj_grasp_xarm_api
[1.271s] -- Set runtime path of "/home/alberto/ros2_ws/install/d435i_xarm_setup/lib/d435i_xarm_setup/findobj_grasp_xarm_api" to ""
[1.272s] -- Installing: /home/alberto/ros2_ws/install/d435i_xarm_setup/lib/d435i_xarm_setup/tf_object_to_base
[1.274s] -- Set runtime path of "/home/alberto/ros2_ws/install/d435i_xarm_setup/lib/d435i_xarm_setup/tf_object_to_base" to ""
[1.275s] -- Up-to-date: /home/alberto/ros2_ws/install/d435i_xarm_setup/share/ament_index/resource_index/package_run_dependencies/d435i_xarm_setup
[1.275s] -- Installing: /home/alberto/ros2_ws/install/d435i_xarm_setup/share/ament_index/resource_index/parent_prefix_path/d435i_xarm_setup
[1.275s] -- Up-to-date: /home/alberto/ros2_ws/install/d435i_xarm_setup/share/d435i_xarm_setup/environment/ament_prefix_path.sh
[1.275s] -- Installing: /home/alberto/ros2_ws/install/d435i_xarm_setup/share/d435i_xarm_setup/environment/ament_prefix_path.dsv
[1.275s] -- Up-to-date: /home/alberto/ros2_ws/install/d435i_xarm_setup/share/d435i_xarm_setup/environment/path.sh
[1.275s] -- Installing: /home/alberto/ros2_ws/install/d435i_xarm_setup/share/d435i_xarm_setup/environment/path.dsv
[1.275s] -- Up-to-date: /home/alberto/ros2_ws/install/d435i_xarm_setup/share/d435i_xarm_setup/local_setup.bash
[1.275s] -- Up-to-date: /home/alberto/ros2_ws/install/d435i_xarm_setup/share/d435i_xarm_setup/local_setup.sh
[1.275s] -- Up-to-date: /home/alberto/ros2_ws/install/d435i_xarm_setup/share/d435i_xarm_setup/local_setup.zsh
[1.275s] -- Installing: /home/alberto/ros2_ws/install/d435i_xarm_setup/share/d435i_xarm_setup/local_setup.dsv
[1.276s] -- Installing: /home/alberto/ros2_ws/install/d435i_xarm_setup/share/d435i_xarm_setup/package.dsv
[1.276s] -- Up-to-date: /home/alberto/ros2_ws/install/d435i_xarm_setup/share/ament_index/resource_index/packages/d435i_xarm_setup
[1.276s] -- Up-to-date: /home/alberto/ros2_ws/install/d435i_xarm_setup/share/d435i_xarm_setup/cmake/d435i_xarm_setupConfig.cmake
[1.276s] -- Up-to-date: /home/alberto/ros2_ws/install/d435i_xarm_setup/share/d435i_xarm_setup/cmake/d435i_xarm_setupConfig-version.cmake
[1.276s] -- Up-to-date: /home/alberto/ros2_ws/install/d435i_xarm_setup/share/d435i_xarm_setup/package.xml
[1.278s] Invoked command in '/home/alberto/ros2_ws/build/d435i_xarm_setup' returned '0': CMAKE_PREFIX_PATH=/home/alberto/ros2_ws/install/xarm_api:/home/alberto/ros2_ws/install/xarm_sdk:/home/alberto/ros2_ws/install/xarm_msgs:/home/alberto/ros2_ws/install/xarm_description:/home/alberto/ros2_ws/install/xarm_planner:/home/alberto/ros2_ws/install/xarm_moveit_servo:/home/alberto/ros2_ws/install/xarm_moveit_config:/home/alberto/ros2_ws/install/xarm_gazebo:/home/alberto/ros2_ws/install/xarm_controller:/home/alberto/ros2_ws/install/d435i_xarm_setup:/home/alberto/ros2_ws/install/realsense_gazebo_plugin:/home/alberto/ros2_ws/install/mbot_demo:/home/alberto/ros2_ws/install/uf_ros_lib:/home/alberto/ros2_ws/install/my_robot_conroller:/opt/ros/humble LD_LIBRARY_PATH=/home/alberto/ros2_ws/install/xarm_api/lib:/home/alberto/ros2_ws/install/xarm_sdk/lib:/home/alberto/ros2_ws/install/xarm_msgs/lib:/home/alberto/ros2_ws/install/xarm_planner/lib:/home/alberto/ros2_ws/install/xarm_moveit_servo/lib:/home/alberto/ros2_ws/install/xarm_gazebo/lib:/home/alberto/ros2_ws/install/xarm_controller/lib:/home/alberto/ros2_ws/install/realsense_gazebo_plugin/lib:/usr/lib/x86_64-linux-gnu/gazebo-11/plugins:/opt/ros/humble/opt/rviz_ogre_vendor/lib:/opt/ros/humble/lib/x86_64-linux-gnu:/opt/ros/humble/lib /usr/bin/cmake --install /home/alberto/ros2_ws/build/d435i_xarm_setup
