[0.009s] Invoking command in '/home/alberto/ros2_ws/build/xarm_api': AMENT_PREFIX_PATH=/home/alberto/ros2_ws/install/xarm_sdk:/home/alberto/ros2_ws/install/xarm_description:${AMENT_PREFIX_PATH} CMAKE_PREFIX_PATH=/home/alberto/ros2_ws/install/xarm_sdk:/home/alberto/ros2_ws/install/xarm_msgs:/home/alberto/ros2_ws/install/xarm_description:/opt/ros/humble LD_LIBRARY_PATH=/home/alberto/ros2_ws/install/xarm_sdk/lib:${LD_LIBRARY_PATH} /usr/bin/cmake /home/alberto/ros2_ws/src/xarm_ros2/xarm_api -DCMAKE_INSTALL_PREFIX=/home/alberto/ros2_ws/install/xarm_api
[0.096s] -- The C compiler identification is GNU 11.4.0
[0.133s] -- The CXX compiler identification is GNU 11.4.0
[0.139s] -- Detecting C compiler ABI info
[0.243s] -- Detecting C compiler ABI info - done
[0.248s] -- Check for working C compiler: /usr/bin/cc - skipped
[0.248s] -- Detecting C compile features
[0.249s] -- Detecting C compile features - done
[0.251s] -- Detecting CXX compiler ABI info
[0.340s] -- Detecting CXX compiler ABI info - done
[0.349s] -- Check for working CXX compiler: /usr/bin/c++ - skipped
[0.349s] -- Detecting CXX compile features
[0.350s] -- Detecting CXX compile features - done
[0.351s] -- Found ament_cmake: 1.3.13 (/opt/ros/humble/share/ament_cmake/cmake)
[0.461s] -- Found Python3: /usr/bin/python3 (found version "3.10.12") found components: Interpreter 
[0.521s] -- Found ament_lint_auto: 0.12.15 (/opt/ros/humble/share/ament_lint_auto/cmake)
[0.575s] -- Found rclcpp: 16.0.18 (/opt/ros/humble/share/rclcpp/cmake)
[0.604s] -- Found rosidl_generator_c: 3.1.8 (/opt/ros/humble/share/rosidl_generator_c/cmake)
[0.607s] -- Found rosidl_adapter: 3.1.8 (/opt/ros/humble/share/rosidl_adapter/cmake)
[0.613s] -- Found rosidl_generator_cpp: 3.1.8 (/opt/ros/humble/share/rosidl_generator_cpp/cmake)
[0.621s] -- Using all available rosidl_typesupport_c: rosidl_typesupport_fastrtps_c;rosidl_typesupport_introspection_c
[0.632s] -- Using all available rosidl_typesupport_cpp: rosidl_typesupport_fastrtps_cpp;rosidl_typesupport_introspection_cpp
[0.661s] -- Found rmw_implementation_cmake: 6.1.2 (/opt/ros/humble/share/rmw_implementation_cmake/cmake)
[0.663s] -- Found rmw_fastrtps_cpp: 6.2.10 (/opt/ros/humble/share/rmw_fastrtps_cpp/cmake)
[0.730s] -- Found OpenSSL: /usr/lib/x86_64-linux-gnu/libcrypto.so (found version "3.0.2")  
[0.756s] -- Found FastRTPS: /opt/ros/humble/include  
[0.788s] -- Using RMW implementation 'rmw_fastrtps_cpp' as default
[0.793s] -- Looking for pthread.h
[0.847s] -- Looking for pthread.h - found
[0.847s] -- Performing Test CMAKE_HAVE_LIBC_PTHREAD
[0.939s] -- Performing Test CMAKE_HAVE_LIBC_PTHREAD - Success
[0.940s] -- Found Threads: TRUE  
[0.977s] -- Found rclcpp_action: 16.0.18 (/opt/ros/humble/share/rclcpp_action/cmake)
[1.014s] -- Found sensor_msgs: 4.9.1 (/opt/ros/humble/share/sensor_msgs/cmake)
[1.072s] -- Found control_msgs: 4.8.0 (/opt/ros/humble/share/control_msgs/cmake)
[1.105s] -- Found xarm_msgs: 0.0.0 (/home/alberto/ros2_ws/install/xarm_msgs/share/xarm_msgs/cmake)
[1.114s] -- Found xarm_sdk: 0.0.0 (/home/alberto/ros2_ws/install/xarm_sdk/share/xarm_sdk/cmake)
[1.126s] -- Added test 'copyright' to check source files copyright and LICENSE
[1.127s] -- Added test 'cppcheck' to perform static code analysis on C / C++ code
[1.128s] -- Configured cppcheck include dirs: /home/alberto/ros2_ws/src/xarm_ros2/xarm_api/include
[1.128s] -- Configured cppcheck exclude dirs and/or files: 
[1.129s] -- Added test 'cpplint' to check C / C++ code against the Google style
[1.129s] -- Configured cpplint exclude dirs and/or files: 
[1.129s] -- Added test 'flake8' to check Python code syntax and style conventions
[1.129s] -- Added test 'lint_cmake' to check CMake code style
[1.130s] -- Added test 'pep257' to check Python code against some of the docstring style conventions in PEP 257
[1.130s] -- Added test 'uncrustify' to check C / C++ code style
[1.131s] -- Configured uncrustify additional arguments: 
[1.131s] -- Added test 'xmllint' to check XML markup files
[1.132s] -- Configuring done
[1.153s] -- Generating done
[1.161s] -- Build files have been written to: /home/alberto/ros2_ws/build/xarm_api
[1.169s] Invoked command in '/home/alberto/ros2_ws/build/xarm_api' returned '0': AMENT_PREFIX_PATH=/home/alberto/ros2_ws/install/xarm_sdk:/home/alberto/ros2_ws/install/xarm_description:${AMENT_PREFIX_PATH} CMAKE_PREFIX_PATH=/home/alberto/ros2_ws/install/xarm_sdk:/home/alberto/ros2_ws/install/xarm_msgs:/home/alberto/ros2_ws/install/xarm_description:/opt/ros/humble LD_LIBRARY_PATH=/home/alberto/ros2_ws/install/xarm_sdk/lib:${LD_LIBRARY_PATH} /usr/bin/cmake /home/alberto/ros2_ws/src/xarm_ros2/xarm_api -DCMAKE_INSTALL_PREFIX=/home/alberto/ros2_ws/install/xarm_api
[1.170s] Invoking command in '/home/alberto/ros2_ws/build/xarm_api': AMENT_PREFIX_PATH=/home/alberto/ros2_ws/install/xarm_sdk:/home/alberto/ros2_ws/install/xarm_description:${AMENT_PREFIX_PATH} CMAKE_PREFIX_PATH=/home/alberto/ros2_ws/install/xarm_sdk:/home/alberto/ros2_ws/install/xarm_msgs:/home/alberto/ros2_ws/install/xarm_description:/opt/ros/humble LD_LIBRARY_PATH=/home/alberto/ros2_ws/install/xarm_sdk/lib:${LD_LIBRARY_PATH} /usr/bin/cmake --build /home/alberto/ros2_ws/build/xarm_api -- -j16 -l16
[1.207s] [ 15%] [32mBuilding CXX object CMakeFiles/xarm_ros_driver.dir/src/xarm_driver.cpp.o[0m
[1.207s] [ 15%] [32mBuilding CXX object CMakeFiles/xarm_ros_driver.dir/src/xarm_driver_service.cpp.o[0m
[1.207s] [ 23%] [32mBuilding CXX object CMakeFiles/test_robot_states.dir/test/test_robot_states.cpp.o[0m
[1.208s] [ 30%] [32mBuilding CXX object CMakeFiles/xarm_ros_client.dir/src/xarm_ros_client.cpp.o[0m
[12.772s] [ 38%] [32m[1mLinking CXX executable test_robot_states[0m
[13.420s] [ 38%] Built target test_robot_states
[19.351s] [ 46%] [32m[1mLinking CXX shared library libxarm_ros_client.so[0m
[20.328s] [ 46%] Built target xarm_ros_client
[20.346s] [ 53%] [32mBuilding CXX object CMakeFiles/test_xarm_ros_client.dir/test/test_xarm_ros_client.cpp.o[0m
[20.346s] [ 61%] [32mBuilding CXX object CMakeFiles/test_xarm_velo_move.dir/test/test_xarm_velo_move.cpp.o[0m
[23.991s] [ 69%] [32m[1mLinking CXX executable test_xarm_ros_client[0m
[24.016s] [ 76%] [32m[1mLinking CXX executable test_xarm_velo_move[0m
[24.406s] [ 76%] Built target test_xarm_ros_client
[24.431s] [ 76%] Built target test_xarm_velo_move
[27.907s] [ 84%] [32m[1mLinking CXX shared library libxarm_ros_driver.so[0m
[29.744s] [ 84%] Built target xarm_ros_driver
[29.760s] [ 92%] [32mBuilding CXX object CMakeFiles/xarm_driver_node.dir/src/xarm_driver_node.cpp.o[0m
[32.883s] [100%] [32m[1mLinking CXX executable xarm_driver_node[0m
[33.479s] [100%] Built target xarm_driver_node
[33.490s] Invoked command in '/home/alberto/ros2_ws/build/xarm_api' returned '0': AMENT_PREFIX_PATH=/home/alberto/ros2_ws/install/xarm_sdk:/home/alberto/ros2_ws/install/xarm_description:${AMENT_PREFIX_PATH} CMAKE_PREFIX_PATH=/home/alberto/ros2_ws/install/xarm_sdk:/home/alberto/ros2_ws/install/xarm_msgs:/home/alberto/ros2_ws/install/xarm_description:/opt/ros/humble LD_LIBRARY_PATH=/home/alberto/ros2_ws/install/xarm_sdk/lib:${LD_LIBRARY_PATH} /usr/bin/cmake --build /home/alberto/ros2_ws/build/xarm_api -- -j16 -l16
[33.492s] Invoking command in '/home/alberto/ros2_ws/build/xarm_api': AMENT_PREFIX_PATH=/home/alberto/ros2_ws/install/xarm_sdk:/home/alberto/ros2_ws/install/xarm_description:${AMENT_PREFIX_PATH} CMAKE_PREFIX_PATH=/home/alberto/ros2_ws/install/xarm_sdk:/home/alberto/ros2_ws/install/xarm_msgs:/home/alberto/ros2_ws/install/xarm_description:/opt/ros/humble LD_LIBRARY_PATH=/home/alberto/ros2_ws/install/xarm_sdk/lib:${LD_LIBRARY_PATH} /usr/bin/cmake --install /home/alberto/ros2_ws/build/xarm_api
[33.498s] -- Install configuration: ""
[33.498s] -- Installing: /home/alberto/ros2_ws/install/xarm_api/share/xarm_api/environment/library_path.sh
[33.498s] -- Installing: /home/alberto/ros2_ws/install/xarm_api/share/xarm_api/environment/library_path.dsv
[33.498s] -- Installing: /home/alberto/ros2_ws/install/xarm_api/include
[33.499s] -- Installing: /home/alberto/ros2_ws/install/xarm_api/include/xarm_api
[33.499s] -- Installing: /home/alberto/ros2_ws/install/xarm_api/include/xarm_api/xarm_driver.h
[33.499s] -- Installing: /home/alberto/ros2_ws/install/xarm_api/include/xarm_api/xarm_msgs.h
[33.499s] -- Installing: /home/alberto/ros2_ws/install/xarm_api/include/xarm_api/xarm_ros_client.h
[33.499s] -- Installing: /home/alberto/ros2_ws/install/xarm_api/include/xarm_api/visibility_control.h
[33.499s] -- Installing: /home/alberto/ros2_ws/install/xarm_api/lib/libxarm_ros_driver.so
[33.530s] -- Set runtime path of "/home/alberto/ros2_ws/install/xarm_api/lib/libxarm_ros_driver.so" to ""
[33.530s] -- Installing: /home/alberto/ros2_ws/install/xarm_api/lib/libxarm_ros_client.so
[33.544s] -- Set runtime path of "/home/alberto/ros2_ws/install/xarm_api/lib/libxarm_ros_client.so" to ""
[33.544s] -- Installing: /home/alberto/ros2_ws/install/xarm_api/lib/xarm_api/xarm_driver_node
[33.545s] -- Set runtime path of "/home/alberto/ros2_ws/install/xarm_api/lib/xarm_api/xarm_driver_node" to ""
[33.545s] -- Installing: /home/alberto/ros2_ws/install/xarm_api/lib/xarm_api/test_xarm_ros_client
[33.545s] -- Set runtime path of "/home/alberto/ros2_ws/install/xarm_api/lib/xarm_api/test_xarm_ros_client" to ""
[33.545s] -- Installing: /home/alberto/ros2_ws/install/xarm_api/lib/xarm_api/test_xarm_velo_move
[33.545s] -- Set runtime path of "/home/alberto/ros2_ws/install/xarm_api/lib/xarm_api/test_xarm_velo_move" to ""
[33.545s] -- Installing: /home/alberto/ros2_ws/install/xarm_api/lib/xarm_api/test_robot_states
[33.549s] -- Set runtime path of "/home/alberto/ros2_ws/install/xarm_api/lib/xarm_api/test_robot_states" to ""
[33.549s] -- Installing: /home/alberto/ros2_ws/install/xarm_api/share/xarm_api//launch
[33.549s] -- Installing: /home/alberto/ros2_ws/install/xarm_api/share/xarm_api//launch/lite6_driver.launch.py
[33.549s] -- Installing: /home/alberto/ros2_ws/install/xarm_api/share/xarm_api//launch/_robot_driver.launch.py
[33.549s] -- Installing: /home/alberto/ros2_ws/install/xarm_api/share/xarm_api//launch/xarm6_driver.launch.py
[33.549s] -- Installing: /home/alberto/ros2_ws/install/xarm_api/share/xarm_api//launch/xarm7_driver.launch.py
[33.549s] -- Installing: /home/alberto/ros2_ws/install/xarm_api/share/xarm_api//launch/uf850_driver.launch.py
[33.549s] -- Installing: /home/alberto/ros2_ws/install/xarm_api/share/xarm_api//launch/xarm5_driver.launch.py
[33.549s] -- Installing: /home/alberto/ros2_ws/install/xarm_api/share/xarm_api//launch/lib
[33.549s] -- Installing: /home/alberto/ros2_ws/install/xarm_api/share/xarm_api//launch/lib/robot_api_lib.py
[33.550s] -- Installing: /home/alberto/ros2_ws/install/xarm_api/share/xarm_api//config
[33.550s] -- Installing: /home/alberto/ros2_ws/install/xarm_api/share/xarm_api//config/xarm_params.yaml
[33.550s] -- Installing: /home/alberto/ros2_ws/install/xarm_api/share/ament_index/resource_index/package_run_dependencies/xarm_api
[33.550s] -- Installing: /home/alberto/ros2_ws/install/xarm_api/share/ament_index/resource_index/parent_prefix_path/xarm_api
[33.550s] -- Installing: /home/alberto/ros2_ws/install/xarm_api/share/xarm_api/environment/ament_prefix_path.sh
[33.550s] -- Installing: /home/alberto/ros2_ws/install/xarm_api/share/xarm_api/environment/ament_prefix_path.dsv
[33.550s] -- Installing: /home/alberto/ros2_ws/install/xarm_api/share/xarm_api/environment/path.sh
[33.550s] -- Installing: /home/alberto/ros2_ws/install/xarm_api/share/xarm_api/environment/path.dsv
[33.550s] -- Installing: /home/alberto/ros2_ws/install/xarm_api/share/xarm_api/local_setup.bash
[33.550s] -- Installing: /home/alberto/ros2_ws/install/xarm_api/share/xarm_api/local_setup.sh
[33.550s] -- Installing: /home/alberto/ros2_ws/install/xarm_api/share/xarm_api/local_setup.zsh
[33.550s] -- Installing: /home/alberto/ros2_ws/install/xarm_api/share/xarm_api/local_setup.dsv
[33.550s] -- Installing: /home/alberto/ros2_ws/install/xarm_api/share/xarm_api/package.dsv
[33.550s] -- Installing: /home/alberto/ros2_ws/install/xarm_api/share/ament_index/resource_index/packages/xarm_api
[33.550s] -- Installing: /home/alberto/ros2_ws/install/xarm_api/share/xarm_api/cmake/ament_cmake_export_libraries-extras.cmake
[33.550s] -- Installing: /home/alberto/ros2_ws/install/xarm_api/share/xarm_api/cmake/ament_cmake_export_include_directories-extras.cmake
[33.550s] -- Installing: /home/alberto/ros2_ws/install/xarm_api/share/xarm_api/cmake/xarm_apiConfig.cmake
[33.550s] -- Installing: /home/alberto/ros2_ws/install/xarm_api/share/xarm_api/cmake/xarm_apiConfig-version.cmake
[33.550s] -- Installing: /home/alberto/ros2_ws/install/xarm_api/share/xarm_api/package.xml
[33.552s] Invoked command in '/home/alberto/ros2_ws/build/xarm_api' returned '0': AMENT_PREFIX_PATH=/home/alberto/ros2_ws/install/xarm_sdk:/home/alberto/ros2_ws/install/xarm_description:${AMENT_PREFIX_PATH} CMAKE_PREFIX_PATH=/home/alberto/ros2_ws/install/xarm_sdk:/home/alberto/ros2_ws/install/xarm_msgs:/home/alberto/ros2_ws/install/xarm_description:/opt/ros/humble LD_LIBRARY_PATH=/home/alberto/ros2_ws/install/xarm_sdk/lib:${LD_LIBRARY_PATH} /usr/bin/cmake --install /home/alberto/ros2_ws/build/xarm_api
