[0.221s] Invoking command in '/home/alberto/ros2_ws/build/mycobot_moveit_config': CMAKE_PREFIX_PATH=${CMAKE_PREFIX_PATH}:/home/alberto/ros2_ws/install/xarm_sdk:/home/alberto/ros2_ws/install/xarm_description:/home/alberto/ros2_ws/install/uf_ros_lib:/home/alberto/ros2_ws/install/mycobot_system_tests:/home/alberto/ros2_ws/install/mycobot_gazebo:/home/alberto/ros2_ws/install/mycobot_description:/home/alberto/ros2_ws/install/mycobot_bringup:/home/alberto/ros2_ws/install/my_robot_conroller:/home/alberto/ros2_ws/install/mbot_demo:/opt/ros/humble /usr/bin/cmake /home/alberto/ros2_ws/src/mycobot_ros2/mycobot_moveit_config -DCMAKE_INSTALL_PREFIX=/home/alberto/ros2_ws/install/mycobot_moveit_config
[0.590s] -- Found ament_cmake: 1.3.13 (/opt/ros/humble/share/ament_cmake/cmake)
[0.590s] -- Override CMake install command with custom implementation using symlinks instead of copying resources
[0.590s] -- Found moveit_ros_planning_interface: 2.5.9 (/opt/ros/humble/share/moveit_ros_planning_interface/cmake)
[0.590s] -- Found Boost: /usr/lib/x86_64-linux-gnu/cmake/Boost-1.74.0/BoostConfig.cmake (found version "1.74.0") found components: date_time filesystem program_options system thread 
[0.590s] -- Found rosidl_generator_c: 3.1.8 (/opt/ros/humble/share/rosidl_generator_c/cmake)
[0.590s] -- Found rosidl_adapter: 3.1.8 (/opt/ros/humble/share/rosidl_adapter/cmake)
[0.590s] -- Found rosidl_generator_cpp: 3.1.8 (/opt/ros/humble/share/rosidl_generator_cpp/cmake)
[0.590s] -- Using all available rosidl_typesupport_c: rosidl_typesupport_fastrtps_c;rosidl_typesupport_introspection_c
[0.590s] -- Using all available rosidl_typesupport_cpp: rosidl_typesupport_fastrtps_cpp;rosidl_typesupport_introspection_cpp
[0.615s] -- Found Boost: /usr/lib/x86_64-linux-gnu/cmake/Boost-1.74.0/BoostConfig.cmake (found version "1.74.0") found components: chrono date_time filesystem iostreams program_options regex serialization system thread 
[0.664s] -- Found parameter_traits: 0.6.0 (/opt/ros/humble/share/parameter_traits/cmake)
[0.705s] -- Found rmw_implementation_cmake: 6.1.2 (/opt/ros/humble/share/rmw_implementation_cmake/cmake)
[0.707s] -- Found rmw_fastrtps_cpp: 6.2.10 (/opt/ros/humble/share/rmw_fastrtps_cpp/cmake)
[0.849s] -- Using RMW implementation 'rmw_fastrtps_cpp' as default
[0.901s] -- Found rclcpp_lifecycle: 16.0.18 (/opt/ros/humble/share/rclcpp_lifecycle/cmake)
[0.925s] -- Found Boost: /usr/lib/x86_64-linux-gnu/cmake/Boost-1.74.0/BoostConfig.cmake (found version "1.74.0") found components: filesystem 
[0.964s] -- library: /usr/lib/x86_64-linux-gnu/libcurl.so
[1.003s] -- Ensuring Eigen3 include directory is part of orocos-kdl CMake target
[1.205s] -- Found Boost: /usr/lib/x86_64-linux-gnu/cmake/Boost-1.74.0/BoostConfig.cmake (found version "1.74.0") found components: system filesystem date_time program_options thread chrono 
[1.260s] -- Found Boost: /usr/lib/x86_64-linux-gnu/cmake/Boost-1.74.0/BoostConfig.cmake (found version "1.74.0") found components: thread system filesystem regex date_time program_options 
[1.299s] -- Found Boost: /usr/lib/x86_64-linux-gnu/cmake/Boost-1.74.0/BoostConfig.cmake (found version "1.74.0") found components: system filesystem date_time program_options thread 
[1.353s] -- Found moveit_kinematics: 2.5.9 (/opt/ros/humble/share/moveit_kinematics/cmake)
[1.358s] -- Found Boost: /usr/lib/x86_64-linux-gnu/cmake/Boost-1.74.0/BoostConfig.cmake (found version "1.74.0") found components: program_options system 
[1.367s] -- Found moveit_planners_ompl: 2.5.9 (/opt/ros/humble/share/moveit_planners_ompl/cmake)
[1.383s] -- Found moveit_ros_visualization: 2.5.9 (/opt/ros/humble/share/moveit_ros_visualization/cmake)
[1.390s] -- Found Boost: /usr/lib/x86_64-linux-gnu/cmake/Boost-1.74.0/BoostConfig.cmake (found version "1.74.0") found components: thread date_time system filesystem 
[1.429s] -- Setting OGRE_DIR to: '/opt/ros/humble/share/rviz_ogre_vendor/cmake/../../../opt/rviz_ogre_vendor/lib/OGRE/cmake'
[1.432s] -- Found OGRE
[1.432s] --   static     : OFF
[1.432s] --   components : HLMS;MeshLodGenerator;Overlay;Paging;Property;RTShaderSystem;Terrain;Volume
[1.432s] --   plugins    : Plugin_BSPSceneManager;Plugin_OctreeSceneManager;Plugin_PCZSceneManager;Plugin_ParticleFX;RenderSystem_GL;RenderSystem_GL3Plus;Codec_STBI
[1.432s] --   media      : /opt/ros/humble/opt/rviz_ogre_vendor/share/OGRE/Media
[1.432s] -- OGRE_LIBRARIES: OgreHLMS;OgreMeshLodGenerator;OgreOverlay;OgrePaging;OgreProperty;OgreRTShaderSystem;OgreTerrain;OgreVolume;OgreMain
[1.432s] -- OGRE_LIBRARY_DIRS: /opt/ros/humble/opt/rviz_ogre_vendor/lib
[1.432s] -- OGRE_PLUGINS: Plugin_BSPSceneManager;Plugin_OctreeSceneManager;Plugin_PCZSceneManager;Plugin_ParticleFX;RenderSystem_GL;RenderSystem_GL3Plus;Codec_STBI
[1.432s] -- OGRE_PLUGIN_DIR: /opt/ros/humble/opt/rviz_ogre_vendor/lib/OGRE
[1.433s] -- rviz_ogre_vendor::OgreOverlay for IMPORTED_LOCATION_RELEASE: /opt/ros/humble/opt/rviz_ogre_vendor/lib/libOgreOverlay.so
[1.433s] -- rviz_ogre_vendor::OgreOverlay for IMPORTED_LOCATION_DEBUG: /opt/ros/humble/opt/rviz_ogre_vendor/lib/libOgreOverlay.so
[1.433s] -- rviz_ogre_vendor::OgreMain for IMPORTED_LOCATION_RELEASE: /opt/ros/humble/opt/rviz_ogre_vendor/lib/libOgreMain.so
[1.433s] -- rviz_ogre_vendor::OgreMain for IMPORTED_LOCATION_DEBUG: /opt/ros/humble/opt/rviz_ogre_vendor/lib/libOgreMain.so
[1.510s] -- Setting assimp_DIR to: '/opt/ros/humble/share/rviz_assimp_vendor/cmake/../../../opt/rviz_assimp_vendor/lib/cmake/assimp-4.1'
[1.628s] -- Found rviz_visual_tools: 4.1.4 (/opt/ros/humble/share/rviz_visual_tools/cmake)
[1.649s] -- Found ament_lint_auto: 0.12.15 (/opt/ros/humble/share/ament_lint_auto/cmake)
[1.739s] -- Added test 'flake8' to check Python code syntax and style conventions
[1.740s] -- Added test 'lint_cmake' to check CMake code style
[1.741s] -- Added test 'pep257' to check Python code against some of the docstring style conventions in PEP 257
[1.744s] -- Added test 'xmllint' to check XML markup files
[1.746s] -- Configuring done
[1.757s] -- Generating done
[1.763s] -- Build files have been written to: /home/alberto/ros2_ws/build/mycobot_moveit_config
[1.781s] Invoked command in '/home/alberto/ros2_ws/build/mycobot_moveit_config' returned '0': CMAKE_PREFIX_PATH=${CMAKE_PREFIX_PATH}:/home/alberto/ros2_ws/install/xarm_sdk:/home/alberto/ros2_ws/install/xarm_description:/home/alberto/ros2_ws/install/uf_ros_lib:/home/alberto/ros2_ws/install/mycobot_system_tests:/home/alberto/ros2_ws/install/mycobot_gazebo:/home/alberto/ros2_ws/install/mycobot_description:/home/alberto/ros2_ws/install/mycobot_bringup:/home/alberto/ros2_ws/install/my_robot_conroller:/home/alberto/ros2_ws/install/mbot_demo:/opt/ros/humble /usr/bin/cmake /home/alberto/ros2_ws/src/mycobot_ros2/mycobot_moveit_config -DCMAKE_INSTALL_PREFIX=/home/alberto/ros2_ws/install/mycobot_moveit_config
[1.784s] Invoking command in '/home/alberto/ros2_ws/build/mycobot_moveit_config': CMAKE_PREFIX_PATH=${CMAKE_PREFIX_PATH}:/home/alberto/ros2_ws/install/xarm_sdk:/home/alberto/ros2_ws/install/xarm_description:/home/alberto/ros2_ws/install/uf_ros_lib:/home/alberto/ros2_ws/install/mycobot_system_tests:/home/alberto/ros2_ws/install/mycobot_gazebo:/home/alberto/ros2_ws/install/mycobot_description:/home/alberto/ros2_ws/install/mycobot_bringup:/home/alberto/ros2_ws/install/my_robot_conroller:/home/alberto/ros2_ws/install/mbot_demo:/opt/ros/humble /usr/bin/cmake --build /home/alberto/ros2_ws/build/mycobot_moveit_config -- -j16 -l16
[1.838s] Invoked command in '/home/alberto/ros2_ws/build/mycobot_moveit_config' returned '0': CMAKE_PREFIX_PATH=${CMAKE_PREFIX_PATH}:/home/alberto/ros2_ws/install/xarm_sdk:/home/alberto/ros2_ws/install/xarm_description:/home/alberto/ros2_ws/install/uf_ros_lib:/home/alberto/ros2_ws/install/mycobot_system_tests:/home/alberto/ros2_ws/install/mycobot_gazebo:/home/alberto/ros2_ws/install/mycobot_description:/home/alberto/ros2_ws/install/mycobot_bringup:/home/alberto/ros2_ws/install/my_robot_conroller:/home/alberto/ros2_ws/install/mbot_demo:/opt/ros/humble /usr/bin/cmake --build /home/alberto/ros2_ws/build/mycobot_moveit_config -- -j16 -l16
[1.840s] Invoking command in '/home/alberto/ros2_ws/build/mycobot_moveit_config': CMAKE_PREFIX_PATH=${CMAKE_PREFIX_PATH}:/home/alberto/ros2_ws/install/xarm_sdk:/home/alberto/ros2_ws/install/xarm_description:/home/alberto/ros2_ws/install/uf_ros_lib:/home/alberto/ros2_ws/install/mycobot_system_tests:/home/alberto/ros2_ws/install/mycobot_gazebo:/home/alberto/ros2_ws/install/mycobot_description:/home/alberto/ros2_ws/install/mycobot_bringup:/home/alberto/ros2_ws/install/my_robot_conroller:/home/alberto/ros2_ws/install/mbot_demo:/opt/ros/humble /usr/bin/cmake --install /home/alberto/ros2_ws/build/mycobot_moveit_config
[1.848s] -- Install configuration: ""
[1.848s] -- Execute custom install script
[1.849s] -- Up-to-date symlink: /home/alberto/ros2_ws/install/mycobot_moveit_config/share/mycobot_moveit_config/config/mycobot_280/initial_positions.yaml
[1.849s] -- Up-to-date symlink: /home/alberto/ros2_ws/install/mycobot_moveit_config/share/mycobot_moveit_config/config/mycobot_280/joint_limits.yaml
[1.849s] -- Up-to-date symlink: /home/alberto/ros2_ws/install/mycobot_moveit_config/share/mycobot_moveit_config/config/mycobot_280/kinematics.yaml
[1.849s] -- Up-to-date symlink: /home/alberto/ros2_ws/install/mycobot_moveit_config/share/mycobot_moveit_config/config/mycobot_280/moveit_controllers.yaml
[1.850s] -- Up-to-date symlink: /home/alberto/ros2_ws/install/mycobot_moveit_config/share/mycobot_moveit_config/config/mycobot_280/mycobot_280.srdf
[1.850s] -- Up-to-date symlink: /home/alberto/ros2_ws/install/mycobot_moveit_config/share/mycobot_moveit_config/config/mycobot_280/pilz_cartesian_limits.yaml
[1.850s] -- Up-to-date symlink: /home/alberto/ros2_ws/install/mycobot_moveit_config/share/mycobot_moveit_config/config/mycobot_280/robot1/ros2_controllers.yaml
[1.850s] -- Up-to-date symlink: /home/alberto/ros2_ws/install/mycobot_moveit_config/share/mycobot_moveit_config/config/mycobot_280/robot2/ros2_controllers.yaml
[1.850s] -- Up-to-date symlink: /home/alberto/ros2_ws/install/mycobot_moveit_config/share/mycobot_moveit_config/config/mycobot_280/ros2_controllers (copy).yaml
[1.850s] -- Up-to-date symlink: /home/alberto/ros2_ws/install/mycobot_moveit_config/share/mycobot_moveit_config/config/mycobot_280/ros2_controllers.yaml
[1.851s] -- Up-to-date symlink: /home/alberto/ros2_ws/install/mycobot_moveit_config/share/mycobot_moveit_config/config/mycobot_280/ros2_controllers_template.yaml
[1.851s] -- Up-to-date symlink: /home/alberto/ros2_ws/install/mycobot_moveit_config/share/mycobot_moveit_config/config/ompl_planning.yaml
[1.851s] -- Up-to-date symlink: /home/alberto/ros2_ws/install/mycobot_moveit_config/share/mycobot_moveit_config/config/pilz_industrial_motion_planner_planning.yaml
[1.851s] -- Up-to-date symlink: /home/alberto/ros2_ws/install/mycobot_moveit_config/share/mycobot_moveit_config/config/stomp_planning.yaml
[1.851s] -- Up-to-date symlink: /home/alberto/ros2_ws/install/mycobot_moveit_config/share/mycobot_moveit_config/launch/load_ros2_controllers.launch.py
[1.852s] -- Up-to-date symlink: /home/alberto/ros2_ws/install/mycobot_moveit_config/share/mycobot_moveit_config/launch/move_group.launch.py
[1.852s] -- Up-to-date symlink: /home/alberto/ros2_ws/install/mycobot_moveit_config/share/mycobot_moveit_config/rviz/move_group.rviz
[1.852s] -- Up-to-date symlink: /home/alberto/ros2_ws/install/mycobot_moveit_config/share/mycobot_moveit_config/.setup_assistant
[1.853s] -- Up-to-date symlink: /home/alberto/ros2_ws/install/mycobot_moveit_config/share/ament_index/resource_index/package_run_dependencies/mycobot_moveit_config
[1.853s] -- Up-to-date symlink: /home/alberto/ros2_ws/install/mycobot_moveit_config/share/ament_index/resource_index/parent_prefix_path/mycobot_moveit_config
[1.853s] -- Up-to-date symlink: /home/alberto/ros2_ws/install/mycobot_moveit_config/share/mycobot_moveit_config/environment/ament_prefix_path.sh
[1.853s] -- Up-to-date symlink: /home/alberto/ros2_ws/install/mycobot_moveit_config/share/mycobot_moveit_config/environment/ament_prefix_path.dsv
[1.853s] -- Up-to-date symlink: /home/alberto/ros2_ws/install/mycobot_moveit_config/share/mycobot_moveit_config/environment/path.sh
[1.853s] -- Up-to-date symlink: /home/alberto/ros2_ws/install/mycobot_moveit_config/share/mycobot_moveit_config/environment/path.dsv
[1.853s] -- Up-to-date symlink: /home/alberto/ros2_ws/install/mycobot_moveit_config/share/mycobot_moveit_config/local_setup.bash
[1.854s] -- Up-to-date symlink: /home/alberto/ros2_ws/install/mycobot_moveit_config/share/mycobot_moveit_config/local_setup.sh
[1.854s] -- Up-to-date symlink: /home/alberto/ros2_ws/install/mycobot_moveit_config/share/mycobot_moveit_config/local_setup.zsh
[1.854s] -- Up-to-date symlink: /home/alberto/ros2_ws/install/mycobot_moveit_config/share/mycobot_moveit_config/local_setup.dsv
[1.854s] -- Symlinking: /home/alberto/ros2_ws/install/mycobot_moveit_config/share/mycobot_moveit_config/package.dsv
[1.862s] -- Up-to-date symlink: /home/alberto/ros2_ws/install/mycobot_moveit_config/share/ament_index/resource_index/packages/mycobot_moveit_config
[1.862s] -- Up-to-date symlink: /home/alberto/ros2_ws/install/mycobot_moveit_config/share/mycobot_moveit_config/cmake/mycobot_moveit_configConfig.cmake
[1.862s] -- Up-to-date symlink: /home/alberto/ros2_ws/install/mycobot_moveit_config/share/mycobot_moveit_config/cmake/mycobot_moveit_configConfig-version.cmake
[1.863s] -- Up-to-date symlink: /home/alberto/ros2_ws/install/mycobot_moveit_config/share/mycobot_moveit_config/package.xml
[1.865s] Invoked command in '/home/alberto/ros2_ws/build/mycobot_moveit_config' returned '0': CMAKE_PREFIX_PATH=${CMAKE_PREFIX_PATH}:/home/alberto/ros2_ws/install/xarm_sdk:/home/alberto/ros2_ws/install/xarm_description:/home/alberto/ros2_ws/install/uf_ros_lib:/home/alberto/ros2_ws/install/mycobot_system_tests:/home/alberto/ros2_ws/install/mycobot_gazebo:/home/alberto/ros2_ws/install/mycobot_description:/home/alberto/ros2_ws/install/mycobot_bringup:/home/alberto/ros2_ws/install/my_robot_conroller:/home/alberto/ros2_ws/install/mbot_demo:/opt/ros/humble /usr/bin/cmake --install /home/alberto/ros2_ws/build/mycobot_moveit_config
