[0.228s] Invoking command in '/home/alberto/ros2_ws/build/mycobot_description': CMAKE_PREFIX_PATH=${CMAKE_PREFIX_PATH}:/home/alberto/ros2_ws/install/uf_ros_lib:/home/alberto/ros2_ws/install/my_robot_conroller:/opt/ros/humble /usr/bin/cmake /home/alberto/ros2_ws/src/mycobot_ros2/mycobot_description -DAMENT_CMAKE_SYMLINK_INSTALL=1 -DCMAKE_INSTALL_PREFIX=/home/alberto/ros2_ws/install/mycobot_description
[0.567s] -- Found ament_cmake: 1.3.13 (/opt/ros/humble/share/ament_cmake/cmake)
[0.567s] -- Override CMake install command with custom implementation using symlinks instead of copying resources
[0.567s] -- Found urdf_tutorial: 1.1.0 (/opt/ros/humble/share/urdf_tutorial/cmake)
[0.567s] -- Found ament_lint_auto: 0.12.15 (/opt/ros/humble/share/ament_lint_auto/cmake)
[0.590s] -- Added test 'flake8' to check Python code syntax and style conventions
[0.590s] -- Added test 'lint_cmake' to check CMake code style
[0.591s] -- Added test 'pep257' to check Python code against some of the docstring style conventions in PEP 257
[0.592s] -- Added test 'xmllint' to check XML markup files
[0.598s] -- Configuring done
[0.601s] -- Generating done
[0.604s] -- Build files have been written to: /home/alberto/ros2_ws/build/mycobot_description
[0.606s] Invoked command in '/home/alberto/ros2_ws/build/mycobot_description' returned '0': CMAKE_PREFIX_PATH=${CMAKE_PREFIX_PATH}:/home/alberto/ros2_ws/install/uf_ros_lib:/home/alberto/ros2_ws/install/my_robot_conroller:/opt/ros/humble /usr/bin/cmake /home/alberto/ros2_ws/src/mycobot_ros2/mycobot_description -DAMENT_CMAKE_SYMLINK_INSTALL=1 -DCMAKE_INSTALL_PREFIX=/home/alberto/ros2_ws/install/mycobot_description
[0.615s] Invoking command in '/home/alberto/ros2_ws/build/mycobot_description': CMAKE_PREFIX_PATH=${CMAKE_PREFIX_PATH}:/home/alberto/ros2_ws/install/uf_ros_lib:/home/alberto/ros2_ws/install/my_robot_conroller:/opt/ros/humble /usr/bin/cmake --build /home/alberto/ros2_ws/build/mycobot_description -- -j16 -l16
[0.665s] Invoked command in '/home/alberto/ros2_ws/build/mycobot_description' returned '0': CMAKE_PREFIX_PATH=${CMAKE_PREFIX_PATH}:/home/alberto/ros2_ws/install/uf_ros_lib:/home/alberto/ros2_ws/install/my_robot_conroller:/opt/ros/humble /usr/bin/cmake --build /home/alberto/ros2_ws/build/mycobot_description -- -j16 -l16
[0.668s] Invoking command in '/home/alberto/ros2_ws/build/mycobot_description': CMAKE_PREFIX_PATH=${CMAKE_PREFIX_PATH}:/home/alberto/ros2_ws/install/uf_ros_lib:/home/alberto/ros2_ws/install/my_robot_conroller:/opt/ros/humble /usr/bin/cmake --install /home/alberto/ros2_ws/build/mycobot_description
[1.143s] -- Install configuration: ""
[1.143s] -- Execute custom install script
[1.143s] -- Symlinking: /home/alberto/ros2_ws/install/mycobot_description/share/mycobot_description/launch/robot_state_publisher.launch.py
[1.143s] -- Symlinking: /home/alberto/ros2_ws/install/mycobot_description/share/mycobot_description/meshes/adaptive_gripper/visual/gripper_base.dae
[1.143s] -- Symlinking: /home/alberto/ros2_ws/install/mycobot_description/share/mycobot_description/meshes/adaptive_gripper/visual/gripper_left1.dae
[1.143s] -- Symlinking: /home/alberto/ros2_ws/install/mycobot_description/share/mycobot_description/meshes/adaptive_gripper/visual/gripper_left2.dae
[1.144s] -- Symlinking: /home/alberto/ros2_ws/install/mycobot_description/share/mycobot_description/meshes/adaptive_gripper/visual/gripper_left3.dae
[1.144s] -- Symlinking: /home/alberto/ros2_ws/install/mycobot_description/share/mycobot_description/meshes/adaptive_gripper/visual/gripper_right1.dae
[1.144s] -- Symlinking: /home/alberto/ros2_ws/install/mycobot_description/share/mycobot_description/meshes/adaptive_gripper/visual/gripper_right2.dae
[1.144s] -- Symlinking: /home/alberto/ros2_ws/install/mycobot_description/share/mycobot_description/meshes/adaptive_gripper/visual/gripper_right3.dae
[1.144s] -- Symlinking: /home/alberto/ros2_ws/install/mycobot_description/share/mycobot_description/meshes/d435/visual/d435.stl
[1.144s] -- Symlinking: /home/alberto/ros2_ws/install/mycobot_description/share/mycobot_description/meshes/g_shape_base_v2_0/visual/base_link.dae
[1.144s] -- Symlinking: /home/alberto/ros2_ws/install/mycobot_description/share/mycobot_description/meshes/mycobot_280/visual/link1.dae
[1.144s] -- Symlinking: /home/alberto/ros2_ws/install/mycobot_description/share/mycobot_description/meshes/mycobot_280/visual/link1.png
[1.144s] -- Symlinking: /home/alberto/ros2_ws/install/mycobot_description/share/mycobot_description/meshes/mycobot_280/visual/link2.dae
[1.144s] -- Symlinking: /home/alberto/ros2_ws/install/mycobot_description/share/mycobot_description/meshes/mycobot_280/visual/link2.png
[1.145s] -- Symlinking: /home/alberto/ros2_ws/install/mycobot_description/share/mycobot_description/meshes/mycobot_280/visual/link3.dae
[1.145s] -- Symlinking: /home/alberto/ros2_ws/install/mycobot_description/share/mycobot_description/meshes/mycobot_280/visual/link3.png
[1.145s] -- Symlinking: /home/alberto/ros2_ws/install/mycobot_description/share/mycobot_description/meshes/mycobot_280/visual/link4.dae
[1.145s] -- Symlinking: /home/alberto/ros2_ws/install/mycobot_description/share/mycobot_description/meshes/mycobot_280/visual/link4.png
[1.145s] -- Symlinking: /home/alberto/ros2_ws/install/mycobot_description/share/mycobot_description/meshes/mycobot_280/visual/link5.dae
[1.145s] -- Symlinking: /home/alberto/ros2_ws/install/mycobot_description/share/mycobot_description/meshes/mycobot_280/visual/link5.png
[1.145s] -- Symlinking: /home/alberto/ros2_ws/install/mycobot_description/share/mycobot_description/meshes/mycobot_280/visual/link6.dae
[1.145s] -- Symlinking: /home/alberto/ros2_ws/install/mycobot_description/share/mycobot_description/meshes/mycobot_280/visual/link6.png
[1.145s] -- Symlinking: /home/alberto/ros2_ws/install/mycobot_description/share/mycobot_description/meshes/mycobot_280/visual/link7.dae
[1.145s] -- Symlinking: /home/alberto/ros2_ws/install/mycobot_description/share/mycobot_description/meshes/mycobot_280/visual/link7.png
[1.145s] -- Symlinking: /home/alberto/ros2_ws/install/mycobot_description/share/mycobot_description/meshes/mycobot_280/visual/suit_env.dae
[1.145s] -- Symlinking: /home/alberto/ros2_ws/install/mycobot_description/share/mycobot_description/urdf/control/gazebo_sim_ros2_control.urdf.xacro
[1.145s] -- Symlinking: /home/alberto/ros2_ws/install/mycobot_description/share/mycobot_description/urdf/control/mycobot_280_ros2_control.urdf.xacro
[1.145s] -- Symlinking: /home/alberto/ros2_ws/install/mycobot_description/share/mycobot_description/urdf/mech/adaptive_gripper.urdf.xacro
[1.145s] -- Symlinking: /home/alberto/ros2_ws/install/mycobot_description/share/mycobot_description/urdf/mech/g_shape_base_v2_0.urdf.xacro
[1.145s] -- Symlinking: /home/alberto/ros2_ws/install/mycobot_description/share/mycobot_description/urdf/mech/mycobot_280_arm.urdf.xacro
[1.146s] -- Symlinking: /home/alberto/ros2_ws/install/mycobot_description/share/mycobot_description/urdf/mycobot280_rviz.png
[1.146s] -- Symlinking: /home/alberto/ros2_ws/install/mycobot_description/share/mycobot_description/urdf/robots/mycobot_280.urdf.xacro
[1.146s] -- Symlinking: /home/alberto/ros2_ws/install/mycobot_description/share/mycobot_description/urdf/sensors/intel_rgbd_cam_d435.urdf.xacro
[1.154s] -- Symlinking: /home/alberto/ros2_ws/install/mycobot_description/share/mycobot_description/rviz/mycobot_280_description.rviz
[1.165s] -- Symlinking: /home/alberto/ros2_ws/install/mycobot_description/share/ament_index/resource_index/package_run_dependencies/mycobot_description
[1.179s] -- Symlinking: /home/alberto/ros2_ws/install/mycobot_description/share/ament_index/resource_index/parent_prefix_path/mycobot_description
[1.189s] -- Symlinking: /home/alberto/ros2_ws/install/mycobot_description/share/mycobot_description/environment/ament_prefix_path.sh
[1.202s] -- Symlinking: /home/alberto/ros2_ws/install/mycobot_description/share/mycobot_description/environment/ament_prefix_path.dsv
[1.212s] -- Symlinking: /home/alberto/ros2_ws/install/mycobot_description/share/mycobot_description/environment/path.sh
[1.227s] -- Symlinking: /home/alberto/ros2_ws/install/mycobot_description/share/mycobot_description/environment/path.dsv
[1.238s] -- Symlinking: /home/alberto/ros2_ws/install/mycobot_description/share/mycobot_description/local_setup.bash
[1.248s] -- Symlinking: /home/alberto/ros2_ws/install/mycobot_description/share/mycobot_description/local_setup.sh
[1.263s] -- Symlinking: /home/alberto/ros2_ws/install/mycobot_description/share/mycobot_description/local_setup.zsh
[1.271s] -- Symlinking: /home/alberto/ros2_ws/install/mycobot_description/share/mycobot_description/local_setup.dsv
[1.284s] -- Symlinking: /home/alberto/ros2_ws/install/mycobot_description/share/mycobot_description/package.dsv
[1.296s] -- Symlinking: /home/alberto/ros2_ws/install/mycobot_description/share/ament_index/resource_index/packages/mycobot_description
[1.308s] -- Symlinking: /home/alberto/ros2_ws/install/mycobot_description/share/mycobot_description/cmake/mycobot_descriptionConfig.cmake
[1.319s] -- Symlinking: /home/alberto/ros2_ws/install/mycobot_description/share/mycobot_description/cmake/mycobot_descriptionConfig-version.cmake
[1.332s] -- Symlinking: /home/alberto/ros2_ws/install/mycobot_description/share/mycobot_description/package.xml
[1.346s] Invoked command in '/home/alberto/ros2_ws/build/mycobot_description' returned '0': CMAKE_PREFIX_PATH=${CMAKE_PREFIX_PATH}:/home/alberto/ros2_ws/install/uf_ros_lib:/home/alberto/ros2_ws/install/my_robot_conroller:/opt/ros/humble /usr/bin/cmake --install /home/alberto/ros2_ws/build/mycobot_description
