[0.018s] Invoking command in '/home/alberto/ros2_ws/build/xarm_moveit_config': AMENT_PREFIX_PATH=/home/alberto/ros2_ws/install/uf_ros_lib:/home/alberto/ros2_ws/install/xarm_planner:/home/alberto/ros2_ws/install/xarm_moveit_servo:/home/alberto/ros2_ws/install/xarm_moveit_config:/home/alberto/ros2_ws/install/xarm_gazebo:/home/alberto/ros2_ws/install/xarm_controller:/home/alberto/ros2_ws/install/d435i_xarm_setup:/home/alberto/ros2_ws/install/xarm_api:/home/alberto/ros2_ws/install/xarm_sdk:/home/alberto/ros2_ws/install/xarm_description:/home/alberto/ros2_ws/install/realsense_gazebo_plugin:/home/alberto/ros2_ws/install/my_robot_conroller:/home/alberto/ros2_ws/install/mbot_demo:/home/alberto/ros2_ws/install/xarm_msgs:/opt/ros/humble CMAKE_PREFIX_PATH=/home/alberto/ros2_ws/install/xarm_gazebo:/home/alberto/ros2_ws/install/xarm_controller:/home/alberto/ros2_ws/install/xarm_api:/home/alberto/ros2_ws/install/xarm_sdk:/home/alberto/ros2_ws/install/xarm_msgs:/home/alberto/ros2_ws/install/xarm_description:/home/alberto/ros2_ws/install/xarm_planner:/home/alberto/ros2_ws/install/xarm_moveit_servo:/home/alberto/ros2_ws/install/xarm_moveit_config:/home/alberto/ros2_ws/install/d435i_xarm_setup:/home/alberto/ros2_ws/install/realsense_gazebo_plugin:/home/alberto/ros2_ws/install/mbot_demo:/home/alberto/ros2_ws/install/uf_ros_lib:/home/alberto/ros2_ws/install/my_robot_conroller:/opt/ros/humble LD_LIBRARY_PATH=/home/alberto/ros2_ws/install/xarm_gazebo/lib:/home/alberto/ros2_ws/install/xarm_controller/lib:/home/alberto/ros2_ws/install/xarm_api/lib:/home/alberto/ros2_ws/install/xarm_sdk/lib:/home/alberto/ros2_ws/install/xarm_msgs/lib:/home/alberto/ros2_ws/install/xarm_planner/lib:/home/alberto/ros2_ws/install/xarm_moveit_servo/lib:/home/alberto/ros2_ws/install/realsense_gazebo_plugin/lib:/usr/lib/x86_64-linux-gnu/gazebo-11/plugins:/opt/ros/humble/opt/rviz_ogre_vendor/lib:/opt/ros/humble/lib/x86_64-linux-gnu:/opt/ros/humble/lib /usr/bin/cmake --build /home/alberto/ros2_ws/build/xarm_moveit_config -- -j16 -l16
[0.047s] Invoked command in '/home/alberto/ros2_ws/build/xarm_moveit_config' returned '0': AMENT_PREFIX_PATH=/home/alberto/ros2_ws/install/uf_ros_lib:/home/alberto/ros2_ws/install/xarm_planner:/home/alberto/ros2_ws/install/xarm_moveit_servo:/home/alberto/ros2_ws/install/xarm_moveit_config:/home/alberto/ros2_ws/install/xarm_gazebo:/home/alberto/ros2_ws/install/xarm_controller:/home/alberto/ros2_ws/install/d435i_xarm_setup:/home/alberto/ros2_ws/install/xarm_api:/home/alberto/ros2_ws/install/xarm_sdk:/home/alberto/ros2_ws/install/xarm_description:/home/alberto/ros2_ws/install/realsense_gazebo_plugin:/home/alberto/ros2_ws/install/my_robot_conroller:/home/alberto/ros2_ws/install/mbot_demo:/home/alberto/ros2_ws/install/xarm_msgs:/opt/ros/humble CMAKE_PREFIX_PATH=/home/alberto/ros2_ws/install/xarm_gazebo:/home/alberto/ros2_ws/install/xarm_controller:/home/alberto/ros2_ws/install/xarm_api:/home/alberto/ros2_ws/install/xarm_sdk:/home/alberto/ros2_ws/install/xarm_msgs:/home/alberto/ros2_ws/install/xarm_description:/home/alberto/ros2_ws/install/xarm_planner:/home/alberto/ros2_ws/install/xarm_moveit_servo:/home/alberto/ros2_ws/install/xarm_moveit_config:/home/alberto/ros2_ws/install/d435i_xarm_setup:/home/alberto/ros2_ws/install/realsense_gazebo_plugin:/home/alberto/ros2_ws/install/mbot_demo:/home/alberto/ros2_ws/install/uf_ros_lib:/home/alberto/ros2_ws/install/my_robot_conroller:/opt/ros/humble LD_LIBRARY_PATH=/home/alberto/ros2_ws/install/xarm_gazebo/lib:/home/alberto/ros2_ws/install/xarm_controller/lib:/home/alberto/ros2_ws/install/xarm_api/lib:/home/alberto/ros2_ws/install/xarm_sdk/lib:/home/alberto/ros2_ws/install/xarm_msgs/lib:/home/alberto/ros2_ws/install/xarm_planner/lib:/home/alberto/ros2_ws/install/xarm_moveit_servo/lib:/home/alberto/ros2_ws/install/realsense_gazebo_plugin/lib:/usr/lib/x86_64-linux-gnu/gazebo-11/plugins:/opt/ros/humble/opt/rviz_ogre_vendor/lib:/opt/ros/humble/lib/x86_64-linux-gnu:/opt/ros/humble/lib /usr/bin/cmake --build /home/alberto/ros2_ws/build/xarm_moveit_config -- -j16 -l16
[0.048s] Invoking command in '/home/alberto/ros2_ws/build/xarm_moveit_config': AMENT_PREFIX_PATH=/home/alberto/ros2_ws/install/uf_ros_lib:/home/alberto/ros2_ws/install/xarm_planner:/home/alberto/ros2_ws/install/xarm_moveit_servo:/home/alberto/ros2_ws/install/xarm_moveit_config:/home/alberto/ros2_ws/install/xarm_gazebo:/home/alberto/ros2_ws/install/xarm_controller:/home/alberto/ros2_ws/install/d435i_xarm_setup:/home/alberto/ros2_ws/install/xarm_api:/home/alberto/ros2_ws/install/xarm_sdk:/home/alberto/ros2_ws/install/xarm_description:/home/alberto/ros2_ws/install/realsense_gazebo_plugin:/home/alberto/ros2_ws/install/my_robot_conroller:/home/alberto/ros2_ws/install/mbot_demo:/home/alberto/ros2_ws/install/xarm_msgs:/opt/ros/humble CMAKE_PREFIX_PATH=/home/alberto/ros2_ws/install/xarm_gazebo:/home/alberto/ros2_ws/install/xarm_controller:/home/alberto/ros2_ws/install/xarm_api:/home/alberto/ros2_ws/install/xarm_sdk:/home/alberto/ros2_ws/install/xarm_msgs:/home/alberto/ros2_ws/install/xarm_description:/home/alberto/ros2_ws/install/xarm_planner:/home/alberto/ros2_ws/install/xarm_moveit_servo:/home/alberto/ros2_ws/install/xarm_moveit_config:/home/alberto/ros2_ws/install/d435i_xarm_setup:/home/alberto/ros2_ws/install/realsense_gazebo_plugin:/home/alberto/ros2_ws/install/mbot_demo:/home/alberto/ros2_ws/install/uf_ros_lib:/home/alberto/ros2_ws/install/my_robot_conroller:/opt/ros/humble LD_LIBRARY_PATH=/home/alberto/ros2_ws/install/xarm_gazebo/lib:/home/alberto/ros2_ws/install/xarm_controller/lib:/home/alberto/ros2_ws/install/xarm_api/lib:/home/alberto/ros2_ws/install/xarm_sdk/lib:/home/alberto/ros2_ws/install/xarm_msgs/lib:/home/alberto/ros2_ws/install/xarm_planner/lib:/home/alberto/ros2_ws/install/xarm_moveit_servo/lib:/home/alberto/ros2_ws/install/realsense_gazebo_plugin/lib:/usr/lib/x86_64-linux-gnu/gazebo-11/plugins:/opt/ros/humble/opt/rviz_ogre_vendor/lib:/opt/ros/humble/lib/x86_64-linux-gnu:/opt/ros/humble/lib /usr/bin/cmake --install /home/alberto/ros2_ws/build/xarm_moveit_config
[0.053s] -- Install configuration: ""
[0.053s] -- Up-to-date: /home/alberto/ros2_ws/install/xarm_moveit_config/share/xarm_moveit_config//config
[0.053s] -- Up-to-date: /home/alberto/ros2_ws/install/xarm_moveit_config/share/xarm_moveit_config//config/bio_gripper
[0.053s] -- Up-to-date: /home/alberto/ros2_ws/install/xarm_moveit_config/share/xarm_moveit_config//config/bio_gripper/controllers.yaml
[0.053s] -- Up-to-date: /home/alberto/ros2_ws/install/xarm_moveit_config/share/xarm_moveit_config//config/bio_gripper/joint_limits.yaml
[0.053s] -- Up-to-date: /home/alberto/ros2_ws/install/xarm_moveit_config/share/xarm_moveit_config//config/bio_gripper/ompl_planning.yaml
[0.053s] -- Up-to-date: /home/alberto/ros2_ws/install/xarm_moveit_config/share/xarm_moveit_config//config/bio_gripper/fake_controllers.yaml
[0.053s] -- Up-to-date: /home/alberto/ros2_ws/install/xarm_moveit_config/share/xarm_moveit_config//config/xarm7_mirror_gripper
[0.053s] -- Up-to-date: /home/alberto/ros2_ws/install/xarm_moveit_config/share/xarm_moveit_config//config/xarm7_mirror_gripper/controllers.yaml
[0.053s] -- Up-to-date: /home/alberto/ros2_ws/install/xarm_moveit_config/share/xarm_moveit_config//config/xarm7_mirror_gripper/joint_limits.yaml
[0.053s] -- Up-to-date: /home/alberto/ros2_ws/install/xarm_moveit_config/share/xarm_moveit_config//config/xarm7_mirror_gripper/ompl_planning.yaml
[0.053s] -- Up-to-date: /home/alberto/ros2_ws/install/xarm_moveit_config/share/xarm_moveit_config//config/xarm7_mirror_gripper/fake_controllers.yaml
[0.053s] -- Up-to-date: /home/alberto/ros2_ws/install/xarm_moveit_config/share/xarm_moveit_config//config/xarm7_mirror
[0.053s] -- Up-to-date: /home/alberto/ros2_ws/install/xarm_moveit_config/share/xarm_moveit_config//config/xarm7_mirror/controllers.yaml
[0.054s] -- Up-to-date: /home/alberto/ros2_ws/install/xarm_moveit_config/share/xarm_moveit_config//config/xarm7_mirror/joint_limits.yaml
[0.054s] -- Up-to-date: /home/alberto/ros2_ws/install/xarm_moveit_config/share/xarm_moveit_config//config/xarm7_mirror/kinematics.yaml
[0.054s] -- Up-to-date: /home/alberto/ros2_ws/install/xarm_moveit_config/share/xarm_moveit_config//config/xarm7_mirror/ompl_planning.yaml
[0.054s] -- Up-to-date: /home/alberto/ros2_ws/install/xarm_moveit_config/share/xarm_moveit_config//config/xarm7_mirror/fake_controllers.yaml
[0.054s] -- Up-to-date: /home/alberto/ros2_ws/install/xarm_moveit_config/share/xarm_moveit_config//config/uf850
[0.054s] -- Up-to-date: /home/alberto/ros2_ws/install/xarm_moveit_config/share/xarm_moveit_config//config/uf850/controllers.yaml
[0.054s] -- Up-to-date: /home/alberto/ros2_ws/install/xarm_moveit_config/share/xarm_moveit_config//config/uf850/joint_limits.yaml
[0.054s] -- Up-to-date: /home/alberto/ros2_ws/install/xarm_moveit_config/share/xarm_moveit_config//config/uf850/kinematics.yaml
[0.054s] -- Up-to-date: /home/alberto/ros2_ws/install/xarm_moveit_config/share/xarm_moveit_config//config/uf850/ompl_planning.yaml
[0.054s] -- Up-to-date: /home/alberto/ros2_ws/install/xarm_moveit_config/share/xarm_moveit_config//config/uf850/fake_controllers.yaml
[0.054s] -- Up-to-date: /home/alberto/ros2_ws/install/xarm_moveit_config/share/xarm_moveit_config//config/moveit_configs
[0.054s] -- Up-to-date: /home/alberto/ros2_ws/install/xarm_moveit_config/share/xarm_moveit_config//config/moveit_configs/pilz_cartesian_limits.yaml
[0.054s] -- Up-to-date: /home/alberto/ros2_ws/install/xarm_moveit_config/share/xarm_moveit_config//config/moveit_configs/chomp_planning.yaml
[0.054s] -- Up-to-date: /home/alberto/ros2_ws/install/xarm_moveit_config/share/xarm_moveit_config//config/moveit_configs/ompl_defaults.yaml
[0.054s] -- Up-to-date: /home/alberto/ros2_ws/install/xarm_moveit_config/share/xarm_moveit_config//config/moveit_configs/pilz_industrial_motion_planner_planning.yaml
[0.054s] -- Up-to-date: /home/alberto/ros2_ws/install/xarm_moveit_config/share/xarm_moveit_config//config/moveit_configs/ompl_planning.yaml
[0.054s] -- Up-to-date: /home/alberto/ros2_ws/install/xarm_moveit_config/share/xarm_moveit_config//config/xarm7
[0.054s] -- Up-to-date: /home/alberto/ros2_ws/install/xarm_moveit_config/share/xarm_moveit_config//config/xarm7/controllers.yaml
[0.054s] -- Up-to-date: /home/alberto/ros2_ws/install/xarm_moveit_config/share/xarm_moveit_config//config/xarm7/joint_limits.yaml
[0.054s] -- Up-to-date: /home/alberto/ros2_ws/install/xarm_moveit_config/share/xarm_moveit_config//config/xarm7/kinematics.yaml
[0.054s] -- Up-to-date: /home/alberto/ros2_ws/install/xarm_moveit_config/share/xarm_moveit_config//config/xarm7/ompl_planning.yaml
[0.054s] -- Up-to-date: /home/alberto/ros2_ws/install/xarm_moveit_config/share/xarm_moveit_config//config/xarm7/fake_controllers.yaml
[0.054s] -- Up-to-date: /home/alberto/ros2_ws/install/xarm_moveit_config/share/xarm_moveit_config//config/uf850_gripper
[0.054s] -- Up-to-date: /home/alberto/ros2_ws/install/xarm_moveit_config/share/xarm_moveit_config//config/uf850_gripper/controllers.yaml
[0.055s] -- Up-to-date: /home/alberto/ros2_ws/install/xarm_moveit_config/share/xarm_moveit_config//config/uf850_gripper/joint_limits.yaml
[0.055s] -- Up-to-date: /home/alberto/ros2_ws/install/xarm_moveit_config/share/xarm_moveit_config//config/uf850_gripper/ompl_planning.yaml
[0.055s] -- Up-to-date: /home/alberto/ros2_ws/install/xarm_moveit_config/share/xarm_moveit_config//config/uf850_gripper/fake_controllers.yaml
[0.055s] -- Up-to-date: /home/alberto/ros2_ws/install/xarm_moveit_config/share/xarm_moveit_config//config/xarm6
[0.055s] -- Up-to-date: /home/alberto/ros2_ws/install/xarm_moveit_config/share/xarm_moveit_config//config/xarm6/controllers.yaml
[0.055s] -- Up-to-date: /home/alberto/ros2_ws/install/xarm_moveit_config/share/xarm_moveit_config//config/xarm6/joint_limits.yaml
[0.055s] -- Up-to-date: /home/alberto/ros2_ws/install/xarm_moveit_config/share/xarm_moveit_config//config/xarm6/kinematics.yaml
[0.055s] -- Up-to-date: /home/alberto/ros2_ws/install/xarm_moveit_config/share/xarm_moveit_config//config/xarm6/ompl_planning.yaml
[0.055s] -- Up-to-date: /home/alberto/ros2_ws/install/xarm_moveit_config/share/xarm_moveit_config//config/xarm6/fake_controllers.yaml
[0.055s] -- Up-to-date: /home/alberto/ros2_ws/install/xarm_moveit_config/share/xarm_moveit_config//config/xarm5
[0.055s] -- Up-to-date: /home/alberto/ros2_ws/install/xarm_moveit_config/share/xarm_moveit_config//config/xarm5/controllers.yaml
[0.055s] -- Up-to-date: /home/alberto/ros2_ws/install/xarm_moveit_config/share/xarm_moveit_config//config/xarm5/joint_limits.yaml
[0.055s] -- Up-to-date: /home/alberto/ros2_ws/install/xarm_moveit_config/share/xarm_moveit_config//config/xarm5/kinematics.yaml
[0.055s] -- Up-to-date: /home/alberto/ros2_ws/install/xarm_moveit_config/share/xarm_moveit_config//config/xarm5/ompl_planning.yaml
[0.055s] -- Up-to-date: /home/alberto/ros2_ws/install/xarm_moveit_config/share/xarm_moveit_config//config/xarm5/fake_controllers.yaml
[0.055s] -- Up-to-date: /home/alberto/ros2_ws/install/xarm_moveit_config/share/xarm_moveit_config//config/xarm_gripper
[0.055s] -- Up-to-date: /home/alberto/ros2_ws/install/xarm_moveit_config/share/xarm_moveit_config//config/xarm_gripper/controllers.yaml
[0.055s] -- Up-to-date: /home/alberto/ros2_ws/install/xarm_moveit_config/share/xarm_moveit_config//config/xarm_gripper/joint_limits.yaml
[0.055s] -- Up-to-date: /home/alberto/ros2_ws/install/xarm_moveit_config/share/xarm_moveit_config//config/xarm_gripper/ompl_planning.yaml
[0.055s] -- Up-to-date: /home/alberto/ros2_ws/install/xarm_moveit_config/share/xarm_moveit_config//config/xarm_gripper/fake_controllers.yaml
[0.055s] -- Up-to-date: /home/alberto/ros2_ws/install/xarm_moveit_config/share/xarm_moveit_config//config/lite6
[0.055s] -- Up-to-date: /home/alberto/ros2_ws/install/xarm_moveit_config/share/xarm_moveit_config//config/lite6/controllers.yaml
[0.055s] -- Up-to-date: /home/alberto/ros2_ws/install/xarm_moveit_config/share/xarm_moveit_config//config/lite6/joint_limits.yaml
[0.055s] -- Up-to-date: /home/alberto/ros2_ws/install/xarm_moveit_config/share/xarm_moveit_config//config/lite6/kinematics.yaml
[0.055s] -- Up-to-date: /home/alberto/ros2_ws/install/xarm_moveit_config/share/xarm_moveit_config//config/lite6/ompl_planning.yaml
[0.055s] -- Up-to-date: /home/alberto/ros2_ws/install/xarm_moveit_config/share/xarm_moveit_config//config/lite6/fake_controllers.yaml
[0.055s] -- Up-to-date: /home/alberto/ros2_ws/install/xarm_moveit_config/share/xarm_moveit_config//rviz
[0.055s] -- Up-to-date: /home/alberto/ros2_ws/install/xarm_moveit_config/share/xarm_moveit_config//rviz/dual_planner.rviz
[0.056s] -- Up-to-date: /home/alberto/ros2_ws/install/xarm_moveit_config/share/xarm_moveit_config//rviz/dual_moveit.rviz
[0.056s] -- Up-to-date: /home/alberto/ros2_ws/install/xarm_moveit_config/share/xarm_moveit_config//rviz/planner.rviz
[0.056s] -- Up-to-date: /home/alberto/ros2_ws/install/xarm_moveit_config/share/xarm_moveit_config//rviz/moveit.rviz
[0.056s] -- Up-to-date: /home/alberto/ros2_ws/install/xarm_moveit_config/share/xarm_moveit_config//srdf
[0.056s] -- Up-to-date: /home/alberto/ros2_ws/install/xarm_moveit_config/share/xarm_moveit_config//srdf/xarm.srdf.xacro
[0.056s] -- Up-to-date: /home/alberto/ros2_ws/install/xarm_moveit_config/share/xarm_moveit_config//srdf/_uf850_macro.srdf.xacro
[0.056s] -- Up-to-date: /home/alberto/ros2_ws/install/xarm_moveit_config/share/xarm_moveit_config//srdf/_xarm7_mirror_macro.srdf.xacro
[0.056s] -- Up-to-date: /home/alberto/ros2_ws/install/xarm_moveit_config/share/xarm_moveit_config//srdf/_xarm5_macro.srdf.xacro
[0.056s] -- Up-to-date: /home/alberto/ros2_ws/install/xarm_moveit_config/share/xarm_moveit_config//srdf/xarm_macro.srdf.xacro
[0.056s] -- Up-to-date: /home/alberto/ros2_ws/install/xarm_moveit_config/share/xarm_moveit_config//srdf/_xarm7_macro.srdf.xacro
[0.056s] -- Up-to-date: /home/alberto/ros2_ws/install/xarm_moveit_config/share/xarm_moveit_config//srdf/_lite6_macro.srdf.xacro
[0.056s] -- Up-to-date: /home/alberto/ros2_ws/install/xarm_moveit_config/share/xarm_moveit_config//srdf/_xarm6_macro.srdf.xacro
[0.056s] -- Up-to-date: /home/alberto/ros2_ws/install/xarm_moveit_config/share/xarm_moveit_config//srdf/dual_xarm.srdf.xacro
[0.056s] -- Up-to-date: /home/alberto/ros2_ws/install/xarm_moveit_config/share/xarm_moveit_config//launch
[0.056s] -- Up-to-date: /home/alberto/ros2_ws/install/xarm_moveit_config/share/xarm_moveit_config//launch/_dual_robot_moveit_realmove.launch.py
[0.056s] -- Up-to-date: /home/alberto/ros2_ws/install/xarm_moveit_config/share/xarm_moveit_config//launch/uf850_moveit_fake.launch.py
[0.056s] -- Up-to-date: /home/alberto/ros2_ws/install/xarm_moveit_config/share/xarm_moveit_config//launch/_robot_moveit_realmove.launch.py
[0.056s] -- Up-to-date: /home/alberto/ros2_ws/install/xarm_moveit_config/share/xarm_moveit_config//launch/_dual_robot_moveit_common.launch.py
[0.056s] -- Up-to-date: /home/alberto/ros2_ws/install/xarm_moveit_config/share/xarm_moveit_config//launch/dual_lite6_moveit_realmove.launch.py
[0.056s] -- Up-to-date: /home/alberto/ros2_ws/install/xarm_moveit_config/share/xarm_moveit_config//launch/dual_xarm5_moveit_realmove.launch.py
[0.056s] -- Up-to-date: /home/alberto/ros2_ws/install/xarm_moveit_config/share/xarm_moveit_config//launch/xarm6_moveit_fake.launch.py
[0.056s] -- Up-to-date: /home/alberto/ros2_ws/install/xarm_moveit_config/share/xarm_moveit_config//launch/xarm7_moveit_fake.launch.py
[0.056s] -- Up-to-date: /home/alberto/ros2_ws/install/xarm_moveit_config/share/xarm_moveit_config//launch/xarm7_mirror_moveit_realmove.launch.py
[0.056s] -- Up-to-date: /home/alberto/ros2_ws/install/xarm_moveit_config/share/xarm_moveit_config//launch/_dual_robot_moveit_common2.launch.py
[0.056s] -- Up-to-date: /home/alberto/ros2_ws/install/xarm_moveit_config/share/xarm_moveit_config//launch/dual_uf850_moveit_realmove.launch.py
[0.056s] -- Up-to-date: /home/alberto/ros2_ws/install/xarm_moveit_config/share/xarm_moveit_config//launch/lite6_moveit_gazebo.launch.py
[0.056s] -- Up-to-date: /home/alberto/ros2_ws/install/xarm_moveit_config/share/xarm_moveit_config//launch/lite6_moveit_realmove.launch.py
[0.056s] -- Up-to-date: /home/alberto/ros2_ws/install/xarm_moveit_config/share/xarm_moveit_config//launch/demo
[0.057s] -- Up-to-date: /home/alberto/ros2_ws/install/xarm_moveit_config/share/xarm_moveit_config//launch/demo/demo_dual_fake.launch.py
[0.057s] -- Up-to-date: /home/alberto/ros2_ws/install/xarm_moveit_config/share/xarm_moveit_config//launch/demo/demo_realmove.launch.py
[0.057s] -- Up-to-date: /home/alberto/ros2_ws/install/xarm_moveit_config/share/xarm_moveit_config//launch/demo/demo_fake.launch.py
[0.057s] -- Up-to-date: /home/alberto/ros2_ws/install/xarm_moveit_config/share/xarm_moveit_config//launch/demo/demo_dual_realmove.launch.py
[0.057s] -- Up-to-date: /home/alberto/ros2_ws/install/xarm_moveit_config/share/xarm_moveit_config//launch/xarm7_moveit_gazebo.launch.py
[0.057s] -- Up-to-date: /home/alberto/ros2_ws/install/xarm_moveit_config/share/xarm_moveit_config//launch/_robot_moveit_common.launch.py
[0.057s] -- Up-to-date: /home/alberto/ros2_ws/install/xarm_moveit_config/share/xarm_moveit_config//launch/xarm7_moveit_realmove.launch.py
[0.057s] -- Up-to-date: /home/alberto/ros2_ws/install/xarm_moveit_config/share/xarm_moveit_config//launch/uf850_moveit_realmove.launch.py
[0.057s] -- Up-to-date: /home/alberto/ros2_ws/install/xarm_moveit_config/share/xarm_moveit_config//launch/xarm5_moveit_fake.launch.py
[0.057s] -- Up-to-date: /home/alberto/ros2_ws/install/xarm_moveit_config/share/xarm_moveit_config//launch/_robot_moveit_common2.launch.py
[0.057s] -- Up-to-date: /home/alberto/ros2_ws/install/xarm_moveit_config/share/xarm_moveit_config//launch/dual_xarm6_moveit_realmove.launch.py
[0.057s] -- Up-to-date: /home/alberto/ros2_ws/install/xarm_moveit_config/share/xarm_moveit_config//launch/xarm6_moveit_gazebo.launch.py
[0.057s] -- Up-to-date: /home/alberto/ros2_ws/install/xarm_moveit_config/share/xarm_moveit_config//launch/xarm7_mirror_moveit_fake.launch.py
[0.057s] -- Up-to-date: /home/alberto/ros2_ws/install/xarm_moveit_config/share/xarm_moveit_config//launch/xarm6_moveit_realmove.launch.py
[0.057s] -- Up-to-date: /home/alberto/ros2_ws/install/xarm_moveit_config/share/xarm_moveit_config//launch/dual_uf850_moveit_fake.launch.py
[0.057s] -- Up-to-date: /home/alberto/ros2_ws/install/xarm_moveit_config/share/xarm_moveit_config//launch/_robot_moveit_fake.launch.py
[0.057s] -- Up-to-date: /home/alberto/ros2_ws/install/xarm_moveit_config/share/xarm_moveit_config//launch/_robot_moveit_gazebo.launch.py
[0.057s] -- Up-to-date: /home/alberto/ros2_ws/install/xarm_moveit_config/share/xarm_moveit_config//launch/xarm5_moveit_gazebo.launch.py
[0.058s] -- Up-to-date: /home/alberto/ros2_ws/install/xarm_moveit_config/share/xarm_moveit_config//launch/dual_xarm7_moveit_fake.launch.py
[0.058s] -- Up-to-date: /home/alberto/ros2_ws/install/xarm_moveit_config/share/xarm_moveit_config//launch/dual_xarm5_moveit_fake.launch.py
[0.058s] -- Up-to-date: /home/alberto/ros2_ws/install/xarm_moveit_config/share/xarm_moveit_config//launch/xarm7_mirror_moveit_gazebo.launch.py
[0.058s] -- Up-to-date: /home/alberto/ros2_ws/install/xarm_moveit_config/share/xarm_moveit_config//launch/dual_xarm7_moveit_realmove.launch.py
[0.058s] -- Up-to-date: /home/alberto/ros2_ws/install/xarm_moveit_config/share/xarm_moveit_config//launch/uf850_moveit_gazebo.launch.py
[0.058s] -- Up-to-date: /home/alberto/ros2_ws/install/xarm_moveit_config/share/xarm_moveit_config//launch/xarm5_moveit_realmove.launch.py
[0.058s] -- Up-to-date: /home/alberto/ros2_ws/install/xarm_moveit_config/share/xarm_moveit_config//launch/dual_xarm6_moveit_fake.launch.py
[0.058s] -- Up-to-date: /home/alberto/ros2_ws/install/xarm_moveit_config/share/xarm_moveit_config//launch/lite6_moveit_fake.launch.py
[0.058s] -- Up-to-date: /home/alberto/ros2_ws/install/xarm_moveit_config/share/xarm_moveit_config//launch/dual_lite6_moveit_fake.launch.py
[0.058s] -- Up-to-date: /home/alberto/ros2_ws/install/xarm_moveit_config/share/xarm_moveit_config//launch/lib
[0.058s] -- Up-to-date: /home/alberto/ros2_ws/install/xarm_moveit_config/share/xarm_moveit_config//launch/lib/robot_moveit_config_lib.py
[0.058s] -- Up-to-date: /home/alberto/ros2_ws/install/xarm_moveit_config/share/xarm_moveit_config//launch/_dual_robot_moveit_fake.launch.py
[0.058s] -- Up-to-date: /home/alberto/ros2_ws/install/xarm_moveit_config/share/xarm_moveit_config//launch/_dual_robot_moveit_gazebo.launch.py
[0.058s] -- Up-to-date: /home/alberto/ros2_ws/install/xarm_moveit_config/share/ament_index/resource_index/package_run_dependencies/xarm_moveit_config
[0.058s] -- Up-to-date: /home/alberto/ros2_ws/install/xarm_moveit_config/share/ament_index/resource_index/parent_prefix_path/xarm_moveit_config
[0.059s] -- Up-to-date: /home/alberto/ros2_ws/install/xarm_moveit_config/share/xarm_moveit_config/environment/ament_prefix_path.sh
[0.059s] -- Up-to-date: /home/alberto/ros2_ws/install/xarm_moveit_config/share/xarm_moveit_config/environment/ament_prefix_path.dsv
[0.059s] -- Up-to-date: /home/alberto/ros2_ws/install/xarm_moveit_config/share/xarm_moveit_config/environment/path.sh
[0.059s] -- Up-to-date: /home/alberto/ros2_ws/install/xarm_moveit_config/share/xarm_moveit_config/environment/path.dsv
[0.059s] -- Up-to-date: /home/alberto/ros2_ws/install/xarm_moveit_config/share/xarm_moveit_config/local_setup.bash
[0.059s] -- Up-to-date: /home/alberto/ros2_ws/install/xarm_moveit_config/share/xarm_moveit_config/local_setup.sh
[0.059s] -- Up-to-date: /home/alberto/ros2_ws/install/xarm_moveit_config/share/xarm_moveit_config/local_setup.zsh
[0.059s] -- Up-to-date: /home/alberto/ros2_ws/install/xarm_moveit_config/share/xarm_moveit_config/local_setup.dsv
[0.059s] -- Up-to-date: /home/alberto/ros2_ws/install/xarm_moveit_config/share/xarm_moveit_config/package.dsv
[0.059s] -- Up-to-date: /home/alberto/ros2_ws/install/xarm_moveit_config/share/ament_index/resource_index/packages/xarm_moveit_config
[0.059s] -- Up-to-date: /home/alberto/ros2_ws/install/xarm_moveit_config/share/xarm_moveit_config/cmake/xarm_moveit_configConfig.cmake
[0.059s] -- Up-to-date: /home/alberto/ros2_ws/install/xarm_moveit_config/share/xarm_moveit_config/cmake/xarm_moveit_configConfig-version.cmake
[0.059s] -- Up-to-date: /home/alberto/ros2_ws/install/xarm_moveit_config/share/xarm_moveit_config/package.xml
[0.059s] Invoked command in '/home/alberto/ros2_ws/build/xarm_moveit_config' returned '0': AMENT_PREFIX_PATH=/home/alberto/ros2_ws/install/uf_ros_lib:/home/alberto/ros2_ws/install/xarm_planner:/home/alberto/ros2_ws/install/xarm_moveit_servo:/home/alberto/ros2_ws/install/xarm_moveit_config:/home/alberto/ros2_ws/install/xarm_gazebo:/home/alberto/ros2_ws/install/xarm_controller:/home/alberto/ros2_ws/install/d435i_xarm_setup:/home/alberto/ros2_ws/install/xarm_api:/home/alberto/ros2_ws/install/xarm_sdk:/home/alberto/ros2_ws/install/xarm_description:/home/alberto/ros2_ws/install/realsense_gazebo_plugin:/home/alberto/ros2_ws/install/my_robot_conroller:/home/alberto/ros2_ws/install/mbot_demo:/home/alberto/ros2_ws/install/xarm_msgs:/opt/ros/humble CMAKE_PREFIX_PATH=/home/alberto/ros2_ws/install/xarm_gazebo:/home/alberto/ros2_ws/install/xarm_controller:/home/alberto/ros2_ws/install/xarm_api:/home/alberto/ros2_ws/install/xarm_sdk:/home/alberto/ros2_ws/install/xarm_msgs:/home/alberto/ros2_ws/install/xarm_description:/home/alberto/ros2_ws/install/xarm_planner:/home/alberto/ros2_ws/install/xarm_moveit_servo:/home/alberto/ros2_ws/install/xarm_moveit_config:/home/alberto/ros2_ws/install/d435i_xarm_setup:/home/alberto/ros2_ws/install/realsense_gazebo_plugin:/home/alberto/ros2_ws/install/mbot_demo:/home/alberto/ros2_ws/install/uf_ros_lib:/home/alberto/ros2_ws/install/my_robot_conroller:/opt/ros/humble LD_LIBRARY_PATH=/home/alberto/ros2_ws/install/xarm_gazebo/lib:/home/alberto/ros2_ws/install/xarm_controller/lib:/home/alberto/ros2_ws/install/xarm_api/lib:/home/alberto/ros2_ws/install/xarm_sdk/lib:/home/alberto/ros2_ws/install/xarm_msgs/lib:/home/alberto/ros2_ws/install/xarm_planner/lib:/home/alberto/ros2_ws/install/xarm_moveit_servo/lib:/home/alberto/ros2_ws/install/realsense_gazebo_plugin/lib:/usr/lib/x86_64-linux-gnu/gazebo-11/plugins:/opt/ros/humble/opt/rviz_ogre_vendor/lib:/opt/ros/humble/lib/x86_64-linux-gnu:/opt/ros/humble/lib /usr/bin/cmake --install /home/alberto/ros2_ws/build/xarm_moveit_config
