[0.196s] Invoking command in '/home/alberto/ros2_ws/build/mycobot_description': CMAKE_PREFIX_PATH=${CMAKE_PREFIX_PATH}:/home/alberto/ros2_ws/install/uf_ros_lib:/home/alberto/ros2_ws/install/realsense_gazebo_plugin:/home/alberto/ros2_ws/install/mycobot_interfaces:/home/alberto/ros2_ws/install/my_robot_conroller:/opt/ros/humble /usr/bin/cmake --build /home/alberto/ros2_ws/build/mycobot_description -- -j16 -l16
[0.554s] Invoked command in '/home/alberto/ros2_ws/build/mycobot_description' returned '0': CMAKE_PREFIX_PATH=${CMAKE_PREFIX_PATH}:/home/alberto/ros2_ws/install/uf_ros_lib:/home/alberto/ros2_ws/install/realsense_gazebo_plugin:/home/alberto/ros2_ws/install/mycobot_interfaces:/home/alberto/ros2_ws/install/my_robot_conroller:/opt/ros/humble /usr/bin/cmake --build /home/alberto/ros2_ws/build/mycobot_description -- -j16 -l16
[0.557s] Invoking command in '/home/alberto/ros2_ws/build/mycobot_description': CMAKE_PREFIX_PATH=${CMAKE_PREFIX_PATH}:/home/alberto/ros2_ws/install/uf_ros_lib:/home/alberto/ros2_ws/install/realsense_gazebo_plugin:/home/alberto/ros2_ws/install/mycobot_interfaces:/home/alberto/ros2_ws/install/my_robot_conroller:/opt/ros/humble /usr/bin/cmake --install /home/alberto/ros2_ws/build/mycobot_description
[0.618s] -- Install configuration: ""
[0.618s] -- Up-to-date: /home/alberto/ros2_ws/install/mycobot_description/share/mycobot_description/launch
[0.618s] -- Up-to-date: /home/alberto/ros2_ws/install/mycobot_description/share/mycobot_description/launch/robot_state_publisher.launch.py
[0.618s] -- Up-to-date: /home/alberto/ros2_ws/install/mycobot_description/share/mycobot_description/meshes
[0.618s] -- Up-to-date: /home/alberto/ros2_ws/install/mycobot_description/share/mycobot_description/meshes/g_shape_base_v2_0
[0.618s] -- Up-to-date: /home/alberto/ros2_ws/install/mycobot_description/share/mycobot_description/meshes/g_shape_base_v2_0/visual
[0.618s] -- Up-to-date: /home/alberto/ros2_ws/install/mycobot_description/share/mycobot_description/meshes/g_shape_base_v2_0/visual/base_link.dae
[0.618s] -- Up-to-date: /home/alberto/ros2_ws/install/mycobot_description/share/mycobot_description/meshes/d435
[0.618s] -- Up-to-date: /home/alberto/ros2_ws/install/mycobot_description/share/mycobot_description/meshes/d435/visual
[0.618s] -- Up-to-date: /home/alberto/ros2_ws/install/mycobot_description/share/mycobot_description/meshes/d435/visual/d435.stl
[0.618s] -- Up-to-date: /home/alberto/ros2_ws/install/mycobot_description/share/mycobot_description/meshes/mycobot_280
[0.618s] -- Up-to-date: /home/alberto/ros2_ws/install/mycobot_description/share/mycobot_description/meshes/mycobot_280/visual
[0.618s] -- Up-to-date: /home/alberto/ros2_ws/install/mycobot_description/share/mycobot_description/meshes/mycobot_280/visual/link4.dae
[0.618s] -- Up-to-date: /home/alberto/ros2_ws/install/mycobot_description/share/mycobot_description/meshes/mycobot_280/visual/link7.png
[0.618s] -- Up-to-date: /home/alberto/ros2_ws/install/mycobot_description/share/mycobot_description/meshes/mycobot_280/visual/link4.png
[0.618s] -- Up-to-date: /home/alberto/ros2_ws/install/mycobot_description/share/mycobot_description/meshes/mycobot_280/visual/suit_env.dae
[0.618s] -- Up-to-date: /home/alberto/ros2_ws/install/mycobot_description/share/mycobot_description/meshes/mycobot_280/visual/link3.png
[0.618s] -- Up-to-date: /home/alberto/ros2_ws/install/mycobot_description/share/mycobot_description/meshes/mycobot_280/visual/link3.dae
[0.618s] -- Up-to-date: /home/alberto/ros2_ws/install/mycobot_description/share/mycobot_description/meshes/mycobot_280/visual/link2.dae
[0.618s] -- Up-to-date: /home/alberto/ros2_ws/install/mycobot_description/share/mycobot_description/meshes/mycobot_280/visual/link1.png
[0.619s] -- Up-to-date: /home/alberto/ros2_ws/install/mycobot_description/share/mycobot_description/meshes/mycobot_280/visual/link1.dae
[0.619s] -- Up-to-date: /home/alberto/ros2_ws/install/mycobot_description/share/mycobot_description/meshes/mycobot_280/visual/link5.dae
[0.619s] -- Up-to-date: /home/alberto/ros2_ws/install/mycobot_description/share/mycobot_description/meshes/mycobot_280/visual/link7.dae
[0.619s] -- Up-to-date: /home/alberto/ros2_ws/install/mycobot_description/share/mycobot_description/meshes/mycobot_280/visual/link6.png
[0.619s] -- Up-to-date: /home/alberto/ros2_ws/install/mycobot_description/share/mycobot_description/meshes/mycobot_280/visual/link6.dae
[0.619s] -- Up-to-date: /home/alberto/ros2_ws/install/mycobot_description/share/mycobot_description/meshes/mycobot_280/visual/link5.png
[0.619s] -- Up-to-date: /home/alberto/ros2_ws/install/mycobot_description/share/mycobot_description/meshes/mycobot_280/visual/link2.png
[0.619s] -- Up-to-date: /home/alberto/ros2_ws/install/mycobot_description/share/mycobot_description/meshes/adaptive_gripper
[0.619s] -- Up-to-date: /home/alberto/ros2_ws/install/mycobot_description/share/mycobot_description/meshes/adaptive_gripper/visual
[0.619s] -- Up-to-date: /home/alberto/ros2_ws/install/mycobot_description/share/mycobot_description/meshes/adaptive_gripper/visual/gripper_right1.dae
[0.619s] -- Up-to-date: /home/alberto/ros2_ws/install/mycobot_description/share/mycobot_description/meshes/adaptive_gripper/visual/gripper_left1.dae
[0.619s] -- Up-to-date: /home/alberto/ros2_ws/install/mycobot_description/share/mycobot_description/meshes/adaptive_gripper/visual/gripper_right2.dae
[0.619s] -- Up-to-date: /home/alberto/ros2_ws/install/mycobot_description/share/mycobot_description/meshes/adaptive_gripper/visual/gripper_left3.dae
[0.621s] -- Up-to-date: /home/alberto/ros2_ws/install/mycobot_description/share/mycobot_description/meshes/adaptive_gripper/visual/gripper_left2.dae
[0.621s] -- Up-to-date: /home/alberto/ros2_ws/install/mycobot_description/share/mycobot_description/meshes/adaptive_gripper/visual/gripper_base.dae
[0.621s] -- Up-to-date: /home/alberto/ros2_ws/install/mycobot_description/share/mycobot_description/meshes/adaptive_gripper/visual/gripper_right3.dae
[0.621s] -- Up-to-date: /home/alberto/ros2_ws/install/mycobot_description/share/mycobot_description/urdf
[0.621s] -- Up-to-date: /home/alberto/ros2_ws/install/mycobot_description/share/mycobot_description/urdf/mycobot280_rviz.png
[0.621s] -- Up-to-date: /home/alberto/ros2_ws/install/mycobot_description/share/mycobot_description/urdf/control
[0.621s] -- Up-to-date: /home/alberto/ros2_ws/install/mycobot_description/share/mycobot_description/urdf/control/gazebo_sim_ros2_control.urdf.xacro
[0.621s] -- Up-to-date: /home/alberto/ros2_ws/install/mycobot_description/share/mycobot_description/urdf/control/mycobot_280_ros2_control.urdf.xacro
[0.621s] -- Up-to-date: /home/alberto/ros2_ws/install/mycobot_description/share/mycobot_description/urdf/mech
[0.621s] -- Up-to-date: /home/alberto/ros2_ws/install/mycobot_description/share/mycobot_description/urdf/mech/adaptive_gripper.urdf.xacro
[0.621s] -- Up-to-date: /home/alberto/ros2_ws/install/mycobot_description/share/mycobot_description/urdf/mech/g_shape_base_v2_0.urdf.xacro
[0.621s] -- Up-to-date: /home/alberto/ros2_ws/install/mycobot_description/share/mycobot_description/urdf/mech/mycobot_280_arm.urdf.xacro
[0.621s] -- Up-to-date: /home/alberto/ros2_ws/install/mycobot_description/share/mycobot_description/urdf/sensors
[0.621s] -- Up-to-date: /home/alberto/ros2_ws/install/mycobot_description/share/mycobot_description/urdf/sensors/intel_rgbd_cam_d435.urdf.xacro
[0.621s] -- Up-to-date: /home/alberto/ros2_ws/install/mycobot_description/share/mycobot_description/urdf/robots
[0.621s] -- Up-to-date: /home/alberto/ros2_ws/install/mycobot_description/share/mycobot_description/urdf/robots/mycobot_280.urdf.xacro
[0.621s] -- Up-to-date: /home/alberto/ros2_ws/install/mycobot_description/share/mycobot_description/rviz
[0.621s] -- Up-to-date: /home/alberto/ros2_ws/install/mycobot_description/share/mycobot_description/rviz/mycobot_280_description.rviz
[0.621s] -- Up-to-date: /home/alberto/ros2_ws/install/mycobot_description/share/ament_index/resource_index/package_run_dependencies/mycobot_description
[0.621s] -- Up-to-date: /home/alberto/ros2_ws/install/mycobot_description/share/ament_index/resource_index/parent_prefix_path/mycobot_description
[0.621s] -- Up-to-date: /home/alberto/ros2_ws/install/mycobot_description/share/mycobot_description/environment/ament_prefix_path.sh
[0.621s] -- Up-to-date: /home/alberto/ros2_ws/install/mycobot_description/share/mycobot_description/environment/ament_prefix_path.dsv
[0.621s] -- Up-to-date: /home/alberto/ros2_ws/install/mycobot_description/share/mycobot_description/environment/path.sh
[0.621s] -- Up-to-date: /home/alberto/ros2_ws/install/mycobot_description/share/mycobot_description/environment/path.dsv
[0.621s] -- Up-to-date: /home/alberto/ros2_ws/install/mycobot_description/share/mycobot_description/local_setup.bash
[0.621s] -- Up-to-date: /home/alberto/ros2_ws/install/mycobot_description/share/mycobot_description/local_setup.sh
[0.621s] -- Up-to-date: /home/alberto/ros2_ws/install/mycobot_description/share/mycobot_description/local_setup.zsh
[0.621s] -- Up-to-date: /home/alberto/ros2_ws/install/mycobot_description/share/mycobot_description/local_setup.dsv
[0.621s] -- Installing: /home/alberto/ros2_ws/install/mycobot_description/share/mycobot_description/package.dsv
[0.621s] -- Up-to-date: /home/alberto/ros2_ws/install/mycobot_description/share/ament_index/resource_index/packages/mycobot_description
[0.622s] -- Up-to-date: /home/alberto/ros2_ws/install/mycobot_description/share/mycobot_description/cmake/mycobot_descriptionConfig.cmake
[0.622s] -- Up-to-date: /home/alberto/ros2_ws/install/mycobot_description/share/mycobot_description/cmake/mycobot_descriptionConfig-version.cmake
[0.622s] -- Up-to-date: /home/alberto/ros2_ws/install/mycobot_description/share/mycobot_description/package.xml
[0.706s] Invoked command in '/home/alberto/ros2_ws/build/mycobot_description' returned '0': CMAKE_PREFIX_PATH=${CMAKE_PREFIX_PATH}:/home/alberto/ros2_ws/install/uf_ros_lib:/home/alberto/ros2_ws/install/realsense_gazebo_plugin:/home/alberto/ros2_ws/install/mycobot_interfaces:/home/alberto/ros2_ws/install/my_robot_conroller:/opt/ros/humble /usr/bin/cmake --install /home/alberto/ros2_ws/build/mycobot_description
