[0.159s] DEBUG:colcon:Command line arguments: ['/usr/bin/colcon', 'build', '--packages-select', 'xarm_description', 'xarm_gazebo']
[0.159s] DEBUG:colcon:Parsed command line arguments: Namespace(log_base=None, log_level=None, verb_name='build', build_base='build', install_base='install', merge_install=False, symlink_install=False, test_result_base=None, continue_on_error=False, executor='parallel', parallel_workers=16, event_handlers=None, ignore_user_meta=False, metas=['./colcon.meta'], base_paths=['.'], packages_ignore=None, packages_ignore_regex=None, paths=None, packages_up_to=None, packages_up_to_regex=None, packages_above=None, packages_above_and_dependencies=None, packages_above_depth=None, packages_select_by_dep=None, packages_skip_by_dep=None, packages_skip_up_to=None, packages_select_build_failed=False, packages_skip_build_finished=False, packages_select_test_failures=False, packages_skip_test_passed=False, packages_select=['xarm_description', 'xarm_gazebo'], packages_skip=None, packages_select_regex=None, packages_skip_regex=None, packages_start=None, packages_end=None, allow_overriding=[], cmake_args=None, cmake_target=None, cmake_target_skip_unavailable=False, cmake_clean_cache=False, cmake_clean_first=False, cmake_force_configure=False, ament_cmake_args=None, catkin_cmake_args=None, catkin_skip_building_tests=False, verb_parser=<colcon_defaults.argument_parser.defaults.DefaultArgumentsDecorator object at 0x7cce62154e50>, verb_extension=<colcon_core.verb.build.BuildVerb object at 0x7cce622c5a80>, main=<bound method BuildVerb.main of <colcon_core.verb.build.BuildVerb object at 0x7cce622c5a80>>)
[0.315s] Level 1:colcon.colcon_core.package_discovery:discover_packages(colcon_meta) check parameters
[0.315s] Level 1:colcon.colcon_core.package_discovery:discover_packages(recursive) check parameters
[0.315s] Level 1:colcon.colcon_core.package_discovery:discover_packages(ignore) check parameters
[0.315s] Level 1:colcon.colcon_core.package_discovery:discover_packages(path) check parameters
[0.315s] Level 1:colcon.colcon_core.package_discovery:discover_packages(colcon_meta) discover
[0.315s] Level 1:colcon.colcon_core.package_discovery:discover_packages(recursive) discover
[0.315s] INFO:colcon.colcon_core.package_discovery:Crawling recursively for packages in '/home/alberto/ros2_ws'
[0.315s] Level 1:colcon.colcon_core.package_identification:_identify(.) by extensions ['ignore', 'ignore_ament_install']
[0.315s] Level 1:colcon.colcon_core.package_identification:_identify(.) by extension 'ignore'
[0.315s] Level 1:colcon.colcon_core.package_identification:_identify(.) by extension 'ignore_ament_install'
[0.315s] Level 1:colcon.colcon_core.package_identification:_identify(.) by extensions ['colcon_pkg']
[0.315s] Level 1:colcon.colcon_core.package_identification:_identify(.) by extension 'colcon_pkg'
[0.315s] Level 1:colcon.colcon_core.package_identification:_identify(.) by extensions ['colcon_meta']
[0.315s] Level 1:colcon.colcon_core.package_identification:_identify(.) by extension 'colcon_meta'
[0.315s] Level 1:colcon.colcon_core.package_identification:_identify(.) by extensions ['ros']
[0.315s] Level 1:colcon.colcon_core.package_identification:_identify(.) by extension 'ros'
[0.322s] Level 1:colcon.colcon_core.package_identification:_identify(.) by extensions ['cmake', 'python']
[0.322s] Level 1:colcon.colcon_core.package_identification:_identify(.) by extension 'cmake'
[0.322s] Level 1:colcon.colcon_core.package_identification:_identify(.) by extension 'python'
[0.322s] Level 1:colcon.colcon_core.package_identification:_identify(.) by extensions ['python_setup_py']
[0.322s] Level 1:colcon.colcon_core.package_identification:_identify(.) by extension 'python_setup_py'
[0.323s] Level 1:colcon.colcon_core.package_identification:_identify(build) by extensions ['ignore', 'ignore_ament_install']
[0.323s] Level 1:colcon.colcon_core.package_identification:_identify(build) by extension 'ignore'
[0.323s] Level 1:colcon.colcon_core.package_identification:_identify(build) ignored
[0.323s] Level 1:colcon.colcon_core.package_identification:_identify(install) by extensions ['ignore', 'ignore_ament_install']
[0.323s] Level 1:colcon.colcon_core.package_identification:_identify(install) by extension 'ignore'
[0.323s] Level 1:colcon.colcon_core.package_identification:_identify(install) ignored
[0.323s] Level 1:colcon.colcon_core.package_identification:_identify(log) by extensions ['ignore', 'ignore_ament_install']
[0.323s] Level 1:colcon.colcon_core.package_identification:_identify(log) by extension 'ignore'
[0.323s] Level 1:colcon.colcon_core.package_identification:_identify(log) ignored
[0.323s] Level 1:colcon.colcon_core.package_identification:_identify(src) by extensions ['ignore', 'ignore_ament_install']
[0.323s] Level 1:colcon.colcon_core.package_identification:_identify(src) by extension 'ignore'
[0.323s] Level 1:colcon.colcon_core.package_identification:_identify(src) by extension 'ignore_ament_install'
[0.323s] Level 1:colcon.colcon_core.package_identification:_identify(src) by extensions ['colcon_pkg']
[0.323s] Level 1:colcon.colcon_core.package_identification:_identify(src) by extension 'colcon_pkg'
[0.323s] Level 1:colcon.colcon_core.package_identification:_identify(src) by extensions ['colcon_meta']
[0.323s] Level 1:colcon.colcon_core.package_identification:_identify(src) by extension 'colcon_meta'
[0.323s] Level 1:colcon.colcon_core.package_identification:_identify(src) by extensions ['ros']
[0.323s] Level 1:colcon.colcon_core.package_identification:_identify(src) by extension 'ros'
[0.323s] Level 1:colcon.colcon_core.package_identification:_identify(src) by extensions ['cmake', 'python']
[0.323s] Level 1:colcon.colcon_core.package_identification:_identify(src) by extension 'cmake'
[0.323s] Level 1:colcon.colcon_core.package_identification:_identify(src) by extension 'python'
[0.323s] Level 1:colcon.colcon_core.package_identification:_identify(src) by extensions ['python_setup_py']
[0.323s] Level 1:colcon.colcon_core.package_identification:_identify(src) by extension 'python_setup_py'
[0.323s] Level 1:colcon.colcon_core.package_identification:_identify(src/my_robot_controller) by extensions ['ignore', 'ignore_ament_install']
[0.323s] Level 1:colcon.colcon_core.package_identification:_identify(src/my_robot_controller) by extension 'ignore'
[0.323s] Level 1:colcon.colcon_core.package_identification:_identify(src/my_robot_controller) by extension 'ignore_ament_install'
[0.323s] Level 1:colcon.colcon_core.package_identification:_identify(src/my_robot_controller) by extensions ['colcon_pkg']
[0.323s] Level 1:colcon.colcon_core.package_identification:_identify(src/my_robot_controller) by extension 'colcon_pkg'
[0.323s] Level 1:colcon.colcon_core.package_identification:_identify(src/my_robot_controller) by extensions ['colcon_meta']
[0.323s] Level 1:colcon.colcon_core.package_identification:_identify(src/my_robot_controller) by extension 'colcon_meta'
[0.323s] Level 1:colcon.colcon_core.package_identification:_identify(src/my_robot_controller) by extensions ['ros']
[0.323s] Level 1:colcon.colcon_core.package_identification:_identify(src/my_robot_controller) by extension 'ros'
[0.326s] DEBUG:colcon.colcon_core.package_identification:Package 'src/my_robot_controller' with type 'ros.ament_python' and name 'my_robot_conroller'
[0.326s] Level 1:colcon.colcon_core.package_identification:_identify(src/mycobot_ros2) by extensions ['ignore', 'ignore_ament_install']
[0.326s] Level 1:colcon.colcon_core.package_identification:_identify(src/mycobot_ros2) by extension 'ignore'
[0.326s] Level 1:colcon.colcon_core.package_identification:_identify(src/mycobot_ros2) by extension 'ignore_ament_install'
[0.326s] Level 1:colcon.colcon_core.package_identification:_identify(src/mycobot_ros2) by extensions ['colcon_pkg']
[0.326s] Level 1:colcon.colcon_core.package_identification:_identify(src/mycobot_ros2) by extension 'colcon_pkg'
[0.326s] Level 1:colcon.colcon_core.package_identification:_identify(src/mycobot_ros2) by extensions ['colcon_meta']
[0.326s] Level 1:colcon.colcon_core.package_identification:_identify(src/mycobot_ros2) by extension 'colcon_meta'
[0.326s] Level 1:colcon.colcon_core.package_identification:_identify(src/mycobot_ros2) by extensions ['ros']
[0.326s] Level 1:colcon.colcon_core.package_identification:_identify(src/mycobot_ros2) by extension 'ros'
[0.326s] Level 1:colcon.colcon_core.package_identification:_identify(src/mycobot_ros2) by extensions ['cmake', 'python']
[0.326s] Level 1:colcon.colcon_core.package_identification:_identify(src/mycobot_ros2) by extension 'cmake'
[0.326s] Level 1:colcon.colcon_core.package_identification:_identify(src/mycobot_ros2) by extension 'python'
[0.326s] Level 1:colcon.colcon_core.package_identification:_identify(src/mycobot_ros2) by extensions ['python_setup_py']
[0.326s] Level 1:colcon.colcon_core.package_identification:_identify(src/mycobot_ros2) by extension 'python_setup_py'
[0.326s] Level 1:colcon.colcon_core.package_identification:_identify(src/mycobot_ros2/docker) by extensions ['ignore', 'ignore_ament_install']
[0.326s] Level 1:colcon.colcon_core.package_identification:_identify(src/mycobot_ros2/docker) by extension 'ignore'
[0.326s] Level 1:colcon.colcon_core.package_identification:_identify(src/mycobot_ros2/docker) by extension 'ignore_ament_install'
[0.326s] Level 1:colcon.colcon_core.package_identification:_identify(src/mycobot_ros2/docker) by extensions ['colcon_pkg']
[0.326s] Level 1:colcon.colcon_core.package_identification:_identify(src/mycobot_ros2/docker) by extension 'colcon_pkg'
[0.326s] Level 1:colcon.colcon_core.package_identification:_identify(src/mycobot_ros2/docker) by extensions ['colcon_meta']
[0.326s] Level 1:colcon.colcon_core.package_identification:_identify(src/mycobot_ros2/docker) by extension 'colcon_meta'
[0.326s] Level 1:colcon.colcon_core.package_identification:_identify(src/mycobot_ros2/docker) by extensions ['ros']
[0.326s] Level 1:colcon.colcon_core.package_identification:_identify(src/mycobot_ros2/docker) by extension 'ros'
[0.327s] Level 1:colcon.colcon_core.package_identification:_identify(src/mycobot_ros2/docker) by extensions ['cmake', 'python']
[0.327s] Level 1:colcon.colcon_core.package_identification:_identify(src/mycobot_ros2/docker) by extension 'cmake'
[0.327s] Level 1:colcon.colcon_core.package_identification:_identify(src/mycobot_ros2/docker) by extension 'python'
[0.327s] Level 1:colcon.colcon_core.package_identification:_identify(src/mycobot_ros2/docker) by extensions ['python_setup_py']
[0.327s] Level 1:colcon.colcon_core.package_identification:_identify(src/mycobot_ros2/docker) by extension 'python_setup_py'
[0.327s] Level 1:colcon.colcon_core.package_identification:_identify(src/mycobot_ros2/mycobot_bringup) by extensions ['ignore', 'ignore_ament_install']
[0.327s] Level 1:colcon.colcon_core.package_identification:_identify(src/mycobot_ros2/mycobot_bringup) by extension 'ignore'
[0.327s] Level 1:colcon.colcon_core.package_identification:_identify(src/mycobot_ros2/mycobot_bringup) by extension 'ignore_ament_install'
[0.327s] Level 1:colcon.colcon_core.package_identification:_identify(src/mycobot_ros2/mycobot_bringup) by extensions ['colcon_pkg']
[0.327s] Level 1:colcon.colcon_core.package_identification:_identify(src/mycobot_ros2/mycobot_bringup) by extension 'colcon_pkg'
[0.327s] Level 1:colcon.colcon_core.package_identification:_identify(src/mycobot_ros2/mycobot_bringup) by extensions ['colcon_meta']
[0.327s] Level 1:colcon.colcon_core.package_identification:_identify(src/mycobot_ros2/mycobot_bringup) by extension 'colcon_meta'
[0.327s] Level 1:colcon.colcon_core.package_identification:_identify(src/mycobot_ros2/mycobot_bringup) by extensions ['ros']
[0.327s] Level 1:colcon.colcon_core.package_identification:_identify(src/mycobot_ros2/mycobot_bringup) by extension 'ros'
[0.327s] DEBUG:colcon.colcon_core.package_identification:Package 'src/mycobot_ros2/mycobot_bringup' with type 'ros.ament_cmake' and name 'mycobot_bringup'
[0.328s] Level 1:colcon.colcon_core.package_identification:_identify(src/mycobot_ros2/mycobot_description) by extensions ['ignore', 'ignore_ament_install']
[0.328s] Level 1:colcon.colcon_core.package_identification:_identify(src/mycobot_ros2/mycobot_description) by extension 'ignore'
[0.328s] Level 1:colcon.colcon_core.package_identification:_identify(src/mycobot_ros2/mycobot_description) by extension 'ignore_ament_install'
[0.328s] Level 1:colcon.colcon_core.package_identification:_identify(src/mycobot_ros2/mycobot_description) by extensions ['colcon_pkg']
[0.328s] Level 1:colcon.colcon_core.package_identification:_identify(src/mycobot_ros2/mycobot_description) by extension 'colcon_pkg'
[0.328s] Level 1:colcon.colcon_core.package_identification:_identify(src/mycobot_ros2/mycobot_description) by extensions ['colcon_meta']
[0.328s] Level 1:colcon.colcon_core.package_identification:_identify(src/mycobot_ros2/mycobot_description) by extension 'colcon_meta'
[0.328s] Level 1:colcon.colcon_core.package_identification:_identify(src/mycobot_ros2/mycobot_description) by extensions ['ros']
[0.328s] Level 1:colcon.colcon_core.package_identification:_identify(src/mycobot_ros2/mycobot_description) by extension 'ros'
[0.328s] DEBUG:colcon.colcon_core.package_identification:Package 'src/mycobot_ros2/mycobot_description' with type 'ros.ament_cmake' and name 'mycobot_description'
[0.328s] Level 1:colcon.colcon_core.package_identification:_identify(src/mycobot_ros2/mycobot_gazebo) by extensions ['ignore', 'ignore_ament_install']
[0.328s] Level 1:colcon.colcon_core.package_identification:_identify(src/mycobot_ros2/mycobot_gazebo) by extension 'ignore'
[0.329s] Level 1:colcon.colcon_core.package_identification:_identify(src/mycobot_ros2/mycobot_gazebo) by extension 'ignore_ament_install'
[0.329s] Level 1:colcon.colcon_core.package_identification:_identify(src/mycobot_ros2/mycobot_gazebo) by extensions ['colcon_pkg']
[0.329s] Level 1:colcon.colcon_core.package_identification:_identify(src/mycobot_ros2/mycobot_gazebo) by extension 'colcon_pkg'
[0.329s] Level 1:colcon.colcon_core.package_identification:_identify(src/mycobot_ros2/mycobot_gazebo) by extensions ['colcon_meta']
[0.329s] Level 1:colcon.colcon_core.package_identification:_identify(src/mycobot_ros2/mycobot_gazebo) by extension 'colcon_meta'
[0.329s] Level 1:colcon.colcon_core.package_identification:_identify(src/mycobot_ros2/mycobot_gazebo) by extensions ['ros']
[0.329s] Level 1:colcon.colcon_core.package_identification:_identify(src/mycobot_ros2/mycobot_gazebo) by extension 'ros'
[0.330s] DEBUG:colcon.colcon_core.package_identification:Package 'src/mycobot_ros2/mycobot_gazebo' with type 'ros.ament_cmake' and name 'mycobot_gazebo'
[0.330s] Level 1:colcon.colcon_core.package_identification:_identify(src/mycobot_ros2/mycobot_interfaces) by extensions ['ignore', 'ignore_ament_install']
[0.330s] Level 1:colcon.colcon_core.package_identification:_identify(src/mycobot_ros2/mycobot_interfaces) by extension 'ignore'
[0.330s] Level 1:colcon.colcon_core.package_identification:_identify(src/mycobot_ros2/mycobot_interfaces) by extension 'ignore_ament_install'
[0.330s] Level 1:colcon.colcon_core.package_identification:_identify(src/mycobot_ros2/mycobot_interfaces) by extensions ['colcon_pkg']
[0.330s] Level 1:colcon.colcon_core.package_identification:_identify(src/mycobot_ros2/mycobot_interfaces) by extension 'colcon_pkg'
[0.330s] Level 1:colcon.colcon_core.package_identification:_identify(src/mycobot_ros2/mycobot_interfaces) by extensions ['colcon_meta']
[0.330s] Level 1:colcon.colcon_core.package_identification:_identify(src/mycobot_ros2/mycobot_interfaces) by extension 'colcon_meta'
[0.330s] Level 1:colcon.colcon_core.package_identification:_identify(src/mycobot_ros2/mycobot_interfaces) by extensions ['ros']
[0.330s] Level 1:colcon.colcon_core.package_identification:_identify(src/mycobot_ros2/mycobot_interfaces) by extension 'ros'
[0.331s] DEBUG:colcon.colcon_core.package_identification:Package 'src/mycobot_ros2/mycobot_interfaces' with type 'ros.ament_cmake' and name 'mycobot_interfaces'
[0.331s] Level 1:colcon.colcon_core.package_identification:_identify(src/mycobot_ros2/mycobot_moveit_config) by extensions ['ignore', 'ignore_ament_install']
[0.331s] Level 1:colcon.colcon_core.package_identification:_identify(src/mycobot_ros2/mycobot_moveit_config) by extension 'ignore'
[0.331s] Level 1:colcon.colcon_core.package_identification:_identify(src/mycobot_ros2/mycobot_moveit_config) by extension 'ignore_ament_install'
[0.331s] Level 1:colcon.colcon_core.package_identification:_identify(src/mycobot_ros2/mycobot_moveit_config) by extensions ['colcon_pkg']
[0.331s] Level 1:colcon.colcon_core.package_identification:_identify(src/mycobot_ros2/mycobot_moveit_config) by extension 'colcon_pkg'
[0.331s] Level 1:colcon.colcon_core.package_identification:_identify(src/mycobot_ros2/mycobot_moveit_config) by extensions ['colcon_meta']
[0.331s] Level 1:colcon.colcon_core.package_identification:_identify(src/mycobot_ros2/mycobot_moveit_config) by extension 'colcon_meta'
[0.331s] Level 1:colcon.colcon_core.package_identification:_identify(src/mycobot_ros2/mycobot_moveit_config) by extensions ['ros']
[0.331s] Level 1:colcon.colcon_core.package_identification:_identify(src/mycobot_ros2/mycobot_moveit_config) by extension 'ros'
[0.332s] DEBUG:colcon.colcon_core.package_identification:Package 'src/mycobot_ros2/mycobot_moveit_config' with type 'ros.ament_cmake' and name 'mycobot_moveit_config'
[0.332s] Level 1:colcon.colcon_core.package_identification:_identify(src/mycobot_ros2/mycobot_moveit_demos) by extensions ['ignore', 'ignore_ament_install']
[0.332s] Level 1:colcon.colcon_core.package_identification:_identify(src/mycobot_ros2/mycobot_moveit_demos) by extension 'ignore'
[0.332s] Level 1:colcon.colcon_core.package_identification:_identify(src/mycobot_ros2/mycobot_moveit_demos) by extension 'ignore_ament_install'
[0.332s] Level 1:colcon.colcon_core.package_identification:_identify(src/mycobot_ros2/mycobot_moveit_demos) by extensions ['colcon_pkg']
[0.332s] Level 1:colcon.colcon_core.package_identification:_identify(src/mycobot_ros2/mycobot_moveit_demos) by extension 'colcon_pkg'
[0.332s] Level 1:colcon.colcon_core.package_identification:_identify(src/mycobot_ros2/mycobot_moveit_demos) by extensions ['colcon_meta']
[0.332s] Level 1:colcon.colcon_core.package_identification:_identify(src/mycobot_ros2/mycobot_moveit_demos) by extension 'colcon_meta'
[0.332s] Level 1:colcon.colcon_core.package_identification:_identify(src/mycobot_ros2/mycobot_moveit_demos) by extensions ['ros']
[0.332s] Level 1:colcon.colcon_core.package_identification:_identify(src/mycobot_ros2/mycobot_moveit_demos) by extension 'ros'
[0.333s] DEBUG:colcon.colcon_core.package_identification:Package 'src/mycobot_ros2/mycobot_moveit_demos' with type 'ros.ament_cmake' and name 'mycobot_moveit_demos'
[0.333s] Level 1:colcon.colcon_core.package_identification:_identify(src/mycobot_ros2/mycobot_mtc_demos) by extensions ['ignore', 'ignore_ament_install']
[0.333s] Level 1:colcon.colcon_core.package_identification:_identify(src/mycobot_ros2/mycobot_mtc_demos) by extension 'ignore'
[0.333s] Level 1:colcon.colcon_core.package_identification:_identify(src/mycobot_ros2/mycobot_mtc_demos) by extension 'ignore_ament_install'
[0.333s] Level 1:colcon.colcon_core.package_identification:_identify(src/mycobot_ros2/mycobot_mtc_demos) by extensions ['colcon_pkg']
[0.333s] Level 1:colcon.colcon_core.package_identification:_identify(src/mycobot_ros2/mycobot_mtc_demos) by extension 'colcon_pkg'
[0.333s] Level 1:colcon.colcon_core.package_identification:_identify(src/mycobot_ros2/mycobot_mtc_demos) by extensions ['colcon_meta']
[0.333s] Level 1:colcon.colcon_core.package_identification:_identify(src/mycobot_ros2/mycobot_mtc_demos) by extension 'colcon_meta'
[0.333s] Level 1:colcon.colcon_core.package_identification:_identify(src/mycobot_ros2/mycobot_mtc_demos) by extensions ['ros']
[0.333s] Level 1:colcon.colcon_core.package_identification:_identify(src/mycobot_ros2/mycobot_mtc_demos) by extension 'ros'
[0.334s] DEBUG:colcon.colcon_core.package_identification:Package 'src/mycobot_ros2/mycobot_mtc_demos' with type 'ros.ament_cmake' and name 'mycobot_mtc_demos'
[0.334s] Level 1:colcon.colcon_core.package_identification:_identify(src/mycobot_ros2/mycobot_mtc_pick_place_demo) by extensions ['ignore', 'ignore_ament_install']
[0.334s] Level 1:colcon.colcon_core.package_identification:_identify(src/mycobot_ros2/mycobot_mtc_pick_place_demo) by extension 'ignore'
[0.334s] Level 1:colcon.colcon_core.package_identification:_identify(src/mycobot_ros2/mycobot_mtc_pick_place_demo) by extension 'ignore_ament_install'
[0.334s] Level 1:colcon.colcon_core.package_identification:_identify(src/mycobot_ros2/mycobot_mtc_pick_place_demo) by extensions ['colcon_pkg']
[0.334s] Level 1:colcon.colcon_core.package_identification:_identify(src/mycobot_ros2/mycobot_mtc_pick_place_demo) by extension 'colcon_pkg'
[0.334s] Level 1:colcon.colcon_core.package_identification:_identify(src/mycobot_ros2/mycobot_mtc_pick_place_demo) by extensions ['colcon_meta']
[0.334s] Level 1:colcon.colcon_core.package_identification:_identify(src/mycobot_ros2/mycobot_mtc_pick_place_demo) by extension 'colcon_meta'
[0.334s] Level 1:colcon.colcon_core.package_identification:_identify(src/mycobot_ros2/mycobot_mtc_pick_place_demo) by extensions ['ros']
[0.334s] Level 1:colcon.colcon_core.package_identification:_identify(src/mycobot_ros2/mycobot_mtc_pick_place_demo) by extension 'ros'
[0.335s] DEBUG:colcon.colcon_core.package_identification:Package 'src/mycobot_ros2/mycobot_mtc_pick_place_demo' with type 'ros.ament_cmake' and name 'mycobot_mtc_pick_place_demo'
[0.335s] Level 1:colcon.colcon_core.package_identification:_identify(src/mycobot_ros2/mycobot_ros2) by extensions ['ignore', 'ignore_ament_install']
[0.335s] Level 1:colcon.colcon_core.package_identification:_identify(src/mycobot_ros2/mycobot_ros2) by extension 'ignore'
[0.335s] Level 1:colcon.colcon_core.package_identification:_identify(src/mycobot_ros2/mycobot_ros2) by extension 'ignore_ament_install'
[0.335s] Level 1:colcon.colcon_core.package_identification:_identify(src/mycobot_ros2/mycobot_ros2) by extensions ['colcon_pkg']
[0.335s] Level 1:colcon.colcon_core.package_identification:_identify(src/mycobot_ros2/mycobot_ros2) by extension 'colcon_pkg'
[0.335s] Level 1:colcon.colcon_core.package_identification:_identify(src/mycobot_ros2/mycobot_ros2) by extensions ['colcon_meta']
[0.335s] Level 1:colcon.colcon_core.package_identification:_identify(src/mycobot_ros2/mycobot_ros2) by extension 'colcon_meta'
[0.335s] Level 1:colcon.colcon_core.package_identification:_identify(src/mycobot_ros2/mycobot_ros2) by extensions ['ros']
[0.335s] Level 1:colcon.colcon_core.package_identification:_identify(src/mycobot_ros2/mycobot_ros2) by extension 'ros'
[0.336s] DEBUG:colcon.colcon_core.package_identification:Package 'src/mycobot_ros2/mycobot_ros2' with type 'ros.ament_cmake' and name 'mycobot_ros2'
[0.336s] Level 1:colcon.colcon_core.package_identification:_identify(src/mycobot_ros2/mycobot_system_tests) by extensions ['ignore', 'ignore_ament_install']
[0.336s] Level 1:colcon.colcon_core.package_identification:_identify(src/mycobot_ros2/mycobot_system_tests) by extension 'ignore'
[0.336s] Level 1:colcon.colcon_core.package_identification:_identify(src/mycobot_ros2/mycobot_system_tests) by extension 'ignore_ament_install'
[0.336s] Level 1:colcon.colcon_core.package_identification:_identify(src/mycobot_ros2/mycobot_system_tests) by extensions ['colcon_pkg']
[0.336s] Level 1:colcon.colcon_core.package_identification:_identify(src/mycobot_ros2/mycobot_system_tests) by extension 'colcon_pkg'
[0.336s] Level 1:colcon.colcon_core.package_identification:_identify(src/mycobot_ros2/mycobot_system_tests) by extensions ['colcon_meta']
[0.336s] Level 1:colcon.colcon_core.package_identification:_identify(src/mycobot_ros2/mycobot_system_tests) by extension 'colcon_meta'
[0.336s] Level 1:colcon.colcon_core.package_identification:_identify(src/mycobot_ros2/mycobot_system_tests) by extensions ['ros']
[0.336s] Level 1:colcon.colcon_core.package_identification:_identify(src/mycobot_ros2/mycobot_system_tests) by extension 'ros'
[0.337s] DEBUG:colcon.colcon_core.package_identification:Package 'src/mycobot_ros2/mycobot_system_tests' with type 'ros.ament_cmake' and name 'mycobot_system_tests'
[0.337s] Level 1:colcon.colcon_core.package_identification:_identify(src/xarm_ros2) by extensions ['ignore', 'ignore_ament_install']
[0.337s] Level 1:colcon.colcon_core.package_identification:_identify(src/xarm_ros2) by extension 'ignore'
[0.337s] Level 1:colcon.colcon_core.package_identification:_identify(src/xarm_ros2) by extension 'ignore_ament_install'
[0.337s] Level 1:colcon.colcon_core.package_identification:_identify(src/xarm_ros2) by extensions ['colcon_pkg']
[0.337s] Level 1:colcon.colcon_core.package_identification:_identify(src/xarm_ros2) by extension 'colcon_pkg'
[0.337s] Level 1:colcon.colcon_core.package_identification:_identify(src/xarm_ros2) by extensions ['colcon_meta']
[0.337s] Level 1:colcon.colcon_core.package_identification:_identify(src/xarm_ros2) by extension 'colcon_meta'
[0.337s] Level 1:colcon.colcon_core.package_identification:_identify(src/xarm_ros2) by extensions ['ros']
[0.337s] Level 1:colcon.colcon_core.package_identification:_identify(src/xarm_ros2) by extension 'ros'
[0.337s] Level 1:colcon.colcon_core.package_identification:_identify(src/xarm_ros2) by extensions ['cmake', 'python']
[0.337s] Level 1:colcon.colcon_core.package_identification:_identify(src/xarm_ros2) by extension 'cmake'
[0.337s] Level 1:colcon.colcon_core.package_identification:_identify(src/xarm_ros2) by extension 'python'
[0.337s] Level 1:colcon.colcon_core.package_identification:_identify(src/xarm_ros2) by extensions ['python_setup_py']
[0.337s] Level 1:colcon.colcon_core.package_identification:_identify(src/xarm_ros2) by extension 'python_setup_py'
[0.337s] Level 1:colcon.colcon_core.package_identification:_identify(src/xarm_ros2/demo) by extensions ['ignore', 'ignore_ament_install']
[0.337s] Level 1:colcon.colcon_core.package_identification:_identify(src/xarm_ros2/demo) by extension 'ignore'
[0.337s] Level 1:colcon.colcon_core.package_identification:_identify(src/xarm_ros2/demo) by extension 'ignore_ament_install'
[0.337s] Level 1:colcon.colcon_core.package_identification:_identify(src/xarm_ros2/demo) by extensions ['colcon_pkg']
[0.337s] Level 1:colcon.colcon_core.package_identification:_identify(src/xarm_ros2/demo) by extension 'colcon_pkg'
[0.337s] Level 1:colcon.colcon_core.package_identification:_identify(src/xarm_ros2/demo) by extensions ['colcon_meta']
[0.337s] Level 1:colcon.colcon_core.package_identification:_identify(src/xarm_ros2/demo) by extension 'colcon_meta'
[0.337s] Level 1:colcon.colcon_core.package_identification:_identify(src/xarm_ros2/demo) by extensions ['ros']
[0.337s] Level 1:colcon.colcon_core.package_identification:_identify(src/xarm_ros2/demo) by extension 'ros'
[0.337s] Level 1:colcon.colcon_core.package_identification:_identify(src/xarm_ros2/demo) by extensions ['cmake', 'python']
[0.337s] Level 1:colcon.colcon_core.package_identification:_identify(src/xarm_ros2/demo) by extension 'cmake'
[0.337s] Level 1:colcon.colcon_core.package_identification:_identify(src/xarm_ros2/demo) by extension 'python'
[0.337s] Level 1:colcon.colcon_core.package_identification:_identify(src/xarm_ros2/demo) by extensions ['python_setup_py']
[0.337s] Level 1:colcon.colcon_core.package_identification:_identify(src/xarm_ros2/demo) by extension 'python_setup_py'
[0.337s] Level 1:colcon.colcon_core.package_identification:_identify(src/xarm_ros2/demo/mbot_demo) by extensions ['ignore', 'ignore_ament_install']
[0.338s] Level 1:colcon.colcon_core.package_identification:_identify(src/xarm_ros2/demo/mbot_demo) by extension 'ignore'
[0.338s] Level 1:colcon.colcon_core.package_identification:_identify(src/xarm_ros2/demo/mbot_demo) by extension 'ignore_ament_install'
[0.338s] Level 1:colcon.colcon_core.package_identification:_identify(src/xarm_ros2/demo/mbot_demo) by extensions ['colcon_pkg']
[0.338s] Level 1:colcon.colcon_core.package_identification:_identify(src/xarm_ros2/demo/mbot_demo) by extension 'colcon_pkg'
[0.338s] Level 1:colcon.colcon_core.package_identification:_identify(src/xarm_ros2/demo/mbot_demo) by extensions ['colcon_meta']
[0.338s] Level 1:colcon.colcon_core.package_identification:_identify(src/xarm_ros2/demo/mbot_demo) by extension 'colcon_meta'
[0.338s] Level 1:colcon.colcon_core.package_identification:_identify(src/xarm_ros2/demo/mbot_demo) by extensions ['ros']
[0.338s] Level 1:colcon.colcon_core.package_identification:_identify(src/xarm_ros2/demo/mbot_demo) by extension 'ros'
[0.338s] DEBUG:colcon.colcon_core.package_identification:Package 'src/xarm_ros2/demo/mbot_demo' with type 'ros.ament_cmake' and name 'mbot_demo'
[0.338s] Level 1:colcon.colcon_core.package_identification:_identify(src/xarm_ros2/thirdparty) by extensions ['ignore', 'ignore_ament_install']
[0.338s] Level 1:colcon.colcon_core.package_identification:_identify(src/xarm_ros2/thirdparty) by extension 'ignore'
[0.338s] Level 1:colcon.colcon_core.package_identification:_identify(src/xarm_ros2/thirdparty) by extension 'ignore_ament_install'
[0.338s] Level 1:colcon.colcon_core.package_identification:_identify(src/xarm_ros2/thirdparty) by extensions ['colcon_pkg']
[0.338s] Level 1:colcon.colcon_core.package_identification:_identify(src/xarm_ros2/thirdparty) by extension 'colcon_pkg'
[0.338s] Level 1:colcon.colcon_core.package_identification:_identify(src/xarm_ros2/thirdparty) by extensions ['colcon_meta']
[0.338s] Level 1:colcon.colcon_core.package_identification:_identify(src/xarm_ros2/thirdparty) by extension 'colcon_meta'
[0.338s] Level 1:colcon.colcon_core.package_identification:_identify(src/xarm_ros2/thirdparty) by extensions ['ros']
[0.338s] Level 1:colcon.colcon_core.package_identification:_identify(src/xarm_ros2/thirdparty) by extension 'ros'
[0.338s] Level 1:colcon.colcon_core.package_identification:_identify(src/xarm_ros2/thirdparty) by extensions ['cmake', 'python']
[0.338s] Level 1:colcon.colcon_core.package_identification:_identify(src/xarm_ros2/thirdparty) by extension 'cmake'
[0.339s] Level 1:colcon.colcon_core.package_identification:_identify(src/xarm_ros2/thirdparty) by extension 'python'
[0.339s] Level 1:colcon.colcon_core.package_identification:_identify(src/xarm_ros2/thirdparty) by extensions ['python_setup_py']
[0.339s] Level 1:colcon.colcon_core.package_identification:_identify(src/xarm_ros2/thirdparty) by extension 'python_setup_py'
[0.339s] Level 1:colcon.colcon_core.package_identification:_identify(src/xarm_ros2/thirdparty/realsense_gazebo_plugin) by extensions ['ignore', 'ignore_ament_install']
[0.339s] Level 1:colcon.colcon_core.package_identification:_identify(src/xarm_ros2/thirdparty/realsense_gazebo_plugin) by extension 'ignore'
[0.339s] Level 1:colcon.colcon_core.package_identification:_identify(src/xarm_ros2/thirdparty/realsense_gazebo_plugin) by extension 'ignore_ament_install'
[0.339s] Level 1:colcon.colcon_core.package_identification:_identify(src/xarm_ros2/thirdparty/realsense_gazebo_plugin) by extensions ['colcon_pkg']
[0.339s] Level 1:colcon.colcon_core.package_identification:_identify(src/xarm_ros2/thirdparty/realsense_gazebo_plugin) by extension 'colcon_pkg'
[0.339s] Level 1:colcon.colcon_core.package_identification:_identify(src/xarm_ros2/thirdparty/realsense_gazebo_plugin) by extensions ['colcon_meta']
[0.339s] Level 1:colcon.colcon_core.package_identification:_identify(src/xarm_ros2/thirdparty/realsense_gazebo_plugin) by extension 'colcon_meta'
[0.339s] Level 1:colcon.colcon_core.package_identification:_identify(src/xarm_ros2/thirdparty/realsense_gazebo_plugin) by extensions ['ros']
[0.339s] Level 1:colcon.colcon_core.package_identification:_identify(src/xarm_ros2/thirdparty/realsense_gazebo_plugin) by extension 'ros'
[0.340s] DEBUG:colcon.colcon_core.package_identification:Package 'src/xarm_ros2/thirdparty/realsense_gazebo_plugin' with type 'ros.ament_cmake' and name 'realsense_gazebo_plugin'
[0.340s] Level 1:colcon.colcon_core.package_identification:_identify(src/xarm_ros2/uf_ros_lib) by extensions ['ignore', 'ignore_ament_install']
[0.340s] Level 1:colcon.colcon_core.package_identification:_identify(src/xarm_ros2/uf_ros_lib) by extension 'ignore'
[0.340s] Level 1:colcon.colcon_core.package_identification:_identify(src/xarm_ros2/uf_ros_lib) by extension 'ignore_ament_install'
[0.340s] Level 1:colcon.colcon_core.package_identification:_identify(src/xarm_ros2/uf_ros_lib) by extensions ['colcon_pkg']
[0.340s] Level 1:colcon.colcon_core.package_identification:_identify(src/xarm_ros2/uf_ros_lib) by extension 'colcon_pkg'
[0.340s] Level 1:colcon.colcon_core.package_identification:_identify(src/xarm_ros2/uf_ros_lib) by extensions ['colcon_meta']
[0.340s] Level 1:colcon.colcon_core.package_identification:_identify(src/xarm_ros2/uf_ros_lib) by extension 'colcon_meta'
[0.340s] Level 1:colcon.colcon_core.package_identification:_identify(src/xarm_ros2/uf_ros_lib) by extensions ['ros']
[0.340s] Level 1:colcon.colcon_core.package_identification:_identify(src/xarm_ros2/uf_ros_lib) by extension 'ros'
[0.340s] DEBUG:colcon.colcon_core.package_identification:Package 'src/xarm_ros2/uf_ros_lib' with type 'ros.ament_python' and name 'uf_ros_lib'
[0.340s] Level 1:colcon.colcon_core.package_identification:_identify(src/xarm_ros2/xarm_api) by extensions ['ignore', 'ignore_ament_install']
[0.340s] Level 1:colcon.colcon_core.package_identification:_identify(src/xarm_ros2/xarm_api) by extension 'ignore'
[0.341s] Level 1:colcon.colcon_core.package_identification:_identify(src/xarm_ros2/xarm_api) by extension 'ignore_ament_install'
[0.341s] Level 1:colcon.colcon_core.package_identification:_identify(src/xarm_ros2/xarm_api) by extensions ['colcon_pkg']
[0.341s] Level 1:colcon.colcon_core.package_identification:_identify(src/xarm_ros2/xarm_api) by extension 'colcon_pkg'
[0.341s] Level 1:colcon.colcon_core.package_identification:_identify(src/xarm_ros2/xarm_api) by extensions ['colcon_meta']
[0.341s] Level 1:colcon.colcon_core.package_identification:_identify(src/xarm_ros2/xarm_api) by extension 'colcon_meta'
[0.341s] Level 1:colcon.colcon_core.package_identification:_identify(src/xarm_ros2/xarm_api) by extensions ['ros']
[0.341s] Level 1:colcon.colcon_core.package_identification:_identify(src/xarm_ros2/xarm_api) by extension 'ros'
[0.341s] DEBUG:colcon.colcon_core.package_identification:Package 'src/xarm_ros2/xarm_api' with type 'ros.ament_cmake' and name 'xarm_api'
[0.341s] Level 1:colcon.colcon_core.package_identification:_identify(src/xarm_ros2/xarm_controller) by extensions ['ignore', 'ignore_ament_install']
[0.341s] Level 1:colcon.colcon_core.package_identification:_identify(src/xarm_ros2/xarm_controller) by extension 'ignore'
[0.342s] Level 1:colcon.colcon_core.package_identification:_identify(src/xarm_ros2/xarm_controller) by extension 'ignore_ament_install'
[0.342s] Level 1:colcon.colcon_core.package_identification:_identify(src/xarm_ros2/xarm_controller) by extensions ['colcon_pkg']
[0.342s] Level 1:colcon.colcon_core.package_identification:_identify(src/xarm_ros2/xarm_controller) by extension 'colcon_pkg'
[0.342s] Level 1:colcon.colcon_core.package_identification:_identify(src/xarm_ros2/xarm_controller) by extensions ['colcon_meta']
[0.342s] Level 1:colcon.colcon_core.package_identification:_identify(src/xarm_ros2/xarm_controller) by extension 'colcon_meta'
[0.342s] Level 1:colcon.colcon_core.package_identification:_identify(src/xarm_ros2/xarm_controller) by extensions ['ros']
[0.342s] Level 1:colcon.colcon_core.package_identification:_identify(src/xarm_ros2/xarm_controller) by extension 'ros'
[0.343s] DEBUG:colcon.colcon_core.package_identification:Package 'src/xarm_ros2/xarm_controller' with type 'ros.ament_cmake' and name 'xarm_controller'
[0.343s] Level 1:colcon.colcon_core.package_identification:_identify(src/xarm_ros2/xarm_description) by extensions ['ignore', 'ignore_ament_install']
[0.343s] Level 1:colcon.colcon_core.package_identification:_identify(src/xarm_ros2/xarm_description) by extension 'ignore'
[0.343s] Level 1:colcon.colcon_core.package_identification:_identify(src/xarm_ros2/xarm_description) by extension 'ignore_ament_install'
[0.343s] Level 1:colcon.colcon_core.package_identification:_identify(src/xarm_ros2/xarm_description) by extensions ['colcon_pkg']
[0.343s] Level 1:colcon.colcon_core.package_identification:_identify(src/xarm_ros2/xarm_description) by extension 'colcon_pkg'
[0.343s] Level 1:colcon.colcon_core.package_identification:_identify(src/xarm_ros2/xarm_description) by extensions ['colcon_meta']
[0.343s] Level 1:colcon.colcon_core.package_identification:_identify(src/xarm_ros2/xarm_description) by extension 'colcon_meta'
[0.343s] Level 1:colcon.colcon_core.package_identification:_identify(src/xarm_ros2/xarm_description) by extensions ['ros']
[0.343s] Level 1:colcon.colcon_core.package_identification:_identify(src/xarm_ros2/xarm_description) by extension 'ros'
[0.343s] DEBUG:colcon.colcon_core.package_identification:Package 'src/xarm_ros2/xarm_description' with type 'ros.ament_cmake' and name 'xarm_description'
[0.343s] Level 1:colcon.colcon_core.package_identification:_identify(src/xarm_ros2/xarm_gazebo) by extensions ['ignore', 'ignore_ament_install']
[0.344s] Level 1:colcon.colcon_core.package_identification:_identify(src/xarm_ros2/xarm_gazebo) by extension 'ignore'
[0.344s] Level 1:colcon.colcon_core.package_identification:_identify(src/xarm_ros2/xarm_gazebo) by extension 'ignore_ament_install'
[0.344s] Level 1:colcon.colcon_core.package_identification:_identify(src/xarm_ros2/xarm_gazebo) by extensions ['colcon_pkg']
[0.344s] Level 1:colcon.colcon_core.package_identification:_identify(src/xarm_ros2/xarm_gazebo) by extension 'colcon_pkg'
[0.344s] Level 1:colcon.colcon_core.package_identification:_identify(src/xarm_ros2/xarm_gazebo) by extensions ['colcon_meta']
[0.344s] Level 1:colcon.colcon_core.package_identification:_identify(src/xarm_ros2/xarm_gazebo) by extension 'colcon_meta'
[0.344s] Level 1:colcon.colcon_core.package_identification:_identify(src/xarm_ros2/xarm_gazebo) by extensions ['ros']
[0.344s] Level 1:colcon.colcon_core.package_identification:_identify(src/xarm_ros2/xarm_gazebo) by extension 'ros'
[0.345s] DEBUG:colcon.colcon_core.package_identification:Package 'src/xarm_ros2/xarm_gazebo' with type 'ros.ament_cmake' and name 'xarm_gazebo'
[0.345s] Level 1:colcon.colcon_core.package_identification:_identify(src/xarm_ros2/xarm_moveit_config) by extensions ['ignore', 'ignore_ament_install']
[0.345s] Level 1:colcon.colcon_core.package_identification:_identify(src/xarm_ros2/xarm_moveit_config) by extension 'ignore'
[0.345s] Level 1:colcon.colcon_core.package_identification:_identify(src/xarm_ros2/xarm_moveit_config) by extension 'ignore_ament_install'
[0.345s] Level 1:colcon.colcon_core.package_identification:_identify(src/xarm_ros2/xarm_moveit_config) by extensions ['colcon_pkg']
[0.345s] Level 1:colcon.colcon_core.package_identification:_identify(src/xarm_ros2/xarm_moveit_config) by extension 'colcon_pkg'
[0.345s] Level 1:colcon.colcon_core.package_identification:_identify(src/xarm_ros2/xarm_moveit_config) by extensions ['colcon_meta']
[0.345s] Level 1:colcon.colcon_core.package_identification:_identify(src/xarm_ros2/xarm_moveit_config) by extension 'colcon_meta'
[0.345s] Level 1:colcon.colcon_core.package_identification:_identify(src/xarm_ros2/xarm_moveit_config) by extensions ['ros']
[0.345s] Level 1:colcon.colcon_core.package_identification:_identify(src/xarm_ros2/xarm_moveit_config) by extension 'ros'
[0.346s] DEBUG:colcon.colcon_core.package_identification:Package 'src/xarm_ros2/xarm_moveit_config' with type 'ros.ament_cmake' and name 'xarm_moveit_config'
[0.346s] Level 1:colcon.colcon_core.package_identification:_identify(src/xarm_ros2/xarm_moveit_servo) by extensions ['ignore', 'ignore_ament_install']
[0.346s] Level 1:colcon.colcon_core.package_identification:_identify(src/xarm_ros2/xarm_moveit_servo) by extension 'ignore'
[0.346s] Level 1:colcon.colcon_core.package_identification:_identify(src/xarm_ros2/xarm_moveit_servo) by extension 'ignore_ament_install'
[0.346s] Level 1:colcon.colcon_core.package_identification:_identify(src/xarm_ros2/xarm_moveit_servo) by extensions ['colcon_pkg']
[0.346s] Level 1:colcon.colcon_core.package_identification:_identify(src/xarm_ros2/xarm_moveit_servo) by extension 'colcon_pkg'
[0.346s] Level 1:colcon.colcon_core.package_identification:_identify(src/xarm_ros2/xarm_moveit_servo) by extensions ['colcon_meta']
[0.346s] Level 1:colcon.colcon_core.package_identification:_identify(src/xarm_ros2/xarm_moveit_servo) by extension 'colcon_meta'
[0.346s] Level 1:colcon.colcon_core.package_identification:_identify(src/xarm_ros2/xarm_moveit_servo) by extensions ['ros']
[0.346s] Level 1:colcon.colcon_core.package_identification:_identify(src/xarm_ros2/xarm_moveit_servo) by extension 'ros'
[0.347s] DEBUG:colcon.colcon_core.package_identification:Package 'src/xarm_ros2/xarm_moveit_servo' with type 'ros.ament_cmake' and name 'xarm_moveit_servo'
[0.347s] Level 1:colcon.colcon_core.package_identification:_identify(src/xarm_ros2/xarm_msgs) by extensions ['ignore', 'ignore_ament_install']
[0.347s] Level 1:colcon.colcon_core.package_identification:_identify(src/xarm_ros2/xarm_msgs) by extension 'ignore'
[0.347s] Level 1:colcon.colcon_core.package_identification:_identify(src/xarm_ros2/xarm_msgs) by extension 'ignore_ament_install'
[0.347s] Level 1:colcon.colcon_core.package_identification:_identify(src/xarm_ros2/xarm_msgs) by extensions ['colcon_pkg']
[0.347s] Level 1:colcon.colcon_core.package_identification:_identify(src/xarm_ros2/xarm_msgs) by extension 'colcon_pkg'
[0.347s] Level 1:colcon.colcon_core.package_identification:_identify(src/xarm_ros2/xarm_msgs) by extensions ['colcon_meta']
[0.347s] Level 1:colcon.colcon_core.package_identification:_identify(src/xarm_ros2/xarm_msgs) by extension 'colcon_meta'
[0.347s] Level 1:colcon.colcon_core.package_identification:_identify(src/xarm_ros2/xarm_msgs) by extensions ['ros']
[0.347s] Level 1:colcon.colcon_core.package_identification:_identify(src/xarm_ros2/xarm_msgs) by extension 'ros'
[0.352s] DEBUG:colcon.colcon_core.package_identification:Package 'src/xarm_ros2/xarm_msgs' with type 'ros.ament_cmake' and name 'xarm_msgs'
[0.352s] Level 1:colcon.colcon_core.package_identification:_identify(src/xarm_ros2/xarm_planner) by extensions ['ignore', 'ignore_ament_install']
[0.352s] Level 1:colcon.colcon_core.package_identification:_identify(src/xarm_ros2/xarm_planner) by extension 'ignore'
[0.353s] Level 1:colcon.colcon_core.package_identification:_identify(src/xarm_ros2/xarm_planner) by extension 'ignore_ament_install'
[0.353s] Level 1:colcon.colcon_core.package_identification:_identify(src/xarm_ros2/xarm_planner) by extensions ['colcon_pkg']
[0.353s] Level 1:colcon.colcon_core.package_identification:_identify(src/xarm_ros2/xarm_planner) by extension 'colcon_pkg'
[0.353s] Level 1:colcon.colcon_core.package_identification:_identify(src/xarm_ros2/xarm_planner) by extensions ['colcon_meta']
[0.353s] Level 1:colcon.colcon_core.package_identification:_identify(src/xarm_ros2/xarm_planner) by extension 'colcon_meta'
[0.353s] Level 1:colcon.colcon_core.package_identification:_identify(src/xarm_ros2/xarm_planner) by extensions ['ros']
[0.353s] Level 1:colcon.colcon_core.package_identification:_identify(src/xarm_ros2/xarm_planner) by extension 'ros'
[0.353s] DEBUG:colcon.colcon_core.package_identification:Package 'src/xarm_ros2/xarm_planner' with type 'ros.ament_cmake' and name 'xarm_planner'
[0.354s] Level 1:colcon.colcon_core.package_identification:_identify(src/xarm_ros2/xarm_sdk) by extensions ['ignore', 'ignore_ament_install']
[0.354s] Level 1:colcon.colcon_core.package_identification:_identify(src/xarm_ros2/xarm_sdk) by extension 'ignore'
[0.354s] Level 1:colcon.colcon_core.package_identification:_identify(src/xarm_ros2/xarm_sdk) by extension 'ignore_ament_install'
[0.354s] Level 1:colcon.colcon_core.package_identification:_identify(src/xarm_ros2/xarm_sdk) by extensions ['colcon_pkg']
[0.354s] Level 1:colcon.colcon_core.package_identification:_identify(src/xarm_ros2/xarm_sdk) by extension 'colcon_pkg'
[0.354s] Level 1:colcon.colcon_core.package_identification:_identify(src/xarm_ros2/xarm_sdk) by extensions ['colcon_meta']
[0.354s] Level 1:colcon.colcon_core.package_identification:_identify(src/xarm_ros2/xarm_sdk) by extension 'colcon_meta'
[0.354s] Level 1:colcon.colcon_core.package_identification:_identify(src/xarm_ros2/xarm_sdk) by extensions ['ros']
[0.354s] Level 1:colcon.colcon_core.package_identification:_identify(src/xarm_ros2/xarm_sdk) by extension 'ros'
[0.354s] DEBUG:colcon.colcon_core.package_identification:Package 'src/xarm_ros2/xarm_sdk' with type 'ros.ament_cmake' and name 'xarm_sdk'
[0.354s] Level 1:colcon.colcon_core.package_identification:_identify(src/xarm_ros2/xarm_vision) by extensions ['ignore', 'ignore_ament_install']
[0.354s] Level 1:colcon.colcon_core.package_identification:_identify(src/xarm_ros2/xarm_vision) by extension 'ignore'
[0.354s] Level 1:colcon.colcon_core.package_identification:_identify(src/xarm_ros2/xarm_vision) by extension 'ignore_ament_install'
[0.354s] Level 1:colcon.colcon_core.package_identification:_identify(src/xarm_ros2/xarm_vision) by extensions ['colcon_pkg']
[0.354s] Level 1:colcon.colcon_core.package_identification:_identify(src/xarm_ros2/xarm_vision) by extension 'colcon_pkg'
[0.354s] Level 1:colcon.colcon_core.package_identification:_identify(src/xarm_ros2/xarm_vision) by extensions ['colcon_meta']
[0.354s] Level 1:colcon.colcon_core.package_identification:_identify(src/xarm_ros2/xarm_vision) by extension 'colcon_meta'
[0.354s] Level 1:colcon.colcon_core.package_identification:_identify(src/xarm_ros2/xarm_vision) by extensions ['ros']
[0.354s] Level 1:colcon.colcon_core.package_identification:_identify(src/xarm_ros2/xarm_vision) by extension 'ros'
[0.354s] Level 1:colcon.colcon_core.package_identification:_identify(src/xarm_ros2/xarm_vision) by extensions ['cmake', 'python']
[0.354s] Level 1:colcon.colcon_core.package_identification:_identify(src/xarm_ros2/xarm_vision) by extension 'cmake'
[0.355s] Level 1:colcon.colcon_core.package_identification:_identify(src/xarm_ros2/xarm_vision) by extension 'python'
[0.355s] Level 1:colcon.colcon_core.package_identification:_identify(src/xarm_ros2/xarm_vision) by extensions ['python_setup_py']
[0.355s] Level 1:colcon.colcon_core.package_identification:_identify(src/xarm_ros2/xarm_vision) by extension 'python_setup_py'
[0.355s] Level 1:colcon.colcon_core.package_identification:_identify(src/xarm_ros2/xarm_vision/d435i_xarm_setup) by extensions ['ignore', 'ignore_ament_install']
[0.355s] Level 1:colcon.colcon_core.package_identification:_identify(src/xarm_ros2/xarm_vision/d435i_xarm_setup) by extension 'ignore'
[0.355s] Level 1:colcon.colcon_core.package_identification:_identify(src/xarm_ros2/xarm_vision/d435i_xarm_setup) by extension 'ignore_ament_install'
[0.355s] Level 1:colcon.colcon_core.package_identification:_identify(src/xarm_ros2/xarm_vision/d435i_xarm_setup) by extensions ['colcon_pkg']
[0.355s] Level 1:colcon.colcon_core.package_identification:_identify(src/xarm_ros2/xarm_vision/d435i_xarm_setup) by extension 'colcon_pkg'
[0.355s] Level 1:colcon.colcon_core.package_identification:_identify(src/xarm_ros2/xarm_vision/d435i_xarm_setup) by extensions ['colcon_meta']
[0.355s] Level 1:colcon.colcon_core.package_identification:_identify(src/xarm_ros2/xarm_vision/d435i_xarm_setup) by extension 'colcon_meta'
[0.355s] Level 1:colcon.colcon_core.package_identification:_identify(src/xarm_ros2/xarm_vision/d435i_xarm_setup) by extensions ['ros']
[0.355s] Level 1:colcon.colcon_core.package_identification:_identify(src/xarm_ros2/xarm_vision/d435i_xarm_setup) by extension 'ros'
[0.356s] DEBUG:colcon.colcon_core.package_identification:Package 'src/xarm_ros2/xarm_vision/d435i_xarm_setup' with type 'ros.ament_cmake' and name 'd435i_xarm_setup'
[0.356s] Level 1:colcon.colcon_core.package_discovery:discover_packages(recursive) using defaults
[0.356s] Level 1:colcon.colcon_core.package_discovery:discover_packages(ignore) discover
[0.356s] Level 1:colcon.colcon_core.package_discovery:discover_packages(ignore) using defaults
[0.356s] Level 1:colcon.colcon_core.package_discovery:discover_packages(path) discover
[0.356s] Level 1:colcon.colcon_core.package_discovery:discover_packages(path) using defaults
[0.379s] INFO:colcon.colcon_core.package_selection:Skipping not selected package 'mbot_demo' in 'src/xarm_ros2/demo/mbot_demo'
[0.379s] INFO:colcon.colcon_core.package_selection:Skipping not selected package 'my_robot_conroller' in 'src/my_robot_controller'
[0.379s] INFO:colcon.colcon_core.package_selection:Skipping not selected package 'mycobot_bringup' in 'src/mycobot_ros2/mycobot_bringup'
[0.379s] INFO:colcon.colcon_core.package_selection:Skipping not selected package 'mycobot_description' in 'src/mycobot_ros2/mycobot_description'
[0.379s] INFO:colcon.colcon_core.package_selection:Skipping not selected package 'mycobot_gazebo' in 'src/mycobot_ros2/mycobot_gazebo'
[0.379s] INFO:colcon.colcon_core.package_selection:Skipping not selected package 'mycobot_interfaces' in 'src/mycobot_ros2/mycobot_interfaces'
[0.379s] INFO:colcon.colcon_core.package_selection:Skipping not selected package 'mycobot_moveit_config' in 'src/mycobot_ros2/mycobot_moveit_config'
[0.379s] INFO:colcon.colcon_core.package_selection:Skipping not selected package 'mycobot_moveit_demos' in 'src/mycobot_ros2/mycobot_moveit_demos'
[0.379s] INFO:colcon.colcon_core.package_selection:Skipping not selected package 'mycobot_mtc_demos' in 'src/mycobot_ros2/mycobot_mtc_demos'
[0.379s] INFO:colcon.colcon_core.package_selection:Skipping not selected package 'mycobot_system_tests' in 'src/mycobot_ros2/mycobot_system_tests'
[0.379s] INFO:colcon.colcon_core.package_selection:Skipping not selected package 'realsense_gazebo_plugin' in 'src/xarm_ros2/thirdparty/realsense_gazebo_plugin'
[0.379s] INFO:colcon.colcon_core.package_selection:Skipping not selected package 'uf_ros_lib' in 'src/xarm_ros2/uf_ros_lib'
[0.379s] INFO:colcon.colcon_core.package_selection:Skipping not selected package 'xarm_msgs' in 'src/xarm_ros2/xarm_msgs'
[0.379s] INFO:colcon.colcon_core.package_selection:Skipping not selected package 'xarm_sdk' in 'src/xarm_ros2/xarm_sdk'
[0.379s] INFO:colcon.colcon_core.package_selection:Skipping not selected package 'mycobot_mtc_pick_place_demo' in 'src/mycobot_ros2/mycobot_mtc_pick_place_demo'
[0.379s] INFO:colcon.colcon_core.package_selection:Skipping not selected package 'mycobot_ros2' in 'src/mycobot_ros2/mycobot_ros2'
[0.379s] INFO:colcon.colcon_core.package_selection:Skipping not selected package 'xarm_api' in 'src/xarm_ros2/xarm_api'
[0.379s] INFO:colcon.colcon_core.package_selection:Skipping not selected package 'd435i_xarm_setup' in 'src/xarm_ros2/xarm_vision/d435i_xarm_setup'
[0.379s] INFO:colcon.colcon_core.package_selection:Skipping not selected package 'xarm_controller' in 'src/xarm_ros2/xarm_controller'
[0.379s] INFO:colcon.colcon_core.package_selection:Skipping not selected package 'xarm_moveit_config' in 'src/xarm_ros2/xarm_moveit_config'
[0.379s] INFO:colcon.colcon_core.package_selection:Skipping not selected package 'xarm_moveit_servo' in 'src/xarm_ros2/xarm_moveit_servo'
[0.379s] INFO:colcon.colcon_core.package_selection:Skipping not selected package 'xarm_planner' in 'src/xarm_ros2/xarm_planner'
[0.380s] Level 1:colcon.colcon_core.package_discovery:discover_packages(prefix_path) check parameters
[0.380s] Level 1:colcon.colcon_core.package_discovery:discover_packages(prefix_path) discover
[0.382s] DEBUG:colcon.colcon_installed_package_information.package_discovery:Found 23 installed packages in /home/alberto/ros2_ws/install
[0.383s] DEBUG:colcon.colcon_installed_package_information.package_discovery:Found 394 installed packages in /opt/ros/humble
[0.384s] Level 1:colcon.colcon_core.package_discovery:discover_packages(prefix_path) using defaults
[0.424s] WARNING:colcon.colcon_core.package_selection:Some selected packages are already built in one or more underlay workspaces:
	'xarm_gazebo' is in: /home/alberto/ros2_ws/install/xarm_gazebo
	'xarm_description' is in: /home/alberto/ros2_ws/install/xarm_description
If a package in a merged underlay workspace is overridden and it installs headers, then all packages in the overlay must sort their include directories by workspace order. Failure to do so may result in build failures or undefined behavior at run time.
If the overridden package is used by another package in any underlay, then the overriding package in the overlay must be API and ABI compatible or undefined behavior at run time may occur.

If you understand the risks and want to override a package anyways, add the following to the command line:
	--allow-overriding xarm_description xarm_gazebo

This may be promoted to an error in a future release of colcon-override-check.
[0.424s] Level 5:colcon.colcon_core.verb:set package 'xarm_description' build argument 'cmake_args' from command line to 'None'
[0.424s] Level 5:colcon.colcon_core.verb:set package 'xarm_description' build argument 'cmake_target' from command line to 'None'
[0.424s] Level 5:colcon.colcon_core.verb:set package 'xarm_description' build argument 'cmake_target_skip_unavailable' from command line to 'False'
[0.425s] Level 5:colcon.colcon_core.verb:set package 'xarm_description' build argument 'cmake_clean_cache' from command line to 'False'
[0.425s] Level 5:colcon.colcon_core.verb:set package 'xarm_description' build argument 'cmake_clean_first' from command line to 'False'
[0.425s] Level 5:colcon.colcon_core.verb:set package 'xarm_description' build argument 'cmake_force_configure' from command line to 'False'
[0.425s] Level 5:colcon.colcon_core.verb:set package 'xarm_description' build argument 'ament_cmake_args' from command line to 'None'
[0.425s] Level 5:colcon.colcon_core.verb:set package 'xarm_description' build argument 'catkin_cmake_args' from command line to 'None'
[0.425s] Level 5:colcon.colcon_core.verb:set package 'xarm_description' build argument 'catkin_skip_building_tests' from command line to 'False'
[0.425s] DEBUG:colcon.colcon_core.verb:Building package 'xarm_description' with the following arguments: {'ament_cmake_args': None, 'build_base': '/home/alberto/ros2_ws/build/xarm_description', 'catkin_cmake_args': None, 'catkin_skip_building_tests': False, 'cmake_args': None, 'cmake_clean_cache': False, 'cmake_clean_first': False, 'cmake_force_configure': False, 'cmake_target': None, 'cmake_target_skip_unavailable': False, 'install_base': '/home/alberto/ros2_ws/install/xarm_description', 'merge_install': False, 'path': '/home/alberto/ros2_ws/src/xarm_ros2/xarm_description', 'symlink_install': False, 'test_result_base': None}
[0.425s] Level 5:colcon.colcon_core.verb:set package 'xarm_gazebo' build argument 'cmake_args' from command line to 'None'
[0.425s] Level 5:colcon.colcon_core.verb:set package 'xarm_gazebo' build argument 'cmake_target' from command line to 'None'
[0.425s] Level 5:colcon.colcon_core.verb:set package 'xarm_gazebo' build argument 'cmake_target_skip_unavailable' from command line to 'False'
[0.425s] Level 5:colcon.colcon_core.verb:set package 'xarm_gazebo' build argument 'cmake_clean_cache' from command line to 'False'
[0.425s] Level 5:colcon.colcon_core.verb:set package 'xarm_gazebo' build argument 'cmake_clean_first' from command line to 'False'
[0.425s] Level 5:colcon.colcon_core.verb:set package 'xarm_gazebo' build argument 'cmake_force_configure' from command line to 'False'
[0.425s] Level 5:colcon.colcon_core.verb:set package 'xarm_gazebo' build argument 'ament_cmake_args' from command line to 'None'
[0.425s] Level 5:colcon.colcon_core.verb:set package 'xarm_gazebo' build argument 'catkin_cmake_args' from command line to 'None'
[0.425s] Level 5:colcon.colcon_core.verb:set package 'xarm_gazebo' build argument 'catkin_skip_building_tests' from command line to 'False'
[0.425s] DEBUG:colcon.colcon_core.verb:Building package 'xarm_gazebo' with the following arguments: {'ament_cmake_args': None, 'build_base': '/home/alberto/ros2_ws/build/xarm_gazebo', 'catkin_cmake_args': None, 'catkin_skip_building_tests': False, 'cmake_args': None, 'cmake_clean_cache': False, 'cmake_clean_first': False, 'cmake_force_configure': False, 'cmake_target': None, 'cmake_target_skip_unavailable': False, 'install_base': '/home/alberto/ros2_ws/install/xarm_gazebo', 'merge_install': False, 'path': '/home/alberto/ros2_ws/src/xarm_ros2/xarm_gazebo', 'symlink_install': False, 'test_result_base': None}
[0.425s] INFO:colcon.colcon_core.executor:Executing jobs using 'parallel' executor
[0.426s] DEBUG:colcon.colcon_parallel_executor.executor.parallel:run_until_complete
[0.426s] INFO:colcon.colcon_ros.task.ament_cmake.build:Building ROS package in '/home/alberto/ros2_ws/src/xarm_ros2/xarm_description' with build type 'ament_cmake'
[0.426s] INFO:colcon.colcon_cmake.task.cmake.build:Building CMake package in '/home/alberto/ros2_ws/src/xarm_ros2/xarm_description'
[0.429s] INFO:colcon.colcon_core.plugin_system:Skipping extension 'colcon_core.shell.bat': Not used on non-Windows systems
[0.429s] INFO:colcon.colcon_core.shell:Skip shell extension 'powershell' for command environment: Not usable outside of PowerShell
[0.429s] DEBUG:colcon.colcon_core.shell:Skip shell extension 'dsv' for command environment
[0.439s] DEBUG:colcon.colcon_core.event_handler.log_command:Invoking command in '/home/alberto/ros2_ws/build/xarm_description': CMAKE_PREFIX_PATH=${CMAKE_PREFIX_PATH}:/home/alberto/ros2_ws/install/xarm_sdk:/home/alberto/ros2_ws/install/xarm_description:/home/alberto/ros2_ws/install/uf_ros_lib:/home/alberto/ros2_ws/install/realsense_gazebo_plugin:/home/alberto/ros2_ws/install/mycobot_system_tests:/home/alberto/ros2_ws/install/mycobot_moveit_config:/home/alberto/ros2_ws/install/mycobot_description:/home/alberto/ros2_ws/install/mycobot_bringup:/home/alberto/ros2_ws/install/my_robot_conroller:/home/alberto/ros2_ws/install/mbot_demo:/opt/ros/humble /usr/bin/cmake --build /home/alberto/ros2_ws/build/xarm_description -- -j16 -l16
[0.593s] DEBUG:colcon.colcon_core.event_handler.log_command:Invoked command in '/home/alberto/ros2_ws/build/xarm_description' returned '0': CMAKE_PREFIX_PATH=${CMAKE_PREFIX_PATH}:/home/alberto/ros2_ws/install/xarm_sdk:/home/alberto/ros2_ws/install/xarm_description:/home/alberto/ros2_ws/install/uf_ros_lib:/home/alberto/ros2_ws/install/realsense_gazebo_plugin:/home/alberto/ros2_ws/install/mycobot_system_tests:/home/alberto/ros2_ws/install/mycobot_moveit_config:/home/alberto/ros2_ws/install/mycobot_description:/home/alberto/ros2_ws/install/mycobot_bringup:/home/alberto/ros2_ws/install/my_robot_conroller:/home/alberto/ros2_ws/install/mbot_demo:/opt/ros/humble /usr/bin/cmake --build /home/alberto/ros2_ws/build/xarm_description -- -j16 -l16
[0.612s] DEBUG:colcon.colcon_core.event_handler.log_command:Invoking command in '/home/alberto/ros2_ws/build/xarm_description': CMAKE_PREFIX_PATH=${CMAKE_PREFIX_PATH}:/home/alberto/ros2_ws/install/xarm_sdk:/home/alberto/ros2_ws/install/xarm_description:/home/alberto/ros2_ws/install/uf_ros_lib:/home/alberto/ros2_ws/install/realsense_gazebo_plugin:/home/alberto/ros2_ws/install/mycobot_system_tests:/home/alberto/ros2_ws/install/mycobot_moveit_config:/home/alberto/ros2_ws/install/mycobot_description:/home/alberto/ros2_ws/install/mycobot_bringup:/home/alberto/ros2_ws/install/my_robot_conroller:/home/alberto/ros2_ws/install/mbot_demo:/opt/ros/humble /usr/bin/cmake --install /home/alberto/ros2_ws/build/xarm_description
[0.754s] Level 1:colcon.colcon_core.environment:create_environment_scripts_only(xarm_description)
[0.754s] DEBUG:colcon.colcon_core.event_handler.log_command:Invoked command in '/home/alberto/ros2_ws/build/xarm_description' returned '0': CMAKE_PREFIX_PATH=${CMAKE_PREFIX_PATH}:/home/alberto/ros2_ws/install/xarm_sdk:/home/alberto/ros2_ws/install/xarm_description:/home/alberto/ros2_ws/install/uf_ros_lib:/home/alberto/ros2_ws/install/realsense_gazebo_plugin:/home/alberto/ros2_ws/install/mycobot_system_tests:/home/alberto/ros2_ws/install/mycobot_moveit_config:/home/alberto/ros2_ws/install/mycobot_description:/home/alberto/ros2_ws/install/mycobot_bringup:/home/alberto/ros2_ws/install/my_robot_conroller:/home/alberto/ros2_ws/install/mbot_demo:/opt/ros/humble /usr/bin/cmake --install /home/alberto/ros2_ws/build/xarm_description
[0.771s] Level 1:colcon.colcon_core.environment:checking '/home/alberto/ros2_ws/install/xarm_description' for CMake module files
[0.775s] Level 1:colcon.colcon_core.environment:checking '/home/alberto/ros2_ws/install/xarm_description' for CMake config files
[0.783s] Level 1:colcon.colcon_core.shell:create_environment_hook('xarm_description', 'cmake_prefix_path')
[0.783s] INFO:colcon.colcon_core.shell:Creating environment hook '/home/alberto/ros2_ws/install/xarm_description/share/xarm_description/hook/cmake_prefix_path.ps1'
[0.786s] INFO:colcon.colcon_core.shell:Creating environment descriptor '/home/alberto/ros2_ws/install/xarm_description/share/xarm_description/hook/cmake_prefix_path.dsv'
[0.787s] INFO:colcon.colcon_core.shell:Creating environment hook '/home/alberto/ros2_ws/install/xarm_description/share/xarm_description/hook/cmake_prefix_path.sh'
[0.789s] Level 1:colcon.colcon_core.environment:checking '/home/alberto/ros2_ws/install/xarm_description/bin'
[0.789s] Level 1:colcon.colcon_core.environment:checking '/home/alberto/ros2_ws/install/xarm_description/lib/pkgconfig/xarm_description.pc'
[0.789s] Level 1:colcon.colcon_core.environment:checking '/home/alberto/ros2_ws/install/xarm_description/lib/python3.10/site-packages'
[0.790s] Level 1:colcon.colcon_core.environment:checking '/home/alberto/ros2_ws/install/xarm_description/bin'
[0.790s] INFO:colcon.colcon_core.shell:Creating package script '/home/alberto/ros2_ws/install/xarm_description/share/xarm_description/package.ps1'
[0.792s] INFO:colcon.colcon_core.shell:Creating package descriptor '/home/alberto/ros2_ws/install/xarm_description/share/xarm_description/package.dsv'
[0.792s] INFO:colcon.colcon_core.shell:Creating package script '/home/alberto/ros2_ws/install/xarm_description/share/xarm_description/package.sh'
[0.793s] INFO:colcon.colcon_core.shell:Creating package script '/home/alberto/ros2_ws/install/xarm_description/share/xarm_description/package.bash'
[0.794s] INFO:colcon.colcon_core.shell:Creating package script '/home/alberto/ros2_ws/install/xarm_description/share/xarm_description/package.zsh'
[0.795s] Level 1:colcon.colcon_core.environment:create_file_with_runtime_dependencies(/home/alberto/ros2_ws/install/xarm_description/share/colcon-core/packages/xarm_description)
[0.795s] Level 1:colcon.colcon_core.environment:create_environment_scripts_only(xarm_description)
[0.796s] Level 1:colcon.colcon_core.environment:checking '/home/alberto/ros2_ws/install/xarm_description' for CMake module files
[0.796s] Level 1:colcon.colcon_core.environment:checking '/home/alberto/ros2_ws/install/xarm_description' for CMake config files
[0.797s] Level 1:colcon.colcon_core.shell:create_environment_hook('xarm_description', 'cmake_prefix_path')
[0.797s] INFO:colcon.colcon_core.shell:Creating environment hook '/home/alberto/ros2_ws/install/xarm_description/share/xarm_description/hook/cmake_prefix_path.ps1'
[0.798s] INFO:colcon.colcon_core.shell:Creating environment descriptor '/home/alberto/ros2_ws/install/xarm_description/share/xarm_description/hook/cmake_prefix_path.dsv'
[0.798s] INFO:colcon.colcon_core.shell:Creating environment hook '/home/alberto/ros2_ws/install/xarm_description/share/xarm_description/hook/cmake_prefix_path.sh'
[0.798s] Level 1:colcon.colcon_core.environment:checking '/home/alberto/ros2_ws/install/xarm_description/bin'
[0.798s] Level 1:colcon.colcon_core.environment:checking '/home/alberto/ros2_ws/install/xarm_description/lib/pkgconfig/xarm_description.pc'
[0.798s] Level 1:colcon.colcon_core.environment:checking '/home/alberto/ros2_ws/install/xarm_description/lib/python3.10/site-packages'
[0.798s] Level 1:colcon.colcon_core.environment:checking '/home/alberto/ros2_ws/install/xarm_description/bin'
[0.799s] INFO:colcon.colcon_core.shell:Creating package script '/home/alberto/ros2_ws/install/xarm_description/share/xarm_description/package.ps1'
[0.799s] INFO:colcon.colcon_core.shell:Creating package descriptor '/home/alberto/ros2_ws/install/xarm_description/share/xarm_description/package.dsv'
[0.799s] INFO:colcon.colcon_core.shell:Creating package script '/home/alberto/ros2_ws/install/xarm_description/share/xarm_description/package.sh'
[0.799s] INFO:colcon.colcon_core.shell:Creating package script '/home/alberto/ros2_ws/install/xarm_description/share/xarm_description/package.bash'
[0.800s] INFO:colcon.colcon_core.shell:Creating package script '/home/alberto/ros2_ws/install/xarm_description/share/xarm_description/package.zsh'
[0.800s] Level 1:colcon.colcon_core.environment:create_file_with_runtime_dependencies(/home/alberto/ros2_ws/install/xarm_description/share/colcon-core/packages/xarm_description)
[0.800s] INFO:colcon.colcon_ros.task.ament_cmake.build:Building ROS package in '/home/alberto/ros2_ws/src/xarm_ros2/xarm_gazebo' with build type 'ament_cmake'
[0.800s] INFO:colcon.colcon_cmake.task.cmake.build:Building CMake package in '/home/alberto/ros2_ws/src/xarm_ros2/xarm_gazebo'
[0.800s] INFO:colcon.colcon_core.shell:Skip shell extension 'powershell' for command environment: Not usable outside of PowerShell
[0.800s] DEBUG:colcon.colcon_core.shell:Skip shell extension 'dsv' for command environment
[0.835s] DEBUG:colcon.colcon_core.event_handler.log_command:Invoking command in '/home/alberto/ros2_ws/build/xarm_gazebo': AMENT_PREFIX_PATH=/home/alberto/ros2_ws/install/uf_ros_lib:/home/alberto/ros2_ws/install/xarm_planner:/home/alberto/ros2_ws/install/xarm_moveit_servo:/home/alberto/ros2_ws/install/xarm_moveit_config:/home/alberto/ros2_ws/install/xarm_gazebo:/home/alberto/ros2_ws/install/xarm_controller:/home/alberto/ros2_ws/install/d435i_xarm_setup:/home/alberto/ros2_ws/install/xarm_api:/home/alberto/ros2_ws/install/xarm_sdk:/home/alberto/ros2_ws/install/xarm_msgs:/home/alberto/ros2_ws/install/xarm_description:/home/alberto/ros2_ws/install/realsense_gazebo_plugin:/home/alberto/ros2_ws/install/mycobot_ros2:/home/alberto/ros2_ws/install/mycobot_system_tests:/home/alberto/ros2_ws/install/mycobot_moveit_config:/home/alberto/ros2_ws/install/mycobot_interfaces:/home/alberto/ros2_ws/install/mycobot_gazebo:/home/alberto/ros2_ws/install/mycobot_description:/home/alberto/ros2_ws/install/mycobot_bringup:/home/alberto/ros2_ws/install/my_robot_conroller:/home/alberto/ros2_ws/install/mbot_demo:/opt/ros/humble CMAKE_PREFIX_PATH=/home/alberto/ros2_ws/install/xarm_controller:/home/alberto/ros2_ws/install/xarm_api:/home/alberto/ros2_ws/install/xarm_sdk:/home/alberto/ros2_ws/install/xarm_msgs:/home/alberto/ros2_ws/install/xarm_description:/home/alberto/ros2_ws/install/xarm_planner:/home/alberto/ros2_ws/install/xarm_moveit_servo:/home/alberto/ros2_ws/install/xarm_moveit_config:/home/alberto/ros2_ws/install/xarm_gazebo:/home/alberto/ros2_ws/install/d435i_xarm_setup:/home/alberto/ros2_ws/install/mycobot_ros2:/home/alberto/ros2_ws/install/mycobot_interfaces:/home/alberto/ros2_ws/install/mycobot_gazebo:/home/alberto/ros2_ws/install/uf_ros_lib:/home/alberto/ros2_ws/install/realsense_gazebo_plugin:/home/alberto/ros2_ws/install/mycobot_system_tests:/home/alberto/ros2_ws/install/mycobot_moveit_config:/home/alberto/ros2_ws/install/mycobot_description:/home/alberto/ros2_ws/install/mycobot_bringup:/home/alberto/ros2_ws/install/my_robot_conroller:/home/alberto/ros2_ws/install/mbot_demo:/opt/ros/humble LD_LIBRARY_PATH=/home/alberto/ros2_ws/install/xarm_controller/lib:/home/alberto/ros2_ws/install/xarm_api/lib:/home/alberto/ros2_ws/install/xarm_sdk/lib:/home/alberto/ros2_ws/install/xarm_msgs/lib:/home/alberto/ros2_ws/install/xarm_planner/lib:/home/alberto/ros2_ws/install/xarm_moveit_servo/lib:/home/alberto/ros2_ws/install/xarm_gazebo/lib:/home/alberto/ros2_ws/install/realsense_gazebo_plugin/lib:/home/alberto/ros2_ws/install/mycobot_interfaces/lib:/usr/lib/x86_64-linux-gnu/gazebo-11/plugins:/opt/ros/humble/opt/rviz_ogre_vendor/lib:/opt/ros/humble/lib/x86_64-linux-gnu:/opt/ros/humble/lib PYTHONPATH=/home/alberto/ros2_ws/install/uf_ros_lib/lib/python3.10/site-packages:/home/alberto/ros2_ws/install/xarm_msgs/local/lib/python3.10/dist-packages:/home/alberto/ros2_ws/install/mycobot_interfaces/local/lib/python3.10/dist-packages:/home/alberto/ros2_ws/install/my_robot_conroller/lib/python3.10/site-packages:/opt/ros/humble/lib/python3.10/site-packages:/opt/ros/humble/local/lib/python3.10/dist-packages /usr/bin/cmake --build /home/alberto/ros2_ws/build/xarm_gazebo -- -j16 -l16
[9.799s] DEBUG:colcon.colcon_core.event_handler.log_command:Invoked command in '/home/alberto/ros2_ws/build/xarm_gazebo' returned '0': AMENT_PREFIX_PATH=/home/alberto/ros2_ws/install/uf_ros_lib:/home/alberto/ros2_ws/install/xarm_planner:/home/alberto/ros2_ws/install/xarm_moveit_servo:/home/alberto/ros2_ws/install/xarm_moveit_config:/home/alberto/ros2_ws/install/xarm_gazebo:/home/alberto/ros2_ws/install/xarm_controller:/home/alberto/ros2_ws/install/d435i_xarm_setup:/home/alberto/ros2_ws/install/xarm_api:/home/alberto/ros2_ws/install/xarm_sdk:/home/alberto/ros2_ws/install/xarm_msgs:/home/alberto/ros2_ws/install/xarm_description:/home/alberto/ros2_ws/install/realsense_gazebo_plugin:/home/alberto/ros2_ws/install/mycobot_ros2:/home/alberto/ros2_ws/install/mycobot_system_tests:/home/alberto/ros2_ws/install/mycobot_moveit_config:/home/alberto/ros2_ws/install/mycobot_interfaces:/home/alberto/ros2_ws/install/mycobot_gazebo:/home/alberto/ros2_ws/install/mycobot_description:/home/alberto/ros2_ws/install/mycobot_bringup:/home/alberto/ros2_ws/install/my_robot_conroller:/home/alberto/ros2_ws/install/mbot_demo:/opt/ros/humble CMAKE_PREFIX_PATH=/home/alberto/ros2_ws/install/xarm_controller:/home/alberto/ros2_ws/install/xarm_api:/home/alberto/ros2_ws/install/xarm_sdk:/home/alberto/ros2_ws/install/xarm_msgs:/home/alberto/ros2_ws/install/xarm_description:/home/alberto/ros2_ws/install/xarm_planner:/home/alberto/ros2_ws/install/xarm_moveit_servo:/home/alberto/ros2_ws/install/xarm_moveit_config:/home/alberto/ros2_ws/install/xarm_gazebo:/home/alberto/ros2_ws/install/d435i_xarm_setup:/home/alberto/ros2_ws/install/mycobot_ros2:/home/alberto/ros2_ws/install/mycobot_interfaces:/home/alberto/ros2_ws/install/mycobot_gazebo:/home/alberto/ros2_ws/install/uf_ros_lib:/home/alberto/ros2_ws/install/realsense_gazebo_plugin:/home/alberto/ros2_ws/install/mycobot_system_tests:/home/alberto/ros2_ws/install/mycobot_moveit_config:/home/alberto/ros2_ws/install/mycobot_description:/home/alberto/ros2_ws/install/mycobot_bringup:/home/alberto/ros2_ws/install/my_robot_conroller:/home/alberto/ros2_ws/install/mbot_demo:/opt/ros/humble LD_LIBRARY_PATH=/home/alberto/ros2_ws/install/xarm_controller/lib:/home/alberto/ros2_ws/install/xarm_api/lib:/home/alberto/ros2_ws/install/xarm_sdk/lib:/home/alberto/ros2_ws/install/xarm_msgs/lib:/home/alberto/ros2_ws/install/xarm_planner/lib:/home/alberto/ros2_ws/install/xarm_moveit_servo/lib:/home/alberto/ros2_ws/install/xarm_gazebo/lib:/home/alberto/ros2_ws/install/realsense_gazebo_plugin/lib:/home/alberto/ros2_ws/install/mycobot_interfaces/lib:/usr/lib/x86_64-linux-gnu/gazebo-11/plugins:/opt/ros/humble/opt/rviz_ogre_vendor/lib:/opt/ros/humble/lib/x86_64-linux-gnu:/opt/ros/humble/lib PYTHONPATH=/home/alberto/ros2_ws/install/uf_ros_lib/lib/python3.10/site-packages:/home/alberto/ros2_ws/install/xarm_msgs/local/lib/python3.10/dist-packages:/home/alberto/ros2_ws/install/mycobot_interfaces/local/lib/python3.10/dist-packages:/home/alberto/ros2_ws/install/my_robot_conroller/lib/python3.10/site-packages:/opt/ros/humble/lib/python3.10/site-packages:/opt/ros/humble/local/lib/python3.10/dist-packages /usr/bin/cmake --build /home/alberto/ros2_ws/build/xarm_gazebo -- -j16 -l16
[9.801s] DEBUG:colcon.colcon_core.event_handler.log_command:Invoking command in '/home/alberto/ros2_ws/build/xarm_gazebo': AMENT_PREFIX_PATH=/home/alberto/ros2_ws/install/uf_ros_lib:/home/alberto/ros2_ws/install/xarm_planner:/home/alberto/ros2_ws/install/xarm_moveit_servo:/home/alberto/ros2_ws/install/xarm_moveit_config:/home/alberto/ros2_ws/install/xarm_gazebo:/home/alberto/ros2_ws/install/xarm_controller:/home/alberto/ros2_ws/install/d435i_xarm_setup:/home/alberto/ros2_ws/install/xarm_api:/home/alberto/ros2_ws/install/xarm_sdk:/home/alberto/ros2_ws/install/xarm_msgs:/home/alberto/ros2_ws/install/xarm_description:/home/alberto/ros2_ws/install/realsense_gazebo_plugin:/home/alberto/ros2_ws/install/mycobot_ros2:/home/alberto/ros2_ws/install/mycobot_system_tests:/home/alberto/ros2_ws/install/mycobot_moveit_config:/home/alberto/ros2_ws/install/mycobot_interfaces:/home/alberto/ros2_ws/install/mycobot_gazebo:/home/alberto/ros2_ws/install/mycobot_description:/home/alberto/ros2_ws/install/mycobot_bringup:/home/alberto/ros2_ws/install/my_robot_conroller:/home/alberto/ros2_ws/install/mbot_demo:/opt/ros/humble CMAKE_PREFIX_PATH=/home/alberto/ros2_ws/install/xarm_controller:/home/alberto/ros2_ws/install/xarm_api:/home/alberto/ros2_ws/install/xarm_sdk:/home/alberto/ros2_ws/install/xarm_msgs:/home/alberto/ros2_ws/install/xarm_description:/home/alberto/ros2_ws/install/xarm_planner:/home/alberto/ros2_ws/install/xarm_moveit_servo:/home/alberto/ros2_ws/install/xarm_moveit_config:/home/alberto/ros2_ws/install/xarm_gazebo:/home/alberto/ros2_ws/install/d435i_xarm_setup:/home/alberto/ros2_ws/install/mycobot_ros2:/home/alberto/ros2_ws/install/mycobot_interfaces:/home/alberto/ros2_ws/install/mycobot_gazebo:/home/alberto/ros2_ws/install/uf_ros_lib:/home/alberto/ros2_ws/install/realsense_gazebo_plugin:/home/alberto/ros2_ws/install/mycobot_system_tests:/home/alberto/ros2_ws/install/mycobot_moveit_config:/home/alberto/ros2_ws/install/mycobot_description:/home/alberto/ros2_ws/install/mycobot_bringup:/home/alberto/ros2_ws/install/my_robot_conroller:/home/alberto/ros2_ws/install/mbot_demo:/opt/ros/humble LD_LIBRARY_PATH=/home/alberto/ros2_ws/install/xarm_controller/lib:/home/alberto/ros2_ws/install/xarm_api/lib:/home/alberto/ros2_ws/install/xarm_sdk/lib:/home/alberto/ros2_ws/install/xarm_msgs/lib:/home/alberto/ros2_ws/install/xarm_planner/lib:/home/alberto/ros2_ws/install/xarm_moveit_servo/lib:/home/alberto/ros2_ws/install/xarm_gazebo/lib:/home/alberto/ros2_ws/install/realsense_gazebo_plugin/lib:/home/alberto/ros2_ws/install/mycobot_interfaces/lib:/usr/lib/x86_64-linux-gnu/gazebo-11/plugins:/opt/ros/humble/opt/rviz_ogre_vendor/lib:/opt/ros/humble/lib/x86_64-linux-gnu:/opt/ros/humble/lib PYTHONPATH=/home/alberto/ros2_ws/install/uf_ros_lib/lib/python3.10/site-packages:/home/alberto/ros2_ws/install/xarm_msgs/local/lib/python3.10/dist-packages:/home/alberto/ros2_ws/install/mycobot_interfaces/local/lib/python3.10/dist-packages:/home/alberto/ros2_ws/install/my_robot_conroller/lib/python3.10/site-packages:/opt/ros/humble/lib/python3.10/site-packages:/opt/ros/humble/local/lib/python3.10/dist-packages /usr/bin/cmake --install /home/alberto/ros2_ws/build/xarm_gazebo
[9.821s] Level 1:colcon.colcon_core.environment:create_environment_scripts_only(xarm_gazebo)
[9.822s] Level 1:colcon.colcon_core.environment:checking '/home/alberto/ros2_ws/install/xarm_gazebo' for CMake module files
[9.823s] DEBUG:colcon.colcon_core.event_handler.log_command:Invoked command in '/home/alberto/ros2_ws/build/xarm_gazebo' returned '0': AMENT_PREFIX_PATH=/home/alberto/ros2_ws/install/uf_ros_lib:/home/alberto/ros2_ws/install/xarm_planner:/home/alberto/ros2_ws/install/xarm_moveit_servo:/home/alberto/ros2_ws/install/xarm_moveit_config:/home/alberto/ros2_ws/install/xarm_gazebo:/home/alberto/ros2_ws/install/xarm_controller:/home/alberto/ros2_ws/install/d435i_xarm_setup:/home/alberto/ros2_ws/install/xarm_api:/home/alberto/ros2_ws/install/xarm_sdk:/home/alberto/ros2_ws/install/xarm_msgs:/home/alberto/ros2_ws/install/xarm_description:/home/alberto/ros2_ws/install/realsense_gazebo_plugin:/home/alberto/ros2_ws/install/mycobot_ros2:/home/alberto/ros2_ws/install/mycobot_system_tests:/home/alberto/ros2_ws/install/mycobot_moveit_config:/home/alberto/ros2_ws/install/mycobot_interfaces:/home/alberto/ros2_ws/install/mycobot_gazebo:/home/alberto/ros2_ws/install/mycobot_description:/home/alberto/ros2_ws/install/mycobot_bringup:/home/alberto/ros2_ws/install/my_robot_conroller:/home/alberto/ros2_ws/install/mbot_demo:/opt/ros/humble CMAKE_PREFIX_PATH=/home/alberto/ros2_ws/install/xarm_controller:/home/alberto/ros2_ws/install/xarm_api:/home/alberto/ros2_ws/install/xarm_sdk:/home/alberto/ros2_ws/install/xarm_msgs:/home/alberto/ros2_ws/install/xarm_description:/home/alberto/ros2_ws/install/xarm_planner:/home/alberto/ros2_ws/install/xarm_moveit_servo:/home/alberto/ros2_ws/install/xarm_moveit_config:/home/alberto/ros2_ws/install/xarm_gazebo:/home/alberto/ros2_ws/install/d435i_xarm_setup:/home/alberto/ros2_ws/install/mycobot_ros2:/home/alberto/ros2_ws/install/mycobot_interfaces:/home/alberto/ros2_ws/install/mycobot_gazebo:/home/alberto/ros2_ws/install/uf_ros_lib:/home/alberto/ros2_ws/install/realsense_gazebo_plugin:/home/alberto/ros2_ws/install/mycobot_system_tests:/home/alberto/ros2_ws/install/mycobot_moveit_config:/home/alberto/ros2_ws/install/mycobot_description:/home/alberto/ros2_ws/install/mycobot_bringup:/home/alberto/ros2_ws/install/my_robot_conroller:/home/alberto/ros2_ws/install/mbot_demo:/opt/ros/humble LD_LIBRARY_PATH=/home/alberto/ros2_ws/install/xarm_controller/lib:/home/alberto/ros2_ws/install/xarm_api/lib:/home/alberto/ros2_ws/install/xarm_sdk/lib:/home/alberto/ros2_ws/install/xarm_msgs/lib:/home/alberto/ros2_ws/install/xarm_planner/lib:/home/alberto/ros2_ws/install/xarm_moveit_servo/lib:/home/alberto/ros2_ws/install/xarm_gazebo/lib:/home/alberto/ros2_ws/install/realsense_gazebo_plugin/lib:/home/alberto/ros2_ws/install/mycobot_interfaces/lib:/usr/lib/x86_64-linux-gnu/gazebo-11/plugins:/opt/ros/humble/opt/rviz_ogre_vendor/lib:/opt/ros/humble/lib/x86_64-linux-gnu:/opt/ros/humble/lib PYTHONPATH=/home/alberto/ros2_ws/install/uf_ros_lib/lib/python3.10/site-packages:/home/alberto/ros2_ws/install/xarm_msgs/local/lib/python3.10/dist-packages:/home/alberto/ros2_ws/install/mycobot_interfaces/local/lib/python3.10/dist-packages:/home/alberto/ros2_ws/install/my_robot_conroller/lib/python3.10/site-packages:/opt/ros/humble/lib/python3.10/site-packages:/opt/ros/humble/local/lib/python3.10/dist-packages /usr/bin/cmake --install /home/alberto/ros2_ws/build/xarm_gazebo
[9.823s] Level 1:colcon.colcon_core.environment:checking '/home/alberto/ros2_ws/install/xarm_gazebo' for CMake config files
[9.824s] Level 1:colcon.colcon_core.shell:create_environment_hook('xarm_gazebo', 'cmake_prefix_path')
[9.824s] INFO:colcon.colcon_core.shell:Creating environment hook '/home/alberto/ros2_ws/install/xarm_gazebo/share/xarm_gazebo/hook/cmake_prefix_path.ps1'
[9.825s] INFO:colcon.colcon_core.shell:Creating environment descriptor '/home/alberto/ros2_ws/install/xarm_gazebo/share/xarm_gazebo/hook/cmake_prefix_path.dsv'
[9.826s] INFO:colcon.colcon_core.shell:Creating environment hook '/home/alberto/ros2_ws/install/xarm_gazebo/share/xarm_gazebo/hook/cmake_prefix_path.sh'
[9.828s] Level 1:colcon.colcon_core.environment:checking '/home/alberto/ros2_ws/install/xarm_gazebo/lib'
[9.829s] Level 1:colcon.colcon_core.shell:create_environment_hook('xarm_gazebo', 'ld_library_path_lib')
[9.829s] INFO:colcon.colcon_core.shell:Creating environment hook '/home/alberto/ros2_ws/install/xarm_gazebo/share/xarm_gazebo/hook/ld_library_path_lib.ps1'
[9.830s] INFO:colcon.colcon_core.shell:Creating environment descriptor '/home/alberto/ros2_ws/install/xarm_gazebo/share/xarm_gazebo/hook/ld_library_path_lib.dsv'
[9.831s] INFO:colcon.colcon_core.shell:Creating environment hook '/home/alberto/ros2_ws/install/xarm_gazebo/share/xarm_gazebo/hook/ld_library_path_lib.sh'
[9.832s] Level 1:colcon.colcon_core.environment:checking '/home/alberto/ros2_ws/install/xarm_gazebo/bin'
[9.832s] Level 1:colcon.colcon_core.environment:checking '/home/alberto/ros2_ws/install/xarm_gazebo/lib/pkgconfig/xarm_gazebo.pc'
[9.832s] Level 1:colcon.colcon_core.environment:checking '/home/alberto/ros2_ws/install/xarm_gazebo/lib/python3.10/site-packages'
[9.833s] Level 1:colcon.colcon_core.environment:checking '/home/alberto/ros2_ws/install/xarm_gazebo/bin'
[9.833s] INFO:colcon.colcon_core.shell:Creating package script '/home/alberto/ros2_ws/install/xarm_gazebo/share/xarm_gazebo/package.ps1'
[9.834s] INFO:colcon.colcon_core.shell:Creating package descriptor '/home/alberto/ros2_ws/install/xarm_gazebo/share/xarm_gazebo/package.dsv'
[9.835s] INFO:colcon.colcon_core.shell:Creating package script '/home/alberto/ros2_ws/install/xarm_gazebo/share/xarm_gazebo/package.sh'
[9.835s] INFO:colcon.colcon_core.shell:Creating package script '/home/alberto/ros2_ws/install/xarm_gazebo/share/xarm_gazebo/package.bash'
[9.835s] INFO:colcon.colcon_core.shell:Creating package script '/home/alberto/ros2_ws/install/xarm_gazebo/share/xarm_gazebo/package.zsh'
[9.836s] Level 1:colcon.colcon_core.environment:create_file_with_runtime_dependencies(/home/alberto/ros2_ws/install/xarm_gazebo/share/colcon-core/packages/xarm_gazebo)
[9.836s] Level 1:colcon.colcon_core.environment:create_environment_scripts_only(xarm_gazebo)
[9.837s] Level 1:colcon.colcon_core.environment:checking '/home/alberto/ros2_ws/install/xarm_gazebo' for CMake module files
[9.837s] Level 1:colcon.colcon_core.environment:checking '/home/alberto/ros2_ws/install/xarm_gazebo' for CMake config files
[9.837s] Level 1:colcon.colcon_core.shell:create_environment_hook('xarm_gazebo', 'cmake_prefix_path')
[9.837s] INFO:colcon.colcon_core.shell:Creating environment hook '/home/alberto/ros2_ws/install/xarm_gazebo/share/xarm_gazebo/hook/cmake_prefix_path.ps1'
[9.838s] INFO:colcon.colcon_core.shell:Creating environment descriptor '/home/alberto/ros2_ws/install/xarm_gazebo/share/xarm_gazebo/hook/cmake_prefix_path.dsv'
[9.838s] INFO:colcon.colcon_core.shell:Creating environment hook '/home/alberto/ros2_ws/install/xarm_gazebo/share/xarm_gazebo/hook/cmake_prefix_path.sh'
[9.838s] Level 1:colcon.colcon_core.environment:checking '/home/alberto/ros2_ws/install/xarm_gazebo/lib'
[9.839s] Level 1:colcon.colcon_core.shell:create_environment_hook('xarm_gazebo', 'ld_library_path_lib')
[9.839s] INFO:colcon.colcon_core.shell:Creating environment hook '/home/alberto/ros2_ws/install/xarm_gazebo/share/xarm_gazebo/hook/ld_library_path_lib.ps1'
[9.839s] INFO:colcon.colcon_core.shell:Creating environment descriptor '/home/alberto/ros2_ws/install/xarm_gazebo/share/xarm_gazebo/hook/ld_library_path_lib.dsv'
[9.839s] INFO:colcon.colcon_core.shell:Creating environment hook '/home/alberto/ros2_ws/install/xarm_gazebo/share/xarm_gazebo/hook/ld_library_path_lib.sh'
[9.839s] Level 1:colcon.colcon_core.environment:checking '/home/alberto/ros2_ws/install/xarm_gazebo/bin'
[9.840s] Level 1:colcon.colcon_core.environment:checking '/home/alberto/ros2_ws/install/xarm_gazebo/lib/pkgconfig/xarm_gazebo.pc'
[9.840s] Level 1:colcon.colcon_core.environment:checking '/home/alberto/ros2_ws/install/xarm_gazebo/lib/python3.10/site-packages'
[9.840s] Level 1:colcon.colcon_core.environment:checking '/home/alberto/ros2_ws/install/xarm_gazebo/bin'
[9.840s] INFO:colcon.colcon_core.shell:Creating package script '/home/alberto/ros2_ws/install/xarm_gazebo/share/xarm_gazebo/package.ps1'
[9.841s] INFO:colcon.colcon_core.shell:Creating package descriptor '/home/alberto/ros2_ws/install/xarm_gazebo/share/xarm_gazebo/package.dsv'
[9.841s] INFO:colcon.colcon_core.shell:Creating package script '/home/alberto/ros2_ws/install/xarm_gazebo/share/xarm_gazebo/package.sh'
[9.841s] INFO:colcon.colcon_core.shell:Creating package script '/home/alberto/ros2_ws/install/xarm_gazebo/share/xarm_gazebo/package.bash'
[9.841s] INFO:colcon.colcon_core.shell:Creating package script '/home/alberto/ros2_ws/install/xarm_gazebo/share/xarm_gazebo/package.zsh'
[9.842s] Level 1:colcon.colcon_core.environment:create_file_with_runtime_dependencies(/home/alberto/ros2_ws/install/xarm_gazebo/share/colcon-core/packages/xarm_gazebo)
[9.842s] DEBUG:colcon.colcon_parallel_executor.executor.parallel:closing loop
[9.842s] DEBUG:colcon.colcon_parallel_executor.executor.parallel:loop closed
[9.842s] DEBUG:colcon.colcon_parallel_executor.executor.parallel:run_until_complete finished with '0'
[9.842s] DEBUG:colcon.colcon_core.event_reactor:joining thread
[9.849s] INFO:colcon.colcon_core.plugin_system:Skipping extension 'colcon_notification.desktop_notification.terminal_notifier': Not used on non-Darwin systems
[9.849s] INFO:colcon.colcon_core.plugin_system:Skipping extension 'colcon_notification.desktop_notification.win32': Not used on non-Windows systems
[9.849s] INFO:colcon.colcon_notification.desktop_notification:Sending desktop notification using 'notify2'
[9.870s] DEBUG:colcon.colcon_core.event_reactor:joined thread
[9.870s] INFO:colcon.colcon_core.shell:Creating prefix script '/home/alberto/ros2_ws/install/local_setup.ps1'
[9.871s] INFO:colcon.colcon_core.shell:Creating prefix util module '/home/alberto/ros2_ws/install/_local_setup_util_ps1.py'
[9.873s] INFO:colcon.colcon_core.shell:Creating prefix chain script '/home/alberto/ros2_ws/install/setup.ps1'
[9.875s] INFO:colcon.colcon_core.shell:Creating prefix script '/home/alberto/ros2_ws/install/local_setup.sh'
[9.875s] INFO:colcon.colcon_core.shell:Creating prefix util module '/home/alberto/ros2_ws/install/_local_setup_util_sh.py'
[9.876s] INFO:colcon.colcon_core.shell:Creating prefix chain script '/home/alberto/ros2_ws/install/setup.sh'
[9.877s] INFO:colcon.colcon_core.shell:Creating prefix script '/home/alberto/ros2_ws/install/local_setup.bash'
[9.877s] INFO:colcon.colcon_core.shell:Creating prefix chain script '/home/alberto/ros2_ws/install/setup.bash'
[9.878s] INFO:colcon.colcon_core.shell:Creating prefix script '/home/alberto/ros2_ws/install/local_setup.zsh'
[9.879s] INFO:colcon.colcon_core.shell:Creating prefix chain script '/home/alberto/ros2_ws/install/setup.zsh'
