[0.230s] Invoking command in '/home/alberto/ros2_ws/build/mycobot_bringup': CMAKE_PREFIX_PATH=${CMAKE_PREFIX_PATH}:/home/alberto/ros2_ws/install/xarm_sdk:/home/alberto/ros2_ws/install/xarm_description:/home/alberto/ros2_ws/install/uf_ros_lib:/home/alberto/ros2_ws/install/mycobot_system_tests:/home/alberto/ros2_ws/install/mycobot_gazebo:/home/alberto/ros2_ws/install/mycobot_description:/home/alberto/ros2_ws/install/mycobot_bringup:/home/alberto/ros2_ws/install/my_robot_conroller:/home/alberto/ros2_ws/install/mbot_demo:/opt/ros/humble /usr/bin/cmake /home/alberto/ros2_ws/src/mycobot_ros2/mycobot_bringup -DCMAKE_INSTALL_PREFIX=/home/alberto/ros2_ws/install/mycobot_bringup
[0.602s] -- Found ament_cmake: 1.3.13 (/opt/ros/humble/share/ament_cmake/cmake)
[0.603s] -- Override CMake install command with custom implementation using symlinks instead of copying resources
[0.603s] -- Found ament_lint_auto: 0.12.15 (/opt/ros/humble/share/ament_lint_auto/cmake)
[0.603s] -- Added test 'lint_cmake' to check CMake code style
[0.603s] -- Added test 'xmllint' to check XML markup files
[0.603s] -- Configuring done
[0.603s] -- Generating done
[0.603s] -- Build files have been written to: /home/alberto/ros2_ws/build/mycobot_bringup
[0.619s] Invoked command in '/home/alberto/ros2_ws/build/mycobot_bringup' returned '0': CMAKE_PREFIX_PATH=${CMAKE_PREFIX_PATH}:/home/alberto/ros2_ws/install/xarm_sdk:/home/alberto/ros2_ws/install/xarm_description:/home/alberto/ros2_ws/install/uf_ros_lib:/home/alberto/ros2_ws/install/mycobot_system_tests:/home/alberto/ros2_ws/install/mycobot_gazebo:/home/alberto/ros2_ws/install/mycobot_description:/home/alberto/ros2_ws/install/mycobot_bringup:/home/alberto/ros2_ws/install/my_robot_conroller:/home/alberto/ros2_ws/install/mbot_demo:/opt/ros/humble /usr/bin/cmake /home/alberto/ros2_ws/src/mycobot_ros2/mycobot_bringup -DCMAKE_INSTALL_PREFIX=/home/alberto/ros2_ws/install/mycobot_bringup
[0.620s] Invoking command in '/home/alberto/ros2_ws/build/mycobot_bringup': CMAKE_PREFIX_PATH=${CMAKE_PREFIX_PATH}:/home/alberto/ros2_ws/install/xarm_sdk:/home/alberto/ros2_ws/install/xarm_description:/home/alberto/ros2_ws/install/uf_ros_lib:/home/alberto/ros2_ws/install/mycobot_system_tests:/home/alberto/ros2_ws/install/mycobot_gazebo:/home/alberto/ros2_ws/install/mycobot_description:/home/alberto/ros2_ws/install/mycobot_bringup:/home/alberto/ros2_ws/install/my_robot_conroller:/home/alberto/ros2_ws/install/mbot_demo:/opt/ros/humble /usr/bin/cmake --build /home/alberto/ros2_ws/build/mycobot_bringup -- -j16 -l16
[0.675s] Invoked command in '/home/alberto/ros2_ws/build/mycobot_bringup' returned '0': CMAKE_PREFIX_PATH=${CMAKE_PREFIX_PATH}:/home/alberto/ros2_ws/install/xarm_sdk:/home/alberto/ros2_ws/install/xarm_description:/home/alberto/ros2_ws/install/uf_ros_lib:/home/alberto/ros2_ws/install/mycobot_system_tests:/home/alberto/ros2_ws/install/mycobot_gazebo:/home/alberto/ros2_ws/install/mycobot_description:/home/alberto/ros2_ws/install/mycobot_bringup:/home/alberto/ros2_ws/install/my_robot_conroller:/home/alberto/ros2_ws/install/mbot_demo:/opt/ros/humble /usr/bin/cmake --build /home/alberto/ros2_ws/build/mycobot_bringup -- -j16 -l16
[0.677s] Invoking command in '/home/alberto/ros2_ws/build/mycobot_bringup': CMAKE_PREFIX_PATH=${CMAKE_PREFIX_PATH}:/home/alberto/ros2_ws/install/xarm_sdk:/home/alberto/ros2_ws/install/xarm_description:/home/alberto/ros2_ws/install/uf_ros_lib:/home/alberto/ros2_ws/install/mycobot_system_tests:/home/alberto/ros2_ws/install/mycobot_gazebo:/home/alberto/ros2_ws/install/mycobot_description:/home/alberto/ros2_ws/install/mycobot_bringup:/home/alberto/ros2_ws/install/my_robot_conroller:/home/alberto/ros2_ws/install/mbot_demo:/opt/ros/humble /usr/bin/cmake --install /home/alberto/ros2_ws/build/mycobot_bringup
[0.757s] -- Install configuration: ""
[0.757s] -- Execute custom install script
[0.757s] -- Up-to-date symlink: /home/alberto/ros2_ws/install/mycobot_bringup/share/mycobot_bringup/scripts/mycobot_280_gazebo (copy).sh
[0.758s] -- Up-to-date symlink: /home/alberto/ros2_ws/install/mycobot_bringup/share/mycobot_bringup/scripts/mycobot_280_gazebo.sh
[0.758s] -- Up-to-date symlink: /home/alberto/ros2_ws/install/mycobot_bringup/share/mycobot_bringup/scripts/mycobot_280_gazebo_and_moveit.sh
[0.758s] -- Up-to-date symlink: /home/alberto/ros2_ws/install/mycobot_bringup/share/mycobot_bringup/scripts/mycobot_280_mtc_demos.sh
[0.758s] -- Up-to-date symlink: /home/alberto/ros2_ws/install/mycobot_bringup/share/ament_index/resource_index/package_run_dependencies/mycobot_bringup
[0.758s] -- Up-to-date symlink: /home/alberto/ros2_ws/install/mycobot_bringup/share/ament_index/resource_index/parent_prefix_path/mycobot_bringup
[0.758s] -- Up-to-date symlink: /home/alberto/ros2_ws/install/mycobot_bringup/share/mycobot_bringup/environment/ament_prefix_path.sh
[0.758s] -- Up-to-date symlink: /home/alberto/ros2_ws/install/mycobot_bringup/share/mycobot_bringup/environment/ament_prefix_path.dsv
[0.758s] -- Up-to-date symlink: /home/alberto/ros2_ws/install/mycobot_bringup/share/mycobot_bringup/environment/path.sh
[0.758s] -- Up-to-date symlink: /home/alberto/ros2_ws/install/mycobot_bringup/share/mycobot_bringup/environment/path.dsv
[0.759s] -- Up-to-date symlink: /home/alberto/ros2_ws/install/mycobot_bringup/share/mycobot_bringup/local_setup.bash
[0.759s] -- Up-to-date symlink: /home/alberto/ros2_ws/install/mycobot_bringup/share/mycobot_bringup/local_setup.sh
[0.759s] -- Up-to-date symlink: /home/alberto/ros2_ws/install/mycobot_bringup/share/mycobot_bringup/local_setup.zsh
[0.759s] -- Up-to-date symlink: /home/alberto/ros2_ws/install/mycobot_bringup/share/mycobot_bringup/local_setup.dsv
[0.759s] -- Up-to-date symlink: /home/alberto/ros2_ws/install/mycobot_bringup/share/mycobot_bringup/package.dsv
[0.759s] -- Up-to-date symlink: /home/alberto/ros2_ws/install/mycobot_bringup/share/ament_index/resource_index/packages/mycobot_bringup
[0.760s] -- Up-to-date symlink: /home/alberto/ros2_ws/install/mycobot_bringup/share/mycobot_bringup/cmake/mycobot_bringupConfig.cmake
[0.760s] -- Up-to-date symlink: /home/alberto/ros2_ws/install/mycobot_bringup/share/mycobot_bringup/cmake/mycobot_bringupConfig-version.cmake
[0.760s] -- Up-to-date symlink: /home/alberto/ros2_ws/install/mycobot_bringup/share/mycobot_bringup/package.xml
[0.772s] Invoked command in '/home/alberto/ros2_ws/build/mycobot_bringup' returned '0': CMAKE_PREFIX_PATH=${CMAKE_PREFIX_PATH}:/home/alberto/ros2_ws/install/xarm_sdk:/home/alberto/ros2_ws/install/xarm_description:/home/alberto/ros2_ws/install/uf_ros_lib:/home/alberto/ros2_ws/install/mycobot_system_tests:/home/alberto/ros2_ws/install/mycobot_gazebo:/home/alberto/ros2_ws/install/mycobot_description:/home/alberto/ros2_ws/install/mycobot_bringup:/home/alberto/ros2_ws/install/my_robot_conroller:/home/alberto/ros2_ws/install/mbot_demo:/opt/ros/humble /usr/bin/cmake --install /home/alberto/ros2_ws/build/mycobot_bringup
