[0.380s] Invoking command in '/home/alberto/ros2_ws/build/realsense_gazebo_plugin': CMAKE_PREFIX_PATH=${CMAKE_PREFIX_PATH}:/home/alberto/ros2_ws/install/uf_ros_lib:/home/alberto/ros2_ws/install/my_robot_conroller:/opt/ros/humble /usr/bin/cmake --build /home/alberto/ros2_ws/build/realsense_gazebo_plugin -- -j16 -l16
[0.542s] [100%] Built target realsense_gazebo_plugin
[0.713s] Invoked command in '/home/alberto/ros2_ws/build/realsense_gazebo_plugin' returned '0': CMAKE_PREFIX_PATH=${CMAKE_PREFIX_PATH}:/home/alberto/ros2_ws/install/uf_ros_lib:/home/alberto/ros2_ws/install/my_robot_conroller:/opt/ros/humble /usr/bin/cmake --build /home/alberto/ros2_ws/build/realsense_gazebo_plugin -- -j16 -l16
[0.714s] Invoking command in '/home/alberto/ros2_ws/build/realsense_gazebo_plugin': CMAKE_PREFIX_PATH=${CMAKE_PREFIX_PATH}:/home/alberto/ros2_ws/install/uf_ros_lib:/home/alberto/ros2_ws/install/my_robot_conroller:/opt/ros/humble /usr/bin/cmake --install /home/alberto/ros2_ws/build/realsense_gazebo_plugin
[0.720s] -- Install configuration: ""
[0.720s] -- Up-to-date: /home/alberto/ros2_ws/install/realsense_gazebo_plugin/lib/librealsense_gazebo_plugin.so
[0.721s] -- Up-to-date: /home/alberto/ros2_ws/install/realsense_gazebo_plugin/include/
[0.721s] -- Up-to-date: /home/alberto/ros2_ws/install/realsense_gazebo_plugin/include//realsense_gazebo_plugin
[0.721s] -- Up-to-date: /home/alberto/ros2_ws/install/realsense_gazebo_plugin/include//realsense_gazebo_plugin/RealSensePlugin.h
[0.721s] -- Up-to-date: /home/alberto/ros2_ws/install/realsense_gazebo_plugin/include//realsense_gazebo_plugin/gazebo_ros_realsense.h
[0.721s] -- Up-to-date: /home/alberto/ros2_ws/install/realsense_gazebo_plugin/share/realsense_gazebo_plugin/environment/library_path.sh
[0.721s] -- Up-to-date: /home/alberto/ros2_ws/install/realsense_gazebo_plugin/share/realsense_gazebo_plugin/environment/library_path.dsv
[0.721s] -- Up-to-date: /home/alberto/ros2_ws/install/realsense_gazebo_plugin/share/ament_index/resource_index/package_run_dependencies/realsense_gazebo_plugin
[0.721s] -- Up-to-date: /home/alberto/ros2_ws/install/realsense_gazebo_plugin/share/ament_index/resource_index/parent_prefix_path/realsense_gazebo_plugin
[0.721s] -- Up-to-date: /home/alberto/ros2_ws/install/realsense_gazebo_plugin/share/realsense_gazebo_plugin/environment/ament_prefix_path.sh
[0.721s] -- Up-to-date: /home/alberto/ros2_ws/install/realsense_gazebo_plugin/share/realsense_gazebo_plugin/environment/ament_prefix_path.dsv
[0.721s] -- Up-to-date: /home/alberto/ros2_ws/install/realsense_gazebo_plugin/share/realsense_gazebo_plugin/environment/path.sh
[0.721s] -- Up-to-date: /home/alberto/ros2_ws/install/realsense_gazebo_plugin/share/realsense_gazebo_plugin/environment/path.dsv
[0.722s] -- Up-to-date: /home/alberto/ros2_ws/install/realsense_gazebo_plugin/share/realsense_gazebo_plugin/local_setup.bash
[0.722s] -- Up-to-date: /home/alberto/ros2_ws/install/realsense_gazebo_plugin/share/realsense_gazebo_plugin/local_setup.sh
[0.722s] -- Up-to-date: /home/alberto/ros2_ws/install/realsense_gazebo_plugin/share/realsense_gazebo_plugin/local_setup.zsh
[0.722s] -- Up-to-date: /home/alberto/ros2_ws/install/realsense_gazebo_plugin/share/realsense_gazebo_plugin/local_setup.dsv
[0.722s] -- Installing: /home/alberto/ros2_ws/install/realsense_gazebo_plugin/share/realsense_gazebo_plugin/package.dsv
[0.722s] -- Up-to-date: /home/alberto/ros2_ws/install/realsense_gazebo_plugin/share/ament_index/resource_index/packages/realsense_gazebo_plugin
[0.722s] -- Up-to-date: /home/alberto/ros2_ws/install/realsense_gazebo_plugin/share/realsense_gazebo_plugin/cmake/ament_cmake_export_include_directories-extras.cmake
[0.722s] -- Up-to-date: /home/alberto/ros2_ws/install/realsense_gazebo_plugin/share/realsense_gazebo_plugin/cmake/ament_cmake_export_libraries-extras.cmake
[0.722s] -- Up-to-date: /home/alberto/ros2_ws/install/realsense_gazebo_plugin/share/realsense_gazebo_plugin/cmake/realsense_gazebo_pluginConfig.cmake
[0.722s] -- Up-to-date: /home/alberto/ros2_ws/install/realsense_gazebo_plugin/share/realsense_gazebo_plugin/cmake/realsense_gazebo_pluginConfig-version.cmake
[0.722s] -- Up-to-date: /home/alberto/ros2_ws/install/realsense_gazebo_plugin/share/realsense_gazebo_plugin/package.xml
