[0.031s] Invoking command in '/home/alberto/ros2_ws/build/mycobot_ros2': AMENT_PREFIX_PATH=/home/alberto/ros2_ws/install/mycobot_system_tests:/home/alberto/ros2_ws/install/mycobot_moveit_config:/home/alberto/ros2_ws/install/mycobot_gazebo:/home/alberto/ros2_ws/install/mycobot_description:/home/alberto/ros2_ws/install/mycobot_bringup:${AMENT_PREFIX_PATH} CMAKE_PREFIX_PATH=/home/alberto/ros2_ws/install/mycobot_system_tests:/home/alberto/ros2_ws/install/mycobot_moveit_config:/home/alberto/ros2_ws/install/mycobot_gazebo:/home/alberto/ros2_ws/install/mycobot_description:/home/alberto/ros2_ws/install/mycobot_bringup:/home/alberto/ros2_ws/install/xarm_planner:/home/alberto/ros2_ws/install/xarm_moveit_servo:/home/alberto/ros2_ws/install/xarm_moveit_config:/home/alberto/ros2_ws/install/xarm_gazebo:/home/alberto/ros2_ws/install/xarm_controller:/home/alberto/ros2_ws/install/d435i_xarm_setup:/home/alberto/ros2_ws/install/xarm_api:/home/alberto/ros2_ws/install/xarm_sdk:/home/alberto/ros2_ws/install/xarm_msgs:/home/alberto/ros2_ws/install/xarm_description:/home/alberto/ros2_ws/install/realsense_gazebo_plugin:/home/alberto/ros2_ws/install/mbot_demo:/home/alberto/ros2_ws/install/uf_ros_lib:/home/alberto/ros2_ws/install/my_robot_conroller:/opt/ros/humble /usr/bin/cmake /home/alberto/ros2_ws/src/mycobot_ros2/mycobot_ros2 -DCMAKE_INSTALL_PREFIX=/home/alberto/ros2_ws/install/mycobot_ros2
[0.085s] -- The C compiler identification is GNU 11.4.0
[0.200s] -- The CXX compiler identification is GNU 11.4.0
[0.207s] -- Detecting C compiler ABI info
[0.254s] -- Detecting C compiler ABI info - done
[0.262s] -- Check for working C compiler: /usr/bin/cc - skipped
[0.262s] -- Detecting C compile features
[0.263s] -- Detecting C compile features - done
[0.265s] -- Detecting CXX compiler ABI info
[0.325s] -- Detecting CXX compiler ABI info - done
[0.330s] -- Check for working CXX compiler: /usr/bin/c++ - skipped
[0.330s] -- Detecting CXX compile features
[0.330s] -- Detecting CXX compile features - done
[0.333s] -- Found ament_cmake: 1.3.13 (/opt/ros/humble/share/ament_cmake/cmake)
[0.458s] -- Found Python3: /usr/bin/python3 (found version "3.10.12") found components: Interpreter 
[0.548s] -- Found ament_lint_auto: 0.12.15 (/opt/ros/humble/share/ament_lint_auto/cmake)
[0.612s] -- Added test 'lint_cmake' to check CMake code style
[0.612s] -- Added test 'xmllint' to check XML markup files
[0.613s] -- Configuring done
[0.614s] -- Generating done
[0.615s] -- Build files have been written to: /home/alberto/ros2_ws/build/mycobot_ros2
