[  6%] [32mBuilding CXX object CMakeFiles/cluster_extraction.dir/src/cluster_extraction.cpp.o[0m
[ 12%] [32mBuilding CXX object CMakeFiles/normals_curvature_and_rsd_estimation.dir/src/normals_curvature_and_rsd_estimation.cpp.o[0m
[ 18%] [32mBuilding CXX object CMakeFiles/get_planning_scene_client.dir/src/get_planning_scene_client.cpp.o[0m
[ 25%] [32mBuilding CXX object CMakeFiles/object_segmentation.dir/src/object_segmentation.cpp.o[0m
[ 31%] [32mBuilding CXX object CMakeFiles/plane_segmentation.dir/src/plane_segmentation.cpp.o[0m
[ 37%] [32mBuilding CXX object CMakeFiles/get_planning_scene_client_node.dir/src/get_planning_scene_client.cpp.o[0m
[ 43%] [32m[1mLinking CXX executable get_planning_scene_client_node[0m
[ 50%] [32m[1mLinking CXX shared library libget_planning_scene_client.so[0m
[ 50%] Built target get_planning_scene_client
[ 50%] Built target get_planning_scene_client_node
[ 56%] [32mBuilding CXX object CMakeFiles/mtc_node.dir/src/mtc_node.cpp.o[0m
[01m[K/home/alberto/ros2_ws/src/mycobot_ros2/mycobot_mtc_pick_place_demo/src/mtc_node.cpp:39:10:[m[K [01;31m[Kfatal error: [m[Kmoveit/planning_scene/planning_scene.hpp: No such file or directory
   39 | #include [01;31m[K<moveit/planning_scene/planning_scene.hpp>[m[K
      |          [01;31m[K^~~~~~~~~~~~~~~~~~~~~~~~~~~~~~~~~~~~~~~~~~[m[K
compilation terminated.
gmake[2]: *** [CMakeFiles/mtc_node.dir/build.make:76: CMakeFiles/mtc_node.dir/src/mtc_node.cpp.o] Error 1
gmake[1]: *** [CMakeFiles/Makefile2:336: CMakeFiles/mtc_node.dir/all] Error 2
gmake[1]: *** Waiting for unfinished jobs....
[ 62%] [32m[1mLinking CXX shared library libcluster_extraction.so[0m
[ 62%] Built target cluster_extraction
[ 68%] [32m[1mLinking CXX shared library libnormals_curvature_and_rsd_estimation.so[0m
[ 68%] Built target normals_curvature_and_rsd_estimation
[ 75%] [32m[1mLinking CXX shared library libobject_segmentation.so[0m
[ 75%] Built target object_segmentation
[ 81%] [32m[1mLinking CXX shared library libplane_segmentation.so[0m
[ 81%] Built target plane_segmentation
gmake: *** [Makefile:146: all] Error 2
