[0.016s] Invoking command in '/home/alberto/ros2_ws/build/xarm_moveit_servo': AMENT_PREFIX_PATH=/home/alberto/ros2_ws/install/xarm_moveit_config:/home/alberto/ros2_ws/install/xarm_gazebo:/home/alberto/ros2_ws/install/xarm_controller:/home/alberto/ros2_ws/install/xarm_api:/home/alberto/ros2_ws/install/xarm_sdk:/home/alberto/ros2_ws/install/xarm_description:/home/alberto/ros2_ws/install/uf_ros_lib:${AMENT_PREFIX_PATH} CMAKE_PREFIX_PATH=/home/alberto/ros2_ws/install/xarm_moveit_config:/home/alberto/ros2_ws/install/xarm_gazebo:/home/alberto/ros2_ws/install/xarm_controller:/home/alberto/ros2_ws/install/xarm_api:/home/alberto/ros2_ws/install/xarm_sdk:/home/alberto/ros2_ws/install/xarm_msgs:/home/alberto/ros2_ws/install/xarm_description:/opt/ros/humble LD_LIBRARY_PATH=/home/alberto/ros2_ws/install/xarm_gazebo/lib:/home/alberto/ros2_ws/install/xarm_controller/lib:/home/alberto/ros2_ws/install/xarm_api/lib:/home/alberto/ros2_ws/install/xarm_sdk/lib:${LD_LIBRARY_PATH} PYTHONPATH=/home/alberto/ros2_ws/install/uf_ros_lib/lib/python3.10/site-packages:${PYTHONPATH} /usr/bin/cmake /home/alberto/ros2_ws/src/xarm_ros2/xarm_moveit_servo -DCMAKE_INSTALL_PREFIX=/home/alberto/ros2_ws/install/xarm_moveit_servo
[0.079s] -- The C compiler identification is GNU 11.4.0
[0.132s] -- The CXX compiler identification is GNU 11.4.0
[0.139s] -- Detecting C compiler ABI info
[0.198s] -- Detecting C compiler ABI info - done
[0.203s] -- Check for working C compiler: /usr/bin/cc - skipped
[0.204s] -- Detecting C compile features
[0.204s] -- Detecting C compile features - done
[0.206s] -- Detecting CXX compiler ABI info
[0.270s] -- Detecting CXX compiler ABI info - done
[0.284s] -- Check for working CXX compiler: /usr/bin/c++ - skipped
[0.284s] -- Detecting CXX compile features
[0.286s] -- Detecting CXX compile features - done
[0.289s] -- Found ament_cmake: 1.3.13 (/opt/ros/humble/share/ament_cmake/cmake)
[0.406s] -- Found Python3: /usr/bin/python3 (found version "3.10.12") found components: Interpreter 
[0.466s] -- Found rclcpp: 16.0.18 (/opt/ros/humble/share/rclcpp/cmake)
[0.496s] -- Found rosidl_generator_c: 3.1.8 (/opt/ros/humble/share/rosidl_generator_c/cmake)
[0.500s] -- Found rosidl_adapter: 3.1.8 (/opt/ros/humble/share/rosidl_adapter/cmake)
[0.506s] -- Found rosidl_generator_cpp: 3.1.8 (/opt/ros/humble/share/rosidl_generator_cpp/cmake)
[0.514s] -- Using all available rosidl_typesupport_c: rosidl_typesupport_fastrtps_c;rosidl_typesupport_introspection_c
[0.525s] -- Using all available rosidl_typesupport_cpp: rosidl_typesupport_fastrtps_cpp;rosidl_typesupport_introspection_cpp
[0.556s] -- Found rmw_implementation_cmake: 6.1.2 (/opt/ros/humble/share/rmw_implementation_cmake/cmake)
[0.557s] -- Found rmw_fastrtps_cpp: 6.2.10 (/opt/ros/humble/share/rmw_fastrtps_cpp/cmake)
[0.636s] -- Found OpenSSL: /usr/lib/x86_64-linux-gnu/libcrypto.so (found version "3.0.2")  
[0.662s] -- Found FastRTPS: /opt/ros/humble/include  
[0.693s] -- Using RMW implementation 'rmw_fastrtps_cpp' as default
[0.699s] -- Looking for pthread.h
[0.747s] -- Looking for pthread.h - found
[0.747s] -- Performing Test CMAKE_HAVE_LIBC_PTHREAD
[0.801s] -- Performing Test CMAKE_HAVE_LIBC_PTHREAD - Success
[0.802s] -- Found Threads: TRUE  
[0.838s] -- Found rclcpp_components: 16.0.18 (/opt/ros/humble/share/rclcpp_components/cmake)
[0.858s] -- Found std_srvs: 4.9.1 (/opt/ros/humble/share/std_srvs/cmake)
[0.867s] -- Found sensor_msgs: 4.9.1 (/opt/ros/humble/share/sensor_msgs/cmake)
[0.887s] -- Found control_msgs: 4.8.0 (/opt/ros/humble/share/control_msgs/cmake)
[0.932s] -- Found moveit_msgs: 2.2.1 (/opt/ros/humble/share/moveit_msgs/cmake)
[0.989s] -- Found moveit_ros_planning: 2.5.9 (/opt/ros/humble/share/moveit_ros_planning/cmake)
[1.008s] -- Found Boost: /usr/lib/x86_64-linux-gnu/cmake/Boost-1.74.0/BoostConfig.cmake (found version "1.74.0") found components: system filesystem date_time program_options thread chrono 
[1.089s] -- Found Boost: /usr/lib/x86_64-linux-gnu/cmake/Boost-1.74.0/BoostConfig.cmake (found version "1.74.0") found components: chrono date_time filesystem iostreams program_options regex serialization system thread 
[1.114s] -- Found parameter_traits: 0.6.0 (/opt/ros/humble/share/parameter_traits/cmake)
[1.123s] -- Found rclcpp_lifecycle: 16.0.18 (/opt/ros/humble/share/rclcpp_lifecycle/cmake)
[1.139s] -- Found Boost: /usr/lib/x86_64-linux-gnu/cmake/Boost-1.74.0/BoostConfig.cmake (found version "1.74.0") found components: filesystem 
[1.218s] -- library: /usr/lib/x86_64-linux-gnu/libcurl.so
[1.243s] -- Found Eigen3: TRUE (found version "3.4.0") 
[1.243s] -- Ensuring Eigen3 include directory is part of orocos-kdl CMake target
[1.295s] -- Found ament_lint_auto: 0.12.15 (/opt/ros/humble/share/ament_lint_auto/cmake)
[1.362s] -- Added test 'copyright' to check source files copyright and LICENSE
[1.363s] -- Added test 'cppcheck' to perform static code analysis on C / C++ code
[1.363s] -- Configured cppcheck include dirs: /home/alberto/ros2_ws/src/xarm_ros2/xarm_moveit_servo/include
[1.363s] -- Configured cppcheck exclude dirs and/or files: 
[1.364s] -- Added test 'cpplint' to check C / C++ code against the Google style
[1.364s] -- Configured cpplint exclude dirs and/or files: 
[1.365s] -- Added test 'flake8' to check Python code syntax and style conventions
[1.365s] -- Added test 'lint_cmake' to check CMake code style
[1.365s] -- Added test 'pep257' to check Python code against some of the docstring style conventions in PEP 257
[1.366s] -- Added test 'uncrustify' to check C / C++ code style
[1.366s] -- Configured uncrustify additional arguments: 
[1.366s] -- Added test 'xmllint' to check XML markup files
[1.367s] -- Configuring done
[1.390s] -- Generating done
[1.398s] -- Build files have been written to: /home/alberto/ros2_ws/build/xarm_moveit_servo
[1.406s] Invoked command in '/home/alberto/ros2_ws/build/xarm_moveit_servo' returned '0': AMENT_PREFIX_PATH=/home/alberto/ros2_ws/install/xarm_moveit_config:/home/alberto/ros2_ws/install/xarm_gazebo:/home/alberto/ros2_ws/install/xarm_controller:/home/alberto/ros2_ws/install/xarm_api:/home/alberto/ros2_ws/install/xarm_sdk:/home/alberto/ros2_ws/install/xarm_description:/home/alberto/ros2_ws/install/uf_ros_lib:${AMENT_PREFIX_PATH} CMAKE_PREFIX_PATH=/home/alberto/ros2_ws/install/xarm_moveit_config:/home/alberto/ros2_ws/install/xarm_gazebo:/home/alberto/ros2_ws/install/xarm_controller:/home/alberto/ros2_ws/install/xarm_api:/home/alberto/ros2_ws/install/xarm_sdk:/home/alberto/ros2_ws/install/xarm_msgs:/home/alberto/ros2_ws/install/xarm_description:/opt/ros/humble LD_LIBRARY_PATH=/home/alberto/ros2_ws/install/xarm_gazebo/lib:/home/alberto/ros2_ws/install/xarm_controller/lib:/home/alberto/ros2_ws/install/xarm_api/lib:/home/alberto/ros2_ws/install/xarm_sdk/lib:${LD_LIBRARY_PATH} PYTHONPATH=/home/alberto/ros2_ws/install/uf_ros_lib/lib/python3.10/site-packages:${PYTHONPATH} /usr/bin/cmake /home/alberto/ros2_ws/src/xarm_ros2/xarm_moveit_servo -DCMAKE_INSTALL_PREFIX=/home/alberto/ros2_ws/install/xarm_moveit_servo
[1.407s] Invoking command in '/home/alberto/ros2_ws/build/xarm_moveit_servo': AMENT_PREFIX_PATH=/home/alberto/ros2_ws/install/xarm_moveit_config:/home/alberto/ros2_ws/install/xarm_gazebo:/home/alberto/ros2_ws/install/xarm_controller:/home/alberto/ros2_ws/install/xarm_api:/home/alberto/ros2_ws/install/xarm_sdk:/home/alberto/ros2_ws/install/xarm_description:/home/alberto/ros2_ws/install/uf_ros_lib:${AMENT_PREFIX_PATH} CMAKE_PREFIX_PATH=/home/alberto/ros2_ws/install/xarm_moveit_config:/home/alberto/ros2_ws/install/xarm_gazebo:/home/alberto/ros2_ws/install/xarm_controller:/home/alberto/ros2_ws/install/xarm_api:/home/alberto/ros2_ws/install/xarm_sdk:/home/alberto/ros2_ws/install/xarm_msgs:/home/alberto/ros2_ws/install/xarm_description:/opt/ros/humble LD_LIBRARY_PATH=/home/alberto/ros2_ws/install/xarm_gazebo/lib:/home/alberto/ros2_ws/install/xarm_controller/lib:/home/alberto/ros2_ws/install/xarm_api/lib:/home/alberto/ros2_ws/install/xarm_sdk/lib:${LD_LIBRARY_PATH} PYTHONPATH=/home/alberto/ros2_ws/install/uf_ros_lib/lib/python3.10/site-packages:${PYTHONPATH} /usr/bin/cmake --build /home/alberto/ros2_ws/build/xarm_moveit_servo -- -j16 -l16
[1.450s] [ 25%] [32mBuilding CXX object CMakeFiles/xarm_keyboard_input.dir/src/xarm_keyboard_input.cpp.o[0m
[1.451s] [ 50%] [32mBuilding CXX object CMakeFiles/xarm_joystick_input.dir/src/xarm_joystick_input.cpp.o[0m
[6.551s] [ 75%] [32m[1mLinking CXX executable xarm_keyboard_input[0m
[6.925s] [ 75%] Built target xarm_keyboard_input
[9.944s] [100%] [32m[1mLinking CXX shared library libxarm_joystick_input.so[0m
[10.919s] [100%] Built target xarm_joystick_input
[10.929s] Invoked command in '/home/alberto/ros2_ws/build/xarm_moveit_servo' returned '0': AMENT_PREFIX_PATH=/home/alberto/ros2_ws/install/xarm_moveit_config:/home/alberto/ros2_ws/install/xarm_gazebo:/home/alberto/ros2_ws/install/xarm_controller:/home/alberto/ros2_ws/install/xarm_api:/home/alberto/ros2_ws/install/xarm_sdk:/home/alberto/ros2_ws/install/xarm_description:/home/alberto/ros2_ws/install/uf_ros_lib:${AMENT_PREFIX_PATH} CMAKE_PREFIX_PATH=/home/alberto/ros2_ws/install/xarm_moveit_config:/home/alberto/ros2_ws/install/xarm_gazebo:/home/alberto/ros2_ws/install/xarm_controller:/home/alberto/ros2_ws/install/xarm_api:/home/alberto/ros2_ws/install/xarm_sdk:/home/alberto/ros2_ws/install/xarm_msgs:/home/alberto/ros2_ws/install/xarm_description:/opt/ros/humble LD_LIBRARY_PATH=/home/alberto/ros2_ws/install/xarm_gazebo/lib:/home/alberto/ros2_ws/install/xarm_controller/lib:/home/alberto/ros2_ws/install/xarm_api/lib:/home/alberto/ros2_ws/install/xarm_sdk/lib:${LD_LIBRARY_PATH} PYTHONPATH=/home/alberto/ros2_ws/install/uf_ros_lib/lib/python3.10/site-packages:${PYTHONPATH} /usr/bin/cmake --build /home/alberto/ros2_ws/build/xarm_moveit_servo -- -j16 -l16
[10.932s] Invoking command in '/home/alberto/ros2_ws/build/xarm_moveit_servo': AMENT_PREFIX_PATH=/home/alberto/ros2_ws/install/xarm_moveit_config:/home/alberto/ros2_ws/install/xarm_gazebo:/home/alberto/ros2_ws/install/xarm_controller:/home/alberto/ros2_ws/install/xarm_api:/home/alberto/ros2_ws/install/xarm_sdk:/home/alberto/ros2_ws/install/xarm_description:/home/alberto/ros2_ws/install/uf_ros_lib:${AMENT_PREFIX_PATH} CMAKE_PREFIX_PATH=/home/alberto/ros2_ws/install/xarm_moveit_config:/home/alberto/ros2_ws/install/xarm_gazebo:/home/alberto/ros2_ws/install/xarm_controller:/home/alberto/ros2_ws/install/xarm_api:/home/alberto/ros2_ws/install/xarm_sdk:/home/alberto/ros2_ws/install/xarm_msgs:/home/alberto/ros2_ws/install/xarm_description:/opt/ros/humble LD_LIBRARY_PATH=/home/alberto/ros2_ws/install/xarm_gazebo/lib:/home/alberto/ros2_ws/install/xarm_controller/lib:/home/alberto/ros2_ws/install/xarm_api/lib:/home/alberto/ros2_ws/install/xarm_sdk/lib:${LD_LIBRARY_PATH} PYTHONPATH=/home/alberto/ros2_ws/install/uf_ros_lib/lib/python3.10/site-packages:${PYTHONPATH} /usr/bin/cmake --install /home/alberto/ros2_ws/build/xarm_moveit_servo
[10.943s] -- Install configuration: ""
[10.943s] -- Installing: /home/alberto/ros2_ws/install/xarm_moveit_servo/lib/libxarm_joystick_input.so
[10.954s] -- Set runtime path of "/home/alberto/ros2_ws/install/xarm_moveit_servo/lib/libxarm_joystick_input.so" to ""
[10.954s] -- Installing: /home/alberto/ros2_ws/install/xarm_moveit_servo/lib/xarm_moveit_servo/xarm_keyboard_input
[10.956s] -- Set runtime path of "/home/alberto/ros2_ws/install/xarm_moveit_servo/lib/xarm_moveit_servo/xarm_keyboard_input" to ""
[10.956s] -- Installing: /home/alberto/ros2_ws/install/xarm_moveit_servo/share/xarm_moveit_servo//config
[10.956s] -- Installing: /home/alberto/ros2_ws/install/xarm_moveit_servo/share/xarm_moveit_servo//config/xarm_moveit_servo_config.yaml
[10.957s] -- Installing: /home/alberto/ros2_ws/install/xarm_moveit_servo/share/xarm_moveit_servo//launch
[10.957s] -- Installing: /home/alberto/ros2_ws/install/xarm_moveit_servo/share/xarm_moveit_servo//launch/_robot_moveit_servo_fake.launch.py
[10.957s] -- Installing: /home/alberto/ros2_ws/install/xarm_moveit_servo/share/xarm_moveit_servo//launch/xarm_moveit_servo_realmove.launch.py
[10.957s] -- Installing: /home/alberto/ros2_ws/install/xarm_moveit_servo/share/xarm_moveit_servo//launch/lite6_moveit_servo_fake.launch.py
[10.957s] -- Installing: /home/alberto/ros2_ws/install/xarm_moveit_servo/share/xarm_moveit_servo//launch/_robot_moveit_servo_realmove.launch.py
[10.957s] -- Installing: /home/alberto/ros2_ws/install/xarm_moveit_servo/share/xarm_moveit_servo//launch/lite6_moveit_servo_realmove.launch.py
[10.957s] -- Installing: /home/alberto/ros2_ws/install/xarm_moveit_servo/share/xarm_moveit_servo//launch/xarm_moveit_servo_fake.launch.py
[10.957s] -- Installing: /home/alberto/ros2_ws/install/xarm_moveit_servo/share/xarm_moveit_servo//launch/uf850_moveit_servo_fake.launch.py
[10.957s] -- Installing: /home/alberto/ros2_ws/install/xarm_moveit_servo/share/xarm_moveit_servo//launch/_robot_moveit_servo.launch.py
[10.958s] -- Installing: /home/alberto/ros2_ws/install/xarm_moveit_servo/share/xarm_moveit_servo//launch/uf850_moveit_servo_realmove.launch.py
[10.958s] -- Installing: /home/alberto/ros2_ws/install/xarm_moveit_servo/share/xarm_moveit_servo//rviz
[10.958s] -- Installing: /home/alberto/ros2_ws/install/xarm_moveit_servo/share/xarm_moveit_servo//rviz/servo.rviz
[10.958s] -- Installing: /home/alberto/ros2_ws/install/xarm_moveit_servo/share/ament_index/resource_index/package_run_dependencies/xarm_moveit_servo
[10.958s] -- Installing: /home/alberto/ros2_ws/install/xarm_moveit_servo/share/ament_index/resource_index/parent_prefix_path/xarm_moveit_servo
[10.959s] -- Installing: /home/alberto/ros2_ws/install/xarm_moveit_servo/share/xarm_moveit_servo/environment/ament_prefix_path.sh
[10.959s] -- Installing: /home/alberto/ros2_ws/install/xarm_moveit_servo/share/xarm_moveit_servo/environment/ament_prefix_path.dsv
[10.959s] -- Installing: /home/alberto/ros2_ws/install/xarm_moveit_servo/share/xarm_moveit_servo/environment/path.sh
[10.959s] -- Installing: /home/alberto/ros2_ws/install/xarm_moveit_servo/share/xarm_moveit_servo/environment/path.dsv
[10.959s] -- Installing: /home/alberto/ros2_ws/install/xarm_moveit_servo/share/xarm_moveit_servo/local_setup.bash
[10.960s] -- Installing: /home/alberto/ros2_ws/install/xarm_moveit_servo/share/xarm_moveit_servo/local_setup.sh
[10.960s] -- Installing: /home/alberto/ros2_ws/install/xarm_moveit_servo/share/xarm_moveit_servo/local_setup.zsh
[10.960s] -- Installing: /home/alberto/ros2_ws/install/xarm_moveit_servo/share/xarm_moveit_servo/local_setup.dsv
[10.960s] -- Installing: /home/alberto/ros2_ws/install/xarm_moveit_servo/share/xarm_moveit_servo/package.dsv
[10.960s] -- Installing: /home/alberto/ros2_ws/install/xarm_moveit_servo/share/ament_index/resource_index/packages/xarm_moveit_servo
[10.960s] -- Installing: /home/alberto/ros2_ws/install/xarm_moveit_servo/share/ament_index/resource_index/rclcpp_components/xarm_moveit_servo
[10.961s] -- Installing: /home/alberto/ros2_ws/install/xarm_moveit_servo/share/xarm_moveit_servo/cmake/xarm_moveit_servoConfig.cmake
[10.961s] -- Installing: /home/alberto/ros2_ws/install/xarm_moveit_servo/share/xarm_moveit_servo/cmake/xarm_moveit_servoConfig-version.cmake
[10.961s] -- Installing: /home/alberto/ros2_ws/install/xarm_moveit_servo/share/xarm_moveit_servo/package.xml
[10.964s] Invoked command in '/home/alberto/ros2_ws/build/xarm_moveit_servo' returned '0': AMENT_PREFIX_PATH=/home/alberto/ros2_ws/install/xarm_moveit_config:/home/alberto/ros2_ws/install/xarm_gazebo:/home/alberto/ros2_ws/install/xarm_controller:/home/alberto/ros2_ws/install/xarm_api:/home/alberto/ros2_ws/install/xarm_sdk:/home/alberto/ros2_ws/install/xarm_description:/home/alberto/ros2_ws/install/uf_ros_lib:${AMENT_PREFIX_PATH} CMAKE_PREFIX_PATH=/home/alberto/ros2_ws/install/xarm_moveit_config:/home/alberto/ros2_ws/install/xarm_gazebo:/home/alberto/ros2_ws/install/xarm_controller:/home/alberto/ros2_ws/install/xarm_api:/home/alberto/ros2_ws/install/xarm_sdk:/home/alberto/ros2_ws/install/xarm_msgs:/home/alberto/ros2_ws/install/xarm_description:/opt/ros/humble LD_LIBRARY_PATH=/home/alberto/ros2_ws/install/xarm_gazebo/lib:/home/alberto/ros2_ws/install/xarm_controller/lib:/home/alberto/ros2_ws/install/xarm_api/lib:/home/alberto/ros2_ws/install/xarm_sdk/lib:${LD_LIBRARY_PATH} PYTHONPATH=/home/alberto/ros2_ws/install/uf_ros_lib/lib/python3.10/site-packages:${PYTHONPATH} /usr/bin/cmake --install /home/alberto/ros2_ws/build/xarm_moveit_servo
