-- Found ament_cmake: 1.3.13 (/opt/ros/humble/share/ament_cmake/cmake)
-- Override CMake install command with custom implementation using symlinks instead of copying resources
-- Found generate_parameter_library: 0.6.0 (/opt/ros/humble/share/generate_parameter_library/cmake)
-- Found parameter_traits: 0.6.0 (/opt/ros/humble/share/parameter_traits/cmake)
-- Found rosidl_generator_c: 3.1.8 (/opt/ros/humble/share/rosidl_generator_c/cmake)
-- Found rosidl_adapter: 3.1.8 (/opt/ros/humble/share/rosidl_adapter/cmake)
-- Found rosidl_generator_cpp: 3.1.8 (/opt/ros/humble/share/rosidl_generator_cpp/cmake)
-- Using all available rosidl_typesupport_c: rosidl_typesupport_fastrtps_c;rosidl_typesupport_introspection_c
-- Using all available rosidl_typesupport_cpp: rosidl_typesupport_fastrtps_cpp;rosidl_typesupport_introspection_cpp
-- Found rmw_implementation_cmake: 6.1.2 (/opt/ros/humble/share/rmw_implementation_cmake/cmake)
-- Found rmw_fastrtps_cpp: 6.2.10 (/opt/ros/humble/share/rmw_fastrtps_cpp/cmake)
-- Using RMW implementation 'rmw_fastrtps_cpp' as default
-- Found rclcpp_lifecycle: 16.0.18 (/opt/ros/humble/share/rclcpp_lifecycle/cmake)
-- Found moveit_common: 2.5.9 (/opt/ros/humble/share/moveit_common/cmake)
-- Found moveit_core: 2.5.9 (/opt/ros/humble/share/moveit_core/cmake)
-- Found Boost: /usr/lib/x86_64-linux-gnu/cmake/Boost-1.74.0/BoostConfig.cmake (found version "1.74.0") found components: chrono date_time filesystem iostreams program_options regex serialization system thread 
-- Found Boost: /usr/lib/x86_64-linux-gnu/cmake/Boost-1.74.0/BoostConfig.cmake (found version "1.74.0") found components: filesystem 
-- library: /usr/lib/x86_64-linux-gnu/libcurl.so
-- Ensuring Eigen3 include directory is part of orocos-kdl CMake target
-- Found moveit_ros_planning: 2.5.9 (/opt/ros/humble/share/moveit_ros_planning/cmake)
-- Found Boost: /usr/lib/x86_64-linux-gnu/cmake/Boost-1.74.0/BoostConfig.cmake (found version "1.74.0") found components: system filesystem date_time program_options thread chrono 
-- Found moveit_ros_planning_interface: 2.5.9 (/opt/ros/humble/share/moveit_ros_planning_interface/cmake)
-- Found Boost: /usr/lib/x86_64-linux-gnu/cmake/Boost-1.74.0/BoostConfig.cmake (found version "1.74.0") found components: date_time filesystem program_options system thread 
-- Found Boost: /usr/lib/x86_64-linux-gnu/cmake/Boost-1.74.0/BoostConfig.cmake (found version "1.74.0") found components: thread system filesystem regex date_time program_options 
-- Found Boost: /usr/lib/x86_64-linux-gnu/cmake/Boost-1.74.0/BoostConfig.cmake (found version "1.74.0") found components: system filesystem date_time program_options thread 
-- Found moveit_task_constructor_core: 0.1.3 (/opt/ros/humble/share/moveit_task_constructor_core/cmake)
-- Found ament_lint_auto: 0.12.15 (/opt/ros/humble/share/ament_lint_auto/cmake)
-- Added test 'cppcheck' to perform static code analysis on C / C++ code
-- Configured cppcheck include dirs: 
-- Configured cppcheck exclude dirs and/or files: 
-- Added test 'flake8' to check Python code syntax and style conventions
-- Added test 'lint_cmake' to check CMake code style
-- Added test 'pep257' to check Python code against some of the docstring style conventions in PEP 257
-- Added test 'uncrustify' to check C / C++ code style
-- Configured uncrustify additional arguments: 
-- Added test 'xmllint' to check XML markup files
-- Configuring done
-- Generating done
-- Build files have been written to: /home/alberto/ros2_ws/build/mycobot_mtc_demos
[ 16%] Built target ik_clearance_cost_parameters
[ 25%] [32mBuilding CXX object CMakeFiles/mycobot_mtc_demos_fallbacks_move_to.dir/src/fallbacks_move_to.cpp.o[0m
[ 33%] [32mBuilding CXX object CMakeFiles/mycobot_mtc_demos_cartesian.dir/src/cartesian.cpp.o[0m
[ 41%] [32mBuilding CXX object CMakeFiles/mycobot_mtc_demos_modular.dir/src/modular.cpp.o[0m
[ 50%] [32mBuilding CXX object CMakeFiles/mycobot_mtc_demos_alternative_path_costs.dir/src/alternative_path_costs.cpp.o[0m
[ 58%] [32mBuilding CXX object CMakeFiles/mycobot_mtc_demos_ik_clearance_cost.dir/src/ik_clearance_cost.cpp.o[0m
[01m[K/home/alberto/ros2_ws/src/mycobot_ros2/mycobot_mtc_demos/src/alternative_path_costs.cpp:16:10:[m[K [01;31m[Kfatal error: [m[Kmoveit/planning_scene/planning_scene.hpp: No such file or directory
   16 | #include [01;31m[K<moveit/planning_scene/planning_scene.hpp>[m[K
      |          [01;31m[K^~~~~~~~~~~~~~~~~~~~~~~~~~~~~~~~~~~~~~~~~~[m[K
compilation terminated.
[01m[K/home/alberto/ros2_ws/src/mycobot_ros2/mycobot_mtc_demos/src/fallbacks_move_to.cpp:19:10:[m[K [01;31m[Kfatal error: [m[Kmoveit/robot_model/robot_model.hpp: No such file or directory
   19 | #include [01;31m[K<moveit/robot_model/robot_model.hpp>[m[K
      |          [01;31m[K^~~~~~~~~~~~~~~~~~~~~~~~~~~~~~~~~~~~[m[K
compilation terminated.
gmake[2]: *** [CMakeFiles/mycobot_mtc_demos_alternative_path_costs.dir/build.make:76: CMakeFiles/mycobot_mtc_demos_alternative_path_costs.dir/src/alternative_path_costs.cpp.o] Error 1
gmake[1]: *** [CMakeFiles/Makefile2:147: CMakeFiles/mycobot_mtc_demos_alternative_path_costs.dir/all] Error 2
gmake[1]: *** Waiting for unfinished jobs....
gmake[2]: *** [CMakeFiles/mycobot_mtc_demos_fallbacks_move_to.dir/build.make:76: CMakeFiles/mycobot_mtc_demos_fallbacks_move_to.dir/src/fallbacks_move_to.cpp.o] Error 1
gmake[1]: *** [CMakeFiles/Makefile2:199: CMakeFiles/mycobot_mtc_demos_fallbacks_move_to.dir/all] Error 2
[01m[K/home/alberto/ros2_ws/src/mycobot_ros2/mycobot_mtc_demos/src/ik_clearance_cost.cpp:14:10:[m[K [01;31m[Kfatal error: [m[Kmoveit/planning_scene/planning_scene.hpp: No such file or directory
   14 | #include [01;31m[K<moveit/planning_scene/planning_scene.hpp>[m[K
      |          [01;31m[K^~~~~~~~~~~~~~~~~~~~~~~~~~~~~~~~~~~~~~~~~~[m[K
compilation terminated.
gmake[2]: *** [CMakeFiles/mycobot_mtc_demos_ik_clearance_cost.dir/build.make:76: CMakeFiles/mycobot_mtc_demos_ik_clearance_cost.dir/src/ik_clearance_cost.cpp.o] Error 1
gmake[1]: *** [CMakeFiles/Makefile2:225: CMakeFiles/mycobot_mtc_demos_ik_clearance_cost.dir/all] Error 2
[01m[K/home/alberto/ros2_ws/src/mycobot_ros2/mycobot_mtc_demos/src/cartesian.cpp:21:10:[m[K [01;31m[Kfatal error: [m[Kmoveit/planning_scene/planning_scene.hpp: No such file or directory
   21 | #include [01;31m[K<moveit/planning_scene/planning_scene.hpp>[m[K
      |          [01;31m[K^~~~~~~~~~~~~~~~~~~~~~~~~~~~~~~~~~~~~~~~~~[m[K
[01m[K/home/alberto/ros2_ws/src/mycobot_ros2/mycobot_mtc_demos/src/modular.cpp:28:10:[m[K [01;31m[Kfatal error: [m[Kmoveit/planning_scene/planning_scene.hpp: No such file or directory
   28 | #include [01;31m[K<moveit/planning_scene/planning_scene.hpp>[m[K
      |          [01;31m[K^~~~~~~~~~~~~~~~~~~~~~~~~~~~~~~~~~~~~~~~~~[m[K
compilation terminated.
compilation terminated.
gmake[2]: *** [CMakeFiles/mycobot_mtc_demos_cartesian.dir/build.make:76: CMakeFiles/mycobot_mtc_demos_cartesian.dir/src/cartesian.cpp.o] Error 1
gmake[2]: *** [CMakeFiles/mycobot_mtc_demos_modular.dir/build.make:76: CMakeFiles/mycobot_mtc_demos_modular.dir/src/modular.cpp.o] Error 1
gmake[1]: *** [CMakeFiles/Makefile2:173: CMakeFiles/mycobot_mtc_demos_cartesian.dir/all] Error 2
gmake[1]: *** [CMakeFiles/Makefile2:277: CMakeFiles/mycobot_mtc_demos_modular.dir/all] Error 2
gmake: *** [Makefile:146: all] Error 2
