[0.517s] Invoking command in '/home/alberto/ros2_ws/build/realsense_gazebo_plugin': CMAKE_PREFIX_PATH=${CMAKE_PREFIX_PATH}:/home/alberto/ros2_ws/install/uf_ros_lib:/home/alberto/ros2_ws/install/my_robot_conroller:/opt/ros/humble /usr/bin/cmake /home/alberto/ros2_ws/src/xarm_ros2/thirdparty/realsense_gazebo_plugin -DAMENT_CMAKE_SYMLINK_INSTALL=1 -DCMAKE_INSTALL_PREFIX=/home/alberto/ros2_ws/install/realsense_gazebo_plugin
[0.539s] -- Found ament_cmake: 1.3.13 (/opt/ros/humble/share/ament_cmake/cmake)
[0.811s] -- Override CMake install command with custom implementation using symlinks instead of copying resources
[0.823s] -- Found rclcpp: 16.0.18 (/opt/ros/humble/share/rclcpp/cmake)
[0.873s] -- Found rosidl_generator_c: 3.1.8 (/opt/ros/humble/share/rosidl_generator_c/cmake)
[0.875s] -- Found rosidl_adapter: 3.1.8 (/opt/ros/humble/share/rosidl_adapter/cmake)
[0.887s] -- Found rosidl_generator_cpp: 3.1.8 (/opt/ros/humble/share/rosidl_generator_cpp/cmake)
[0.904s] -- Using all available rosidl_typesupport_c: rosidl_typesupport_fastrtps_c;rosidl_typesupport_introspection_c
[0.931s] -- Using all available rosidl_typesupport_cpp: rosidl_typesupport_fastrtps_cpp;rosidl_typesupport_introspection_cpp
[1.000s] -- Found rmw_implementation_cmake: 6.1.2 (/opt/ros/humble/share/rmw_implementation_cmake/cmake)
[1.003s] -- Found rmw_fastrtps_cpp: 6.2.10 (/opt/ros/humble/share/rmw_fastrtps_cpp/cmake)
[1.186s] -- Using RMW implementation 'rmw_fastrtps_cpp' as default
[1.286s] -- Found gazebo_ros: 3.9.0 (/opt/ros/humble/share/gazebo_ros/cmake)
[1.351s] -- Found DART: /usr/include (Required is at least version "6.6") found components: dart 
[1.405s] -- Found Protobuf: /usr/lib/x86_64-linux-gnu/libprotobuf.so (found version "3.12.4") 
[1.408s] -- Looking for ignition-math6 -- found version 6.15.1
[1.418s] -- Searching for dependencies of ignition-math6
[1.423s] -- Looking for OGRE...
[1.432s] -- Found Ogre Ghadamon (1.9.0)
[1.433s] -- Found OGRE: optimized;/usr/lib/x86_64-linux-gnu/libOgreMain.so;debug;/usr/lib/x86_64-linux-gnu/libOgreMain.so
[1.448s] -- Looking for OGRE_Paging...
[1.448s] -- Found OGRE_Paging: optimized;/usr/lib/x86_64-linux-gnu/libOgrePaging.so;debug;/usr/lib/x86_64-linux-gnu/libOgrePaging.so
[1.448s] -- Looking for OGRE_Terrain...
[1.448s] -- Found OGRE_Terrain: optimized;/usr/lib/x86_64-linux-gnu/libOgreTerrain.so;debug;/usr/lib/x86_64-linux-gnu/libOgreTerrain.so
[1.448s] -- Looking for OGRE_Property...
[1.450s] -- Found OGRE_Property: optimized;/usr/lib/x86_64-linux-gnu/libOgreProperty.so;debug;/usr/lib/x86_64-linux-gnu/libOgreProperty.so
[1.450s] -- Looking for OGRE_RTShaderSystem...
[1.451s] -- Found OGRE_RTShaderSystem: optimized;/usr/lib/x86_64-linux-gnu/libOgreRTShaderSystem.so;debug;/usr/lib/x86_64-linux-gnu/libOgreRTShaderSystem.so
[1.451s] -- Looking for OGRE_Volume...
[1.451s] -- Found OGRE_Volume: optimized;/usr/lib/x86_64-linux-gnu/libOgreVolume.so;debug;/usr/lib/x86_64-linux-gnu/libOgreVolume.so
[1.451s] -- Looking for OGRE_Overlay...
[1.451s] -- Found OGRE_Overlay: optimized;/usr/lib/x86_64-linux-gnu/libOgreOverlay.so;debug;/usr/lib/x86_64-linux-gnu/libOgreOverlay.so
[1.612s] -- Looking for ignition-math6 -- found version 6.15.1
[1.613s] -- Looking for ignition-transport8 -- found version 8.2.1
[1.613s] -- Searching for dependencies of ignition-transport8
[1.635s] -- Found Protobuf: /usr/lib/x86_64-linux-gnu/libprotobuf.so (found suitable version "3.12.4", minimum required is "3") 
[1.649s] -- Config-file not installed for ZeroMQ -- checking for pkg-config
[1.655s] -- Checking for module 'libzmq >= 4'
[1.675s] --   Found libzmq , version 4.3.4
[1.733s] -- Checking for module 'uuid'
[1.752s] --   Found uuid, version 2.37.2
[1.799s] -- Looking for ignition-msgs5 -- found version 5.8.1
[1.800s] -- Searching for dependencies of ignition-msgs5
[1.832s] -- Looking for ignition-math6 -- found version 6.15.1
[1.840s] -- Checking for module 'tinyxml2'
[1.862s] --   Found tinyxml2, version 9.0.0
[1.902s] -- Looking for ignition-msgs5 -- found version 5.8.1
[1.902s] -- Looking for ignition-common3 -- found version 3.14.0
[1.902s] -- Searching for dependencies of ignition-common3
[1.902s] -- Looking for dlfcn.h - found
[1.903s] -- Looking for libdl - found
[1.923s] -- Searching for <ignition-common3> component [graphics]
[1.924s] -- Looking for ignition-common3-graphics -- found version 3.14.0
[1.926s] -- Searching for dependencies of ignition-common3-graphics
[1.926s] -- Looking for ignition-math6 -- found version 6.15.1
[1.928s] -- Looking for ignition-fuel_tools4 -- found version 4.4.0
[1.929s] -- Searching for dependencies of ignition-fuel_tools4
[1.981s] -- Checking for module 'jsoncpp'
[1.997s] --   Found jsoncpp, version 1.9.5
[2.035s] -- Checking for module 'libzip'
[2.053s] --   Found libzip, version 1.7.3
[2.095s] -- Looking for ignition-common3 -- found version 3.14.0
[2.096s] -- Looking for ignition-math6 -- found version 6.15.1
[2.096s] -- Looking for ignition-msgs5 -- found version 5.8.1
[2.218s] -- Gazebo version: 11.10
[2.221s] -- Found image_transport: 3.1.12 (/opt/ros/humble/share/image_transport/cmake)
[2.298s] -- Found camera_info_manager: 3.1.12 (/opt/ros/humble/share/camera_info_manager/cmake)
[2.321s] -- Found ament_lint_auto: 0.12.15 (/opt/ros/humble/share/ament_lint_auto/cmake)
[2.378s] -- Configuring done
[2.423s] -- Generating done
[2.431s] -- Build files have been written to: /home/alberto/ros2_ws/build/realsense_gazebo_plugin
[2.446s] Invoked command in '/home/alberto/ros2_ws/build/realsense_gazebo_plugin' returned '0': CMAKE_PREFIX_PATH=${CMAKE_PREFIX_PATH}:/home/alberto/ros2_ws/install/uf_ros_lib:/home/alberto/ros2_ws/install/my_robot_conroller:/opt/ros/humble /usr/bin/cmake /home/alberto/ros2_ws/src/xarm_ros2/thirdparty/realsense_gazebo_plugin -DAMENT_CMAKE_SYMLINK_INSTALL=1 -DCMAKE_INSTALL_PREFIX=/home/alberto/ros2_ws/install/realsense_gazebo_plugin
[2.449s] Invoking command in '/home/alberto/ros2_ws/build/realsense_gazebo_plugin': CMAKE_PREFIX_PATH=${CMAKE_PREFIX_PATH}:/home/alberto/ros2_ws/install/uf_ros_lib:/home/alberto/ros2_ws/install/my_robot_conroller:/opt/ros/humble /usr/bin/cmake --build /home/alberto/ros2_ws/build/realsense_gazebo_plugin -- -j16 -l16
[2.523s] [35m[1mConsolidate compiler generated dependencies of target realsense_gazebo_plugin[0m
[2.590s] [ 33%] [32m[1mLinking CXX shared library librealsense_gazebo_plugin.so[0m
[3.468s] [100%] Built target realsense_gazebo_plugin
