[0.864s] Invoking command in '/home/alberto/ros2_ws/src/my_robot_controller': PYTHONPATH=/home/alberto/ros2_ws/build/my_robot_conroller/prefix_override:/usr/lib/python3/dist-packages/colcon_core/task/python/colcon_distutils_commands:/home/alberto/ros2_ws/install/my_robot_conroller/lib/python3.10/site-packages:${PYTHONPATH} /usr/bin/python3 -W ignore:setup.py install is deprecated -W ignore:easy_install command is deprecated setup.py egg_info --egg-base ../../build/my_robot_conroller build --build-base /home/alberto/ros2_ws/build/my_robot_conroller/build install --record /home/alberto/ros2_ws/build/my_robot_conroller/install.log --single-version-externally-managed install_data
[1.003s] running egg_info
[1.004s] writing ../../build/my_robot_conroller/my_robot_conroller.egg-info/PKG-INFO
[1.024s] writing dependency_links to ../../build/my_robot_conroller/my_robot_conroller.egg-info/dependency_links.txt
[1.024s] writing entry points to ../../build/my_robot_conroller/my_robot_conroller.egg-info/entry_points.txt
[1.024s] writing requirements to ../../build/my_robot_conroller/my_robot_conroller.egg-info/requires.txt
[1.024s] writing top-level names to ../../build/my_robot_conroller/my_robot_conroller.egg-info/top_level.txt
[1.025s] reading manifest file '../../build/my_robot_conroller/my_robot_conroller.egg-info/SOURCES.txt'
[1.027s] writing manifest file '../../build/my_robot_conroller/my_robot_conroller.egg-info/SOURCES.txt'
[1.027s] running build
[1.027s] running build_py
[1.027s] running install
[1.027s] running install_lib
[1.029s] running install_data
[1.029s] running install_egg_info
[1.030s] removing '/home/alberto/ros2_ws/install/my_robot_conroller/lib/python3.10/site-packages/my_robot_conroller-0.0.0-py3.10.egg-info' (and everything under it)
[1.030s] Copying ../../build/my_robot_conroller/my_robot_conroller.egg-info to /home/alberto/ros2_ws/install/my_robot_conroller/lib/python3.10/site-packages/my_robot_conroller-0.0.0-py3.10.egg-info
[1.031s] running install_scripts
[1.044s] Installing xarm_control_node script to /home/alberto/ros2_ws/install/my_robot_conroller/lib/my_robot_conroller
[1.044s] writing list of installed files to '/home/alberto/ros2_ws/build/my_robot_conroller/install.log'
