[0.016s] Invoking command in '/home/alberto/ros2_ws/build/xarm_planner': AMENT_PREFIX_PATH=/home/alberto/ros2_ws/install/uf_ros_lib:/home/alberto/ros2_ws/install/xarm_planner:/home/alberto/ros2_ws/install/xarm_moveit_servo:/home/alberto/ros2_ws/install/xarm_moveit_config:/home/alberto/ros2_ws/install/xarm_gazebo:/home/alberto/ros2_ws/install/xarm_controller:/home/alberto/ros2_ws/install/d435i_xarm_setup:/home/alberto/ros2_ws/install/xarm_api:/home/alberto/ros2_ws/install/xarm_sdk:/home/alberto/ros2_ws/install/xarm_description:/home/alberto/ros2_ws/install/realsense_gazebo_plugin:/home/alberto/ros2_ws/install/my_robot_conroller:/home/alberto/ros2_ws/install/mbot_demo:/home/alberto/ros2_ws/install/xarm_msgs:/opt/ros/humble CMAKE_PREFIX_PATH=/home/alberto/ros2_ws/install/xarm_moveit_config:/home/alberto/ros2_ws/install/xarm_gazebo:/home/alberto/ros2_ws/install/xarm_controller:/home/alberto/ros2_ws/install/xarm_api:/home/alberto/ros2_ws/install/xarm_sdk:/home/alberto/ros2_ws/install/xarm_msgs:/home/alberto/ros2_ws/install/xarm_description:/home/alberto/ros2_ws/install/xarm_planner:/home/alberto/ros2_ws/install/xarm_moveit_servo:/home/alberto/ros2_ws/install/d435i_xarm_setup:/home/alberto/ros2_ws/install/realsense_gazebo_plugin:/home/alberto/ros2_ws/install/mbot_demo:/home/alberto/ros2_ws/install/uf_ros_lib:/home/alberto/ros2_ws/install/my_robot_conroller:/opt/ros/humble LD_LIBRARY_PATH=/home/alberto/ros2_ws/install/xarm_gazebo/lib:/home/alberto/ros2_ws/install/xarm_controller/lib:/home/alberto/ros2_ws/install/xarm_api/lib:/home/alberto/ros2_ws/install/xarm_sdk/lib:/home/alberto/ros2_ws/install/xarm_msgs/lib:/home/alberto/ros2_ws/install/xarm_planner/lib:/home/alberto/ros2_ws/install/xarm_moveit_servo/lib:/home/alberto/ros2_ws/install/realsense_gazebo_plugin/lib:/usr/lib/x86_64-linux-gnu/gazebo-11/plugins:/opt/ros/humble/opt/rviz_ogre_vendor/lib:/opt/ros/humble/lib/x86_64-linux-gnu:/opt/ros/humble/lib /usr/bin/cmake --build /home/alberto/ros2_ws/build/xarm_planner -- -j16 -l16
[0.047s] [35m[1mConsolidate compiler generated dependencies of target test_xarm_gripper_planner_client_joint[0m
[0.048s] [35m[1mConsolidate compiler generated dependencies of target xarm_planner[0m
[0.048s] [35m[1mConsolidate compiler generated dependencies of target test_lite_gripper_realmove[0m
[0.048s] [35m[1mConsolidate compiler generated dependencies of target test_xarm_planner_client_joint[0m
[0.049s] [35m[1mConsolidate compiler generated dependencies of target test_xarm_planner_client_pose[0m
[0.058s] [  9%] Built target test_xarm_gripper_planner_client_joint
[0.059s] [ 18%] Built target test_lite_gripper_realmove
[0.059s] [ 27%] Built target test_xarm_planner_client_joint
[0.060s] [ 36%] Built target test_xarm_planner_client_pose
[0.066s] [ 45%] Built target xarm_planner
[0.075s] [35m[1mConsolidate compiler generated dependencies of target test_xarm_planner_api_pose[0m
[0.075s] [35m[1mConsolidate compiler generated dependencies of target xarm_planner_node[0m
[0.075s] [35m[1mConsolidate compiler generated dependencies of target xarm_gripper_planner_node[0m
[0.075s] [35m[1mConsolidate compiler generated dependencies of target test_xarm_gripper_planner_api_joint[0m
[0.078s] [35m[1mConsolidate compiler generated dependencies of target test_xarm_planner_api_joint[0m
[0.079s] [35m[1mConsolidate compiler generated dependencies of target test_dual_xarm_planner_api_joint[0m
[0.092s] [ 63%] Built target xarm_planner_node
[0.092s] [ 63%] Built target xarm_gripper_planner_node
[0.094s] [ 72%] Built target test_xarm_planner_api_pose
[0.095s] [ 81%] Built target test_xarm_gripper_planner_api_joint
[0.099s] [ 90%] Built target test_xarm_planner_api_joint
[0.102s] [100%] Built target test_dual_xarm_planner_api_joint
[0.152s] Invoked command in '/home/alberto/ros2_ws/build/xarm_planner' returned '0': AMENT_PREFIX_PATH=/home/alberto/ros2_ws/install/uf_ros_lib:/home/alberto/ros2_ws/install/xarm_planner:/home/alberto/ros2_ws/install/xarm_moveit_servo:/home/alberto/ros2_ws/install/xarm_moveit_config:/home/alberto/ros2_ws/install/xarm_gazebo:/home/alberto/ros2_ws/install/xarm_controller:/home/alberto/ros2_ws/install/d435i_xarm_setup:/home/alberto/ros2_ws/install/xarm_api:/home/alberto/ros2_ws/install/xarm_sdk:/home/alberto/ros2_ws/install/xarm_description:/home/alberto/ros2_ws/install/realsense_gazebo_plugin:/home/alberto/ros2_ws/install/my_robot_conroller:/home/alberto/ros2_ws/install/mbot_demo:/home/alberto/ros2_ws/install/xarm_msgs:/opt/ros/humble CMAKE_PREFIX_PATH=/home/alberto/ros2_ws/install/xarm_moveit_config:/home/alberto/ros2_ws/install/xarm_gazebo:/home/alberto/ros2_ws/install/xarm_controller:/home/alberto/ros2_ws/install/xarm_api:/home/alberto/ros2_ws/install/xarm_sdk:/home/alberto/ros2_ws/install/xarm_msgs:/home/alberto/ros2_ws/install/xarm_description:/home/alberto/ros2_ws/install/xarm_planner:/home/alberto/ros2_ws/install/xarm_moveit_servo:/home/alberto/ros2_ws/install/d435i_xarm_setup:/home/alberto/ros2_ws/install/realsense_gazebo_plugin:/home/alberto/ros2_ws/install/mbot_demo:/home/alberto/ros2_ws/install/uf_ros_lib:/home/alberto/ros2_ws/install/my_robot_conroller:/opt/ros/humble LD_LIBRARY_PATH=/home/alberto/ros2_ws/install/xarm_gazebo/lib:/home/alberto/ros2_ws/install/xarm_controller/lib:/home/alberto/ros2_ws/install/xarm_api/lib:/home/alberto/ros2_ws/install/xarm_sdk/lib:/home/alberto/ros2_ws/install/xarm_msgs/lib:/home/alberto/ros2_ws/install/xarm_planner/lib:/home/alberto/ros2_ws/install/xarm_moveit_servo/lib:/home/alberto/ros2_ws/install/realsense_gazebo_plugin/lib:/usr/lib/x86_64-linux-gnu/gazebo-11/plugins:/opt/ros/humble/opt/rviz_ogre_vendor/lib:/opt/ros/humble/lib/x86_64-linux-gnu:/opt/ros/humble/lib /usr/bin/cmake --build /home/alberto/ros2_ws/build/xarm_planner -- -j16 -l16
[0.153s] Invoking command in '/home/alberto/ros2_ws/build/xarm_planner': AMENT_PREFIX_PATH=/home/alberto/ros2_ws/install/uf_ros_lib:/home/alberto/ros2_ws/install/xarm_planner:/home/alberto/ros2_ws/install/xarm_moveit_servo:/home/alberto/ros2_ws/install/xarm_moveit_config:/home/alberto/ros2_ws/install/xarm_gazebo:/home/alberto/ros2_ws/install/xarm_controller:/home/alberto/ros2_ws/install/d435i_xarm_setup:/home/alberto/ros2_ws/install/xarm_api:/home/alberto/ros2_ws/install/xarm_sdk:/home/alberto/ros2_ws/install/xarm_description:/home/alberto/ros2_ws/install/realsense_gazebo_plugin:/home/alberto/ros2_ws/install/my_robot_conroller:/home/alberto/ros2_ws/install/mbot_demo:/home/alberto/ros2_ws/install/xarm_msgs:/opt/ros/humble CMAKE_PREFIX_PATH=/home/alberto/ros2_ws/install/xarm_moveit_config:/home/alberto/ros2_ws/install/xarm_gazebo:/home/alberto/ros2_ws/install/xarm_controller:/home/alberto/ros2_ws/install/xarm_api:/home/alberto/ros2_ws/install/xarm_sdk:/home/alberto/ros2_ws/install/xarm_msgs:/home/alberto/ros2_ws/install/xarm_description:/home/alberto/ros2_ws/install/xarm_planner:/home/alberto/ros2_ws/install/xarm_moveit_servo:/home/alberto/ros2_ws/install/d435i_xarm_setup:/home/alberto/ros2_ws/install/realsense_gazebo_plugin:/home/alberto/ros2_ws/install/mbot_demo:/home/alberto/ros2_ws/install/uf_ros_lib:/home/alberto/ros2_ws/install/my_robot_conroller:/opt/ros/humble LD_LIBRARY_PATH=/home/alberto/ros2_ws/install/xarm_gazebo/lib:/home/alberto/ros2_ws/install/xarm_controller/lib:/home/alberto/ros2_ws/install/xarm_api/lib:/home/alberto/ros2_ws/install/xarm_sdk/lib:/home/alberto/ros2_ws/install/xarm_msgs/lib:/home/alberto/ros2_ws/install/xarm_planner/lib:/home/alberto/ros2_ws/install/xarm_moveit_servo/lib:/home/alberto/ros2_ws/install/realsense_gazebo_plugin/lib:/usr/lib/x86_64-linux-gnu/gazebo-11/plugins:/opt/ros/humble/opt/rviz_ogre_vendor/lib:/opt/ros/humble/lib/x86_64-linux-gnu:/opt/ros/humble/lib /usr/bin/cmake --install /home/alberto/ros2_ws/build/xarm_planner
[0.158s] -- Install configuration: ""
[0.159s] -- Up-to-date: /home/alberto/ros2_ws/install/xarm_planner/include
[0.159s] -- Up-to-date: /home/alberto/ros2_ws/install/xarm_planner/include/xarm_planner
[0.159s] -- Up-to-date: /home/alberto/ros2_ws/install/xarm_planner/include/xarm_planner/xarm_planner.h
[0.159s] -- Up-to-date: /home/alberto/ros2_ws/install/xarm_planner/lib/libxarm_planner.so
[0.159s] -- Up-to-date: /home/alberto/ros2_ws/install/xarm_planner/lib/xarm_planner/xarm_planner_node
[0.159s] -- Up-to-date: /home/alberto/ros2_ws/install/xarm_planner/lib/xarm_planner/xarm_gripper_planner_node
[0.159s] -- Up-to-date: /home/alberto/ros2_ws/install/xarm_planner/lib/xarm_planner/test_xarm_planner_api_joint
[0.159s] -- Up-to-date: /home/alberto/ros2_ws/install/xarm_planner/lib/xarm_planner/test_dual_xarm_planner_api_joint
[0.159s] -- Up-to-date: /home/alberto/ros2_ws/install/xarm_planner/lib/xarm_planner/test_xarm_planner_api_pose
[0.159s] -- Up-to-date: /home/alberto/ros2_ws/install/xarm_planner/lib/xarm_planner/test_xarm_gripper_planner_api_joint
[0.159s] -- Up-to-date: /home/alberto/ros2_ws/install/xarm_planner/lib/xarm_planner/test_xarm_planner_client_joint
[0.160s] -- Up-to-date: /home/alberto/ros2_ws/install/xarm_planner/lib/xarm_planner/test_xarm_planner_client_pose
[0.160s] -- Up-to-date: /home/alberto/ros2_ws/install/xarm_planner/lib/xarm_planner/test_xarm_gripper_planner_client_joint
[0.160s] -- Up-to-date: /home/alberto/ros2_ws/install/xarm_planner/lib/xarm_planner/test_lite_gripper_realmove
[0.160s] -- Up-to-date: /home/alberto/ros2_ws/install/xarm_planner/share/xarm_planner//launch
[0.160s] -- Up-to-date: /home/alberto/ros2_ws/install/xarm_planner/share/xarm_planner//launch/xarm5_planner_fake.launch.py
[0.160s] -- Up-to-date: /home/alberto/ros2_ws/install/xarm_planner/share/xarm_planner//launch/test_xarm_gripper_planner_client_joint.launch.py
[0.160s] -- Up-to-date: /home/alberto/ros2_ws/install/xarm_planner/share/xarm_planner//launch/lite6_planner_fake.launch.py
[0.160s] -- Up-to-date: /home/alberto/ros2_ws/install/xarm_planner/share/xarm_planner//launch/xarm7_mirror_planner_gazebo.launch.py
[0.160s] -- Up-to-date: /home/alberto/ros2_ws/install/xarm_planner/share/xarm_planner//launch/test_move_group.launch.py
[0.160s] -- Up-to-date: /home/alberto/ros2_ws/install/xarm_planner/share/xarm_planner//launch/_dual_robot_planner.launch.py
[0.160s] -- Up-to-date: /home/alberto/ros2_ws/install/xarm_planner/share/xarm_planner//launch/xarm7_planner_gazebo.launch.py
[0.160s] -- Up-to-date: /home/alberto/ros2_ws/install/xarm_planner/share/xarm_planner//launch/test_xarm_planner_api_pose.launch.py
[0.160s] -- Up-to-date: /home/alberto/ros2_ws/install/xarm_planner/share/xarm_planner//launch/xarm7_mirror_planner_fake.launch.py
[0.160s] -- Up-to-date: /home/alberto/ros2_ws/install/xarm_planner/share/xarm_planner//launch/lite6_planner_realmove.launch.py
[0.160s] -- Up-to-date: /home/alberto/ros2_ws/install/xarm_planner/share/xarm_planner//launch/_robot_planner.launch.py
[0.160s] -- Up-to-date: /home/alberto/ros2_ws/install/xarm_planner/share/xarm_planner//launch/uf850_planner_fake.launch.py
[0.160s] -- Up-to-date: /home/alberto/ros2_ws/install/xarm_planner/share/xarm_planner//launch/xarm6_planner_realmove.launch.py
[0.160s] -- Up-to-date: /home/alberto/ros2_ws/install/xarm_planner/share/xarm_planner//launch/lite6_planner_gazebo.launch.py
[0.160s] -- Up-to-date: /home/alberto/ros2_ws/install/xarm_planner/share/xarm_planner//launch/xarm5_planner_gazebo.launch.py
[0.160s] -- Up-to-date: /home/alberto/ros2_ws/install/xarm_planner/share/xarm_planner//launch/uf850_planner_gazebo.launch.py
[0.160s] -- Up-to-date: /home/alberto/ros2_ws/install/xarm_planner/share/xarm_planner//launch/xarm7_planner_fake.launch.py
[0.161s] -- Up-to-date: /home/alberto/ros2_ws/install/xarm_planner/share/xarm_planner//launch/xarm7_planner_realmove.launch.py
[0.161s] -- Up-to-date: /home/alberto/ros2_ws/install/xarm_planner/share/xarm_planner//launch/xarm6_planner_fake.launch.py
[0.161s] -- Up-to-date: /home/alberto/ros2_ws/install/xarm_planner/share/xarm_planner//launch/test_dual_xarm_planner_api_joint.launch.py
[0.161s] -- Up-to-date: /home/alberto/ros2_ws/install/xarm_planner/share/xarm_planner//launch/test_xarm_gripper_planner_api_joint.launch.py
[0.161s] -- Up-to-date: /home/alberto/ros2_ws/install/xarm_planner/share/xarm_planner//launch/test_xarm_planner_api_joint.launch.py
[0.161s] -- Up-to-date: /home/alberto/ros2_ws/install/xarm_planner/share/xarm_planner//launch/xarm5_planner_realmove.launch.py
[0.161s] -- Up-to-date: /home/alberto/ros2_ws/install/xarm_planner/share/xarm_planner//launch/test_xarm_planner_client_pose.launch.py
[0.161s] -- Up-to-date: /home/alberto/ros2_ws/install/xarm_planner/share/xarm_planner//launch/xarm6_planner_gazebo.launch.py
[0.161s] -- Up-to-date: /home/alberto/ros2_ws/install/xarm_planner/share/xarm_planner//launch/xarm7_mirror_planner_realmove.launch.py
[0.161s] -- Up-to-date: /home/alberto/ros2_ws/install/xarm_planner/share/xarm_planner//launch/test_lite_gripper_realmove.launch.py
[0.161s] -- Up-to-date: /home/alberto/ros2_ws/install/xarm_planner/share/xarm_planner//launch/uf850_planner_realmove.launch.py
[0.161s] -- Up-to-date: /home/alberto/ros2_ws/install/xarm_planner/share/xarm_planner//launch/test_xarm_planner_client_joint.launch.py
[0.161s] -- Up-to-date: /home/alberto/ros2_ws/install/xarm_planner/share/ament_index/resource_index/package_run_dependencies/xarm_planner
[0.161s] -- Up-to-date: /home/alberto/ros2_ws/install/xarm_planner/share/ament_index/resource_index/parent_prefix_path/xarm_planner
[0.161s] -- Up-to-date: /home/alberto/ros2_ws/install/xarm_planner/share/xarm_planner/environment/ament_prefix_path.sh
[0.161s] -- Up-to-date: /home/alberto/ros2_ws/install/xarm_planner/share/xarm_planner/environment/ament_prefix_path.dsv
[0.161s] -- Up-to-date: /home/alberto/ros2_ws/install/xarm_planner/share/xarm_planner/environment/path.sh
[0.161s] -- Up-to-date: /home/alberto/ros2_ws/install/xarm_planner/share/xarm_planner/environment/path.dsv
[0.161s] -- Up-to-date: /home/alberto/ros2_ws/install/xarm_planner/share/xarm_planner/local_setup.bash
[0.161s] -- Up-to-date: /home/alberto/ros2_ws/install/xarm_planner/share/xarm_planner/local_setup.sh
[0.161s] -- Up-to-date: /home/alberto/ros2_ws/install/xarm_planner/share/xarm_planner/local_setup.zsh
[0.161s] -- Up-to-date: /home/alberto/ros2_ws/install/xarm_planner/share/xarm_planner/local_setup.dsv
[0.161s] -- Installing: /home/alberto/ros2_ws/install/xarm_planner/share/xarm_planner/package.dsv
[0.161s] -- Up-to-date: /home/alberto/ros2_ws/install/xarm_planner/share/ament_index/resource_index/packages/xarm_planner
[0.161s] -- Up-to-date: /home/alberto/ros2_ws/install/xarm_planner/share/xarm_planner/cmake/xarm_plannerConfig.cmake
[0.161s] -- Up-to-date: /home/alberto/ros2_ws/install/xarm_planner/share/xarm_planner/cmake/xarm_plannerConfig-version.cmake
[0.161s] -- Up-to-date: /home/alberto/ros2_ws/install/xarm_planner/share/xarm_planner/package.xml
[0.163s] Invoked command in '/home/alberto/ros2_ws/build/xarm_planner' returned '0': AMENT_PREFIX_PATH=/home/alberto/ros2_ws/install/uf_ros_lib:/home/alberto/ros2_ws/install/xarm_planner:/home/alberto/ros2_ws/install/xarm_moveit_servo:/home/alberto/ros2_ws/install/xarm_moveit_config:/home/alberto/ros2_ws/install/xarm_gazebo:/home/alberto/ros2_ws/install/xarm_controller:/home/alberto/ros2_ws/install/d435i_xarm_setup:/home/alberto/ros2_ws/install/xarm_api:/home/alberto/ros2_ws/install/xarm_sdk:/home/alberto/ros2_ws/install/xarm_description:/home/alberto/ros2_ws/install/realsense_gazebo_plugin:/home/alberto/ros2_ws/install/my_robot_conroller:/home/alberto/ros2_ws/install/mbot_demo:/home/alberto/ros2_ws/install/xarm_msgs:/opt/ros/humble CMAKE_PREFIX_PATH=/home/alberto/ros2_ws/install/xarm_moveit_config:/home/alberto/ros2_ws/install/xarm_gazebo:/home/alberto/ros2_ws/install/xarm_controller:/home/alberto/ros2_ws/install/xarm_api:/home/alberto/ros2_ws/install/xarm_sdk:/home/alberto/ros2_ws/install/xarm_msgs:/home/alberto/ros2_ws/install/xarm_description:/home/alberto/ros2_ws/install/xarm_planner:/home/alberto/ros2_ws/install/xarm_moveit_servo:/home/alberto/ros2_ws/install/d435i_xarm_setup:/home/alberto/ros2_ws/install/realsense_gazebo_plugin:/home/alberto/ros2_ws/install/mbot_demo:/home/alberto/ros2_ws/install/uf_ros_lib:/home/alberto/ros2_ws/install/my_robot_conroller:/opt/ros/humble LD_LIBRARY_PATH=/home/alberto/ros2_ws/install/xarm_gazebo/lib:/home/alberto/ros2_ws/install/xarm_controller/lib:/home/alberto/ros2_ws/install/xarm_api/lib:/home/alberto/ros2_ws/install/xarm_sdk/lib:/home/alberto/ros2_ws/install/xarm_msgs/lib:/home/alberto/ros2_ws/install/xarm_planner/lib:/home/alberto/ros2_ws/install/xarm_moveit_servo/lib:/home/alberto/ros2_ws/install/realsense_gazebo_plugin/lib:/usr/lib/x86_64-linux-gnu/gazebo-11/plugins:/opt/ros/humble/opt/rviz_ogre_vendor/lib:/opt/ros/humble/lib/x86_64-linux-gnu:/opt/ros/humble/lib /usr/bin/cmake --install /home/alberto/ros2_ws/build/xarm_planner
