[0.043s] Invoking command in '/home/alberto/ros2_ws/build/xarm_sdk': CMAKE_PREFIX_PATH=${CMAKE_PREFIX_PATH}:/opt/ros/humble /usr/bin/cmake /home/alberto/ros2_ws/src/xarm_ros2/xarm_sdk -DCMAKE_INSTALL_PREFIX=/home/alberto/ros2_ws/install/xarm_sdk
[0.512s] -- The C compiler identification is GNU 11.4.0
[0.512s] -- The CXX compiler identification is GNU 11.4.0
[0.513s] -- Detecting C compiler ABI info
[0.513s] -- Detecting C compiler ABI info - done
[0.513s] -- Check for working C compiler: /usr/bin/cc - skipped
[0.513s] -- Detecting C compile features
[0.513s] -- Detecting C compile features - done
[0.513s] -- Detecting CXX compiler ABI info
[0.513s] -- Detecting CXX compiler ABI info - done
[0.514s] -- Check for working CXX compiler: /usr/bin/c++ - skipped
[0.514s] -- Detecting CXX compile features
[0.514s] -- Detecting CXX compile features - done
[0.515s] -- Found ament_cmake: 1.3.13 (/opt/ros/humble/share/ament_cmake/cmake)
[0.515s] -- Found Python3: /usr/bin/python3 (found version "3.10.12") found components: Interpreter 
[0.537s] -- Found ament_lint_auto: 0.12.15 (/opt/ros/humble/share/ament_lint_auto/cmake)
[0.625s] -- Added test 'copyright' to check source files copyright and LICENSE
[0.634s] -- Added test 'cppcheck' to perform static code analysis on C / C++ code
[0.634s] -- Configured cppcheck include dirs: /home/alberto/ros2_ws/src/xarm_ros2/xarm_sdk/cxx/include
[0.634s] -- Configured cppcheck exclude dirs and/or files: 
[0.644s] -- Added test 'cpplint' to check C / C++ code against the Google style
[0.644s] -- Configured cpplint exclude dirs and/or files: 
[0.648s] -- Added test 'lint_cmake' to check CMake code style
[0.657s] -- Added test 'uncrustify' to check C / C++ code style
[0.657s] -- Configured uncrustify additional arguments: 
[0.659s] -- Added test 'xmllint' to check XML markup files
[0.661s] -- Configuring done
[0.668s] -- Generating done
[0.670s] -- Build files have been written to: /home/alberto/ros2_ws/build/xarm_sdk
[0.674s] Invoked command in '/home/alberto/ros2_ws/build/xarm_sdk' returned '0': CMAKE_PREFIX_PATH=${CMAKE_PREFIX_PATH}:/opt/ros/humble /usr/bin/cmake /home/alberto/ros2_ws/src/xarm_ros2/xarm_sdk -DCMAKE_INSTALL_PREFIX=/home/alberto/ros2_ws/install/xarm_sdk
[0.676s] Invoking command in '/home/alberto/ros2_ws/build/xarm_sdk': CMAKE_PREFIX_PATH=${CMAKE_PREFIX_PATH}:/opt/ros/humble /usr/bin/cmake --build /home/alberto/ros2_ws/build/xarm_sdk -- -j16 -l16
[0.728s] [  3%] [32mBuilding CXX object CMakeFiles/xarm_cxx_sdk.dir/cxx/src/serial/impl/unix.cc.o[0m
[0.728s] [  6%] [32mBuilding CXX object CMakeFiles/xarm_cxx_sdk.dir/cxx/src/serial/impl/list_ports/list_ports_win.cc.o[0m
[0.728s] [  9%] [32mBuilding CXX object CMakeFiles/xarm_cxx_sdk.dir/cxx/src/serial/impl/win.cc.o[0m
[0.728s] [ 12%] [32mBuilding CXX object CMakeFiles/xarm_cxx_sdk.dir/cxx/src/serial/serial.cc.o[0m
[0.728s] [ 15%] [32mBuilding CXX object CMakeFiles/xarm_cxx_sdk.dir/cxx/src/xarm/core/common/crc16.cc.o[0m
[0.729s] [ 25%] [32mBuilding CXX object CMakeFiles/xarm_cxx_sdk.dir/cxx/src/serial/impl/list_ports/list_ports_linux.cc.o[0m
[0.729s] [ 25%] [32mBuilding CXX object CMakeFiles/xarm_cxx_sdk.dir/cxx/src/xarm/core/connect.cc.o[0m
[0.729s] [ 25%] [32mBuilding CXX object CMakeFiles/xarm_cxx_sdk.dir/cxx/src/xarm/core/common/queue_memcpy.cc.o[0m
[0.729s] [ 28%] [32mBuilding CXX object CMakeFiles/xarm_cxx_sdk.dir/cxx/src/serial/impl/list_ports/list_ports_osx.cc.o[0m
[0.735s] [ 31%] [32mBuilding CXX object CMakeFiles/xarm_cxx_sdk.dir/cxx/src/xarm/core/debug/debug_print.cc.o[0m
[0.735s] [ 34%] [32mBuilding CXX object CMakeFiles/xarm_cxx_sdk.dir/cxx/src/xarm/core/instruction/uxbus_cmd.cc.o[0m
[0.737s] [ 37%] [32mBuilding CXX object CMakeFiles/xarm_cxx_sdk.dir/cxx/src/xarm/core/instruction/uxbus_cmd_tcp.cc.o[0m
[0.740s] [ 40%] [32mBuilding CXX object CMakeFiles/xarm_cxx_sdk.dir/cxx/src/xarm/core/os/network.cc.o[0m
[0.740s] [ 43%] [32mBuilding CXX object CMakeFiles/xarm_cxx_sdk.dir/cxx/src/xarm/core/instruction/uxbus_cmd_ser.cc.o[0m
[0.759s] [ 46%] [32mBuilding CXX object CMakeFiles/xarm_cxx_sdk.dir/cxx/src/xarm/core/port/ser.cc.o[0m
[0.759s] [ 50%] [32mBuilding CXX object CMakeFiles/xarm_cxx_sdk.dir/cxx/src/xarm/core/port/socket.cc.o[0m
[0.783s] [ 53%] [32mBuilding CXX object CMakeFiles/xarm_cxx_sdk.dir/cxx/src/xarm/core/report_data.cc.o[0m
[0.788s] [ 56%] [32mBuilding CXX object CMakeFiles/xarm_cxx_sdk.dir/cxx/src/xarm/wrapper/xarm_api.cc.o[0m
[0.806s] [ 59%] [32mBuilding CXX object CMakeFiles/xarm_cxx_sdk.dir/cxx/src/xarm/wrapper/xarm_bio.cc.o[0m
[0.809s] [ 62%] [32mBuilding CXX object CMakeFiles/xarm_cxx_sdk.dir/cxx/src/xarm/wrapper/xarm_events.cc.o[0m
[0.830s] [ 65%] [32mBuilding CXX object CMakeFiles/xarm_cxx_sdk.dir/cxx/src/xarm/wrapper/xarm_ft_sensor.cc.o[0m
[1.282s] [ 68%] [32mBuilding CXX object CMakeFiles/xarm_cxx_sdk.dir/cxx/src/xarm/wrapper/xarm_gpio.cc.o[0m
[1.374s] [ 71%] [32mBuilding CXX object CMakeFiles/xarm_cxx_sdk.dir/cxx/src/xarm/wrapper/xarm_gripper.cc.o[0m
[1.470s] [ 75%] [32mBuilding CXX object CMakeFiles/xarm_cxx_sdk.dir/cxx/src/xarm/wrapper/xarm_modbus_tcp.cc.o[0m
[1.481s] [ 78%] [32mBuilding CXX object CMakeFiles/xarm_cxx_sdk.dir/cxx/src/xarm/wrapper/xarm_linear_motor.cc.o[0m
[1.523s] [ 81%] [32mBuilding CXX object CMakeFiles/xarm_cxx_sdk.dir/cxx/src/xarm/wrapper/xarm_motion.cc.o[0m
[1.532s] [ 84%] [32mBuilding CXX object CMakeFiles/xarm_cxx_sdk.dir/cxx/src/xarm/wrapper/xarm_params.cc.o[0m
[1.689s] [ 87%] [32mBuilding CXX object CMakeFiles/xarm_cxx_sdk.dir/cxx/src/xarm/wrapper/xarm_record.cc.o[0m
[1.760s] [ 96%] [32mBuilding CXX object CMakeFiles/xarm_cxx_sdk.dir/cxx/src/xarm/wrapper/xarm_servo.cc.o[0m
[1.760s] [ 96%] [32mBuilding CXX object CMakeFiles/xarm_cxx_sdk.dir/cxx/src/xarm/wrapper/xarm_robotiq.cc.o[0m
[1.760s] [ 96%] [32mBuilding CXX object CMakeFiles/xarm_cxx_sdk.dir/cxx/src/xarm/wrapper/xarm_report.cc.o[0m
[4.434s] [100%] [32m[1mLinking CXX shared library libxarm_cxx_sdk.so[0m
[4.581s] [100%] Built target xarm_cxx_sdk
[4.589s] Invoked command in '/home/alberto/ros2_ws/build/xarm_sdk' returned '0': CMAKE_PREFIX_PATH=${CMAKE_PREFIX_PATH}:/opt/ros/humble /usr/bin/cmake --build /home/alberto/ros2_ws/build/xarm_sdk -- -j16 -l16
[4.590s] Invoking command in '/home/alberto/ros2_ws/build/xarm_sdk': CMAKE_PREFIX_PATH=${CMAKE_PREFIX_PATH}:/opt/ros/humble /usr/bin/cmake --install /home/alberto/ros2_ws/build/xarm_sdk
[4.596s] -- Install configuration: ""
[4.596s] -- Installing: /home/alberto/ros2_ws/install/xarm_sdk/share/xarm_sdk/environment/library_path.sh
[4.596s] -- Installing: /home/alberto/ros2_ws/install/xarm_sdk/share/xarm_sdk/environment/library_path.dsv
[4.596s] -- Installing: /home/alberto/ros2_ws/install/xarm_sdk/cxx/include
[4.596s] -- Installing: /home/alberto/ros2_ws/install/xarm_sdk/cxx/include/xarm
[4.597s] -- Installing: /home/alberto/ros2_ws/install/xarm_sdk/cxx/include/xarm/wrapper
[4.597s] -- Installing: /home/alberto/ros2_ws/install/xarm_sdk/cxx/include/xarm/wrapper/xarm_api.h
[4.597s] -- Installing: /home/alberto/ros2_ws/install/xarm_sdk/cxx/include/xarm/wrapper/common
[4.597s] -- Installing: /home/alberto/ros2_ws/install/xarm_sdk/cxx/include/xarm/wrapper/common/utils.h
[4.597s] -- Installing: /home/alberto/ros2_ws/install/xarm_sdk/cxx/include/xarm/wrapper/common/timer.h
[4.597s] -- Installing: /home/alberto/ros2_ws/install/xarm_sdk/cxx/include/xarm/core
[4.597s] -- Installing: /home/alberto/ros2_ws/install/xarm_sdk/cxx/include/xarm/core/report_data.h
[4.597s] -- Installing: /home/alberto/ros2_ws/install/xarm_sdk/cxx/include/xarm/core/debug
[4.597s] -- Installing: /home/alberto/ros2_ws/install/xarm_sdk/cxx/include/xarm/core/debug/debug_print.h
[4.597s] -- Installing: /home/alberto/ros2_ws/install/xarm_sdk/cxx/include/xarm/core/port
[4.597s] -- Installing: /home/alberto/ros2_ws/install/xarm_sdk/cxx/include/xarm/core/port/ser.h
[4.597s] -- Installing: /home/alberto/ros2_ws/install/xarm_sdk/cxx/include/xarm/core/port/socket.h
[4.597s] -- Installing: /home/alberto/ros2_ws/install/xarm_sdk/cxx/include/xarm/core/connect.h
[4.597s] -- Installing: /home/alberto/ros2_ws/install/xarm_sdk/cxx/include/xarm/core/os
[4.597s] -- Installing: /home/alberto/ros2_ws/install/xarm_sdk/cxx/include/xarm/core/os/network.h
[4.597s] -- Installing: /home/alberto/ros2_ws/install/xarm_sdk/cxx/include/xarm/core/os/bak
[4.597s] -- Installing: /home/alberto/ros2_ws/install/xarm_sdk/cxx/include/xarm/core/os/bak/thread.h
[4.597s] -- Installing: /home/alberto/ros2_ws/install/xarm_sdk/cxx/include/xarm/core/instruction
[4.597s] -- Installing: /home/alberto/ros2_ws/install/xarm_sdk/cxx/include/xarm/core/instruction/uxbus_cmd_config.h
[4.597s] -- Installing: /home/alberto/ros2_ws/install/xarm_sdk/cxx/include/xarm/core/instruction/uxbus_cmd_ser.h
[4.597s] -- Installing: /home/alberto/ros2_ws/install/xarm_sdk/cxx/include/xarm/core/instruction/servo3_config.h
[4.597s] -- Installing: /home/alberto/ros2_ws/install/xarm_sdk/cxx/include/xarm/core/instruction/uxbus_cmd.h
[4.597s] -- Installing: /home/alberto/ros2_ws/install/xarm_sdk/cxx/include/xarm/core/instruction/uxbus_cmd_tcp.h
[4.597s] -- Installing: /home/alberto/ros2_ws/install/xarm_sdk/cxx/include/xarm/core/xarm_config.h
[4.598s] -- Installing: /home/alberto/ros2_ws/install/xarm_sdk/cxx/include/xarm/core/common
[4.598s] -- Installing: /home/alberto/ros2_ws/install/xarm_sdk/cxx/include/xarm/core/common/data_type.h
[4.598s] -- Installing: /home/alberto/ros2_ws/install/xarm_sdk/cxx/include/xarm/core/common/crc16.h
[4.598s] -- Installing: /home/alberto/ros2_ws/install/xarm_sdk/cxx/include/xarm/core/common/queue_memcpy.h
[4.598s] -- Installing: /home/alberto/ros2_ws/install/xarm_sdk/cxx/include/serial
[4.598s] -- Installing: /home/alberto/ros2_ws/install/xarm_sdk/cxx/include/serial/impl
[4.598s] -- Installing: /home/alberto/ros2_ws/install/xarm_sdk/cxx/include/serial/impl/unix.h
[4.598s] -- Installing: /home/alberto/ros2_ws/install/xarm_sdk/cxx/include/serial/impl/win.h
[4.598s] -- Installing: /home/alberto/ros2_ws/install/xarm_sdk/cxx/include/serial/v8stdint.h
[4.598s] -- Installing: /home/alberto/ros2_ws/install/xarm_sdk/cxx/include/serial/serial.h
[4.598s] -- Installing: /home/alberto/ros2_ws/install/xarm_sdk/lib/libxarm_cxx_sdk.so
[4.599s] -- Installing: /home/alberto/ros2_ws/install/xarm_sdk/share/ament_index/resource_index/package_run_dependencies/xarm_sdk
[4.599s] -- Installing: /home/alberto/ros2_ws/install/xarm_sdk/share/ament_index/resource_index/parent_prefix_path/xarm_sdk
[4.599s] -- Installing: /home/alberto/ros2_ws/install/xarm_sdk/share/xarm_sdk/environment/ament_prefix_path.sh
[4.599s] -- Installing: /home/alberto/ros2_ws/install/xarm_sdk/share/xarm_sdk/environment/ament_prefix_path.dsv
[4.599s] -- Installing: /home/alberto/ros2_ws/install/xarm_sdk/share/xarm_sdk/environment/path.sh
[4.599s] -- Installing: /home/alberto/ros2_ws/install/xarm_sdk/share/xarm_sdk/environment/path.dsv
[4.599s] -- Installing: /home/alberto/ros2_ws/install/xarm_sdk/share/xarm_sdk/local_setup.bash
[4.600s] -- Installing: /home/alberto/ros2_ws/install/xarm_sdk/share/xarm_sdk/local_setup.sh
[4.600s] -- Installing: /home/alberto/ros2_ws/install/xarm_sdk/share/xarm_sdk/local_setup.zsh
[4.600s] -- Installing: /home/alberto/ros2_ws/install/xarm_sdk/share/xarm_sdk/local_setup.dsv
[4.600s] -- Installing: /home/alberto/ros2_ws/install/xarm_sdk/share/xarm_sdk/package.dsv
[4.600s] -- Installing: /home/alberto/ros2_ws/install/xarm_sdk/share/ament_index/resource_index/packages/xarm_sdk
[4.600s] -- Installing: /home/alberto/ros2_ws/install/xarm_sdk/share/xarm_sdk/cmake/ament_cmake_export_libraries-extras.cmake
[4.600s] -- Installing: /home/alberto/ros2_ws/install/xarm_sdk/share/xarm_sdk/cmake/ament_cmake_export_include_directories-extras.cmake
[4.600s] -- Installing: /home/alberto/ros2_ws/install/xarm_sdk/share/xarm_sdk/cmake/xarm_sdkConfig.cmake
[4.600s] -- Installing: /home/alberto/ros2_ws/install/xarm_sdk/share/xarm_sdk/cmake/xarm_sdkConfig-version.cmake
[4.600s] -- Installing: /home/alberto/ros2_ws/install/xarm_sdk/share/xarm_sdk/package.xml
[4.601s] Invoked command in '/home/alberto/ros2_ws/build/xarm_sdk' returned '0': CMAKE_PREFIX_PATH=${CMAKE_PREFIX_PATH}:/opt/ros/humble /usr/bin/cmake --install /home/alberto/ros2_ws/build/xarm_sdk
