running egg_info
creating ../../build/my_robot_conroller/my_robot_conroller.egg-info
writing ../../build/my_robot_conroller/my_robot_conroller.egg-info/PKG-INFO
writing dependency_links to ../../build/my_robot_conroller/my_robot_conroller.egg-info/dependency_links.txt
writing entry points to ../../build/my_robot_conroller/my_robot_conroller.egg-info/entry_points.txt
writing requirements to ../../build/my_robot_conroller/my_robot_conroller.egg-info/requires.txt
writing top-level names to ../../build/my_robot_conroller/my_robot_conroller.egg-info/top_level.txt
writing manifest file '../../build/my_robot_conroller/my_robot_conroller.egg-info/SOURCES.txt'
reading manifest file '../../build/my_robot_conroller/my_robot_conroller.egg-info/SOURCES.txt'
writing manifest file '../../build/my_robot_conroller/my_robot_conroller.egg-info/SOURCES.txt'
running build
running build_py
creating /home/alberto/ros2_ws/build/my_robot_conroller/build
creating /home/alberto/ros2_ws/build/my_robot_conroller/build/lib
creating /home/alberto/ros2_ws/build/my_robot_conroller/build/lib/my_robot_controller
copying my_robot_controller/__init__.py -> /home/alberto/ros2_ws/build/my_robot_conroller/build/lib/my_robot_controller
copying my_robot_controller/my_first_node.py -> /home/alberto/ros2_ws/build/my_robot_conroller/build/lib/my_robot_controller
copying my_robot_controller/xarm_controll.py -> /home/alberto/ros2_ws/build/my_robot_conroller/build/lib/my_robot_controller
running install
running install_lib
creating /home/alberto/ros2_ws/install/my_robot_conroller/lib/python3.10/site-packages/my_robot_controller
copying /home/alberto/ros2_ws/build/my_robot_conroller/build/lib/my_robot_controller/__init__.py -> /home/alberto/ros2_ws/install/my_robot_conroller/lib/python3.10/site-packages/my_robot_controller
copying /home/alberto/ros2_ws/build/my_robot_conroller/build/lib/my_robot_controller/my_first_node.py -> /home/alberto/ros2_ws/install/my_robot_conroller/lib/python3.10/site-packages/my_robot_controller
copying /home/alberto/ros2_ws/build/my_robot_conroller/build/lib/my_robot_controller/xarm_controll.py -> /home/alberto/ros2_ws/install/my_robot_conroller/lib/python3.10/site-packages/my_robot_controller
byte-compiling /home/alberto/ros2_ws/install/my_robot_conroller/lib/python3.10/site-packages/my_robot_controller/__init__.py to __init__.cpython-310.pyc
byte-compiling /home/alberto/ros2_ws/install/my_robot_conroller/lib/python3.10/site-packages/my_robot_controller/my_first_node.py to my_first_node.cpython-310.pyc
byte-compiling /home/alberto/ros2_ws/install/my_robot_conroller/lib/python3.10/site-packages/my_robot_controller/xarm_controll.py to xarm_controll.cpython-310.pyc
running install_data
creating /home/alberto/ros2_ws/install/my_robot_conroller/share/ament_index
creating /home/alberto/ros2_ws/install/my_robot_conroller/share/ament_index/resource_index
creating /home/alberto/ros2_ws/install/my_robot_conroller/share/ament_index/resource_index/packages
copying resource/my_robot_conroller -> /home/alberto/ros2_ws/install/my_robot_conroller/share/ament_index/resource_index/packages
copying package.xml -> /home/alberto/ros2_ws/install/my_robot_conroller/share/my_robot_conroller
running install_egg_info
Copying ../../build/my_robot_conroller/my_robot_conroller.egg-info to /home/alberto/ros2_ws/install/my_robot_conroller/lib/python3.10/site-packages/my_robot_conroller-0.0.0-py3.10.egg-info
running install_scripts
Installing xarm_control_node script to /home/alberto/ros2_ws/install/my_robot_conroller/lib/my_robot_conroller
writing list of installed files to '/home/alberto/ros2_ws/build/my_robot_conroller/install.log'
