[1.342s] Invoking command in '/home/alberto/ros2_ws/src/my_robot_controller': PYTHONPATH=/home/alberto/ros2_ws/build/my_robot_conroller/prefix_override:/usr/lib/python3/dist-packages/colcon_core/task/python/colcon_distutils_commands:/home/alberto/ros2_ws/install/my_robot_conroller/lib/python3.10/site-packages:${PYTHONPATH} /usr/bin/python3 -W ignore:setup.py install is deprecated -W ignore:easy_install command is deprecated setup.py egg_info --egg-base ../../build/my_robot_conroller build --build-base /home/alberto/ros2_ws/build/my_robot_conroller/build install --record /home/alberto/ros2_ws/build/my_robot_conroller/install.log --single-version-externally-managed install_data
[1.851s] running egg_info
[1.851s] creating ../../build/my_robot_conroller/my_robot_conroller.egg-info
[1.852s] writing ../../build/my_robot_conroller/my_robot_conroller.egg-info/PKG-INFO
[1.852s] writing dependency_links to ../../build/my_robot_conroller/my_robot_conroller.egg-info/dependency_links.txt
[1.853s] writing entry points to ../../build/my_robot_conroller/my_robot_conroller.egg-info/entry_points.txt
[1.855s] writing requirements to ../../build/my_robot_conroller/my_robot_conroller.egg-info/requires.txt
[1.855s] writing top-level names to ../../build/my_robot_conroller/my_robot_conroller.egg-info/top_level.txt
[1.856s] writing manifest file '../../build/my_robot_conroller/my_robot_conroller.egg-info/SOURCES.txt'
[1.857s] reading manifest file '../../build/my_robot_conroller/my_robot_conroller.egg-info/SOURCES.txt'
[1.860s] writing manifest file '../../build/my_robot_conroller/my_robot_conroller.egg-info/SOURCES.txt'
[1.860s] running build
[1.860s] running build_py
[1.863s] creating /home/alberto/ros2_ws/build/my_robot_conroller/build
[1.863s] creating /home/alberto/ros2_ws/build/my_robot_conroller/build/lib
[1.864s] creating /home/alberto/ros2_ws/build/my_robot_conroller/build/lib/my_robot_controller
[1.864s] copying my_robot_controller/__init__.py -> /home/alberto/ros2_ws/build/my_robot_conroller/build/lib/my_robot_controller
[1.864s] copying my_robot_controller/my_first_node.py -> /home/alberto/ros2_ws/build/my_robot_conroller/build/lib/my_robot_controller
[1.864s] copying my_robot_controller/xarm_controll.py -> /home/alberto/ros2_ws/build/my_robot_conroller/build/lib/my_robot_controller
[1.864s] running install
[1.864s] running install_lib
[1.864s] creating /home/alberto/ros2_ws/install/my_robot_conroller/lib/python3.10/site-packages/my_robot_controller
[1.865s] copying /home/alberto/ros2_ws/build/my_robot_conroller/build/lib/my_robot_controller/__init__.py -> /home/alberto/ros2_ws/install/my_robot_conroller/lib/python3.10/site-packages/my_robot_controller
[1.865s] copying /home/alberto/ros2_ws/build/my_robot_conroller/build/lib/my_robot_controller/my_first_node.py -> /home/alberto/ros2_ws/install/my_robot_conroller/lib/python3.10/site-packages/my_robot_controller
[1.865s] copying /home/alberto/ros2_ws/build/my_robot_conroller/build/lib/my_robot_controller/xarm_controll.py -> /home/alberto/ros2_ws/install/my_robot_conroller/lib/python3.10/site-packages/my_robot_controller
[1.865s] byte-compiling /home/alberto/ros2_ws/install/my_robot_conroller/lib/python3.10/site-packages/my_robot_controller/__init__.py to __init__.cpython-310.pyc
[1.865s] byte-compiling /home/alberto/ros2_ws/install/my_robot_conroller/lib/python3.10/site-packages/my_robot_controller/my_first_node.py to my_first_node.cpython-310.pyc
[1.865s] byte-compiling /home/alberto/ros2_ws/install/my_robot_conroller/lib/python3.10/site-packages/my_robot_controller/xarm_controll.py to xarm_controll.cpython-310.pyc
[1.866s] running install_data
[1.869s] creating /home/alberto/ros2_ws/install/my_robot_conroller/share/ament_index
[1.869s] creating /home/alberto/ros2_ws/install/my_robot_conroller/share/ament_index/resource_index
[1.870s] creating /home/alberto/ros2_ws/install/my_robot_conroller/share/ament_index/resource_index/packages
[1.870s] copying resource/my_robot_conroller -> /home/alberto/ros2_ws/install/my_robot_conroller/share/ament_index/resource_index/packages
[1.870s] copying package.xml -> /home/alberto/ros2_ws/install/my_robot_conroller/share/my_robot_conroller
[1.870s] running install_egg_info
[1.870s] Copying ../../build/my_robot_conroller/my_robot_conroller.egg-info to /home/alberto/ros2_ws/install/my_robot_conroller/lib/python3.10/site-packages/my_robot_conroller-0.0.0-py3.10.egg-info
[1.871s] running install_scripts
[1.910s] Installing xarm_control_node script to /home/alberto/ros2_ws/install/my_robot_conroller/lib/my_robot_conroller
[1.910s] writing list of installed files to '/home/alberto/ros2_ws/build/my_robot_conroller/install.log'
[1.951s] Invoked command in '/home/alberto/ros2_ws/src/my_robot_controller' returned '0': PYTHONPATH=/home/alberto/ros2_ws/build/my_robot_conroller/prefix_override:/usr/lib/python3/dist-packages/colcon_core/task/python/colcon_distutils_commands:/home/alberto/ros2_ws/install/my_robot_conroller/lib/python3.10/site-packages:${PYTHONPATH} /usr/bin/python3 -W ignore:setup.py install is deprecated -W ignore:easy_install command is deprecated setup.py egg_info --egg-base ../../build/my_robot_conroller build --build-base /home/alberto/ros2_ws/build/my_robot_conroller/build install --record /home/alberto/ros2_ws/build/my_robot_conroller/install.log --single-version-externally-managed install_data
