[0.193s] Invoking command in '/home/alberto/ros2_ws/build/mycobot_bringup': CMAKE_PREFIX_PATH=${CMAKE_PREFIX_PATH}:/home/alberto/ros2_ws/install/uf_ros_lib:/home/alberto/ros2_ws/install/my_robot_conroller:/opt/ros/humble /usr/bin/cmake /home/alberto/ros2_ws/src/mycobot_ros2/mycobot_bringup -DCMAKE_INSTALL_PREFIX=/home/alberto/ros2_ws/install/mycobot_bringup
[0.375s] -- The C compiler identification is GNU 11.4.0
[0.453s] -- The CXX compiler identification is GNU 11.4.0
[0.465s] -- Detecting C compiler ABI info
[0.527s] -- Detecting C compiler ABI info - done
[0.527s] -- Check for working C compiler: /usr/bin/cc - skipped
[0.527s] -- Detecting C compile features
[0.527s] -- Detecting C compile features - done
[0.528s] -- Detecting CXX compiler ABI info
[0.578s] -- Detecting CXX compiler ABI info - done
[0.586s] -- Check for working CXX compiler: /usr/bin/c++ - skipped
[0.587s] -- Detecting CXX compile features
[0.588s] -- Detecting CXX compile features - done
[0.590s] -- Found ament_cmake: 1.3.13 (/opt/ros/humble/share/ament_cmake/cmake)
[0.720s] -- Found Python3: /usr/bin/python3 (found version "3.10.12") found components: Interpreter 
[0.811s] -- Found ament_lint_auto: 0.12.15 (/opt/ros/humble/share/ament_lint_auto/cmake)
[0.883s] -- Added test 'lint_cmake' to check CMake code style
[0.884s] -- Added test 'xmllint' to check XML markup files
[0.886s] -- Configuring done
[0.888s] -- Generating done
[0.889s] -- Build files have been written to: /home/alberto/ros2_ws/build/mycobot_bringup
[0.894s] Invoked command in '/home/alberto/ros2_ws/build/mycobot_bringup' returned '0': CMAKE_PREFIX_PATH=${CMAKE_PREFIX_PATH}:/home/alberto/ros2_ws/install/uf_ros_lib:/home/alberto/ros2_ws/install/my_robot_conroller:/opt/ros/humble /usr/bin/cmake /home/alberto/ros2_ws/src/mycobot_ros2/mycobot_bringup -DCMAKE_INSTALL_PREFIX=/home/alberto/ros2_ws/install/mycobot_bringup
[0.896s] Invoking command in '/home/alberto/ros2_ws/build/mycobot_bringup': CMAKE_PREFIX_PATH=${CMAKE_PREFIX_PATH}:/home/alberto/ros2_ws/install/uf_ros_lib:/home/alberto/ros2_ws/install/my_robot_conroller:/opt/ros/humble /usr/bin/cmake --build /home/alberto/ros2_ws/build/mycobot_bringup -- -j16 -l16
[0.982s] Invoked command in '/home/alberto/ros2_ws/build/mycobot_bringup' returned '0': CMAKE_PREFIX_PATH=${CMAKE_PREFIX_PATH}:/home/alberto/ros2_ws/install/uf_ros_lib:/home/alberto/ros2_ws/install/my_robot_conroller:/opt/ros/humble /usr/bin/cmake --build /home/alberto/ros2_ws/build/mycobot_bringup -- -j16 -l16
[0.983s] Invoking command in '/home/alberto/ros2_ws/build/mycobot_bringup': CMAKE_PREFIX_PATH=${CMAKE_PREFIX_PATH}:/home/alberto/ros2_ws/install/uf_ros_lib:/home/alberto/ros2_ws/install/my_robot_conroller:/opt/ros/humble /usr/bin/cmake --install /home/alberto/ros2_ws/build/mycobot_bringup
[0.987s] -- Install configuration: ""
[0.987s] -- Installing: /home/alberto/ros2_ws/install/mycobot_bringup/share/mycobot_bringup/scripts
[0.987s] -- Installing: /home/alberto/ros2_ws/install/mycobot_bringup/share/mycobot_bringup/scripts/mycobot_280_gazebo_and_moveit.sh
[0.988s] -- Installing: /home/alberto/ros2_ws/install/mycobot_bringup/share/mycobot_bringup/scripts/mycobot_280_mtc_demos.sh
[0.988s] -- Installing: /home/alberto/ros2_ws/install/mycobot_bringup/share/mycobot_bringup/scripts/mycobot_280_gazebo.sh
[0.988s] -- Installing: /home/alberto/ros2_ws/install/mycobot_bringup/share/ament_index/resource_index/package_run_dependencies/mycobot_bringup
[0.988s] -- Installing: /home/alberto/ros2_ws/install/mycobot_bringup/share/ament_index/resource_index/parent_prefix_path/mycobot_bringup
[0.988s] -- Installing: /home/alberto/ros2_ws/install/mycobot_bringup/share/mycobot_bringup/environment/ament_prefix_path.sh
[0.988s] -- Installing: /home/alberto/ros2_ws/install/mycobot_bringup/share/mycobot_bringup/environment/ament_prefix_path.dsv
[0.988s] -- Installing: /home/alberto/ros2_ws/install/mycobot_bringup/share/mycobot_bringup/environment/path.sh
[0.988s] -- Installing: /home/alberto/ros2_ws/install/mycobot_bringup/share/mycobot_bringup/environment/path.dsv
[0.988s] -- Installing: /home/alberto/ros2_ws/install/mycobot_bringup/share/mycobot_bringup/local_setup.bash
[0.988s] -- Installing: /home/alberto/ros2_ws/install/mycobot_bringup/share/mycobot_bringup/local_setup.sh
[0.988s] -- Installing: /home/alberto/ros2_ws/install/mycobot_bringup/share/mycobot_bringup/local_setup.zsh
[0.988s] -- Installing: /home/alberto/ros2_ws/install/mycobot_bringup/share/mycobot_bringup/local_setup.dsv
[0.988s] -- Installing: /home/alberto/ros2_ws/install/mycobot_bringup/share/mycobot_bringup/package.dsv
[0.988s] -- Installing: /home/alberto/ros2_ws/install/mycobot_bringup/share/ament_index/resource_index/packages/mycobot_bringup
[0.988s] -- Installing: /home/alberto/ros2_ws/install/mycobot_bringup/share/mycobot_bringup/cmake/mycobot_bringupConfig.cmake
[0.988s] -- Installing: /home/alberto/ros2_ws/install/mycobot_bringup/share/mycobot_bringup/cmake/mycobot_bringupConfig-version.cmake
[0.989s] -- Installing: /home/alberto/ros2_ws/install/mycobot_bringup/share/mycobot_bringup/package.xml
[0.993s] Invoked command in '/home/alberto/ros2_ws/build/mycobot_bringup' returned '0': CMAKE_PREFIX_PATH=${CMAKE_PREFIX_PATH}:/home/alberto/ros2_ws/install/uf_ros_lib:/home/alberto/ros2_ws/install/my_robot_conroller:/opt/ros/humble /usr/bin/cmake --install /home/alberto/ros2_ws/build/mycobot_bringup
