[35m[1mConsolidate compiler generated dependencies of target mycobot_interfaces__rosidl_generator_c[0m
[  3%] Built target mycobot_interfaces__cpp
[  3%] Built target ament_cmake_python_copy_mycobot_interfaces
[35m[1mConsolidate compiler generated dependencies of target mycobot_interfaces__rosidl_typesupport_introspection_cpp[0m
[35m[1mConsolidate compiler generated dependencies of target mycobot_interfaces__rosidl_typesupport_fastrtps_cpp[0m
[35m[1mConsolidate compiler generated dependencies of target mycobot_interfaces__rosidl_typesupport_cpp[0m
[ 12%] Built target mycobot_interfaces__rosidl_generator_c
[ 22%] Built target mycobot_interfaces__rosidl_typesupport_fastrtps_cpp
[ 32%] Built target mycobot_interfaces__rosidl_typesupport_introspection_cpp
[ 41%] Built target mycobot_interfaces__rosidl_typesupport_cpp
[35m[1mConsolidate compiler generated dependencies of target mycobot_interfaces__rosidl_typesupport_introspection_c[0m
[35m[1mConsolidate compiler generated dependencies of target mycobot_interfaces__rosidl_typesupport_fastrtps_c[0m
[35m[1mConsolidate compiler generated dependencies of target mycobot_interfaces__rosidl_typesupport_c[0m
[ 51%] Built target mycobot_interfaces__rosidl_typesupport_c
[ 61%] Built target mycobot_interfaces__rosidl_typesupport_fastrtps_c
[ 70%] Built target mycobot_interfaces__rosidl_typesupport_introspection_c
[ 70%] Built target mycobot_interfaces
[ 74%] Built target mycobot_interfaces__py
[35m[1mConsolidate compiler generated dependencies of target mycobot_interfaces__rosidl_generator_py[0m
[ 80%] Built target mycobot_interfaces__rosidl_generator_py
[35m[1mConsolidate compiler generated dependencies of target mycobot_interfaces__rosidl_typesupport_fastrtps_c__pyext[0m
[35m[1mConsolidate compiler generated dependencies of target mycobot_interfaces__rosidl_typesupport_c__pyext[0m
[35m[1mConsolidate compiler generated dependencies of target mycobot_interfaces__rosidl_typesupport_introspection_c__pyext[0m
[ 87%] Built target mycobot_interfaces__rosidl_typesupport_fastrtps_c__pyext
[ 93%] Built target mycobot_interfaces__rosidl_typesupport_introspection_c__pyext
[100%] Built target mycobot_interfaces__rosidl_typesupport_c__pyext
running egg_info
writing mycobot_interfaces.egg-info/PKG-INFO
writing dependency_links to mycobot_interfaces.egg-info/dependency_links.txt
writing top-level names to mycobot_interfaces.egg-info/top_level.txt
reading manifest file 'mycobot_interfaces.egg-info/SOURCES.txt'
writing manifest file 'mycobot_interfaces.egg-info/SOURCES.txt'
[100%] Built target ament_cmake_python_build_mycobot_interfaces_egg
-- Install configuration: ""
-- Installing: /home/alberto/ros2_ws/install/mycobot_interfaces/share/ament_index/resource_index/rosidl_interfaces/mycobot_interfaces
-- Installing: /home/alberto/ros2_ws/install/mycobot_interfaces/include/mycobot_interfaces/mycobot_interfaces
-- Installing: /home/alberto/ros2_ws/install/mycobot_interfaces/include/mycobot_interfaces/mycobot_interfaces/srv
-- Installing: /home/alberto/ros2_ws/install/mycobot_interfaces/include/mycobot_interfaces/mycobot_interfaces/srv/detail
-- Installing: /home/alberto/ros2_ws/install/mycobot_interfaces/include/mycobot_interfaces/mycobot_interfaces/srv/detail/get_planning_scene__functions.c
-- Installing: /home/alberto/ros2_ws/install/mycobot_interfaces/include/mycobot_interfaces/mycobot_interfaces/srv/detail/get_planning_scene__type_support.h
-- Installing: /home/alberto/ros2_ws/install/mycobot_interfaces/include/mycobot_interfaces/mycobot_interfaces/srv/detail/get_planning_scene__struct.h
-- Installing: /home/alberto/ros2_ws/install/mycobot_interfaces/include/mycobot_interfaces/mycobot_interfaces/srv/detail/get_planning_scene__functions.h
-- Installing: /home/alberto/ros2_ws/install/mycobot_interfaces/include/mycobot_interfaces/mycobot_interfaces/srv/get_planning_scene.h
-- Installing: /home/alberto/ros2_ws/install/mycobot_interfaces/include/mycobot_interfaces/mycobot_interfaces/msg
-- Installing: /home/alberto/ros2_ws/install/mycobot_interfaces/include/mycobot_interfaces/mycobot_interfaces/msg/rosidl_generator_c__visibility_control.h
-- Installing: /home/alberto/ros2_ws/install/mycobot_interfaces/share/mycobot_interfaces/environment/library_path.sh
-- Installing: /home/alberto/ros2_ws/install/mycobot_interfaces/share/mycobot_interfaces/environment/library_path.dsv
-- Installing: /home/alberto/ros2_ws/install/mycobot_interfaces/lib/libmycobot_interfaces__rosidl_generator_c.so
-- Set runtime path of "/home/alberto/ros2_ws/install/mycobot_interfaces/lib/libmycobot_interfaces__rosidl_generator_c.so" to ""
-- Up-to-date: /home/alberto/ros2_ws/install/mycobot_interfaces/include/mycobot_interfaces/mycobot_interfaces
-- Up-to-date: /home/alberto/ros2_ws/install/mycobot_interfaces/include/mycobot_interfaces/mycobot_interfaces/srv
-- Up-to-date: /home/alberto/ros2_ws/install/mycobot_interfaces/include/mycobot_interfaces/mycobot_interfaces/srv/detail
-- Installing: /home/alberto/ros2_ws/install/mycobot_interfaces/include/mycobot_interfaces/mycobot_interfaces/srv/detail/get_planning_scene__rosidl_typesupport_fastrtps_c.h
-- Up-to-date: /home/alberto/ros2_ws/install/mycobot_interfaces/include/mycobot_interfaces/mycobot_interfaces/msg
-- Installing: /home/alberto/ros2_ws/install/mycobot_interfaces/include/mycobot_interfaces/mycobot_interfaces/msg/rosidl_typesupport_fastrtps_c__visibility_control.h
-- Installing: /home/alberto/ros2_ws/install/mycobot_interfaces/lib/libmycobot_interfaces__rosidl_typesupport_fastrtps_c.so
-- Set runtime path of "/home/alberto/ros2_ws/install/mycobot_interfaces/lib/libmycobot_interfaces__rosidl_typesupport_fastrtps_c.so" to ""
-- Up-to-date: /home/alberto/ros2_ws/install/mycobot_interfaces/include/mycobot_interfaces/mycobot_interfaces
-- Up-to-date: /home/alberto/ros2_ws/install/mycobot_interfaces/include/mycobot_interfaces/mycobot_interfaces/srv
-- Installing: /home/alberto/ros2_ws/install/mycobot_interfaces/include/mycobot_interfaces/mycobot_interfaces/srv/get_planning_scene.hpp
-- Up-to-date: /home/alberto/ros2_ws/install/mycobot_interfaces/include/mycobot_interfaces/mycobot_interfaces/srv/detail
-- Installing: /home/alberto/ros2_ws/install/mycobot_interfaces/include/mycobot_interfaces/mycobot_interfaces/srv/detail/get_planning_scene__builder.hpp
-- Installing: /home/alberto/ros2_ws/install/mycobot_interfaces/include/mycobot_interfaces/mycobot_interfaces/srv/detail/get_planning_scene__type_support.hpp
-- Installing: /home/alberto/ros2_ws/install/mycobot_interfaces/include/mycobot_interfaces/mycobot_interfaces/srv/detail/get_planning_scene__struct.hpp
-- Installing: /home/alberto/ros2_ws/install/mycobot_interfaces/include/mycobot_interfaces/mycobot_interfaces/srv/detail/get_planning_scene__traits.hpp
-- Up-to-date: /home/alberto/ros2_ws/install/mycobot_interfaces/include/mycobot_interfaces/mycobot_interfaces/msg
-- Installing: /home/alberto/ros2_ws/install/mycobot_interfaces/include/mycobot_interfaces/mycobot_interfaces/msg/rosidl_generator_cpp__visibility_control.hpp
-- Up-to-date: /home/alberto/ros2_ws/install/mycobot_interfaces/include/mycobot_interfaces/mycobot_interfaces
-- Up-to-date: /home/alberto/ros2_ws/install/mycobot_interfaces/include/mycobot_interfaces/mycobot_interfaces/srv
-- Up-to-date: /home/alberto/ros2_ws/install/mycobot_interfaces/include/mycobot_interfaces/mycobot_interfaces/srv/detail
-- Installing: /home/alberto/ros2_ws/install/mycobot_interfaces/include/mycobot_interfaces/mycobot_interfaces/srv/detail/dds_fastrtps
-- Installing: /home/alberto/ros2_ws/install/mycobot_interfaces/include/mycobot_interfaces/mycobot_interfaces/srv/detail/get_planning_scene__rosidl_typesupport_fastrtps_cpp.hpp
-- Up-to-date: /home/alberto/ros2_ws/install/mycobot_interfaces/include/mycobot_interfaces/mycobot_interfaces/msg
-- Installing: /home/alberto/ros2_ws/install/mycobot_interfaces/include/mycobot_interfaces/mycobot_interfaces/msg/rosidl_typesupport_fastrtps_cpp__visibility_control.h
-- Installing: /home/alberto/ros2_ws/install/mycobot_interfaces/lib/libmycobot_interfaces__rosidl_typesupport_fastrtps_cpp.so
-- Set runtime path of "/home/alberto/ros2_ws/install/mycobot_interfaces/lib/libmycobot_interfaces__rosidl_typesupport_fastrtps_cpp.so" to ""
-- Up-to-date: /home/alberto/ros2_ws/install/mycobot_interfaces/include/mycobot_interfaces/mycobot_interfaces
-- Up-to-date: /home/alberto/ros2_ws/install/mycobot_interfaces/include/mycobot_interfaces/mycobot_interfaces/srv
-- Up-to-date: /home/alberto/ros2_ws/install/mycobot_interfaces/include/mycobot_interfaces/mycobot_interfaces/srv/detail
-- Installing: /home/alberto/ros2_ws/install/mycobot_interfaces/include/mycobot_interfaces/mycobot_interfaces/srv/detail/get_planning_scene__type_support.c
-- Installing: /home/alberto/ros2_ws/install/mycobot_interfaces/include/mycobot_interfaces/mycobot_interfaces/srv/detail/get_planning_scene__rosidl_typesupport_introspection_c.h
-- Up-to-date: /home/alberto/ros2_ws/install/mycobot_interfaces/include/mycobot_interfaces/mycobot_interfaces/msg
-- Installing: /home/alberto/ros2_ws/install/mycobot_interfaces/include/mycobot_interfaces/mycobot_interfaces/msg/rosidl_typesupport_introspection_c__visibility_control.h
-- Installing: /home/alberto/ros2_ws/install/mycobot_interfaces/lib/libmycobot_interfaces__rosidl_typesupport_introspection_c.so
-- Set runtime path of "/home/alberto/ros2_ws/install/mycobot_interfaces/lib/libmycobot_interfaces__rosidl_typesupport_introspection_c.so" to ""
-- Installing: /home/alberto/ros2_ws/install/mycobot_interfaces/lib/libmycobot_interfaces__rosidl_typesupport_c.so
-- Set runtime path of "/home/alberto/ros2_ws/install/mycobot_interfaces/lib/libmycobot_interfaces__rosidl_typesupport_c.so" to ""
-- Up-to-date: /home/alberto/ros2_ws/install/mycobot_interfaces/include/mycobot_interfaces/mycobot_interfaces
-- Up-to-date: /home/alberto/ros2_ws/install/mycobot_interfaces/include/mycobot_interfaces/mycobot_interfaces/srv
-- Up-to-date: /home/alberto/ros2_ws/install/mycobot_interfaces/include/mycobot_interfaces/mycobot_interfaces/srv/detail
-- Installing: /home/alberto/ros2_ws/install/mycobot_interfaces/include/mycobot_interfaces/mycobot_interfaces/srv/detail/get_planning_scene__rosidl_typesupport_introspection_cpp.hpp
-- Installing: /home/alberto/ros2_ws/install/mycobot_interfaces/include/mycobot_interfaces/mycobot_interfaces/srv/detail/get_planning_scene__type_support.cpp
-- Installing: /home/alberto/ros2_ws/install/mycobot_interfaces/lib/libmycobot_interfaces__rosidl_typesupport_introspection_cpp.so
-- Set runtime path of "/home/alberto/ros2_ws/install/mycobot_interfaces/lib/libmycobot_interfaces__rosidl_typesupport_introspection_cpp.so" to ""
-- Installing: /home/alberto/ros2_ws/install/mycobot_interfaces/lib/libmycobot_interfaces__rosidl_typesupport_cpp.so
-- Set runtime path of "/home/alberto/ros2_ws/install/mycobot_interfaces/lib/libmycobot_interfaces__rosidl_typesupport_cpp.so" to ""
-- Installing: /home/alberto/ros2_ws/install/mycobot_interfaces/share/mycobot_interfaces/environment/pythonpath.sh
-- Installing: /home/alberto/ros2_ws/install/mycobot_interfaces/share/mycobot_interfaces/environment/pythonpath.dsv
-- Installing: /home/alberto/ros2_ws/install/mycobot_interfaces/local/lib/python3.10/dist-packages/mycobot_interfaces-0.0.0-py3.10.egg-info
-- Installing: /home/alberto/ros2_ws/install/mycobot_interfaces/local/lib/python3.10/dist-packages/mycobot_interfaces-0.0.0-py3.10.egg-info/SOURCES.txt
-- Installing: /home/alberto/ros2_ws/install/mycobot_interfaces/local/lib/python3.10/dist-packages/mycobot_interfaces-0.0.0-py3.10.egg-info/top_level.txt
-- Installing: /home/alberto/ros2_ws/install/mycobot_interfaces/local/lib/python3.10/dist-packages/mycobot_interfaces-0.0.0-py3.10.egg-info/PKG-INFO
-- Installing: /home/alberto/ros2_ws/install/mycobot_interfaces/local/lib/python3.10/dist-packages/mycobot_interfaces-0.0.0-py3.10.egg-info/dependency_links.txt
-- Installing: /home/alberto/ros2_ws/install/mycobot_interfaces/local/lib/python3.10/dist-packages/mycobot_interfaces
-- Installing: /home/alberto/ros2_ws/install/mycobot_interfaces/local/lib/python3.10/dist-packages/mycobot_interfaces/__init__.py
-- Installing: /home/alberto/ros2_ws/install/mycobot_interfaces/local/lib/python3.10/dist-packages/mycobot_interfaces/mycobot_interfaces_s__rosidl_typesupport_introspection_c.cpython-310-x86_64-linux-gnu.so
-- Installing: /home/alberto/ros2_ws/install/mycobot_interfaces/local/lib/python3.10/dist-packages/mycobot_interfaces/_mycobot_interfaces_s.ep.rosidl_typesupport_c.c
-- Installing: /home/alberto/ros2_ws/install/mycobot_interfaces/local/lib/python3.10/dist-packages/mycobot_interfaces/srv
-- Installing: /home/alberto/ros2_ws/install/mycobot_interfaces/local/lib/python3.10/dist-packages/mycobot_interfaces/srv/__init__.py
-- Installing: /home/alberto/ros2_ws/install/mycobot_interfaces/local/lib/python3.10/dist-packages/mycobot_interfaces/srv/_get_planning_scene_s.c
-- Installing: /home/alberto/ros2_ws/install/mycobot_interfaces/local/lib/python3.10/dist-packages/mycobot_interfaces/srv/_get_planning_scene.py
-- Installing: /home/alberto/ros2_ws/install/mycobot_interfaces/local/lib/python3.10/dist-packages/mycobot_interfaces/mycobot_interfaces_s__rosidl_typesupport_fastrtps_c.cpython-310-x86_64-linux-gnu.so
-- Installing: /home/alberto/ros2_ws/install/mycobot_interfaces/local/lib/python3.10/dist-packages/mycobot_interfaces/_mycobot_interfaces_s.ep.rosidl_typesupport_fastrtps_c.c
-- Installing: /home/alberto/ros2_ws/install/mycobot_interfaces/local/lib/python3.10/dist-packages/mycobot_interfaces/_mycobot_interfaces_s.ep.rosidl_typesupport_introspection_c.c
-- Installing: /home/alberto/ros2_ws/install/mycobot_interfaces/local/lib/python3.10/dist-packages/mycobot_interfaces/mycobot_interfaces_s__rosidl_typesupport_c.cpython-310-x86_64-linux-gnu.so
-- Installing: /home/alberto/ros2_ws/install/mycobot_interfaces/local/lib/python3.10/dist-packages/mycobot_interfaces/libmycobot_interfaces__rosidl_generator_py.so
Listing '/home/alberto/ros2_ws/install/mycobot_interfaces/local/lib/python3.10/dist-packages/mycobot_interfaces'...
Compiling '/home/alberto/ros2_ws/install/mycobot_interfaces/local/lib/python3.10/dist-packages/mycobot_interfaces/__init__.py'...
Listing '/home/alberto/ros2_ws/install/mycobot_interfaces/local/lib/python3.10/dist-packages/mycobot_interfaces/srv'...
Compiling '/home/alberto/ros2_ws/install/mycobot_interfaces/local/lib/python3.10/dist-packages/mycobot_interfaces/srv/__init__.py'...
Compiling '/home/alberto/ros2_ws/install/mycobot_interfaces/local/lib/python3.10/dist-packages/mycobot_interfaces/srv/_get_planning_scene.py'...
-- Installing: /home/alberto/ros2_ws/install/mycobot_interfaces/local/lib/python3.10/dist-packages/mycobot_interfaces/mycobot_interfaces_s__rosidl_typesupport_fastrtps_c.cpython-310-x86_64-linux-gnu.so
-- Set runtime path of "/home/alberto/ros2_ws/install/mycobot_interfaces/local/lib/python3.10/dist-packages/mycobot_interfaces/mycobot_interfaces_s__rosidl_typesupport_fastrtps_c.cpython-310-x86_64-linux-gnu.so" to ""
-- Installing: /home/alberto/ros2_ws/install/mycobot_interfaces/local/lib/python3.10/dist-packages/mycobot_interfaces/mycobot_interfaces_s__rosidl_typesupport_introspection_c.cpython-310-x86_64-linux-gnu.so
-- Set runtime path of "/home/alberto/ros2_ws/install/mycobot_interfaces/local/lib/python3.10/dist-packages/mycobot_interfaces/mycobot_interfaces_s__rosidl_typesupport_introspection_c.cpython-310-x86_64-linux-gnu.so" to ""
-- Installing: /home/alberto/ros2_ws/install/mycobot_interfaces/local/lib/python3.10/dist-packages/mycobot_interfaces/mycobot_interfaces_s__rosidl_typesupport_c.cpython-310-x86_64-linux-gnu.so
-- Set runtime path of "/home/alberto/ros2_ws/install/mycobot_interfaces/local/lib/python3.10/dist-packages/mycobot_interfaces/mycobot_interfaces_s__rosidl_typesupport_c.cpython-310-x86_64-linux-gnu.so" to ""
-- Installing: /home/alberto/ros2_ws/install/mycobot_interfaces/lib/libmycobot_interfaces__rosidl_generator_py.so
-- Set runtime path of "/home/alberto/ros2_ws/install/mycobot_interfaces/lib/libmycobot_interfaces__rosidl_generator_py.so" to ""
-- Installing: /home/alberto/ros2_ws/install/mycobot_interfaces/share/mycobot_interfaces/srv/GetPlanningScene.idl
-- Installing: /home/alberto/ros2_ws/install/mycobot_interfaces/share/mycobot_interfaces/srv/GetPlanningScene.srv
-- Installing: /home/alberto/ros2_ws/install/mycobot_interfaces/share/mycobot_interfaces/srv/GetPlanningScene_Request.msg
-- Installing: /home/alberto/ros2_ws/install/mycobot_interfaces/share/mycobot_interfaces/srv/GetPlanningScene_Response.msg
-- Installing: /home/alberto/ros2_ws/install/mycobot_interfaces/share/ament_index/resource_index/package_run_dependencies/mycobot_interfaces
-- Installing: /home/alberto/ros2_ws/install/mycobot_interfaces/share/ament_index/resource_index/parent_prefix_path/mycobot_interfaces
-- Installing: /home/alberto/ros2_ws/install/mycobot_interfaces/share/mycobot_interfaces/environment/ament_prefix_path.sh
-- Installing: /home/alberto/ros2_ws/install/mycobot_interfaces/share/mycobot_interfaces/environment/ament_prefix_path.dsv
-- Installing: /home/alberto/ros2_ws/install/mycobot_interfaces/share/mycobot_interfaces/environment/path.sh
-- Installing: /home/alberto/ros2_ws/install/mycobot_interfaces/share/mycobot_interfaces/environment/path.dsv
-- Installing: /home/alberto/ros2_ws/install/mycobot_interfaces/share/mycobot_interfaces/local_setup.bash
-- Installing: /home/alberto/ros2_ws/install/mycobot_interfaces/share/mycobot_interfaces/local_setup.sh
-- Installing: /home/alberto/ros2_ws/install/mycobot_interfaces/share/mycobot_interfaces/local_setup.zsh
-- Installing: /home/alberto/ros2_ws/install/mycobot_interfaces/share/mycobot_interfaces/local_setup.dsv
-- Installing: /home/alberto/ros2_ws/install/mycobot_interfaces/share/mycobot_interfaces/package.dsv
-- Installing: /home/alberto/ros2_ws/install/mycobot_interfaces/share/ament_index/resource_index/packages/mycobot_interfaces
-- Installing: /home/alberto/ros2_ws/install/mycobot_interfaces/share/mycobot_interfaces/cmake/export_mycobot_interfaces__rosidl_generator_cExport.cmake
-- Installing: /home/alberto/ros2_ws/install/mycobot_interfaces/share/mycobot_interfaces/cmake/export_mycobot_interfaces__rosidl_generator_cExport-noconfig.cmake
-- Installing: /home/alberto/ros2_ws/install/mycobot_interfaces/share/mycobot_interfaces/cmake/export_mycobot_interfaces__rosidl_typesupport_fastrtps_cExport.cmake
-- Installing: /home/alberto/ros2_ws/install/mycobot_interfaces/share/mycobot_interfaces/cmake/export_mycobot_interfaces__rosidl_typesupport_fastrtps_cExport-noconfig.cmake
-- Installing: /home/alberto/ros2_ws/install/mycobot_interfaces/share/mycobot_interfaces/cmake/export_mycobot_interfaces__rosidl_generator_cppExport.cmake
-- Installing: /home/alberto/ros2_ws/install/mycobot_interfaces/share/mycobot_interfaces/cmake/export_mycobot_interfaces__rosidl_typesupport_fastrtps_cppExport.cmake
-- Installing: /home/alberto/ros2_ws/install/mycobot_interfaces/share/mycobot_interfaces/cmake/export_mycobot_interfaces__rosidl_typesupport_fastrtps_cppExport-noconfig.cmake
-- Installing: /home/alberto/ros2_ws/install/mycobot_interfaces/share/mycobot_interfaces/cmake/mycobot_interfaces__rosidl_typesupport_introspection_cExport.cmake
-- Installing: /home/alberto/ros2_ws/install/mycobot_interfaces/share/mycobot_interfaces/cmake/mycobot_interfaces__rosidl_typesupport_introspection_cExport-noconfig.cmake
-- Installing: /home/alberto/ros2_ws/install/mycobot_interfaces/share/mycobot_interfaces/cmake/mycobot_interfaces__rosidl_typesupport_cExport.cmake
-- Installing: /home/alberto/ros2_ws/install/mycobot_interfaces/share/mycobot_interfaces/cmake/mycobot_interfaces__rosidl_typesupport_cExport-noconfig.cmake
-- Installing: /home/alberto/ros2_ws/install/mycobot_interfaces/share/mycobot_interfaces/cmake/mycobot_interfaces__rosidl_typesupport_introspection_cppExport.cmake
-- Installing: /home/alberto/ros2_ws/install/mycobot_interfaces/share/mycobot_interfaces/cmake/mycobot_interfaces__rosidl_typesupport_introspection_cppExport-noconfig.cmake
-- Installing: /home/alberto/ros2_ws/install/mycobot_interfaces/share/mycobot_interfaces/cmake/mycobot_interfaces__rosidl_typesupport_cppExport.cmake
-- Installing: /home/alberto/ros2_ws/install/mycobot_interfaces/share/mycobot_interfaces/cmake/mycobot_interfaces__rosidl_typesupport_cppExport-noconfig.cmake
-- Installing: /home/alberto/ros2_ws/install/mycobot_interfaces/share/mycobot_interfaces/cmake/export_mycobot_interfaces__rosidl_generator_pyExport.cmake
-- Installing: /home/alberto/ros2_ws/install/mycobot_interfaces/share/mycobot_interfaces/cmake/export_mycobot_interfaces__rosidl_generator_pyExport-noconfig.cmake
-- Installing: /home/alberto/ros2_ws/install/mycobot_interfaces/share/mycobot_interfaces/cmake/rosidl_cmake-extras.cmake
-- Installing: /home/alberto/ros2_ws/install/mycobot_interfaces/share/mycobot_interfaces/cmake/ament_cmake_export_dependencies-extras.cmake
-- Installing: /home/alberto/ros2_ws/install/mycobot_interfaces/share/mycobot_interfaces/cmake/ament_cmake_export_include_directories-extras.cmake
-- Installing: /home/alberto/ros2_ws/install/mycobot_interfaces/share/mycobot_interfaces/cmake/ament_cmake_export_libraries-extras.cmake
-- Installing: /home/alberto/ros2_ws/install/mycobot_interfaces/share/mycobot_interfaces/cmake/ament_cmake_export_targets-extras.cmake
-- Installing: /home/alberto/ros2_ws/install/mycobot_interfaces/share/mycobot_interfaces/cmake/rosidl_cmake_export_typesupport_targets-extras.cmake
-- Installing: /home/alberto/ros2_ws/install/mycobot_interfaces/share/mycobot_interfaces/cmake/rosidl_cmake_export_typesupport_libraries-extras.cmake
-- Installing: /home/alberto/ros2_ws/install/mycobot_interfaces/share/mycobot_interfaces/cmake/mycobot_interfacesConfig.cmake
-- Installing: /home/alberto/ros2_ws/install/mycobot_interfaces/share/mycobot_interfaces/cmake/mycobot_interfacesConfig-version.cmake
-- Installing: /home/alberto/ros2_ws/install/mycobot_interfaces/share/mycobot_interfaces/package.xml
