-- Install configuration: ""
-- Installing: /home/alberto/ros2_ws/install/mycobot_moveit_config/share/mycobot_moveit_config/config
-- Installing: /home/alberto/ros2_ws/install/mycobot_moveit_config/share/mycobot_moveit_config/config/stomp_planning.yaml
-- Installing: /home/alberto/ros2_ws/install/mycobot_moveit_config/share/mycobot_moveit_config/config/pilz_industrial_motion_planner_planning.yaml
-- Installing: /home/alberto/ros2_ws/install/mycobot_moveit_config/share/mycobot_moveit_config/config/ompl_planning.yaml
-- Installing: /home/alberto/ros2_ws/install/mycobot_moveit_config/share/mycobot_moveit_config/config/mycobot_280
-- Installing: /home/alberto/ros2_ws/install/mycobot_moveit_config/share/mycobot_moveit_config/config/mycobot_280/initial_positions.yaml
-- Installing: /home/alberto/ros2_ws/install/mycobot_moveit_config/share/mycobot_moveit_config/config/mycobot_280/pilz_cartesian_limits.yaml
-- Installing: /home/alberto/ros2_ws/install/mycobot_moveit_config/share/mycobot_moveit_config/config/mycobot_280/ros2_controllers.yaml
-- Installing: /home/alberto/ros2_ws/install/mycobot_moveit_config/share/mycobot_moveit_config/config/mycobot_280/ros2_controllers_template.yaml
-- Installing: /home/alberto/ros2_ws/install/mycobot_moveit_config/share/mycobot_moveit_config/config/mycobot_280/moveit_controllers.yaml
-- Installing: /home/alberto/ros2_ws/install/mycobot_moveit_config/share/mycobot_moveit_config/config/mycobot_280/joint_limits.yaml
-- Installing: /home/alberto/ros2_ws/install/mycobot_moveit_config/share/mycobot_moveit_config/config/mycobot_280/mycobot_280.srdf
-- Installing: /home/alberto/ros2_ws/install/mycobot_moveit_config/share/mycobot_moveit_config/config/mycobot_280/kinematics.yaml
-- Installing: /home/alberto/ros2_ws/install/mycobot_moveit_config/share/mycobot_moveit_config/launch
-- Installing: /home/alberto/ros2_ws/install/mycobot_moveit_config/share/mycobot_moveit_config/launch/move_group.launch.py
-- Installing: /home/alberto/ros2_ws/install/mycobot_moveit_config/share/mycobot_moveit_config/launch/load_ros2_controllers.launch.py
-- Installing: /home/alberto/ros2_ws/install/mycobot_moveit_config/share/mycobot_moveit_config/rviz
-- Installing: /home/alberto/ros2_ws/install/mycobot_moveit_config/share/mycobot_moveit_config/rviz/move_group.rviz
-- Installing: /home/alberto/ros2_ws/install/mycobot_moveit_config/share/mycobot_moveit_config/.setup_assistant
-- Installing: /home/alberto/ros2_ws/install/mycobot_moveit_config/share/ament_index/resource_index/package_run_dependencies/mycobot_moveit_config
-- Installing: /home/alberto/ros2_ws/install/mycobot_moveit_config/share/ament_index/resource_index/parent_prefix_path/mycobot_moveit_config
-- Installing: /home/alberto/ros2_ws/install/mycobot_moveit_config/share/mycobot_moveit_config/environment/ament_prefix_path.sh
-- Installing: /home/alberto/ros2_ws/install/mycobot_moveit_config/share/mycobot_moveit_config/environment/ament_prefix_path.dsv
-- Installing: /home/alberto/ros2_ws/install/mycobot_moveit_config/share/mycobot_moveit_config/environment/path.sh
-- Installing: /home/alberto/ros2_ws/install/mycobot_moveit_config/share/mycobot_moveit_config/environment/path.dsv
-- Installing: /home/alberto/ros2_ws/install/mycobot_moveit_config/share/mycobot_moveit_config/local_setup.bash
-- Installing: /home/alberto/ros2_ws/install/mycobot_moveit_config/share/mycobot_moveit_config/local_setup.sh
-- Installing: /home/alberto/ros2_ws/install/mycobot_moveit_config/share/mycobot_moveit_config/local_setup.zsh
-- Installing: /home/alberto/ros2_ws/install/mycobot_moveit_config/share/mycobot_moveit_config/local_setup.dsv
-- Installing: /home/alberto/ros2_ws/install/mycobot_moveit_config/share/mycobot_moveit_config/package.dsv
-- Installing: /home/alberto/ros2_ws/install/mycobot_moveit_config/share/ament_index/resource_index/packages/mycobot_moveit_config
-- Installing: /home/alberto/ros2_ws/install/mycobot_moveit_config/share/mycobot_moveit_config/cmake/mycobot_moveit_configConfig.cmake
-- Installing: /home/alberto/ros2_ws/install/mycobot_moveit_config/share/mycobot_moveit_config/cmake/mycobot_moveit_configConfig-version.cmake
-- Installing: /home/alberto/ros2_ws/install/mycobot_moveit_config/share/mycobot_moveit_config/package.xml
