[  6%] [32mBuilding CXX object CMakeFiles/xarm_cxx_sdk.dir/cxx/src/xarm/core/connect.cc.o[0m
[  9%] [32mBuilding CXX object CMakeFiles/xarm_cxx_sdk.dir/cxx/src/xarm/core/instruction/uxbus_cmd_ser.cc.o[0m
[ 12%] [32mBuilding CXX object CMakeFiles/xarm_cxx_sdk.dir/cxx/src/xarm/core/instruction/uxbus_cmd_tcp.cc.o[0m
[  6%] [32mBuilding CXX object CMakeFiles/xarm_cxx_sdk.dir/cxx/src/xarm/core/common/queue_memcpy.cc.o[0m
[ 21%] [32mBuilding CXX object CMakeFiles/xarm_cxx_sdk.dir/cxx/src/xarm/core/port/socket.cc.o[0m
[ 18%] [32mBuilding CXX object CMakeFiles/xarm_cxx_sdk.dir/cxx/src/serial/serial.cc.o[0m
[ 21%] [32mBuilding CXX object CMakeFiles/xarm_cxx_sdk.dir/cxx/src/serial/impl/list_ports/list_ports_linux.cc.o[0m
[ 25%] [32mBuilding CXX object CMakeFiles/xarm_cxx_sdk.dir/cxx/src/xarm/wrapper/xarm_api.cc.o[0m
[ 31%] [32mBuilding CXX object CMakeFiles/xarm_cxx_sdk.dir/cxx/src/xarm/core/os/network.cc.o[0m
[ 31%] [32mBuilding CXX object CMakeFiles/xarm_cxx_sdk.dir/cxx/src/serial/impl/unix.cc.o[0m
[ 37%] [32mBuilding CXX object CMakeFiles/xarm_cxx_sdk.dir/cxx/src/xarm/core/instruction/uxbus_cmd.cc.o[0m
[ 37%] [32mBuilding CXX object CMakeFiles/xarm_cxx_sdk.dir/cxx/src/xarm/core/port/ser.cc.o[0m
[ 40%] [32mBuilding CXX object CMakeFiles/xarm_cxx_sdk.dir/cxx/src/xarm/wrapper/xarm_events.cc.o[0m
[ 43%] [32mBuilding CXX object CMakeFiles/xarm_cxx_sdk.dir/cxx/src/xarm/core/report_data.cc.o[0m
[ 46%] [32mBuilding CXX object CMakeFiles/xarm_cxx_sdk.dir/cxx/src/xarm/wrapper/xarm_bio.cc.o[0m
[ 50%] [32mBuilding CXX object CMakeFiles/xarm_cxx_sdk.dir/cxx/src/xarm/wrapper/xarm_ft_sensor.cc.o[0m
[ 53%] [32mBuilding CXX object CMakeFiles/xarm_cxx_sdk.dir/cxx/src/xarm/wrapper/xarm_gpio.cc.o[0m
[ 56%] [32mBuilding CXX object CMakeFiles/xarm_cxx_sdk.dir/cxx/src/xarm/wrapper/xarm_gripper.cc.o[0m
[ 59%] [32mBuilding CXX object CMakeFiles/xarm_cxx_sdk.dir/cxx/src/xarm/wrapper/xarm_linear_motor.cc.o[0m
[ 62%] [32mBuilding CXX object CMakeFiles/xarm_cxx_sdk.dir/cxx/src/xarm/wrapper/xarm_modbus_tcp.cc.o[0m
[ 65%] [32mBuilding CXX object CMakeFiles/xarm_cxx_sdk.dir/cxx/src/xarm/wrapper/xarm_motion.cc.o[0m
[ 68%] [32mBuilding CXX object CMakeFiles/xarm_cxx_sdk.dir/cxx/src/xarm/wrapper/xarm_params.cc.o[0m
[ 71%] [32mBuilding CXX object CMakeFiles/xarm_cxx_sdk.dir/cxx/src/xarm/wrapper/xarm_record.cc.o[0m
[ 75%] [32mBuilding CXX object CMakeFiles/xarm_cxx_sdk.dir/cxx/src/xarm/wrapper/xarm_report.cc.o[0m
[ 78%] [32mBuilding CXX object CMakeFiles/xarm_cxx_sdk.dir/cxx/src/xarm/wrapper/xarm_robotiq.cc.o[0m
[ 81%] [32mBuilding CXX object CMakeFiles/xarm_cxx_sdk.dir/cxx/src/xarm/wrapper/xarm_servo.cc.o[0m
[ 84%] [32m[1mLinking CXX shared library libxarm_cxx_sdk.so[0m
[100%] Built target xarm_cxx_sdk
