[1.113s] Invoking command in '/home/alberto/ros2_ws/build/my_robot_conroller': PYTHONPATH=/home/alberto/ros2_ws/build/my_robot_conroller/prefix_override:/usr/lib/python3/dist-packages/colcon_core/task/python/colcon_distutils_commands:/home/alberto/ros2_ws/install/my_robot_conroller/lib/python3.10/site-packages:${PYTHONPATH} /usr/bin/python3 -W ignore:setup.py install is deprecated -W ignore:easy_install command is deprecated setup.py develop --uninstall --editable --build-directory /home/alberto/ros2_ws/build/my_robot_conroller/build
[1.365s] running develop
[1.509s] Removing /home/alberto/ros2_ws/install/my_robot_conroller/lib/python3.10/site-packages/my-robot-conroller.egg-link (link to .)
[1.534s] Invoked command in '/home/alberto/ros2_ws/build/my_robot_conroller' returned '0': PYTHONPATH=/home/alberto/ros2_ws/build/my_robot_conroller/prefix_override:/usr/lib/python3/dist-packages/colcon_core/task/python/colcon_distutils_commands:/home/alberto/ros2_ws/install/my_robot_conroller/lib/python3.10/site-packages:${PYTHONPATH} /usr/bin/python3 -W ignore:setup.py install is deprecated -W ignore:easy_install command is deprecated setup.py develop --uninstall --editable --build-directory /home/alberto/ros2_ws/build/my_robot_conroller/build
[1.536s] Invoking command in '/home/alberto/ros2_ws/src/my_robot_controller': PYTHONPATH=/home/alberto/ros2_ws/build/my_robot_conroller/prefix_override:/usr/lib/python3/dist-packages/colcon_core/task/python/colcon_distutils_commands:/home/alberto/ros2_ws/install/my_robot_conroller/lib/python3.10/site-packages:${PYTHONPATH} /usr/bin/python3 -W ignore:setup.py install is deprecated -W ignore:easy_install command is deprecated setup.py egg_info --egg-base ../../build/my_robot_conroller build --build-base /home/alberto/ros2_ws/build/my_robot_conroller/build install --record /home/alberto/ros2_ws/build/my_robot_conroller/install.log --single-version-externally-managed install_data --force
[1.760s] running egg_info
[1.762s] writing ../../build/my_robot_conroller/my_robot_conroller.egg-info/PKG-INFO
[1.762s] writing dependency_links to ../../build/my_robot_conroller/my_robot_conroller.egg-info/dependency_links.txt
[1.762s] writing entry points to ../../build/my_robot_conroller/my_robot_conroller.egg-info/entry_points.txt
[1.763s] writing requirements to ../../build/my_robot_conroller/my_robot_conroller.egg-info/requires.txt
[1.763s] writing top-level names to ../../build/my_robot_conroller/my_robot_conroller.egg-info/top_level.txt
[1.763s] reading manifest file '../../build/my_robot_conroller/my_robot_conroller.egg-info/SOURCES.txt'
[1.764s] writing manifest file '../../build/my_robot_conroller/my_robot_conroller.egg-info/SOURCES.txt'
[1.764s] running build
[1.764s] running build_py
[1.764s] running install
[1.764s] running install_lib
[1.765s] creating /home/alberto/ros2_ws/install/my_robot_conroller/lib/python3.10/site-packages/my_robot_controller
[1.765s] copying /home/alberto/ros2_ws/build/my_robot_conroller/build/lib/my_robot_controller/__init__.py -> /home/alberto/ros2_ws/install/my_robot_conroller/lib/python3.10/site-packages/my_robot_controller
[1.765s] copying /home/alberto/ros2_ws/build/my_robot_conroller/build/lib/my_robot_controller/my_first_node.py -> /home/alberto/ros2_ws/install/my_robot_conroller/lib/python3.10/site-packages/my_robot_controller
[1.766s] copying /home/alberto/ros2_ws/build/my_robot_conroller/build/lib/my_robot_controller/xarm_controll.py -> /home/alberto/ros2_ws/install/my_robot_conroller/lib/python3.10/site-packages/my_robot_controller
[1.767s] byte-compiling /home/alberto/ros2_ws/install/my_robot_conroller/lib/python3.10/site-packages/my_robot_controller/__init__.py to __init__.cpython-310.pyc
[1.767s] byte-compiling /home/alberto/ros2_ws/install/my_robot_conroller/lib/python3.10/site-packages/my_robot_controller/my_first_node.py to my_first_node.cpython-310.pyc
[1.767s] byte-compiling /home/alberto/ros2_ws/install/my_robot_conroller/lib/python3.10/site-packages/my_robot_controller/xarm_controll.py to xarm_controll.cpython-310.pyc
[1.768s] running install_data
[1.768s] copying resource/my_robot_conroller -> /home/alberto/ros2_ws/install/my_robot_conroller/share/ament_index/resource_index/packages
[1.768s] copying package.xml -> /home/alberto/ros2_ws/install/my_robot_conroller/share/my_robot_conroller
[1.769s] running install_egg_info
[1.772s] Copying ../../build/my_robot_conroller/my_robot_conroller.egg-info to /home/alberto/ros2_ws/install/my_robot_conroller/lib/python3.10/site-packages/my_robot_conroller-0.0.0-py3.10.egg-info
[1.773s] running install_scripts
[1.800s] Installing xarm_control_node script to /home/alberto/ros2_ws/install/my_robot_conroller/lib/my_robot_conroller
[1.801s] writing list of installed files to '/home/alberto/ros2_ws/build/my_robot_conroller/install.log'
[1.826s] Invoked command in '/home/alberto/ros2_ws/src/my_robot_controller' returned '0': PYTHONPATH=/home/alberto/ros2_ws/build/my_robot_conroller/prefix_override:/usr/lib/python3/dist-packages/colcon_core/task/python/colcon_distutils_commands:/home/alberto/ros2_ws/install/my_robot_conroller/lib/python3.10/site-packages:${PYTHONPATH} /usr/bin/python3 -W ignore:setup.py install is deprecated -W ignore:easy_install command is deprecated setup.py egg_info --egg-base ../../build/my_robot_conroller build --build-base /home/alberto/ros2_ws/build/my_robot_conroller/build install --record /home/alberto/ros2_ws/build/my_robot_conroller/install.log --single-version-externally-managed install_data --force
